2025-09-01 11:10:21,484 [INFO] Activator:176 - 


2025-09-01 11:10:21,510 [INFO] Activator:177 - !SESSION log4j initialized
2025-09-01 11:11:18,434 [INFO] LogOutputStream:77 - [STDOUT_REDIRECT] 
2025-09-01 11:11:35,906 [INFO] ApplicationProperties:184 - Using Application install path: F:\Program Files\ST\STM32CubeIDE_1.19.0\STM32CubeIDE\plugins\com.st.stm32cube.common.mx_6.15.0.202507011659
2025-09-01 11:11:36,615 [INFO] DbMcusXml:78 - Set database path to: F:\Program Files\ST\STM32CubeIDE_1.19.0\STM32CubeIDE\plugins\com.st.stm32cube.common.mx_6.15.0.202507011659\\db\/mcu/
2025-09-01 11:11:36,616 [INFO] ApiDb:274 - Set plugin database path to: F:\Program Files\ST\STM32CubeIDE_1.19.0\STM32CubeIDE\plugins\com.st.stm32cube.common.mx_6.15.0.202507011659\\db\/plugins/boardmanager/
2025-09-01 11:11:36,621 [WARN] ApiDb:259 - Overriding images path with different value:  => F:\Program Files\ST\STM32CubeIDE_1.19.0\STM32CubeIDE\plugins\com.st.stm32cube.common.mx_6.15.0.202507011659\\db\/plugins/mcufinder/images/
2025-09-01 11:11:36,984 [INFO] ApiDb:250 - Set database path to: C:\Users\PC\.stmcufinder\plugins\mcufinder//mcu/
2025-09-01 11:11:36,999 [INFO] DbMcusAds:125 - Set database path to: C:\Users\PC\.stmcufinder\plugins\mcufinder//mcu/
2025-09-01 11:11:37,072 [INFO] CrossReferenceDbSqlite:203 - Set database path to: C:\Users\PC\.stmcufinder\plugins\mcufinder//mcu/cs/
2025-09-01 11:11:38,163 [INFO] RulesReader:64 - Compatibility file has been processed (317 Rules)
2025-09-01 11:11:39,749 [INFO] DbMcusXml:78 - Set database path to: F:\Program Files\ST\STM32CubeIDE_1.19.0\STM32CubeIDE\plugins\com.st.stm32cube.common.mx_6.15.0.202507011659\\db\/mcu/
2025-09-01 11:11:39,749 [INFO] ApiDb:274 - Set plugin database path to: F:\Program Files\ST\STM32CubeIDE_1.19.0\STM32CubeIDE\plugins\com.st.stm32cube.common.mx_6.15.0.202507011659\\db\/plugins/boardmanager/
2025-09-01 11:11:39,749 [INFO] ApiDb:261 - Set plugin images path to: F:\Program Files\ST\STM32CubeIDE_1.19.0\STM32CubeIDE\plugins\com.st.stm32cube.common.mx_6.15.0.202507011659\\db\/plugins/mcufinder/images/
2025-09-01 11:11:39,750 [WARN] DbFile:41 - Overriding database path with different value: C:\Users\PC\.stmcufinder\plugins\mcufinder/ => C:\Users\PC\.stmcufinder\plugins\mcufinder
2025-09-01 11:11:39,750 [INFO] ApiDb:250 - Set database path to: C:\Users\PC\.stmcufinder\plugins\mcufinder//mcu/
2025-09-01 11:11:39,750 [WARN] DbFile:41 - Overriding database path with different value: C:\Users\PC\.stmcufinder\plugins\mcufinder/ => C:\Users\PC\.stmcufinder\plugins\mcufinder
2025-09-01 11:11:39,750 [INFO] DbMcusAds:125 - Set database path to: C:\Users\PC\.stmcufinder\plugins\mcufinder//mcu/
2025-09-01 11:11:39,750 [WARN] DbFile:41 - Overriding database path with different value: C:\Users\PC\.stmcufinder\plugins\mcufinder/ => C:\Users\PC\.stmcufinder\plugins\mcufinder
2025-09-01 11:11:39,750 [WARN] DbFile:41 - Overriding database path with different value: C:\Users\PC\.stmcufinder\plugins\mcufinder/ => C:\Users\PC\.stmcufinder\plugins\mcufinder
2025-09-01 11:11:39,751 [INFO] CrossReferenceDbSqlite:203 - Set database path to: C:\Users\PC\.stmcufinder\plugins\mcufinder//mcu/cs/
2025-09-01 11:11:41,226 [INFO] MainPanel:274 - HeapMemory: 268435456
2025-09-01 11:11:46,002 [INFO] DbMcusXml:78 - Set database path to: F:\Program Files\ST\STM32CubeIDE_1.19.0\STM32CubeIDE\plugins\com.st.stm32cube.common.mx_6.15.0.202507011659\\db\/mcu/
2025-09-01 11:11:46,002 [INFO] ApiDb:274 - Set plugin database path to: F:\Program Files\ST\STM32CubeIDE_1.19.0\STM32CubeIDE\plugins\com.st.stm32cube.common.mx_6.15.0.202507011659\\db\/plugins/boardmanager/
2025-09-01 11:11:46,002 [INFO] ApiDb:261 - Set plugin images path to: F:\Program Files\ST\STM32CubeIDE_1.19.0\STM32CubeIDE\plugins\com.st.stm32cube.common.mx_6.15.0.202507011659\\db\/plugins/mcufinder/images/
2025-09-01 11:11:46,003 [WARN] DbFile:41 - Overriding database path with different value: C:\Users\PC\.stmcufinder\plugins\mcufinder/ => C:\Users\PC\.stmcufinder\plugins\mcufinder
2025-09-01 11:11:46,003 [INFO] ApiDb:250 - Set database path to: C:\Users\PC\.stmcufinder\plugins\mcufinder//mcu/
2025-09-01 11:11:46,003 [WARN] DbFile:41 - Overriding database path with different value: C:\Users\PC\.stmcufinder\plugins\mcufinder/ => C:\Users\PC\.stmcufinder\plugins\mcufinder
2025-09-01 11:11:46,003 [INFO] DbMcusAds:125 - Set database path to: C:\Users\PC\.stmcufinder\plugins\mcufinder//mcu/
2025-09-01 11:11:46,003 [WARN] DbFile:41 - Overriding database path with different value: C:\Users\PC\.stmcufinder\plugins\mcufinder/ => C:\Users\PC\.stmcufinder\plugins\mcufinder
2025-09-01 11:11:46,003 [WARN] DbFile:41 - Overriding database path with different value: C:\Users\PC\.stmcufinder\plugins\mcufinder/ => C:\Users\PC\.stmcufinder\plugins\mcufinder
2025-09-01 11:11:46,003 [INFO] CrossReferenceDbSqlite:203 - Set database path to: C:\Users\PC\.stmcufinder\plugins\mcufinder//mcu/cs/
2025-09-01 11:11:47,098 [INFO] ApplicationProperties:184 - Using Application install path: F:\Program Files\ST\STM32CubeIDE_1.19.0\STM32CubeIDE\plugins\com.st.stm32cube.common.mx_6.15.0.202507011659
2025-09-01 11:11:47,100 [INFO] PluginManage:196 - Search for loadable plugins [exclusion list=, ]
2025-09-01 11:11:47,140 [INFO] PluginManage:310 - Check plugin analytics
2025-09-01 11:11:49,230 [INFO] AnalyticsPlugin:253 - Accepted Software Licenses: 
2025-09-01 11:11:49,231 [INFO] AnalyticsPlugin:255 - Accepted CMSIS Pack Licenses: 
2025-09-01 11:11:49,231 [INFO] AnalyticsPlugin:257 - Accepted Firmware Licenses: FW.G4.1.6.0,FW.F4.1.28.0
2025-09-01 11:11:49,235 [INFO] PluginManage:359 - Loaded plugin analytics (category:tool,tabindex:-1)
2025-09-01 11:11:49,236 [INFO] PluginManage:310 - Check plugin cadmodel
2025-09-01 11:11:49,309 [INFO] CADModel:105 - Init CAD model plugin
2025-09-01 11:11:49,310 [INFO] PluginManage:359 - Loaded plugin cadmodel (category:power,tabindex:5)
2025-09-01 11:11:49,310 [INFO] PluginManage:310 - Check plugin clock
2025-09-01 11:11:49,737 [INFO] PluginManage:359 - Loaded plugin clock (category:base,tabindex:2)
2025-09-01 11:11:49,738 [INFO] PluginManage:310 - Check plugin ddr
2025-09-01 11:11:49,793 [INFO] PluginManage:359 - Loaded plugin ddr (category:tool,tabindex:6)
2025-09-01 11:11:49,794 [INFO] PluginManage:310 - Check plugin filemanager
2025-09-01 11:11:53,189 [INFO] PluginManage:359 - Loaded plugin filemanager (category:base,tabindex:10)
2025-09-01 11:11:53,190 [INFO] PluginManage:310 - Check plugin ipmanager
2025-09-01 11:11:53,265 [INFO] PluginManage:359 - Loaded plugin ipmanager (category:base,tabindex:5)
2025-09-01 11:11:53,265 [INFO] PluginManage:310 - Check plugin lpbam
2025-09-01 11:11:53,329 [INFO] PluginManage:359 - Loaded plugin lpbam (category:base,tabindex:0)
2025-09-01 11:11:53,330 [INFO] PluginManage:310 - Check plugin memorymap
2025-09-01 11:11:54,271 [INFO] PluginManage:359 - Loaded plugin memorymap (category:base,tabindex:4)
2025-09-01 11:11:54,272 [INFO] PluginManage:310 - Check plugin pinoutandconfiguration
2025-09-01 11:11:55,161 [INFO] PluginManage:359 - Loaded plugin pinoutandconfiguration (category:base,tabindex:1)
2025-09-01 11:11:55,161 [INFO] PluginManage:310 - Check plugin pinoutconfig
2025-09-01 11:11:56,173 [WARN] SupportedApi:132 - Cannot load RTOS API schema: s4s-elt-must-match.1: The content of 'definitions' must match (annotation?, (simpleType | complexType)?, (unique | key | keyref)*)). A problem was found starting at: attribute.
2025-09-01 11:11:57,645 [INFO] PluginManage:359 - Loaded plugin pinoutconfig (category:base,tabindex:0)
2025-09-01 11:11:57,645 [INFO] PluginManage:310 - Check plugin power
2025-09-01 11:11:58,189 [INFO] PluginManage:359 - Loaded plugin power (category:power,tabindex:4)
2025-09-01 11:11:58,189 [INFO] PluginManage:310 - Check plugin projectmanager
2025-09-01 11:11:58,314 [INFO] PluginManage:359 - Loaded plugin projectmanager (category:projectmanager,tabindex:4)
2025-09-01 11:11:58,314 [INFO] PluginManage:310 - Check plugin rif
2025-09-01 11:11:58,417 [INFO] PluginManage:359 - Loaded plugin rif (category:base,tabindex:3)
2025-09-01 11:11:58,417 [INFO] PluginManage:310 - Check plugin thirdparty
2025-09-01 11:12:00,723 [INFO] PluginManage:359 - Loaded plugin thirdparty (category:base,tabindex:-1)
2025-09-01 11:12:00,723 [INFO] PluginManage:310 - Check plugin tools
2025-09-01 11:12:00,729 [WARN] IntegrityCheckThread:84 - waiting for thirdparty lock release [integrity check]
2025-09-01 11:12:00,732 [INFO] IntegrityCheckThread:86 - entering critical section [integrity check]
2025-09-01 11:12:00,733 [INFO] ThirdPartyUpdaterWithRetryManager:70 - Updater plugin not ready yet. [1/15]
2025-09-01 11:12:00,775 [INFO] PluginManage:359 - Loaded plugin tools (category:base,tabindex:7)
2025-09-01 11:12:00,775 [INFO] PluginManage:310 - Check plugin tutovideos
2025-09-01 11:12:03,470 [INFO] PluginManage:359 - Loaded plugin tutovideos (category:base,tabindex:-1)
2025-09-01 11:12:03,470 [INFO] PluginManage:310 - Check plugin updater
2025-09-01 11:12:03,738 [INFO] ThirdPartyUpdaterWithRetryManager:70 - Updater plugin not ready yet. [2/15]
2025-09-01 11:12:04,126 [INFO] PluginManage:359 - Loaded plugin updater (category:base,tabindex:12)
2025-09-01 11:12:04,126 [INFO] PluginManage:310 - Check plugin userauth
2025-09-01 11:12:04,150 [INFO] UserAuth:118 - Init User Auth plugin
2025-09-01 11:12:04,151 [INFO] PluginManage:359 - Loaded plugin userauth (category:base,tabindex:14)
2025-09-01 11:12:04,154 [INFO] PluginManage:283 - PluginManage : Loaded plugins [18]
2025-09-01 11:12:06,739 [INFO] ThirdPartyUpdaterWithRetryManager:70 - Updater plugin not ready yet. [3/15]
2025-09-01 11:12:07,114 [INFO] PinOutPanel:1589 - setPackage(No Configuration,No Configuration)
2025-09-01 11:12:08,246 [INFO] CADModel:165 - CPN selected for project level
2025-09-01 11:12:08,246 [INFO] CADModel:114 - Register for checkConnection events
2025-09-01 11:12:08,566 [INFO] IPUIPlugin:80 - create IPUIPlugin
2025-09-01 11:12:08,567 [INFO] PluginManager:220 - loadIPPluginJar : add adc
2025-09-01 11:12:08,598 [INFO] IPUIPlugin:80 - create IPUIPlugin
2025-09-01 11:12:08,598 [INFO] PluginManager:220 - loadIPPluginJar : add aes
2025-09-01 11:12:08,636 [INFO] IPUIPlugin:80 - create IPUIPlugin
2025-09-01 11:12:08,636 [INFO] PluginManager:220 - loadIPPluginJar : add can
2025-09-01 11:12:08,672 [INFO] IPUIPlugin:80 - create IPUIPlugin
2025-09-01 11:12:08,672 [INFO] PluginManager:220 - loadIPPluginJar : add comp
2025-09-01 11:12:08,711 [INFO] IPUIPlugin:80 - create IPUIPlugin
2025-09-01 11:12:08,711 [INFO] PluginManager:220 - loadIPPluginJar : add cryp
2025-09-01 11:12:08,988 [INFO] IPUIPlugin:80 - create IPUIPlugin
2025-09-01 11:12:08,989 [INFO] PluginManager:220 - loadIPPluginJar : add ddr_ctrl_phy
2025-09-01 11:12:09,283 [INFO] IPUIPlugin:80 - create IPUIPlugin
2025-09-01 11:12:09,284 [INFO] PluginManager:220 - loadIPPluginJar : add dfsdm
2025-09-01 11:12:09,349 [INFO] IPUIPlugin:80 - create IPUIPlugin
2025-09-01 11:12:09,350 [INFO] PluginManager:220 - loadIPPluginJar : add dma
2025-09-01 11:12:09,528 [INFO] IPUIPlugin:80 - create IPUIPlugin
2025-09-01 11:12:09,529 [INFO] PluginManager:220 - loadIPPluginJar : add dma3
2025-09-01 11:12:09,561 [INFO] IPUIPlugin:80 - create IPUIPlugin
2025-09-01 11:12:09,561 [INFO] PluginManager:220 - loadIPPluginJar : add extmemmanager
2025-09-01 11:12:09,570 [INFO] IPUIPlugin:80 - create IPUIPlugin
2025-09-01 11:12:09,571 [INFO] PluginManager:220 - loadIPPluginJar : add fatfs
2025-09-01 11:12:09,579 [INFO] IPUIPlugin:80 - create IPUIPlugin
2025-09-01 11:12:09,579 [INFO] PluginManager:220 - loadIPPluginJar : add fmc
2025-09-01 11:12:09,741 [INFO] ThirdPartyUpdaterWithRetryManager:70 - Updater plugin not ready yet. [4/15]
2025-09-01 11:12:10,075 [INFO] IPUIPlugin:80 - create IPUIPlugin
2025-09-01 11:12:10,075 [INFO] PluginManager:220 - loadIPPluginJar : add freertos
2025-09-01 11:12:10,126 [INFO] IPUIPlugin:80 - create IPUIPlugin
2025-09-01 11:12:10,127 [INFO] PluginManager:220 - loadIPPluginJar : add genericplugin
2025-09-01 11:12:10,222 [INFO] IPUIPlugin:80 - create IPUIPlugin
2025-09-01 11:12:10,222 [INFO] PluginManager:220 - loadIPPluginJar : add gfxmmu
2025-09-01 11:12:10,268 [INFO] IPUIPlugin:80 - create IPUIPlugin
2025-09-01 11:12:10,269 [INFO] PluginManager:220 - loadIPPluginJar : add gic
2025-09-01 11:12:10,357 [INFO] IPUIPlugin:80 - create IPUIPlugin
2025-09-01 11:12:10,357 [INFO] PluginManager:220 - loadIPPluginJar : add gpio
2025-09-01 11:12:10,373 [INFO] IPUIPlugin:80 - create IPUIPlugin
2025-09-01 11:12:10,373 [INFO] PluginManager:220 - loadIPPluginJar : add gtzc
2025-09-01 11:12:10,383 [INFO] IPUIPlugin:80 - create IPUIPlugin
2025-09-01 11:12:10,383 [INFO] PluginManager:220 - loadIPPluginJar : add hash
2025-09-01 11:12:10,396 [INFO] IPUIPlugin:80 - create IPUIPlugin
2025-09-01 11:12:10,396 [INFO] PluginManager:220 - loadIPPluginJar : add i2c
2025-09-01 11:12:10,465 [INFO] IPUIPlugin:80 - create IPUIPlugin
2025-09-01 11:12:10,467 [INFO] PluginManager:220 - loadIPPluginJar : add i2s
2025-09-01 11:12:10,485 [INFO] IPUIPlugin:80 - create IPUIPlugin
2025-09-01 11:12:10,486 [INFO] PluginManager:220 - loadIPPluginJar : add i3c
2025-09-01 11:12:10,495 [INFO] IPUIPlugin:80 - create IPUIPlugin
2025-09-01 11:12:10,496 [INFO] PluginManager:220 - loadIPPluginJar : add ipddr
2025-09-01 11:12:10,520 [INFO] IPUIPlugin:80 - create IPUIPlugin
2025-09-01 11:12:10,520 [INFO] PluginManager:220 - loadIPPluginJar : add linkedlist
2025-09-01 11:12:10,528 [INFO] IPUIPlugin:80 - create IPUIPlugin
2025-09-01 11:12:10,529 [INFO] PluginManager:220 - loadIPPluginJar : add lorawan
2025-09-01 11:12:10,546 [INFO] IPUIPlugin:80 - create IPUIPlugin
2025-09-01 11:12:10,546 [INFO] PluginManager:220 - loadIPPluginJar : add ltdc
2025-09-01 11:12:10,582 [INFO] IPUIPlugin:80 - create IPUIPlugin
2025-09-01 11:12:10,582 [INFO] PluginManager:220 - loadIPPluginJar : add mdma
2025-09-01 11:12:10,635 [INFO] IPUIPlugin:80 - create IPUIPlugin
2025-09-01 11:12:10,636 [INFO] PluginManager:220 - loadIPPluginJar : add nvic
2025-09-01 11:12:10,700 [INFO] IPUIPlugin:80 - create IPUIPlugin
2025-09-01 11:12:10,700 [INFO] PluginManager:220 - loadIPPluginJar : add opamp
2025-09-01 11:12:10,722 [INFO] IPUIPlugin:80 - create IPUIPlugin
2025-09-01 11:12:10,722 [INFO] PluginManager:220 - loadIPPluginJar : add openamp
2025-09-01 11:12:10,750 [INFO] IPUIPlugin:80 - create IPUIPlugin
2025-09-01 11:12:10,750 [INFO] PluginManager:220 - loadIPPluginJar : add pdm2pcm
2025-09-01 11:12:10,783 [INFO] IPUIPlugin:80 - create IPUIPlugin
2025-09-01 11:12:10,787 [INFO] PluginManager:220 - loadIPPluginJar : add plateformsettings
2025-09-01 11:12:10,823 [INFO] IPUIPlugin:80 - create IPUIPlugin
2025-09-01 11:12:10,823 [INFO] PluginManager:220 - loadIPPluginJar : add quadspi
2025-09-01 11:12:10,832 [INFO] IPUIPlugin:80 - create IPUIPlugin
2025-09-01 11:12:10,833 [INFO] PluginManager:220 - loadIPPluginJar : add radio
2025-09-01 11:12:11,015 [INFO] IPUIPlugin:80 - create IPUIPlugin
2025-09-01 11:12:11,015 [INFO] PluginManager:220 - loadIPPluginJar : add resmgrutility
2025-09-01 11:12:11,092 [INFO] IPUIPlugin:80 - create IPUIPlugin
2025-09-01 11:12:11,092 [INFO] PluginManager:220 - loadIPPluginJar : add sai
2025-09-01 11:12:11,110 [INFO] IPUIPlugin:80 - create IPUIPlugin
2025-09-01 11:12:11,110 [INFO] PluginManager:220 - loadIPPluginJar : add spi
2025-09-01 11:12:11,124 [INFO] IPUIPlugin:80 - create IPUIPlugin
2025-09-01 11:12:11,124 [INFO] PluginManager:220 - loadIPPluginJar : add stm32_wpan
2025-09-01 11:12:11,130 [INFO] IPUIPlugin:80 - create IPUIPlugin
2025-09-01 11:12:11,130 [INFO] PluginManager:220 - loadIPPluginJar : add tim
2025-09-01 11:12:11,155 [INFO] IPUIPlugin:80 - create IPUIPlugin
2025-09-01 11:12:11,156 [INFO] PluginManager:220 - loadIPPluginJar : add touchsensing
2025-09-01 11:12:11,169 [INFO] IPUIPlugin:80 - create IPUIPlugin
2025-09-01 11:12:11,169 [INFO] PluginManager:220 - loadIPPluginJar : add tracer_emb
2025-09-01 11:12:11,195 [INFO] IPUIPlugin:80 - create IPUIPlugin
2025-09-01 11:12:11,196 [INFO] PluginManager:220 - loadIPPluginJar : add ts
2025-09-01 11:12:11,200 [INFO] IPUIPlugin:80 - create IPUIPlugin
2025-09-01 11:12:11,200 [INFO] PluginManager:220 - loadIPPluginJar : add tsc
2025-09-01 11:12:11,215 [INFO] IPUIPlugin:80 - create IPUIPlugin
2025-09-01 11:12:11,215 [INFO] PluginManager:220 - loadIPPluginJar : add ucpd
2025-09-01 11:12:11,243 [INFO] IPUIPlugin:80 - create IPUIPlugin
2025-09-01 11:12:11,244 [INFO] PluginManager:220 - loadIPPluginJar : add usart
2025-09-01 11:12:11,298 [INFO] IPUIPlugin:80 - create IPUIPlugin
2025-09-01 11:12:11,298 [INFO] PluginManager:220 - loadIPPluginJar : add usbx
2025-09-01 11:12:11,689 [FATAL] Updater:351 - Updater called before beeing initialized
2025-09-01 11:12:11,911 [INFO] RulesReader:64 - Compatibility file has been processed (317 Rules)
2025-09-01 11:12:11,971 [INFO] RulesReader:64 - Compatibility file has been processed (317 Rules)
2025-09-01 11:12:11,991 [INFO] CADModel:165 - CPN selected for project level
2025-09-01 11:12:11,991 [INFO] CADModel:114 - Register for checkConnection events
2025-09-01 11:12:11,991 [FATAL] Updater:351 - Updater called before beeing initialized
2025-09-01 11:12:11,991 [ERROR] CADModel:125 - Updater not yet initialized, retry later 
2025-09-01 11:12:12,741 [INFO] ThirdPartyUpdaterWithRetryManager:70 - Updater plugin not ready yet. [5/15]
2025-09-01 11:12:13,908 [FATAL] Updater:351 - Updater called before beeing initialized
2025-09-01 11:12:13,974 [INFO] CADModel:165 - CPN selected for project level
2025-09-01 11:12:13,975 [INFO] CADModel:114 - Register for checkConnection events
2025-09-01 11:12:13,975 [FATAL] Updater:351 - Updater called before beeing initialized
2025-09-01 11:12:13,990 [ERROR] CADModel:125 - Updater not yet initialized, retry later 
2025-09-01 11:12:14,018 [FATAL] Updater:351 - Updater called before beeing initialized
2025-09-01 11:12:15,035 [FATAL] Updater:351 - Updater called before beeing initialized
2025-09-01 11:12:15,061 [INFO] DbMcusAds:53 - JSON generation date=Tue Jul 08 03:14:23 PET 2025 (1751962463582)
2025-09-01 11:12:15,061 [FATAL] Updater:351 - Updater called before beeing initialized
2025-09-01 11:12:15,311 [WARN] DetailPanel:346 - Failed to get advertising image, set to default
2025-09-01 11:12:15,745 [FATAL] Updater:351 - Updater called before beeing initialized
2025-09-01 11:12:15,757 [ERROR] IntegrityCheckThread:130 - Cannot retrieve database content from updater: error 21
2025-09-01 11:12:15,757 [INFO] ThirdParty:978 - Integrity check success = false
2025-09-01 11:12:15,758 [INFO] IntegrityCheckThread:100 - exiting critical section [integrity check]
2025-09-01 11:12:15,758 [INFO] IntegrityCheckThread:103 - End integrity checks thread
2025-09-01 11:12:15,767 [FATAL] Updater:351 - Updater called before beeing initialized
2025-09-01 11:12:15,771 [FATAL] Updater:351 - Updater called before beeing initialized
2025-09-01 11:12:15,772 [FATAL] Updater:351 - Updater called before beeing initialized
2025-09-01 11:12:15,772 [WARN] DetailPanel:346 - Failed to get advertising image, set to default
2025-09-01 11:12:15,781 [FATAL] Updater:351 - Updater called before beeing initialized
2025-09-01 11:12:16,024 [ERROR] Updater:1198 - MainUpdater not yet initialized. External WinMGr cannot be set.
2025-09-01 11:12:16,031 [INFO] Updater:1134 - Updater Version found : 6.15.0
2025-09-01 11:12:16,737 [INFO] ApplicationProperties:184 - Using Application install path: F:\Program Files\ST\STM32CubeIDE_1.19.0\STM32CubeIDE\plugins\com.st.stm32cube.common.mx_6.15.0.202507011659
2025-09-01 11:12:18,430 [ERROR] LogOutputStream:75 - [STDERR_REDIRECT] Sep 01, 2025 11:12:18 AM java.util.prefs.WindowsPreferences <init>
2025-09-01 11:12:18,433 [ERROR] LogOutputStream:75 - [STDERR_REDIRECT] WARNING: Could not open/create prefs root node Software\JavaSoft\Prefs at root 0xffffffff80000002. Windows RegCreateKeyEx(...) returned error code 5.
2025-09-01 11:12:18,434 [ERROR] LogOutputStream:75 - [STDERR_REDIRECT] 
2025-09-01 11:12:24,610 [INFO] MainUpdater:2872 - connection check result : 10
2025-09-01 11:12:24,611 [INFO] MainUpdater:3604 - Updater definition file requires update
2025-09-01 11:12:24,612 [INFO] MainUpdater:289 - Updater Check For Update Now.
2025-09-01 11:12:24,613 [INFO] MicroXplorer:498 - Change Database Version : DB.6.0.150
2025-09-01 11:12:24,636 [INFO] McuFinderGlobals:63 - Set McuFinder mode to 2 (CubeIDE integrated)
2025-09-01 11:12:24,643 [INFO] UserAuth:487 - Internet connection configuration mode: 1
2025-09-01 11:12:24,844 [INFO] ServerAccessManage:452 - Complete download http(s) 200
2025-09-01 11:12:24,846 [INFO] ServerAccessManage:509 - Download File updaters.zip
2025-09-01 11:12:25,096 [INFO] JxBrowserEngine:152 - Initiate JxBrowser Engine with user profile folder
2025-09-01 11:12:25,146 [INFO] FileExtend:248 - Unzip File : updaters.zip
2025-09-01 11:12:25,146 [INFO] FileExtend:263 - Standard Zip Deflate
2025-09-01 11:12:27,597 [INFO] ServerAccessManage:452 - Complete download http(s) 200
2025-09-01 11:12:27,597 [INFO] ServerAccessManage:509 - Download File PacksControlFlags.xml
2025-09-01 11:12:27,960 [INFO] ServerAccessManage:452 - Complete download http(s) 200
2025-09-01 11:12:27,960 [INFO] ServerAccessManage:509 - Download File cubemx.pidx
2025-09-01 11:12:28,370 [INFO] LoadServerUpdatesThread:375 - End of LoadServerUpdate Thread
2025-09-01 11:12:28,809 [INFO] CheckServerUpdateThread:120 - End of CheckServer Thread
2025-09-01 11:12:39,187 [INFO] WebApp:169 - Instantiating new browser for Auth
2025-09-01 11:12:43,711 [INFO] WebApp:463 - Apply proxy settings
2025-09-01 11:12:43,712 [INFO] WebApp:548 - Chromium requires no authentication
2025-09-01 11:12:43,849 [INFO] WebApp:491 - Direct internet connection detected
2025-09-01 11:12:44,043 [INFO] WebApp:900 - Register for checkConnection events
2025-09-01 11:12:44,043 [INFO] WebApp:463 - Apply proxy settings
2025-09-01 11:12:44,043 [INFO] WebApp:548 - Chromium requires no authentication
2025-09-01 11:12:44,045 [INFO] WebApp:491 - Direct internet connection detected
2025-09-01 11:12:44,643 [INFO] WebApp:191 - Connection restablished
2025-09-01 11:12:45,441 [INFO] WebApp:225 - Starting web application
2025-09-01 11:12:45,441 [INFO] WebApp:593 - Web application path used F:\Program Files\ST\STM32CubeIDE_1.19.0\STM32CubeIDE\plugins\com.st.stm32cube.common.mx_6.15.0.202507011659\db\plugins\mcufinder\reactClient1\index.html
2025-09-01 11:12:46,214 [INFO] UserAuth:487 - Internet connection configuration mode: 1
2025-09-01 11:15:43,216 [ERROR] LogOutputStream:75 - [STDERR_REDIRECT] 
2025-09-01 11:15:43,218 [ERROR] LogOutputStream:75 - [STDERR_REDIRECT] 
