2025-08-17 10:29:38,700 [INFO] Activator:176 - 


2025-08-17 10:29:38,726 [INFO] Activator:177 - !SESSION log4j initialized
2025-08-17 10:29:56,164 [INFO] LogOutputStream:77 - [STDOUT_REDIRECT] 
2025-08-17 10:30:07,558 [INFO] ApplicationProperties:184 - Using Application install path: F:\Program Files\ST\STM32CubeIDE_1.19.0\STM32CubeIDE\plugins\com.st.stm32cube.common.mx_6.15.0.202507011659
2025-08-17 10:30:07,796 [INFO] DbMcusXml:78 - Set database path to: F:\Program Files\ST\STM32CubeIDE_1.19.0\STM32CubeIDE\plugins\com.st.stm32cube.common.mx_6.15.0.202507011659\\db\/mcu/
2025-08-17 10:30:07,796 [INFO] ApiDb:274 - Set plugin database path to: F:\Program Files\ST\STM32CubeIDE_1.19.0\STM32CubeIDE\plugins\com.st.stm32cube.common.mx_6.15.0.202507011659\\db\/plugins/boardmanager/
2025-08-17 10:30:07,796 [WARN] ApiDb:259 - Overriding images path with different value:  => F:\Program Files\ST\STM32CubeIDE_1.19.0\STM32CubeIDE\plugins\com.st.stm32cube.common.mx_6.15.0.202507011659\\db\/plugins/mcufinder/images/
2025-08-17 10:30:07,983 [INFO] ApiDb:250 - Set database path to: C:\Users\PC\.stmcufinder\plugins\mcufinder//mcu/
2025-08-17 10:30:07,983 [INFO] DbMcusAds:125 - Set database path to: C:\Users\PC\.stmcufinder\plugins\mcufinder//mcu/
2025-08-17 10:30:07,999 [INFO] CrossReferenceDbSqlite:203 - Set database path to: C:\Users\PC\.stmcufinder\plugins\mcufinder//mcu/cs/
2025-08-17 10:30:08,336 [INFO] RulesReader:64 - Compatibility file has been processed (317 Rules)
2025-08-17 10:30:09,434 [INFO] DbMcusXml:78 - Set database path to: F:\Program Files\ST\STM32CubeIDE_1.19.0\STM32CubeIDE\plugins\com.st.stm32cube.common.mx_6.15.0.202507011659\\db\/mcu/
2025-08-17 10:30:09,434 [INFO] ApiDb:274 - Set plugin database path to: F:\Program Files\ST\STM32CubeIDE_1.19.0\STM32CubeIDE\plugins\com.st.stm32cube.common.mx_6.15.0.202507011659\\db\/plugins/boardmanager/
2025-08-17 10:30:09,434 [INFO] ApiDb:261 - Set plugin images path to: F:\Program Files\ST\STM32CubeIDE_1.19.0\STM32CubeIDE\plugins\com.st.stm32cube.common.mx_6.15.0.202507011659\\db\/plugins/mcufinder/images/
2025-08-17 10:30:09,434 [WARN] DbFile:41 - Overriding database path with different value: C:\Users\PC\.stmcufinder\plugins\mcufinder/ => C:\Users\PC\.stmcufinder\plugins\mcufinder
2025-08-17 10:30:09,434 [INFO] ApiDb:250 - Set database path to: C:\Users\PC\.stmcufinder\plugins\mcufinder//mcu/
2025-08-17 10:30:09,434 [WARN] DbFile:41 - Overriding database path with different value: C:\Users\PC\.stmcufinder\plugins\mcufinder/ => C:\Users\PC\.stmcufinder\plugins\mcufinder
2025-08-17 10:30:09,434 [INFO] DbMcusAds:125 - Set database path to: C:\Users\PC\.stmcufinder\plugins\mcufinder//mcu/
2025-08-17 10:30:09,434 [WARN] DbFile:41 - Overriding database path with different value: C:\Users\PC\.stmcufinder\plugins\mcufinder/ => C:\Users\PC\.stmcufinder\plugins\mcufinder
2025-08-17 10:30:09,434 [WARN] DbFile:41 - Overriding database path with different value: C:\Users\PC\.stmcufinder\plugins\mcufinder/ => C:\Users\PC\.stmcufinder\plugins\mcufinder
2025-08-17 10:30:09,434 [INFO] CrossReferenceDbSqlite:203 - Set database path to: C:\Users\PC\.stmcufinder\plugins\mcufinder//mcu/cs/
2025-08-17 10:30:10,336 [INFO] MainPanel:274 - HeapMemory: 268435456
2025-08-17 10:30:13,024 [INFO] DbMcusXml:78 - Set database path to: F:\Program Files\ST\STM32CubeIDE_1.19.0\STM32CubeIDE\plugins\com.st.stm32cube.common.mx_6.15.0.202507011659\\db\/mcu/
2025-08-17 10:30:13,024 [INFO] ApiDb:274 - Set plugin database path to: F:\Program Files\ST\STM32CubeIDE_1.19.0\STM32CubeIDE\plugins\com.st.stm32cube.common.mx_6.15.0.202507011659\\db\/plugins/boardmanager/
2025-08-17 10:30:13,024 [INFO] ApiDb:261 - Set plugin images path to: F:\Program Files\ST\STM32CubeIDE_1.19.0\STM32CubeIDE\plugins\com.st.stm32cube.common.mx_6.15.0.202507011659\\db\/plugins/mcufinder/images/
2025-08-17 10:30:13,024 [WARN] DbFile:41 - Overriding database path with different value: C:\Users\PC\.stmcufinder\plugins\mcufinder/ => C:\Users\PC\.stmcufinder\plugins\mcufinder
2025-08-17 10:30:13,024 [INFO] ApiDb:250 - Set database path to: C:\Users\PC\.stmcufinder\plugins\mcufinder//mcu/
2025-08-17 10:30:13,024 [WARN] DbFile:41 - Overriding database path with different value: C:\Users\PC\.stmcufinder\plugins\mcufinder/ => C:\Users\PC\.stmcufinder\plugins\mcufinder
2025-08-17 10:30:13,024 [INFO] DbMcusAds:125 - Set database path to: C:\Users\PC\.stmcufinder\plugins\mcufinder//mcu/
2025-08-17 10:30:13,024 [WARN] DbFile:41 - Overriding database path with different value: C:\Users\PC\.stmcufinder\plugins\mcufinder/ => C:\Users\PC\.stmcufinder\plugins\mcufinder
2025-08-17 10:30:13,024 [WARN] DbFile:41 - Overriding database path with different value: C:\Users\PC\.stmcufinder\plugins\mcufinder/ => C:\Users\PC\.stmcufinder\plugins\mcufinder
2025-08-17 10:30:13,024 [INFO] CrossReferenceDbSqlite:203 - Set database path to: C:\Users\PC\.stmcufinder\plugins\mcufinder//mcu/cs/
2025-08-17 10:30:13,262 [INFO] ApplicationProperties:184 - Using Application install path: F:\Program Files\ST\STM32CubeIDE_1.19.0\STM32CubeIDE\plugins\com.st.stm32cube.common.mx_6.15.0.202507011659
2025-08-17 10:30:13,262 [INFO] PluginManage:196 - Search for loadable plugins [exclusion list=, ]
2025-08-17 10:30:13,294 [INFO] PluginManage:310 - Check plugin analytics
2025-08-17 10:30:14,089 [INFO] AnalyticsPlugin:253 - Accepted Software Licenses: 
2025-08-17 10:30:14,089 [INFO] AnalyticsPlugin:255 - Accepted CMSIS Pack Licenses: 
2025-08-17 10:30:14,089 [INFO] AnalyticsPlugin:257 - Accepted Firmware Licenses: FW.G4.1.6.0,FW.F4.1.28.0
2025-08-17 10:30:14,089 [INFO] PluginManage:359 - Loaded plugin analytics (category:tool,tabindex:-1)
2025-08-17 10:30:14,089 [INFO] PluginManage:310 - Check plugin cadmodel
2025-08-17 10:30:14,130 [INFO] CADModel:105 - Init CAD model plugin
2025-08-17 10:30:14,130 [INFO] PluginManage:359 - Loaded plugin cadmodel (category:power,tabindex:5)
2025-08-17 10:30:14,130 [INFO] PluginManage:310 - Check plugin clock
2025-08-17 10:30:14,229 [INFO] PluginManage:359 - Loaded plugin clock (category:base,tabindex:2)
2025-08-17 10:30:14,229 [INFO] PluginManage:310 - Check plugin ddr
2025-08-17 10:30:14,245 [INFO] PluginManage:359 - Loaded plugin ddr (category:tool,tabindex:6)
2025-08-17 10:30:14,245 [INFO] PluginManage:310 - Check plugin filemanager
2025-08-17 10:30:15,016 [INFO] PluginManage:359 - Loaded plugin filemanager (category:base,tabindex:10)
2025-08-17 10:30:15,016 [INFO] PluginManage:310 - Check plugin ipmanager
2025-08-17 10:30:15,057 [INFO] PluginManage:359 - Loaded plugin ipmanager (category:base,tabindex:5)
2025-08-17 10:30:15,057 [INFO] PluginManage:310 - Check plugin lpbam
2025-08-17 10:30:15,099 [INFO] PluginManage:359 - Loaded plugin lpbam (category:base,tabindex:0)
2025-08-17 10:30:15,099 [INFO] PluginManage:310 - Check plugin memorymap
2025-08-17 10:30:15,197 [INFO] PluginManage:359 - Loaded plugin memorymap (category:base,tabindex:4)
2025-08-17 10:30:15,197 [INFO] PluginManage:310 - Check plugin pinoutandconfiguration
2025-08-17 10:30:15,270 [INFO] PluginManage:359 - Loaded plugin pinoutandconfiguration (category:base,tabindex:1)
2025-08-17 10:30:15,270 [INFO] PluginManage:310 - Check plugin pinoutconfig
2025-08-17 10:30:15,705 [WARN] SupportedApi:132 - Cannot load RTOS API schema: s4s-elt-must-match.1: The content of 'definitions' must match (annotation?, (simpleType | complexType)?, (unique | key | keyref)*)). A problem was found starting at: attribute.
2025-08-17 10:30:16,475 [INFO] PluginManage:359 - Loaded plugin pinoutconfig (category:base,tabindex:0)
2025-08-17 10:30:16,475 [INFO] PluginManage:310 - Check plugin power
2025-08-17 10:30:16,573 [INFO] PluginManage:359 - Loaded plugin power (category:power,tabindex:4)
2025-08-17 10:30:16,573 [INFO] PluginManage:310 - Check plugin projectmanager
2025-08-17 10:30:16,599 [INFO] PluginManage:359 - Loaded plugin projectmanager (category:projectmanager,tabindex:4)
2025-08-17 10:30:16,599 [INFO] PluginManage:310 - Check plugin rif
2025-08-17 10:30:16,646 [INFO] PluginManage:359 - Loaded plugin rif (category:base,tabindex:3)
2025-08-17 10:30:16,646 [INFO] PluginManage:310 - Check plugin thirdparty
2025-08-17 10:30:17,336 [INFO] PluginManage:359 - Loaded plugin thirdparty (category:base,tabindex:-1)
2025-08-17 10:30:17,336 [WARN] IntegrityCheckThread:84 - waiting for thirdparty lock release [integrity check]
2025-08-17 10:30:17,336 [INFO] PluginManage:310 - Check plugin tools
2025-08-17 10:30:17,336 [INFO] IntegrityCheckThread:86 - entering critical section [integrity check]
2025-08-17 10:30:17,336 [INFO] ThirdPartyUpdaterWithRetryManager:70 - Updater plugin not ready yet. [1/15]
2025-08-17 10:30:17,351 [INFO] PluginManage:359 - Loaded plugin tools (category:base,tabindex:7)
2025-08-17 10:30:17,351 [INFO] PluginManage:310 - Check plugin tutovideos
2025-08-17 10:30:18,556 [INFO] PluginManage:359 - Loaded plugin tutovideos (category:base,tabindex:-1)
2025-08-17 10:30:18,556 [INFO] PluginManage:310 - Check plugin updater
2025-08-17 10:30:18,670 [INFO] PluginManage:359 - Loaded plugin updater (category:base,tabindex:12)
2025-08-17 10:30:18,670 [INFO] PluginManage:310 - Check plugin userauth
2025-08-17 10:30:18,712 [INFO] UserAuth:118 - Init User Auth plugin
2025-08-17 10:30:18,712 [INFO] PluginManage:359 - Loaded plugin userauth (category:base,tabindex:14)
2025-08-17 10:30:18,712 [INFO] PluginManage:283 - PluginManage : Loaded plugins [18]
2025-08-17 10:30:20,249 [INFO] PinOutPanel:1589 - setPackage(No Configuration,No Configuration)
2025-08-17 10:30:20,350 [INFO] ThirdPartyUpdaterWithRetryManager:70 - Updater plugin not ready yet. [2/15]
2025-08-17 10:30:20,897 [INFO] CADModel:165 - CPN selected for project level
2025-08-17 10:30:20,897 [INFO] CADModel:114 - Register for checkConnection events
2025-08-17 10:30:21,161 [INFO] IPUIPlugin:80 - create IPUIPlugin
2025-08-17 10:30:21,161 [INFO] PluginManager:220 - loadIPPluginJar : add adc
2025-08-17 10:30:21,203 [INFO] IPUIPlugin:80 - create IPUIPlugin
2025-08-17 10:30:21,203 [INFO] PluginManager:220 - loadIPPluginJar : add aes
2025-08-17 10:30:21,250 [INFO] IPUIPlugin:80 - create IPUIPlugin
2025-08-17 10:30:21,250 [INFO] PluginManager:220 - loadIPPluginJar : add can
2025-08-17 10:30:21,260 [INFO] IPUIPlugin:80 - create IPUIPlugin
2025-08-17 10:30:21,260 [INFO] PluginManager:220 - loadIPPluginJar : add comp
2025-08-17 10:30:21,275 [INFO] IPUIPlugin:80 - create IPUIPlugin
2025-08-17 10:30:21,275 [INFO] PluginManager:220 - loadIPPluginJar : add cryp
2025-08-17 10:30:21,275 [INFO] IPUIPlugin:80 - create IPUIPlugin
2025-08-17 10:30:21,275 [INFO] PluginManager:220 - loadIPPluginJar : add ddr_ctrl_phy
2025-08-17 10:30:21,291 [INFO] IPUIPlugin:80 - create IPUIPlugin
2025-08-17 10:30:21,291 [INFO] PluginManager:220 - loadIPPluginJar : add dfsdm
2025-08-17 10:30:21,301 [INFO] IPUIPlugin:80 - create IPUIPlugin
2025-08-17 10:30:21,301 [INFO] PluginManager:220 - loadIPPluginJar : add dma
2025-08-17 10:30:21,301 [INFO] IPUIPlugin:80 - create IPUIPlugin
2025-08-17 10:30:21,301 [INFO] PluginManager:220 - loadIPPluginJar : add dma3
2025-08-17 10:30:21,317 [INFO] IPUIPlugin:80 - create IPUIPlugin
2025-08-17 10:30:21,317 [INFO] PluginManager:220 - loadIPPluginJar : add extmemmanager
2025-08-17 10:30:21,317 [INFO] IPUIPlugin:80 - create IPUIPlugin
2025-08-17 10:30:21,317 [INFO] PluginManager:220 - loadIPPluginJar : add fatfs
2025-08-17 10:30:21,348 [INFO] IPUIPlugin:80 - create IPUIPlugin
2025-08-17 10:30:21,348 [INFO] PluginManager:220 - loadIPPluginJar : add fmc
2025-08-17 10:30:21,456 [INFO] IPUIPlugin:80 - create IPUIPlugin
2025-08-17 10:30:21,456 [INFO] PluginManager:220 - loadIPPluginJar : add freertos
2025-08-17 10:30:21,472 [INFO] IPUIPlugin:80 - create IPUIPlugin
2025-08-17 10:30:21,472 [INFO] PluginManager:220 - loadIPPluginJar : add genericplugin
2025-08-17 10:30:21,498 [INFO] IPUIPlugin:80 - create IPUIPlugin
2025-08-17 10:30:21,498 [INFO] PluginManager:220 - loadIPPluginJar : add gfxmmu
2025-08-17 10:30:21,529 [INFO] IPUIPlugin:80 - create IPUIPlugin
2025-08-17 10:30:21,529 [INFO] PluginManager:220 - loadIPPluginJar : add gic
2025-08-17 10:30:21,644 [INFO] IPUIPlugin:80 - create IPUIPlugin
2025-08-17 10:30:21,644 [INFO] PluginManager:220 - loadIPPluginJar : add gpio
2025-08-17 10:30:21,669 [INFO] IPUIPlugin:80 - create IPUIPlugin
2025-08-17 10:30:21,669 [INFO] PluginManager:220 - loadIPPluginJar : add gtzc
2025-08-17 10:30:21,685 [INFO] IPUIPlugin:80 - create IPUIPlugin
2025-08-17 10:30:21,685 [INFO] PluginManager:220 - loadIPPluginJar : add hash
2025-08-17 10:30:21,711 [INFO] IPUIPlugin:80 - create IPUIPlugin
2025-08-17 10:30:21,711 [INFO] PluginManager:220 - loadIPPluginJar : add i2c
2025-08-17 10:30:21,742 [INFO] IPUIPlugin:80 - create IPUIPlugin
2025-08-17 10:30:21,742 [INFO] PluginManager:220 - loadIPPluginJar : add i2s
2025-08-17 10:30:21,752 [INFO] IPUIPlugin:80 - create IPUIPlugin
2025-08-17 10:30:21,752 [INFO] PluginManager:220 - loadIPPluginJar : add i3c
2025-08-17 10:30:21,768 [INFO] IPUIPlugin:80 - create IPUIPlugin
2025-08-17 10:30:21,768 [INFO] PluginManager:220 - loadIPPluginJar : add ipddr
2025-08-17 10:30:21,799 [INFO] IPUIPlugin:80 - create IPUIPlugin
2025-08-17 10:30:21,799 [INFO] PluginManager:220 - loadIPPluginJar : add linkedlist
2025-08-17 10:30:21,825 [INFO] IPUIPlugin:80 - create IPUIPlugin
2025-08-17 10:30:21,825 [INFO] PluginManager:220 - loadIPPluginJar : add lorawan
2025-08-17 10:30:21,825 [INFO] IPUIPlugin:80 - create IPUIPlugin
2025-08-17 10:30:21,825 [INFO] PluginManager:220 - loadIPPluginJar : add ltdc
2025-08-17 10:30:21,897 [INFO] IPUIPlugin:80 - create IPUIPlugin
2025-08-17 10:30:21,897 [INFO] PluginManager:220 - loadIPPluginJar : add mdma
2025-08-17 10:30:21,907 [INFO] IPUIPlugin:80 - create IPUIPlugin
2025-08-17 10:30:21,907 [INFO] PluginManager:220 - loadIPPluginJar : add nvic
2025-08-17 10:30:21,923 [INFO] IPUIPlugin:80 - create IPUIPlugin
2025-08-17 10:30:21,923 [INFO] PluginManager:220 - loadIPPluginJar : add opamp
2025-08-17 10:30:21,939 [INFO] IPUIPlugin:80 - create IPUIPlugin
2025-08-17 10:30:21,939 [INFO] PluginManager:220 - loadIPPluginJar : add openamp
2025-08-17 10:30:21,949 [INFO] IPUIPlugin:80 - create IPUIPlugin
2025-08-17 10:30:21,949 [INFO] PluginManager:220 - loadIPPluginJar : add pdm2pcm
2025-08-17 10:30:21,964 [INFO] IPUIPlugin:80 - create IPUIPlugin
2025-08-17 10:30:21,980 [INFO] PluginManager:220 - loadIPPluginJar : add plateformsettings
2025-08-17 10:30:21,980 [INFO] IPUIPlugin:80 - create IPUIPlugin
2025-08-17 10:30:21,980 [INFO] PluginManager:220 - loadIPPluginJar : add quadspi
2025-08-17 10:30:22,006 [INFO] IPUIPlugin:80 - create IPUIPlugin
2025-08-17 10:30:22,006 [INFO] PluginManager:220 - loadIPPluginJar : add radio
2025-08-17 10:30:22,047 [INFO] IPUIPlugin:80 - create IPUIPlugin
2025-08-17 10:30:22,047 [INFO] PluginManager:220 - loadIPPluginJar : add resmgrutility
2025-08-17 10:30:22,135 [INFO] IPUIPlugin:80 - create IPUIPlugin
2025-08-17 10:30:22,135 [INFO] PluginManager:220 - loadIPPluginJar : add sai
2025-08-17 10:30:22,203 [INFO] IPUIPlugin:80 - create IPUIPlugin
2025-08-17 10:30:22,203 [INFO] PluginManager:220 - loadIPPluginJar : add spi
2025-08-17 10:30:22,218 [INFO] IPUIPlugin:80 - create IPUIPlugin
2025-08-17 10:30:22,234 [INFO] PluginManager:220 - loadIPPluginJar : add stm32_wpan
2025-08-17 10:30:22,250 [INFO] IPUIPlugin:80 - create IPUIPlugin
2025-08-17 10:30:22,250 [INFO] PluginManager:220 - loadIPPluginJar : add tim
2025-08-17 10:30:22,275 [INFO] IPUIPlugin:80 - create IPUIPlugin
2025-08-17 10:30:22,275 [INFO] PluginManager:220 - loadIPPluginJar : add touchsensing
2025-08-17 10:30:22,317 [INFO] IPUIPlugin:80 - create IPUIPlugin
2025-08-17 10:30:22,317 [INFO] PluginManager:220 - loadIPPluginJar : add tracer_emb
2025-08-17 10:30:22,348 [INFO] IPUIPlugin:80 - create IPUIPlugin
2025-08-17 10:30:22,348 [INFO] PluginManager:220 - loadIPPluginJar : add ts
2025-08-17 10:30:22,358 [INFO] IPUIPlugin:80 - create IPUIPlugin
2025-08-17 10:30:22,358 [INFO] PluginManager:220 - loadIPPluginJar : add tsc
2025-08-17 10:30:22,389 [INFO] IPUIPlugin:80 - create IPUIPlugin
2025-08-17 10:30:22,389 [INFO] PluginManager:220 - loadIPPluginJar : add ucpd
2025-08-17 10:30:22,399 [INFO] IPUIPlugin:80 - create IPUIPlugin
2025-08-17 10:30:22,399 [INFO] PluginManager:220 - loadIPPluginJar : add usart
2025-08-17 10:30:22,415 [INFO] IPUIPlugin:80 - create IPUIPlugin
2025-08-17 10:30:22,415 [INFO] PluginManager:220 - loadIPPluginJar : add usbx
2025-08-17 10:30:22,677 [FATAL] Updater:351 - Updater called before beeing initialized
2025-08-17 10:30:22,916 [INFO] RulesReader:64 - Compatibility file has been processed (317 Rules)
2025-08-17 10:30:22,931 [INFO] RulesReader:64 - Compatibility file has been processed (317 Rules)
2025-08-17 10:30:22,947 [INFO] CADModel:165 - CPN selected for project level
2025-08-17 10:30:22,947 [INFO] CADModel:114 - Register for checkConnection events
2025-08-17 10:30:22,947 [FATAL] Updater:351 - Updater called before beeing initialized
2025-08-17 10:30:22,947 [ERROR] CADModel:125 - Updater not yet initialized, retry later 
2025-08-17 10:30:23,365 [INFO] ThirdPartyUpdaterWithRetryManager:70 - Updater plugin not ready yet. [3/15]
2025-08-17 10:30:23,900 [FATAL] Updater:351 - Updater called before beeing initialized
2025-08-17 10:30:23,924 [INFO] CADModel:165 - CPN selected for project level
2025-08-17 10:30:23,924 [INFO] CADModel:114 - Register for checkConnection events
2025-08-17 10:30:23,924 [FATAL] Updater:351 - Updater called before beeing initialized
2025-08-17 10:30:23,924 [ERROR] CADModel:125 - Updater not yet initialized, retry later 
2025-08-17 10:30:23,924 [FATAL] Updater:351 - Updater called before beeing initialized
2025-08-17 10:30:24,140 [FATAL] Updater:351 - Updater called before beeing initialized
2025-08-17 10:30:24,140 [INFO] DbMcusAds:53 - JSON generation date=Tue Jul 08 03:14:23 PET 2025 (1751962463582)
2025-08-17 10:30:24,140 [FATAL] Updater:351 - Updater called before beeing initialized
2025-08-17 10:30:24,548 [WARN] DetailPanel:346 - Failed to get advertising image, set to default
2025-08-17 10:30:24,751 [FATAL] Updater:351 - Updater called before beeing initialized
2025-08-17 10:30:24,751 [FATAL] Updater:351 - Updater called before beeing initialized
2025-08-17 10:30:24,751 [FATAL] Updater:351 - Updater called before beeing initialized
2025-08-17 10:30:24,751 [WARN] DetailPanel:346 - Failed to get advertising image, set to default
2025-08-17 10:30:24,751 [FATAL] Updater:351 - Updater called before beeing initialized
2025-08-17 10:30:24,859 [ERROR] Updater:1198 - MainUpdater not yet initialized. External WinMGr cannot be set.
2025-08-17 10:30:24,875 [INFO] Updater:1134 - Updater Version found : 6.15.0
2025-08-17 10:30:25,056 [INFO] ApplicationProperties:184 - Using Application install path: F:\Program Files\ST\STM32CubeIDE_1.19.0\STM32CubeIDE\plugins\com.st.stm32cube.common.mx_6.15.0.202507011659
2025-08-17 10:30:26,375 [FATAL] Updater:351 - Updater called before beeing initialized
2025-08-17 10:30:26,375 [ERROR] IntegrityCheckThread:130 - Cannot retrieve database content from updater: error 21
2025-08-17 10:30:26,375 [INFO] ThirdParty:978 - Integrity check success = false
2025-08-17 10:30:26,375 [INFO] IntegrityCheckThread:100 - exiting critical section [integrity check]
2025-08-17 10:30:26,375 [INFO] IntegrityCheckThread:103 - End integrity checks thread
2025-08-17 10:30:26,825 [ERROR] LogOutputStream:75 - [STDERR_REDIRECT] Aug 17, 2025 10:30:26 AM java.util.prefs.WindowsPreferences <init>
2025-08-17 10:30:26,841 [ERROR] LogOutputStream:75 - [STDERR_REDIRECT] WARNING: Could not open/create prefs root node Software\JavaSoft\Prefs at root 0xffffffff80000002. Windows RegCreateKeyEx(...) returned error code 5.
2025-08-17 10:30:26,841 [ERROR] LogOutputStream:75 - [STDERR_REDIRECT] 
2025-08-17 10:30:28,097 [INFO] MainUpdater:2872 - connection check result : 10
2025-08-17 10:30:28,097 [INFO] MainUpdater:3604 - Updater definition file requires update
2025-08-17 10:30:28,097 [INFO] MainUpdater:289 - Updater Check For Update Now.
2025-08-17 10:30:28,097 [INFO] MicroXplorer:498 - Change Database Version : DB.6.0.150
2025-08-17 10:30:28,107 [INFO] McuFinderGlobals:63 - Set McuFinder mode to 2 (CubeIDE integrated)
2025-08-17 10:30:28,107 [INFO] UserAuth:487 - Internet connection configuration mode: 1
2025-08-17 10:30:28,165 [INFO] JxBrowserEngine:152 - Initiate JxBrowser Engine with user profile folder
2025-08-17 10:30:28,304 [INFO] ServerAccessManage:452 - Complete download http(s) 200
2025-08-17 10:30:28,304 [INFO] ServerAccessManage:509 - Download File updaters.zip
2025-08-17 10:30:28,517 [INFO] FileExtend:248 - Unzip File : updaters.zip
2025-08-17 10:30:28,517 [INFO] FileExtend:263 - Standard Zip Deflate
2025-08-17 10:30:29,762 [INFO] ServerAccessManage:452 - Complete download http(s) 200
2025-08-17 10:30:29,762 [INFO] ServerAccessManage:509 - Download File PacksControlFlags.xml
2025-08-17 10:30:29,942 [INFO] ServerAccessManage:452 - Complete download http(s) 200
2025-08-17 10:30:29,942 [INFO] ServerAccessManage:509 - Download File cubemx.pidx
2025-08-17 10:30:30,159 [INFO] LoadServerUpdatesThread:375 - End of LoadServerUpdate Thread
2025-08-17 10:30:30,424 [INFO] CheckServerUpdateThread:120 - End of CheckServer Thread
2025-08-17 10:30:39,700 [INFO] WebApp:169 - Instantiating new browser for Auth
2025-08-17 10:30:41,697 [INFO] WebApp:463 - Apply proxy settings
2025-08-17 10:30:41,697 [INFO] WebApp:548 - Chromium requires no authentication
2025-08-17 10:30:41,755 [INFO] WebApp:491 - Direct internet connection detected
2025-08-17 10:30:41,881 [INFO] WebApp:900 - Register for checkConnection events
2025-08-17 10:30:41,881 [INFO] WebApp:463 - Apply proxy settings
2025-08-17 10:30:41,881 [INFO] WebApp:548 - Chromium requires no authentication
2025-08-17 10:30:41,881 [INFO] WebApp:491 - Direct internet connection detected
2025-08-17 10:30:42,542 [INFO] WebApp:191 - Connection restablished
2025-08-17 10:30:42,601 [INFO] WebApp:225 - Starting web application
2025-08-17 10:30:42,602 [INFO] WebApp:593 - Web application path used F:\Program Files\ST\STM32CubeIDE_1.19.0\STM32CubeIDE\plugins\com.st.stm32cube.common.mx_6.15.0.202507011659\db\plugins\mcufinder\reactClient1\index.html
2025-08-17 10:30:42,966 [INFO] UserAuth:487 - Internet connection configuration mode: 1
2025-08-17 11:11:06,679 [ERROR] LogOutputStream:75 - [STDERR_REDIRECT] 
