2025-07-17 11:04:10,902 [INFO] Activator:176 - 


2025-07-17 11:04:10,911 [INFO] Activator:177 - !SESSION log4j initialized
2025-07-17 11:04:23,441 [INFO] LogOutputStream:77 - [STDOUT_REDIRECT] 
2025-07-17 11:04:25,716 [INFO] ApplicationProperties:184 - Using Application install path: F:\Program Files\ST\STM32CubeIDE_1.19.0\STM32CubeIDE\plugins\com.st.stm32cube.common.mx_6.15.0.202507011659
2025-07-17 11:04:25,755 [INFO] DbMcusXml:78 - Set database path to: F:\Program Files\ST\STM32CubeIDE_1.19.0\STM32CubeIDE\plugins\com.st.stm32cube.common.mx_6.15.0.202507011659\\db\/mcu/
2025-07-17 11:04:25,756 [INFO] ApiDb:274 - Set plugin database path to: F:\Program Files\ST\STM32CubeIDE_1.19.0\STM32CubeIDE\plugins\com.st.stm32cube.common.mx_6.15.0.202507011659\\db\/plugins/boardmanager/
2025-07-17 11:04:25,756 [WARN] ApiDb:259 - Overriding images path with different value:  => F:\Program Files\ST\STM32CubeIDE_1.19.0\STM32CubeIDE\plugins\com.st.stm32cube.common.mx_6.15.0.202507011659\\db\/plugins/mcufinder/images/
2025-07-17 11:04:25,774 [INFO] ApiDb:250 - Set database path to: C:\Users\PC\.stmcufinder\plugins\mcufinder//mcu/
2025-07-17 11:04:25,776 [INFO] DbMcusAds:125 - Set database path to: C:\Users\PC\.stmcufinder\plugins\mcufinder//mcu/
2025-07-17 11:04:25,780 [INFO] CrossReferenceDbSqlite:203 - Set database path to: C:\Users\PC\.stmcufinder\plugins\mcufinder//mcu/cs/
2025-07-17 11:04:25,981 [INFO] RulesReader:64 - Compatibility file has been processed (317 Rules)
2025-07-17 11:04:26,130 [INFO] DbMcusXml:78 - Set database path to: F:\Program Files\ST\STM32CubeIDE_1.19.0\STM32CubeIDE\plugins\com.st.stm32cube.common.mx_6.15.0.202507011659\\db\/mcu/
2025-07-17 11:04:26,130 [INFO] ApiDb:274 - Set plugin database path to: F:\Program Files\ST\STM32CubeIDE_1.19.0\STM32CubeIDE\plugins\com.st.stm32cube.common.mx_6.15.0.202507011659\\db\/plugins/boardmanager/
2025-07-17 11:04:26,130 [INFO] ApiDb:261 - Set plugin images path to: F:\Program Files\ST\STM32CubeIDE_1.19.0\STM32CubeIDE\plugins\com.st.stm32cube.common.mx_6.15.0.202507011659\\db\/plugins/mcufinder/images/
2025-07-17 11:04:26,131 [WARN] DbFile:41 - Overriding database path with different value: C:\Users\PC\.stmcufinder\plugins\mcufinder/ => C:\Users\PC\.stmcufinder\plugins\mcufinder
2025-07-17 11:04:26,131 [INFO] ApiDb:250 - Set database path to: C:\Users\PC\.stmcufinder\plugins\mcufinder//mcu/
2025-07-17 11:04:26,131 [WARN] DbFile:41 - Overriding database path with different value: C:\Users\PC\.stmcufinder\plugins\mcufinder/ => C:\Users\PC\.stmcufinder\plugins\mcufinder
2025-07-17 11:04:26,131 [INFO] DbMcusAds:125 - Set database path to: C:\Users\PC\.stmcufinder\plugins\mcufinder//mcu/
2025-07-17 11:04:26,131 [WARN] DbFile:41 - Overriding database path with different value: C:\Users\PC\.stmcufinder\plugins\mcufinder/ => C:\Users\PC\.stmcufinder\plugins\mcufinder
2025-07-17 11:04:26,132 [WARN] DbFile:41 - Overriding database path with different value: C:\Users\PC\.stmcufinder\plugins\mcufinder/ => C:\Users\PC\.stmcufinder\plugins\mcufinder
2025-07-17 11:04:26,132 [INFO] CrossReferenceDbSqlite:203 - Set database path to: C:\Users\PC\.stmcufinder\plugins\mcufinder//mcu/cs/
2025-07-17 11:04:26,259 [INFO] MainPanel:274 - HeapMemory: 268435456
2025-07-17 11:04:26,482 [INFO] DbMcusXml:78 - Set database path to: F:\Program Files\ST\STM32CubeIDE_1.19.0\STM32CubeIDE\plugins\com.st.stm32cube.common.mx_6.15.0.202507011659\\db\/mcu/
2025-07-17 11:04:26,482 [INFO] ApiDb:274 - Set plugin database path to: F:\Program Files\ST\STM32CubeIDE_1.19.0\STM32CubeIDE\plugins\com.st.stm32cube.common.mx_6.15.0.202507011659\\db\/plugins/boardmanager/
2025-07-17 11:04:26,482 [INFO] ApiDb:261 - Set plugin images path to: F:\Program Files\ST\STM32CubeIDE_1.19.0\STM32CubeIDE\plugins\com.st.stm32cube.common.mx_6.15.0.202507011659\\db\/plugins/mcufinder/images/
2025-07-17 11:04:26,483 [WARN] DbFile:41 - Overriding database path with different value: C:\Users\PC\.stmcufinder\plugins\mcufinder/ => C:\Users\PC\.stmcufinder\plugins\mcufinder
2025-07-17 11:04:26,483 [INFO] ApiDb:250 - Set database path to: C:\Users\PC\.stmcufinder\plugins\mcufinder//mcu/
2025-07-17 11:04:26,483 [WARN] DbFile:41 - Overriding database path with different value: C:\Users\PC\.stmcufinder\plugins\mcufinder/ => C:\Users\PC\.stmcufinder\plugins\mcufinder
2025-07-17 11:04:26,483 [INFO] DbMcusAds:125 - Set database path to: C:\Users\PC\.stmcufinder\plugins\mcufinder//mcu/
2025-07-17 11:04:26,483 [WARN] DbFile:41 - Overriding database path with different value: C:\Users\PC\.stmcufinder\plugins\mcufinder/ => C:\Users\PC\.stmcufinder\plugins\mcufinder
2025-07-17 11:04:26,483 [WARN] DbFile:41 - Overriding database path with different value: C:\Users\PC\.stmcufinder\plugins\mcufinder/ => C:\Users\PC\.stmcufinder\plugins\mcufinder
2025-07-17 11:04:26,484 [INFO] CrossReferenceDbSqlite:203 - Set database path to: C:\Users\PC\.stmcufinder\plugins\mcufinder//mcu/cs/
2025-07-17 11:04:26,515 [INFO] ApplicationProperties:184 - Using Application install path: F:\Program Files\ST\STM32CubeIDE_1.19.0\STM32CubeIDE\plugins\com.st.stm32cube.common.mx_6.15.0.202507011659
2025-07-17 11:04:26,516 [INFO] PluginManage:196 - Search for loadable plugins [exclusion list=, ]
2025-07-17 11:04:26,519 [INFO] PluginManage:310 - Check plugin analytics
2025-07-17 11:04:26,853 [INFO] AnalyticsPlugin:253 - Accepted Software Licenses: 
2025-07-17 11:04:26,854 [INFO] AnalyticsPlugin:255 - Accepted CMSIS Pack Licenses: 
2025-07-17 11:04:26,854 [INFO] AnalyticsPlugin:257 - Accepted Firmware Licenses: FW.G4.1.6.0,FW.F4.1.28.0
2025-07-17 11:04:26,858 [INFO] PluginManage:359 - Loaded plugin analytics (category:tool,tabindex:-1)
2025-07-17 11:04:26,859 [INFO] PluginManage:310 - Check plugin cadmodel
2025-07-17 11:04:26,871 [INFO] CADModel:105 - Init CAD model plugin
2025-07-17 11:04:26,872 [INFO] PluginManage:359 - Loaded plugin cadmodel (category:power,tabindex:5)
2025-07-17 11:04:26,872 [INFO] PluginManage:310 - Check plugin clock
2025-07-17 11:04:26,891 [INFO] PluginManage:359 - Loaded plugin clock (category:base,tabindex:2)
2025-07-17 11:04:26,892 [INFO] PluginManage:310 - Check plugin ddr
2025-07-17 11:04:26,897 [INFO] PluginManage:359 - Loaded plugin ddr (category:tool,tabindex:6)
2025-07-17 11:04:26,897 [INFO] PluginManage:310 - Check plugin filemanager
2025-07-17 11:04:27,177 [INFO] PluginManage:359 - Loaded plugin filemanager (category:base,tabindex:10)
2025-07-17 11:04:27,178 [INFO] PluginManage:310 - Check plugin ipmanager
2025-07-17 11:04:27,189 [INFO] PluginManage:359 - Loaded plugin ipmanager (category:base,tabindex:5)
2025-07-17 11:04:27,190 [INFO] PluginManage:310 - Check plugin lpbam
2025-07-17 11:04:27,224 [INFO] PluginManage:359 - Loaded plugin lpbam (category:base,tabindex:0)
2025-07-17 11:04:27,225 [INFO] PluginManage:310 - Check plugin memorymap
2025-07-17 11:04:27,248 [INFO] PluginManage:359 - Loaded plugin memorymap (category:base,tabindex:4)
2025-07-17 11:04:27,249 [INFO] PluginManage:310 - Check plugin pinoutandconfiguration
2025-07-17 11:04:27,266 [INFO] PluginManage:359 - Loaded plugin pinoutandconfiguration (category:base,tabindex:1)
2025-07-17 11:04:27,266 [INFO] PluginManage:310 - Check plugin pinoutconfig
2025-07-17 11:04:27,412 [WARN] SupportedApi:132 - Cannot load RTOS API schema: s4s-elt-must-match.1: The content of 'definitions' must match (annotation?, (simpleType | complexType)?, (unique | key | keyref)*)). A problem was found starting at: attribute.
2025-07-17 11:04:27,631 [INFO] PluginManage:359 - Loaded plugin pinoutconfig (category:base,tabindex:0)
2025-07-17 11:04:27,632 [INFO] PluginManage:310 - Check plugin power
2025-07-17 11:04:27,654 [INFO] PluginManage:359 - Loaded plugin power (category:power,tabindex:4)
2025-07-17 11:04:27,655 [INFO] PluginManage:310 - Check plugin projectmanager
2025-07-17 11:04:27,679 [INFO] PluginManage:359 - Loaded plugin projectmanager (category:projectmanager,tabindex:4)
2025-07-17 11:04:27,679 [INFO] PluginManage:310 - Check plugin rif
2025-07-17 11:04:27,694 [INFO] PluginManage:359 - Loaded plugin rif (category:base,tabindex:3)
2025-07-17 11:04:27,695 [INFO] PluginManage:310 - Check plugin thirdparty
2025-07-17 11:04:27,993 [INFO] PluginManage:359 - Loaded plugin thirdparty (category:base,tabindex:-1)
2025-07-17 11:04:27,994 [INFO] PluginManage:310 - Check plugin tools
2025-07-17 11:04:27,994 [WARN] IntegrityCheckThread:84 - waiting for thirdparty lock release [integrity check]
2025-07-17 11:04:27,995 [INFO] IntegrityCheckThread:86 - entering critical section [integrity check]
2025-07-17 11:04:27,996 [INFO] ThirdPartyUpdaterWithRetryManager:70 - Updater plugin not ready yet. [1/15]
2025-07-17 11:04:27,998 [INFO] PluginManage:359 - Loaded plugin tools (category:base,tabindex:7)
2025-07-17 11:04:27,998 [INFO] PluginManage:310 - Check plugin tutovideos
2025-07-17 11:04:28,350 [INFO] PluginManage:359 - Loaded plugin tutovideos (category:base,tabindex:-1)
2025-07-17 11:04:28,350 [INFO] PluginManage:310 - Check plugin updater
2025-07-17 11:04:28,396 [INFO] PluginManage:359 - Loaded plugin updater (category:base,tabindex:12)
2025-07-17 11:04:28,396 [INFO] PluginManage:310 - Check plugin userauth
2025-07-17 11:04:28,402 [INFO] UserAuth:118 - Init User Auth plugin
2025-07-17 11:04:28,404 [INFO] PluginManage:359 - Loaded plugin userauth (category:base,tabindex:14)
2025-07-17 11:04:28,405 [INFO] PluginManage:283 - PluginManage : Loaded plugins [18]
2025-07-17 11:04:28,794 [INFO] PinOutPanel:1589 - setPackage(No Configuration,No Configuration)
2025-07-17 11:04:28,958 [INFO] CADModel:165 - CPN selected for project level
2025-07-17 11:04:28,958 [INFO] CADModel:114 - Register for checkConnection events
2025-07-17 11:04:28,992 [INFO] IPUIPlugin:80 - create IPUIPlugin
2025-07-17 11:04:28,993 [INFO] PluginManager:220 - loadIPPluginJar : add adc
2025-07-17 11:04:28,997 [INFO] IPUIPlugin:80 - create IPUIPlugin
2025-07-17 11:04:28,997 [INFO] PluginManager:220 - loadIPPluginJar : add aes
2025-07-17 11:04:29,002 [INFO] IPUIPlugin:80 - create IPUIPlugin
2025-07-17 11:04:29,002 [INFO] PluginManager:220 - loadIPPluginJar : add can
2025-07-17 11:04:29,005 [INFO] IPUIPlugin:80 - create IPUIPlugin
2025-07-17 11:04:29,005 [INFO] PluginManager:220 - loadIPPluginJar : add comp
2025-07-17 11:04:29,010 [INFO] IPUIPlugin:80 - create IPUIPlugin
2025-07-17 11:04:29,010 [INFO] PluginManager:220 - loadIPPluginJar : add cryp
2025-07-17 11:04:29,017 [INFO] IPUIPlugin:80 - create IPUIPlugin
2025-07-17 11:04:29,017 [INFO] PluginManager:220 - loadIPPluginJar : add ddr_ctrl_phy
2025-07-17 11:04:29,022 [INFO] IPUIPlugin:80 - create IPUIPlugin
2025-07-17 11:04:29,022 [INFO] PluginManager:220 - loadIPPluginJar : add dfsdm
2025-07-17 11:04:29,030 [INFO] IPUIPlugin:80 - create IPUIPlugin
2025-07-17 11:04:29,031 [INFO] PluginManager:220 - loadIPPluginJar : add dma
2025-07-17 11:04:29,036 [INFO] IPUIPlugin:80 - create IPUIPlugin
2025-07-17 11:04:29,036 [INFO] PluginManager:220 - loadIPPluginJar : add dma3
2025-07-17 11:04:29,040 [INFO] IPUIPlugin:80 - create IPUIPlugin
2025-07-17 11:04:29,040 [INFO] PluginManager:220 - loadIPPluginJar : add extmemmanager
2025-07-17 11:04:29,044 [INFO] IPUIPlugin:80 - create IPUIPlugin
2025-07-17 11:04:29,044 [INFO] PluginManager:220 - loadIPPluginJar : add fatfs
2025-07-17 11:04:29,051 [INFO] IPUIPlugin:80 - create IPUIPlugin
2025-07-17 11:04:29,051 [INFO] PluginManager:220 - loadIPPluginJar : add fmc
2025-07-17 11:04:29,062 [INFO] IPUIPlugin:80 - create IPUIPlugin
2025-07-17 11:04:29,063 [INFO] PluginManager:220 - loadIPPluginJar : add freertos
2025-07-17 11:04:29,065 [INFO] IPUIPlugin:80 - create IPUIPlugin
2025-07-17 11:04:29,065 [INFO] PluginManager:220 - loadIPPluginJar : add genericplugin
2025-07-17 11:04:29,068 [INFO] IPUIPlugin:80 - create IPUIPlugin
2025-07-17 11:04:29,068 [INFO] PluginManager:220 - loadIPPluginJar : add gfxmmu
2025-07-17 11:04:29,076 [INFO] IPUIPlugin:80 - create IPUIPlugin
2025-07-17 11:04:29,076 [INFO] PluginManager:220 - loadIPPluginJar : add gic
2025-07-17 11:04:29,083 [INFO] IPUIPlugin:80 - create IPUIPlugin
2025-07-17 11:04:29,084 [INFO] PluginManager:220 - loadIPPluginJar : add gpio
2025-07-17 11:04:29,088 [INFO] IPUIPlugin:80 - create IPUIPlugin
2025-07-17 11:04:29,088 [INFO] PluginManager:220 - loadIPPluginJar : add gtzc
2025-07-17 11:04:29,093 [INFO] IPUIPlugin:80 - create IPUIPlugin
2025-07-17 11:04:29,093 [INFO] PluginManager:220 - loadIPPluginJar : add hash
2025-07-17 11:04:29,097 [INFO] IPUIPlugin:80 - create IPUIPlugin
2025-07-17 11:04:29,098 [INFO] PluginManager:220 - loadIPPluginJar : add i2c
2025-07-17 11:04:29,102 [INFO] IPUIPlugin:80 - create IPUIPlugin
2025-07-17 11:04:29,103 [INFO] PluginManager:220 - loadIPPluginJar : add i2s
2025-07-17 11:04:29,108 [INFO] IPUIPlugin:80 - create IPUIPlugin
2025-07-17 11:04:29,108 [INFO] PluginManager:220 - loadIPPluginJar : add i3c
2025-07-17 11:04:29,113 [INFO] IPUIPlugin:80 - create IPUIPlugin
2025-07-17 11:04:29,113 [INFO] PluginManager:220 - loadIPPluginJar : add ipddr
2025-07-17 11:04:29,130 [INFO] IPUIPlugin:80 - create IPUIPlugin
2025-07-17 11:04:29,132 [INFO] PluginManager:220 - loadIPPluginJar : add linkedlist
2025-07-17 11:04:29,139 [INFO] IPUIPlugin:80 - create IPUIPlugin
2025-07-17 11:04:29,140 [INFO] PluginManager:220 - loadIPPluginJar : add lorawan
2025-07-17 11:04:29,143 [INFO] IPUIPlugin:80 - create IPUIPlugin
2025-07-17 11:04:29,143 [INFO] PluginManager:220 - loadIPPluginJar : add ltdc
2025-07-17 11:04:29,153 [INFO] IPUIPlugin:80 - create IPUIPlugin
2025-07-17 11:04:29,153 [INFO] PluginManager:220 - loadIPPluginJar : add mdma
2025-07-17 11:04:29,159 [INFO] IPUIPlugin:80 - create IPUIPlugin
2025-07-17 11:04:29,159 [INFO] PluginManager:220 - loadIPPluginJar : add nvic
2025-07-17 11:04:29,165 [INFO] IPUIPlugin:80 - create IPUIPlugin
2025-07-17 11:04:29,165 [INFO] PluginManager:220 - loadIPPluginJar : add opamp
2025-07-17 11:04:29,171 [INFO] IPUIPlugin:80 - create IPUIPlugin
2025-07-17 11:04:29,171 [INFO] PluginManager:220 - loadIPPluginJar : add openamp
2025-07-17 11:04:29,176 [INFO] IPUIPlugin:80 - create IPUIPlugin
2025-07-17 11:04:29,176 [INFO] PluginManager:220 - loadIPPluginJar : add pdm2pcm
2025-07-17 11:04:29,186 [INFO] IPUIPlugin:80 - create IPUIPlugin
2025-07-17 11:04:29,190 [INFO] PluginManager:220 - loadIPPluginJar : add plateformsettings
2025-07-17 11:04:29,193 [INFO] IPUIPlugin:80 - create IPUIPlugin
2025-07-17 11:04:29,193 [INFO] PluginManager:220 - loadIPPluginJar : add quadspi
2025-07-17 11:04:29,197 [INFO] IPUIPlugin:80 - create IPUIPlugin
2025-07-17 11:04:29,198 [INFO] PluginManager:220 - loadIPPluginJar : add radio
2025-07-17 11:04:29,205 [INFO] IPUIPlugin:80 - create IPUIPlugin
2025-07-17 11:04:29,205 [INFO] PluginManager:220 - loadIPPluginJar : add resmgrutility
2025-07-17 11:04:29,209 [INFO] IPUIPlugin:80 - create IPUIPlugin
2025-07-17 11:04:29,209 [INFO] PluginManager:220 - loadIPPluginJar : add sai
2025-07-17 11:04:29,214 [INFO] IPUIPlugin:80 - create IPUIPlugin
2025-07-17 11:04:29,214 [INFO] PluginManager:220 - loadIPPluginJar : add spi
2025-07-17 11:04:29,224 [INFO] IPUIPlugin:80 - create IPUIPlugin
2025-07-17 11:04:29,224 [INFO] PluginManager:220 - loadIPPluginJar : add stm32_wpan
2025-07-17 11:04:29,227 [INFO] IPUIPlugin:80 - create IPUIPlugin
2025-07-17 11:04:29,227 [INFO] PluginManager:220 - loadIPPluginJar : add tim
2025-07-17 11:04:29,232 [INFO] IPUIPlugin:80 - create IPUIPlugin
2025-07-17 11:04:29,232 [INFO] PluginManager:220 - loadIPPluginJar : add touchsensing
2025-07-17 11:04:29,236 [INFO] IPUIPlugin:80 - create IPUIPlugin
2025-07-17 11:04:29,236 [INFO] PluginManager:220 - loadIPPluginJar : add tracer_emb
2025-07-17 11:04:29,239 [INFO] IPUIPlugin:80 - create IPUIPlugin
2025-07-17 11:04:29,239 [INFO] PluginManager:220 - loadIPPluginJar : add ts
2025-07-17 11:04:29,243 [INFO] IPUIPlugin:80 - create IPUIPlugin
2025-07-17 11:04:29,243 [INFO] PluginManager:220 - loadIPPluginJar : add tsc
2025-07-17 11:04:29,246 [INFO] IPUIPlugin:80 - create IPUIPlugin
2025-07-17 11:04:29,247 [INFO] PluginManager:220 - loadIPPluginJar : add ucpd
2025-07-17 11:04:29,252 [INFO] IPUIPlugin:80 - create IPUIPlugin
2025-07-17 11:04:29,253 [INFO] PluginManager:220 - loadIPPluginJar : add usart
2025-07-17 11:04:29,258 [INFO] IPUIPlugin:80 - create IPUIPlugin
2025-07-17 11:04:29,259 [INFO] PluginManager:220 - loadIPPluginJar : add usbx
2025-07-17 11:04:29,462 [FATAL] Updater:351 - Updater called before beeing initialized
2025-07-17 11:04:29,511 [INFO] RulesReader:64 - Compatibility file has been processed (317 Rules)
2025-07-17 11:04:29,532 [INFO] RulesReader:64 - Compatibility file has been processed (317 Rules)
2025-07-17 11:04:29,544 [INFO] CADModel:165 - CPN selected for project level
2025-07-17 11:04:29,544 [INFO] CADModel:114 - Register for checkConnection events
2025-07-17 11:04:29,545 [FATAL] Updater:351 - Updater called before beeing initialized
2025-07-17 11:04:29,545 [ERROR] CADModel:125 - Updater not yet initialized, retry later 
2025-07-17 11:04:29,881 [FATAL] Updater:351 - Updater called before beeing initialized
2025-07-17 11:04:29,884 [INFO] CADModel:165 - CPN selected for project level
2025-07-17 11:04:29,884 [INFO] CADModel:114 - Register for checkConnection events
2025-07-17 11:04:29,885 [FATAL] Updater:351 - Updater called before beeing initialized
2025-07-17 11:04:29,885 [ERROR] CADModel:125 - Updater not yet initialized, retry later 
2025-07-17 11:04:29,889 [FATAL] Updater:351 - Updater called before beeing initialized
2025-07-17 11:04:30,141 [FATAL] Updater:351 - Updater called before beeing initialized
2025-07-17 11:04:30,146 [INFO] DbMcusAds:53 - JSON generation date=Tue Jul 08 03:14:23 PET 2025 (1751962463582)
2025-07-17 11:04:30,147 [FATAL] Updater:351 - Updater called before beeing initialized
2025-07-17 11:04:30,222 [WARN] DetailPanel:346 - Failed to get advertising image, set to default
2025-07-17 11:04:30,368 [FATAL] Updater:351 - Updater called before beeing initialized
2025-07-17 11:04:30,371 [FATAL] Updater:351 - Updater called before beeing initialized
2025-07-17 11:04:30,371 [FATAL] Updater:351 - Updater called before beeing initialized
2025-07-17 11:04:30,371 [WARN] DetailPanel:346 - Failed to get advertising image, set to default
2025-07-17 11:04:30,372 [FATAL] Updater:351 - Updater called before beeing initialized
2025-07-17 11:04:30,446 [ERROR] Updater:1198 - MainUpdater not yet initialized. External WinMGr cannot be set.
2025-07-17 11:04:30,449 [INFO] Updater:1134 - Updater Version found : 6.15.0
2025-07-17 11:04:30,475 [INFO] ApplicationProperties:184 - Using Application install path: F:\Program Files\ST\STM32CubeIDE_1.19.0\STM32CubeIDE\plugins\com.st.stm32cube.common.mx_6.15.0.202507011659
2025-07-17 11:04:30,996 [INFO] ThirdPartyUpdaterWithRetryManager:70 - Updater plugin not ready yet. [2/15]
2025-07-17 11:04:32,059 [ERROR] LogOutputStream:75 - [STDERR_REDIRECT] Jul 17, 2025 11:04:32 AM java.util.prefs.WindowsPreferences <init>
2025-07-17 11:04:32,061 [ERROR] LogOutputStream:75 - [STDERR_REDIRECT] WARNING: Could not open/create prefs root node Software\JavaSoft\Prefs at root 0xffffffff80000002. Windows RegCreateKeyEx(...) returned error code 5.
2025-07-17 11:04:32,062 [ERROR] LogOutputStream:75 - [STDERR_REDIRECT] 
2025-07-17 11:04:32,730 [INFO] MainUpdater:2872 - connection check result : 10
2025-07-17 11:04:32,731 [INFO] MainUpdater:289 - Updater Check For Update Now.
2025-07-17 11:04:32,731 [INFO] MicroXplorer:498 - Change Database Version : DB.6.0.150
2025-07-17 11:04:32,739 [INFO] McuFinderGlobals:63 - Set McuFinder mode to 2 (CubeIDE integrated)
2025-07-17 11:04:32,740 [INFO] UserAuth:487 - Internet connection configuration mode: 1
2025-07-17 11:04:32,830 [INFO] JxBrowserEngine:152 - Initiate JxBrowser Engine with user profile folder
2025-07-17 11:04:33,014 [INFO] CheckServerUpdateThread:120 - End of CheckServer Thread
2025-07-17 11:04:41,763 [WARN] PackLoader:240 - Cannot read IP mode file for STMicroelectronics.FP-SNS-MOTENVWB1.1.4.0
2025-07-17 11:04:41,800 [WARN] PackLoader:240 - Cannot read IP mode file for STMicroelectronics.FP-ATR-ASTRA1.2.0.2
2025-07-17 11:04:41,812 [WARN] PackLoader:240 - Cannot read IP mode file for STMicroelectronics.FP-ATR-ASTRA1.2.0.1
2025-07-17 11:04:41,911 [WARN] PackLoader:240 - Cannot read IP mode file for STMicroelectronics.X-CUBE-SMBUS.2.1.0
2025-07-17 11:04:41,914 [INFO] WebApp:169 - Instantiating new browser for Auth
2025-07-17 11:04:41,951 [WARN] PackLoader:240 - Cannot read IP mode file for STMicroelectronics.X-CUBE-WB05N.1.1.0
2025-07-17 11:04:41,984 [WARN] PackLoader:240 - Cannot read IP mode file for STMicroelectronics.X-CUBE-ST60.1.0.0
2025-07-17 11:04:42,008 [WARN] PackLoader:240 - Cannot read IP mode file for STMicroelectronics.X-CUBE-TOUCHGFX.4.23.0
2025-07-17 11:04:42,053 [WARN] PackLoader:240 - Cannot read IP mode file for STMicroelectronics.X-CUBE-TOUCHGFX.4.23.2
2025-07-17 11:04:42,147 [WARN] PackLoader:240 - Cannot read IP mode file for STMicroelectronics.X-CUBE-AZRTOS-F7.1.1.0
2025-07-17 11:04:42,171 [ERROR] RealEvaluatedCondition:428 - Found unsupported composite condition: GROUP='STM32_MetaDataManager' CLASS='Data Exchange'
2025-07-17 11:04:42,171 [ERROR] RealEvaluatedCondition:428 - Found unsupported composite condition: GROUP='STM32_MetaDataManager' CLASS='Data Exchange'
2025-07-17 11:04:42,192 [WARN] PackLoader:240 - Cannot read IP mode file for STMicroelectronics.FP-SNS-MOTENV1.4.3.0
2025-07-17 11:04:42,213 [WARN] PackLoader:240 - Cannot read IP mode file for STMicroelectronics.FP-SNS-MOTENV1.4.3.2
2025-07-17 11:04:42,227 [WARN] PackLoader:240 - Cannot read IP mode file for STMicroelectronics.FP-SNS-FLIGHT1.5.0.0
2025-07-17 11:04:42,324 [ERROR] RealEvaluatedCondition:428 - Found unsupported composite condition: CLASS='Data Exchange' GROUP='STM32_MetaDataManager'
2025-07-17 11:04:42,324 [ERROR] RealEvaluatedCondition:428 - Found unsupported composite condition: CLASS='Data Exchange' GROUP='STM32_MetaDataManager'
2025-07-17 11:04:42,327 [WARN] PackLoader:240 - Cannot read IP mode file for STMicroelectronics.FP-SNS-MOTENV1.4.3.1
2025-07-17 11:04:42,347 [WARN] PackLoader:240 - Cannot read IP mode file for STMicroelectronics.FP-SNS-FLIGHT1.5.0.1
2025-07-17 11:04:42,471 [WARN] PackLoader:240 - Cannot read IP mode file for STMicroelectronics.X-CUBE-MEMS1.11.0.0
2025-07-17 11:04:43,247 [WARN] PackLoader:240 - Cannot read IP mode file for STMicroelectronics.X-CUBE-BLE1.6.2.4
2025-07-17 11:04:43,256 [WARN] PackLoader:240 - Cannot read IP mode file for STMicroelectronics.FP-SNS-FLIGHT1.5.0.2
2025-07-17 11:04:43,302 [WARN] PackLoader:240 - Cannot read IP mode file for STMicroelectronics.X-CUBE-AZRTOS-H7.3.4.0
2025-07-17 11:04:43,326 [WARN] PackLoader:240 - Cannot read IP mode file for STMicroelectronics.X-CUBE-DISPLAY.3.0.0
2025-07-17 11:04:43,342 [WARN] PackLoader:240 - Cannot read IP mode file for STMicroelectronics.X-CUBE-BLE1.7.0.0
2025-07-17 11:04:43,365 [WARN] PackLoader:240 - Cannot read IP mode file for STMicroelectronics.X-CUBE-NFC10.1.0.0
2025-07-17 11:04:43,427 [WARN] PackLoader:240 - Cannot read IP mode file for STMicroelectronics.X-CUBE-BLEMGR.4.0.0
2025-07-17 11:04:43,439 [WARN] PackLoader:240 - Cannot read IP mode file for STMicroelectronics.X-CUBE-TOUCHGFX.4.22.0
2025-07-17 11:04:43,448 [WARN] PackLoader:240 - Cannot read IP mode file for STMicroelectronics.X-CUBE-TOUCHGFX.4.22.1
2025-07-17 11:04:43,469 [WARN] PackLoader:240 - Cannot read IP mode file for STMicroelectronics.X-CUBE-BLEMGR.3.1.0
2025-07-17 11:04:43,492 [WARN] PackLoader:240 - Cannot read IP mode file for STMicroelectronics.X-CUBE-AI.10.0.0
2025-07-17 11:04:43,509 [WARN] PackLoader:240 - Cannot read IP mode file for STMicroelectronics.FP-SNS-SMARTAG2.1.2.0
2025-07-17 11:04:43,518 [WARN] PackLoader:240 - Cannot read IP mode file for STMicroelectronics.FP-SNS-FLIGHT1.5.1.0
2025-07-17 11:04:43,631 [WARN] PackLoader:240 - Cannot read IP mode file for STMicroelectronics.X-CUBE-MEMS1.11.1.0
2025-07-17 11:04:43,839 [INFO] LogOutputStream:77 - [STDOUT_REDIRECT] 1 : Invalid condition id : UX_CORESTACK_Condition cause : null
2025-07-17 11:04:43,840 [INFO] LogOutputStream:77 - [STDOUT_REDIRECT] 1 : Invalid condition id : UX_CORESTACK_Condition cause : null
2025-07-17 11:04:43,841 [INFO] LogOutputStream:77 - [STDOUT_REDIRECT] 1 : Invalid condition id : UX_CORESTACK_Condition cause : null
2025-07-17 11:04:43,843 [INFO] LogOutputStream:77 - [STDOUT_REDIRECT] 1 : Invalid condition id : UX_CORESTACK_Condition cause : null
2025-07-17 11:04:43,845 [INFO] LogOutputStream:77 - [STDOUT_REDIRECT] 1 : Invalid condition id : UX_CORESTACK_Condition cause : null
2025-07-17 11:04:43,849 [WARN] PackLoader:240 - Cannot read IP mode file for STMicroelectronics.X-CUBE-AZRTOS-WL.2.0.0
2025-07-17 11:04:43,863 [WARN] PackLoader:240 - Cannot read IP mode file for STMicroelectronics.FP-SNS-MOTENV1.5.0.0
2025-07-17 11:04:43,902 [WARN] PackLoader:240 - Cannot read IP mode file for wolfSSL.I-CUBE-wolfMQTT.1.19.0
2025-07-17 11:04:43,919 [WARN] PackLoader:240 - Cannot read IP mode file for WES.I-CUBE-Cesium.1.3.0
2025-07-17 11:04:43,931 [WARN] PackLoader:240 - Cannot read IP mode file for STMicroelectronics.X-CUBE-BLE2.3.3.0
2025-07-17 11:04:43,945 [WARN] PackLoader:240 - Cannot read IP mode file for STMicroelectronics.X-CUBE-DISPLAY.2.2.0
2025-07-17 11:04:43,969 [WARN] PackLoader:240 - Cannot read IP mode file for STMicroelectronics.X-CUBE-TOF1.3.2.0
2025-07-17 11:04:43,989 [WARN] PackLoader:240 - Cannot read IP mode file for STMicroelectronics.X-CUBE-NFC9.1.0.0
2025-07-17 11:04:44,000 [WARN] PackLoader:240 - Cannot read IP mode file for STMicroelectronics.X-CUBE-BLE1.7.1.0
2025-07-17 11:04:44,013 [WARN] PackLoader:240 - Cannot read IP mode file for STMicroelectronics.X-CUBE-TCPP.4.1.0
2025-07-17 11:04:44,026 [WARN] PackLoader:240 - Cannot read IP mode file for STMicroelectronics.X-CUBE-EEPRMA1.5.2.0
2025-07-17 11:04:44,033 [WARN] PackLoader:240 - Cannot read IP mode file for STMicroelectronics.X-CUBE-TOUCHGFX.4.21.1
2025-07-17 11:04:44,040 [WARN] PackLoader:240 - Cannot read IP mode file for STMicroelectronics.X-CUBE-TOUCHGFX.4.21.0
2025-07-17 11:04:44,067 [WARN] PackLoader:240 - Cannot read IP mode file for STMicroelectronics.X-CUBE-TOUCHGFX.4.21.3
2025-07-17 11:04:44,074 [WARN] PackLoader:240 - Cannot read IP mode file for STMicroelectronics.X-CUBE-TOUCHGFX.4.21.4
2025-07-17 11:04:44,275 [WARN] PackLoader:240 - Cannot read IP mode file for STMicroelectronics.X-CUBE-MEMS1.9.4.0
2025-07-17 11:04:44,437 [WARN] PackLoader:240 - Cannot read IP mode file for STMicroelectronics.X-CUBE-AI.7.3.0
2025-07-17 11:04:45,129 [WARN] PackLoader:240 - Cannot read IP mode file for STMicroelectronics.X-CUBE-AI.10.1.0
2025-07-17 11:04:45,145 [WARN] PackLoader:240 - Cannot read IP mode file for STMicroelectronics.X-CUBE-ALGOBUILD.1.3.0
2025-07-17 11:04:45,262 [WARN] PackLoader:240 - Cannot read IP mode file for STMicroelectronics.X-CUBE-MEMS1.11.2.0
2025-07-17 11:04:45,510 [WARN] PackLoader:240 - Cannot read IP mode file for STMicroelectronics.X-CUBE-AZRTOS-G0.1.1.0
2025-07-17 11:04:45,550 [WARN] PackLoader:240 - Cannot read IP mode file for STMicroelectronics.X-CUBE-SAFEA1.1.2.2
2025-07-17 11:04:45,564 [WARN] PackLoader:240 - Cannot read IP mode file for STMicroelectronics.X-CUBE-NFC4.3.0.0
2025-07-17 11:04:45,629 [WARN] PackLoader:240 - Cannot read IP mode file for EmbeddedOffice.I-CUBE-FS-RTOS.1.0.1
2025-07-17 11:04:45,641 [WARN] PackLoader:240 - Cannot read IP mode file for STMicroelectronics.X-CUBE-WB05N.2.0.0
2025-07-17 11:04:45,942 [WARN] PackLoader:240 - Cannot read IP mode file for STMicroelectronics.X-CUBE-BLEMGR.3.0.0
2025-07-17 11:04:45,963 [WARN] PackLoader:240 - Cannot read IP mode file for STMicroelectronics.X-CUBE-BLEMGR.1.3.0
2025-07-17 11:04:46,041 [INFO] WebApp:463 - Apply proxy settings
2025-07-17 11:04:46,042 [INFO] WebApp:548 - Chromium requires no authentication
2025-07-17 11:04:46,049 [WARN] PackLoader:240 - Cannot read IP mode file for STMicroelectronics.X-CUBE-TCPP.4.2.0
2025-07-17 11:04:46,124 [WARN] PackLoader:240 - Cannot read IP mode file for RealThread.X-CUBE-RT-Thread_Nano.4.1.1
2025-07-17 11:04:46,163 [WARN] PackLoader:240 - Cannot read IP mode file for STMicroelectronics.FP-ATR-SIGFOX1.3.2.0
2025-07-17 11:04:46,202 [INFO] WebApp:491 - Direct internet connection detected
2025-07-17 11:04:46,221 [WARN] ConditionMgr:438 - getConditionDescription Invalid condition id : Cortex-A Device cause : null
2025-07-17 11:04:46,327 [WARN] ConditionMgr:1044 - genDependencies : Invalid condition id : Cortex-A Device cause : null
2025-07-17 11:04:46,328 [WARN] ConditionMgr:1044 - genDependencies : Invalid condition id : Cortex-A Device cause : null
2025-07-17 11:04:46,328 [WARN] ConditionMgr:1044 - genDependencies : Invalid condition id : Cortex-A Device cause : null
2025-07-17 11:04:46,378 [WARN] PackLoader:240 - Cannot read IP mode file for STMicroelectronics.X-CUBE-EEPRMA1.5.1.0
2025-07-17 11:04:46,547 [INFO] WebApp:900 - Register for checkConnection events
2025-07-17 11:04:46,549 [INFO] WebApp:463 - Apply proxy settings
2025-07-17 11:04:46,549 [INFO] WebApp:548 - Chromium requires no authentication
2025-07-17 11:04:46,555 [INFO] WebApp:491 - Direct internet connection detected
2025-07-17 11:04:46,576 [WARN] PackLoader:240 - Cannot read IP mode file for STMicroelectronics.X-CUBE-MEMS1.9.5.0
2025-07-17 11:04:46,788 [WARN] PackLoader:240 - Cannot read IP mode file for STMicroelectronics.X-CUBE-ST67W61.1.0.0
2025-07-17 11:04:46,887 [WARN] PackLoader:240 - Cannot read IP mode file for SEGGER.I-CUBE-embOS.1.3.1
2025-07-17 11:04:46,963 [WARN] PackLoader:240 - Cannot read IP mode file for STMicroelectronics.X-CUBE-ALGOBUILD.1.4.0
2025-07-17 11:04:47,069 [WARN] PackLoader:240 - Cannot read IP mode file for STMicroelectronics.X-CUBE-MEMS1.11.3.0
2025-07-17 11:04:47,353 [WARN] PackLoader:240 - Cannot read IP mode file for SEGGER.I-CUBE-embOS.1.3.0
2025-07-17 11:04:47,406 [WARN] PackLoader:240 - Cannot read IP mode file for STMicroelectronics.X-CUBE-AI.9.1.0
2025-07-17 11:04:47,452 [WARN] PackLoader:240 - Cannot read IP mode file for STMicroelectronics.X-CUBE-PM33A1.1.0.0
2025-07-17 11:04:47,468 [WARN] PackLoader:240 - Cannot read IP mode file for STMicroelectronics.X-CUBE-GNSS1.6.0.0
2025-07-17 11:04:47,515 [WARN] PackLoader:240 - Cannot read IP mode file for STMicroelectronics.X-CUBE-AZRTOS-F4.1.1.0
2025-07-17 11:04:47,577 [WARN] PackLoader:240 - Cannot read IP mode file for Avnet-IotConnect.X-CUBE-IoTC-DA16k-PMOD.1.0.0
2025-07-17 11:04:47,610 [WARN] PackLoader:240 - Cannot read IP mode file for STMicroelectronics.X-CUBE-ISPU.2.1.0
2025-07-17 11:04:47,636 [WARN] PackLoader:240 - Cannot read IP mode file for STMicroelectronics.X-CUBE-FREERTOS.1.2.0
2025-07-17 11:04:47,652 [WARN] PackLoader:240 - Cannot read IP mode file for STMicroelectronics.X-CUBE-NFC12.1.0.0
2025-07-17 11:04:47,705 [WARN] PackLoader:240 - Cannot read IP mode file for STMicroelectronics.X-CUBE-AZRTOS-L5.2.0.0
2025-07-17 11:04:47,764 [WARN] PackLoader:240 - Cannot read IP mode file for STMicroelectronics.X-CUBE-MEMS1.9.6.0
2025-07-17 11:04:48,004 [INFO] WebApp:225 - Starting web application
2025-07-17 11:04:48,004 [INFO] WebApp:593 - Web application path used F:\Program Files\ST\STM32CubeIDE_1.19.0\STM32CubeIDE\plugins\com.st.stm32cube.common.mx_6.15.0.202507011659\db\plugins\mcufinder\reactClient1\index.html
2025-07-17 11:04:48,369 [WARN] PackLoader:240 - Cannot read IP mode file for STMicroelectronics.X-CUBE-EEPRMA1.4.2.0
2025-07-17 11:04:48,426 [WARN] PackLoader:240 - Cannot read IP mode file for STMicroelectronics.X-CUBE-NFC6.3.1.0
2025-07-17 11:04:48,450 [WARN] PackLoader:240 - Cannot read IP mode file for ITTIA_DB.I-CUBE-ITTIADB.8.8.0
2025-07-17 11:04:48,503 [WARN] PackLoader:240 - Cannot read IP mode file for emotas.I-CUBE-CANOPEN.1.1.3
2025-07-17 11:04:48,550 [WARN] PackLoader:240 - Cannot read IP mode file for STMicroelectronics.X-CUBE-BLEMGR.2.0.0
2025-07-17 11:04:48,567 [WARN] PackLoader:240 - Cannot read IP mode file for STMicroelectronics.X-CUBE-DPower.1.2.0
2025-07-17 11:04:48,569 [INFO] WebApp:191 - Connection restablished
2025-07-17 11:04:48,583 [WARN] PackLoader:240 - Cannot read IP mode file for STMicroelectronics.X-CUBE-NFC4.2.0.5
2025-07-17 11:04:48,596 [WARN] PackLoader:240 - Cannot read IP mode file for STMicroelectronics.X-CUBE-AI.9.0.0
2025-07-17 11:04:48,634 [WARN] ConditionMgr:438 - getConditionDescription Invalid condition id : UX DEVICE CLASS RTOS Condition cause : null
2025-07-17 11:04:48,635 [WARN] ConditionMgr:438 - getConditionDescription Invalid condition id : UX DEVICE CLASS RTOS Condition cause : null
2025-07-17 11:04:48,640 [INFO] UserAuth:487 - Internet connection configuration mode: 1
2025-07-17 11:04:48,650 [WARN] PackLoader:240 - Cannot read IP mode file for STMicroelectronics.X-CUBE-AZRTOS-H7.3.1.0
2025-07-17 11:04:48,651 [WARN] ConditionMgr:1044 - genDependencies : Invalid condition id : UX DEVICE CLASS RTOS Condition cause : null
2025-07-17 11:04:48,651 [WARN] ConditionMgr:1044 - genDependencies : Invalid condition id : UX DEVICE CLASS RTOS Condition cause : null
2025-07-17 11:04:48,652 [WARN] ConditionMgr:1044 - genDependencies : Invalid condition id : UX DEVICE CLASS RTOS Condition cause : null
2025-07-17 11:04:48,653 [WARN] ConditionMgr:1044 - genDependencies : Invalid condition id : UX DEVICE CLASS RTOS Condition cause : null
2025-07-17 11:04:48,653 [WARN] ConditionMgr:1044 - genDependencies : Invalid condition id : UX DEVICE CLASS RTOS Condition cause : null
2025-07-17 11:04:48,714 [WARN] PackLoader:240 - Cannot read IP mode file for wolfSSL.I-CUBE-wolfSSL.5.5.3
2025-07-17 11:04:48,726 [WARN] PackLoader:240 - Cannot read IP mode file for STMicroelectronics.X-CUBE-FREERTOS.1.3.1
2025-07-17 11:04:48,792 [WARN] PackLoader:240 - Cannot read IP mode file for STMicroelectronics.X-CUBE-FREERTOS.1.3.0
2025-07-17 11:04:48,814 [WARN] PackLoader:240 - Cannot read IP mode file for STMicroelectronics.X-CUBE-NFC7.1.0.1
2025-07-17 11:04:48,824 [WARN] PackLoader:240 - Cannot read IP mode file for STMicroelectronics.X-CUBE-NFC7.1.0.0
2025-07-17 11:04:48,840 [WARN] PackLoader:240 - Cannot read IP mode file for wolfSSL.I-CUBE-wolfTPM.3.2.0
2025-07-17 11:04:48,874 [WARN] PackLoader:240 - Cannot read IP mode file for STMicroelectronics.X-CUBE-NFC6.3.0.0
2025-07-17 11:04:48,922 [WARN] PackLoader:240 - Cannot read IP mode file for STMicroelectronics.X-CUBE-EEPRMA1.4.1.0
2025-07-17 11:04:48,946 [WARN] PackLoader:240 - Cannot read IP mode file for STMicroelectronics.FP-SNS-STAIOTCFT.1.0.0
2025-07-17 11:04:48,973 [WARN] PackLoader:240 - Cannot read IP mode file for STMicroelectronics.X-CUBE-DPower.1.3.0
2025-07-17 11:04:49,005 [WARN] PackLoader:240 - Cannot read IP mode file for STMicroelectronics.X-CUBE-AI.8.1.0
2025-07-17 11:04:49,149 [WARN] ConditionMgr:438 - getConditionDescription Invalid condition id : LAN8742 Phy interface Condition cause : null
2025-07-17 11:04:49,150 [WARN] PackLoader:240 - Cannot read IP mode file for STMicroelectronics.X-CUBE-AZRTOS-L4.2.0.0
2025-07-17 11:04:49,152 [WARN] ConditionMgr:1044 - genDependencies : Invalid condition id : LAN8742 Phy interface Condition cause : null
2025-07-17 11:04:49,154 [WARN] ConditionMgr:1044 - genDependencies : Invalid condition id : LAN8742 Phy interface Condition cause : null
2025-07-17 11:04:49,155 [WARN] ConditionMgr:1044 - genDependencies : Invalid condition id : LAN8742 Phy interface Condition cause : null
2025-07-17 11:04:49,172 [WARN] PackLoader:240 - Cannot read IP mode file for STMicroelectronics.X-CUBE-SFXS2LP1.4.0.0
2025-07-17 11:04:49,263 [WARN] PackLoader:240 - Cannot read IP mode file for STMicroelectronics.X-CUBE-AZRTOS-H7.3.0.0
2025-07-17 11:04:49,282 [WARN] PackLoader:240 - Cannot read IP mode file for STMicroelectronics.X-CUBE-ISPU.1.1.0
2025-07-17 11:04:49,377 [WARN] PackLoader:240 - Cannot read IP mode file for STMicroelectronics.X-CUBE-AZRTOS-H7.3.3.0
2025-07-17 11:04:49,428 [WARN] PackLoader:240 - Cannot read IP mode file for RoweBots.I-CUBE-UNISONRTOS.5.5.0-4
2025-07-17 11:04:49,451 [WARN] PackLoader:240 - Cannot read IP mode file for STMicroelectronics.X-CUBE-AI.8.0.0
2025-07-17 11:04:49,467 [WARN] PackLoader:240 - Cannot read IP mode file for STMicroelectronics.X-CUBE-IPS.3.0.0
2025-07-17 11:04:49,512 [WARN] ConditionMgr:438 - getConditionDescription Invalid condition id : UX DEVICE CLASS RTOS Condition cause : null
2025-07-17 11:04:49,513 [WARN] ConditionMgr:438 - getConditionDescription Invalid condition id : UX DEVICE CLASS RTOS Condition cause : null
2025-07-17 11:04:49,515 [WARN] PackLoader:240 - Cannot read IP mode file for STMicroelectronics.X-CUBE-AZRTOS-WB.2.0.0
2025-07-17 11:04:49,516 [WARN] ConditionMgr:1044 - genDependencies : Invalid condition id : UX DEVICE CLASS RTOS Condition cause : null
2025-07-17 11:04:49,516 [WARN] ConditionMgr:1044 - genDependencies : Invalid condition id : UX DEVICE CLASS RTOS Condition cause : null
2025-07-17 11:04:49,517 [WARN] ConditionMgr:1044 - genDependencies : Invalid condition id : UX DEVICE CLASS RTOS Condition cause : null
2025-07-17 11:04:49,517 [WARN] ConditionMgr:1044 - genDependencies : Invalid condition id : UX DEVICE CLASS RTOS Condition cause : null
2025-07-17 11:04:49,517 [WARN] ConditionMgr:1044 - genDependencies : Invalid condition id : UX DEVICE CLASS RTOS Condition cause : null
2025-07-17 11:04:49,529 [WARN] PackLoader:240 - Cannot read IP mode file for STMicroelectronics.X-CUBE-FREERTOS.1.0.0
2025-07-17 11:04:49,556 [WARN] PackLoader:240 - Cannot read IP mode file for STMicroelectronics.X-CUBE-FREERTOS.1.0.1
2025-07-17 11:04:49,579 [WARN] PackLoader:240 - Cannot read IP mode file for STMicroelectronics.X-CUBE-GNSS1.7.0.0
2025-07-17 11:04:49,738 [WARN] PackLoader:240 - Cannot read IP mode file for STMicroelectronics.X-CUBE-GNSS1.7.0.1
2025-07-17 11:04:49,749 [WARN] PackLoader:240 - Cannot read IP mode file for STMicroelectronics.X-CUBE-TOUCHGFX.4.25.0
2025-07-17 11:04:49,768 [WARN] PackLoader:240 - Cannot read IP mode file for STMicroelectronics.FP-SNS-STBOX1.2.0.0
2025-07-17 11:04:49,825 [WARN] PackLoader:240 - Cannot read IP mode file for STMicroelectronics.X-CUBE-AZRTOS-L5.1.1.0
2025-07-17 11:04:49,845 [WARN] PackLoader:240 - Cannot read IP mode file for STMicroelectronics.X-CUBE-AI.8.0.1
2025-07-17 11:04:49,908 [WARN] PackLoader:240 - Cannot read IP mode file for STMicroelectronics.X-CUBE-SUBG2.5.0.0
2025-07-17 11:04:49,963 [WARN] PackLoader:240 - Cannot read IP mode file for STMicroelectronics.X-CUBE-AZRTOS-H7RS.1.1.0
2025-07-17 11:04:49,982 [WARN] PackLoader:240 - Cannot read IP mode file for Cesanta.I-CUBE-Mongoose.7.13.0
2025-07-17 11:04:50,004 [WARN] PackLoader:240 - Cannot read IP mode file for STMicroelectronics.X-CUBE-TOF1.3.3.1
2025-07-17 11:04:50,153 [WARN] PackLoader:240 - Cannot read IP mode file for STMicroelectronics.X-CUBE-AZRTOS-G4.2.0.0
2025-07-17 11:04:50,283 [WARN] PackLoader:240 - Cannot read IP mode file for STMicroelectronics.X-CUBE-TOF1.3.3.0
2025-07-17 11:04:50,329 [WARN] PackLoader:240 - Cannot read IP mode file for STMicroelectronics.FP-ATR-ASTRA1.1.1.1
2025-07-17 11:04:50,387 [WARN] PackLoader:240 - Cannot read IP mode file for Infineon.AIROC-Wi-Fi-Bluetooth-STM32.1.5.1
2025-07-17 11:04:50,398 [WARN] PackLoader:240 - Cannot read IP mode file for STMicroelectronics.FP-SNS-MOTENVWB1.1.3.0
2025-07-17 11:04:50,409 [WARN] PackLoader:240 - Cannot read IP mode file for STMicroelectronics.X-CUBE-NFC7.2.0.0
2025-07-17 11:04:50,423 [WARN] PackLoader:240 - Cannot read IP mode file for STMicroelectronics.FP-SNS-MOTENVWB1.1.3.1
2025-07-17 11:04:50,526 [WARN] PackLoader:240 - Cannot read IP mode file for STMicroelectronics.X-CUBE-AZRTOS-G4.1.0.0
2025-07-17 11:04:50,588 [WARN] PackLoader:240 - Cannot read IP mode file for STMicroelectronics.X-CUBE-AZRTOS-L4.1.0.0
2025-07-17 11:04:50,612 [WARN] PackLoader:240 - Cannot read IP mode file for STMicroelectronics.X-CUBE-ISPU.2.0.0
2025-07-17 11:04:50,641 [WARN] PackLoader:240 - Cannot read IP mode file for STMicroelectronics.X-CUBE-IPS.3.1.0
2025-07-17 11:04:50,668 [WARN] PackLoader:240 - Cannot read IP mode file for STMicroelectronics.X-CUBE-ALS.1.0.2
2025-07-17 11:04:50,773 [WARN] PackLoader:240 - Cannot read IP mode file for STMicroelectronics.X-CUBE-MEMS1.10.0.0
2025-07-17 11:04:50,916 [WARN] PackLoader:240 - Cannot read IP mode file for STMicroelectronics.X-CUBE-FREERTOS.1.1.0
2025-07-17 11:04:50,939 [WARN] PackLoader:240 - Cannot read IP mode file for STMicroelectronics.X-CUBE-TOUCHGFX.4.24.0
2025-07-17 11:04:50,957 [WARN] PackLoader:240 - Cannot read IP mode file for STMicroelectronics.X-CUBE-TOUCHGFX.4.24.2
2025-07-17 11:04:51,020 [WARN] PackLoader:240 - Cannot read IP mode file for STMicroelectronics.X-CUBE-AZRTOS-WL.1.0.0
2025-07-17 11:04:51,035 [WARN] PackLoader:240 - Cannot read IP mode file for STMicroelectronics.X-CUBE-TOUCHGFX.4.24.1
2025-07-17 11:04:51,064 [WARN] PackLoader:240 - Cannot read IP mode file for portGmbH.I-Cube-SoM-uGOAL.1.1.0
2025-07-17 11:04:51,075 [WARN] PackLoader:240 - Cannot read IP mode file for STMicroelectronics.X-CUBE-ALS.1.0.1
2025-07-17 11:04:51,192 [WARN] PackLoader:240 - Cannot read IP mode file for STMicroelectronics.X-CUBE-AZRTOS-WB.1.1.0
2025-07-17 11:04:51,330 [WARN] PackLoader:240 - Cannot read IP mode file for STMicroelectronics.X-CUBE-AZRTOS-H7RS.1.0.0
2025-07-17 11:04:51,359 [WARN] PackLoader:240 - Cannot read IP mode file for STMicroelectronics.FP-ATR-ASTRA1.2.0.0
2025-07-17 11:04:51,396 [WARN] PackLoader:240 - Cannot read IP mode file for STMicroelectronics.X-CUBE-TOF1.3.4.2
2025-07-17 11:04:51,483 [WARN] PackLoader:240 - Cannot read IP mode file for STMicroelectronics.X-CUBE-TOF1.3.4.3
2025-07-17 11:04:51,538 [WARN] PackLoader:240 - Cannot read IP mode file for STMicroelectronics.X-CUBE-TOF1.3.4.0
2025-07-17 11:04:51,587 [WARN] PackLoader:240 - Cannot read IP mode file for STMicroelectronics.X-CUBE-TOF1.3.4.1
2025-07-17 11:04:51,690 [WARN] PackLoader:240 - Cannot read IP mode file for STMicroelectronics.X-CUBE-AZRTOS-H7.3.2.0
2025-07-17 11:04:51,711 [WARN] PackLoader:240 - Cannot read IP mode file for wolfSSL.I-CUBE-wolfSSH.1.4.17
2025-07-17 11:04:51,712 [INFO] ThirdParty:978 - Integrity check success = true
2025-07-17 11:04:51,712 [INFO] IntegrityCheckThread:100 - exiting critical section [integrity check]
2025-07-17 11:04:51,712 [INFO] IntegrityCheckThread:103 - End integrity checks thread
