2025-07-12 11:56:13,661 [INFO] Activator:176 - 


2025-07-12 11:56:13,664 [INFO] Activator:177 - !SESSION log4j initialized
2025-07-12 11:56:18,091 [INFO] LogOutputStream:77 - [STDOUT_REDIRECT] 
2025-07-12 11:56:23,518 [INFO] ApplicationProperties:184 - Using Application install path: F:\Program Files\ST\STM32CubeIDE_1.19.0\STM32CubeIDE\plugins\com.st.stm32cube.common.mx_6.15.0.202507011659
2025-07-12 11:56:23,540 [INFO] DbMcusXml:78 - Set database path to: F:\Program Files\ST\STM32CubeIDE_1.19.0\STM32CubeIDE\plugins\com.st.stm32cube.common.mx_6.15.0.202507011659\\db\/mcu/
2025-07-12 11:56:23,540 [INFO] ApiDb:274 - Set plugin database path to: F:\Program Files\ST\STM32CubeIDE_1.19.0\STM32CubeIDE\plugins\com.st.stm32cube.common.mx_6.15.0.202507011659\\db\/plugins/boardmanager/
2025-07-12 11:56:23,546 [WARN] ApiDb:259 - Overriding images path with different value:  => F:\Program Files\ST\STM32CubeIDE_1.19.0\STM32CubeIDE\plugins\com.st.stm32cube.common.mx_6.15.0.202507011659\\db\/plugins/mcufinder/images/
2025-07-12 11:56:23,554 [INFO] ApiDb:250 - Set database path to: C:\Users\PC\.stmcufinder\plugins\mcufinder//mcu/
2025-07-12 11:56:23,555 [INFO] DbMcusAds:125 - Set database path to: C:\Users\PC\.stmcufinder\plugins\mcufinder//mcu/
2025-07-12 11:56:23,558 [INFO] CrossReferenceDbSqlite:203 - Set database path to: C:\Users\PC\.stmcufinder\plugins\mcufinder//mcu/cs/
2025-07-12 11:56:23,723 [INFO] RulesReader:64 - Compatibility file has been processed (317 Rules)
2025-07-12 11:56:23,834 [INFO] DbMcusXml:78 - Set database path to: F:\Program Files\ST\STM32CubeIDE_1.19.0\STM32CubeIDE\plugins\com.st.stm32cube.common.mx_6.15.0.202507011659\\db\/mcu/
2025-07-12 11:56:23,834 [INFO] ApiDb:274 - Set plugin database path to: F:\Program Files\ST\STM32CubeIDE_1.19.0\STM32CubeIDE\plugins\com.st.stm32cube.common.mx_6.15.0.202507011659\\db\/plugins/boardmanager/
2025-07-12 11:56:23,835 [INFO] ApiDb:261 - Set plugin images path to: F:\Program Files\ST\STM32CubeIDE_1.19.0\STM32CubeIDE\plugins\com.st.stm32cube.common.mx_6.15.0.202507011659\\db\/plugins/mcufinder/images/
2025-07-12 11:56:23,835 [WARN] DbFile:41 - Overriding database path with different value: C:\Users\PC\.stmcufinder\plugins\mcufinder/ => C:\Users\PC\.stmcufinder\plugins\mcufinder
2025-07-12 11:56:23,835 [INFO] ApiDb:250 - Set database path to: C:\Users\PC\.stmcufinder\plugins\mcufinder//mcu/
2025-07-12 11:56:23,835 [WARN] DbFile:41 - Overriding database path with different value: C:\Users\PC\.stmcufinder\plugins\mcufinder/ => C:\Users\PC\.stmcufinder\plugins\mcufinder
2025-07-12 11:56:23,836 [INFO] DbMcusAds:125 - Set database path to: C:\Users\PC\.stmcufinder\plugins\mcufinder//mcu/
2025-07-12 11:56:23,836 [WARN] DbFile:41 - Overriding database path with different value: C:\Users\PC\.stmcufinder\plugins\mcufinder/ => C:\Users\PC\.stmcufinder\plugins\mcufinder
2025-07-12 11:56:23,836 [WARN] DbFile:41 - Overriding database path with different value: C:\Users\PC\.stmcufinder\plugins\mcufinder/ => C:\Users\PC\.stmcufinder\plugins\mcufinder
2025-07-12 11:56:23,836 [INFO] CrossReferenceDbSqlite:203 - Set database path to: C:\Users\PC\.stmcufinder\plugins\mcufinder//mcu/cs/
2025-07-12 11:56:23,942 [INFO] MainPanel:274 - HeapMemory: 268435456
2025-07-12 11:56:24,089 [INFO] DbMcusXml:78 - Set database path to: F:\Program Files\ST\STM32CubeIDE_1.19.0\STM32CubeIDE\plugins\com.st.stm32cube.common.mx_6.15.0.202507011659\\db\/mcu/
2025-07-12 11:56:24,089 [INFO] ApiDb:274 - Set plugin database path to: F:\Program Files\ST\STM32CubeIDE_1.19.0\STM32CubeIDE\plugins\com.st.stm32cube.common.mx_6.15.0.202507011659\\db\/plugins/boardmanager/
2025-07-12 11:56:24,101 [INFO] ApiDb:261 - Set plugin images path to: F:\Program Files\ST\STM32CubeIDE_1.19.0\STM32CubeIDE\plugins\com.st.stm32cube.common.mx_6.15.0.202507011659\\db\/plugins/mcufinder/images/
2025-07-12 11:56:24,102 [WARN] DbFile:41 - Overriding database path with different value: C:\Users\PC\.stmcufinder\plugins\mcufinder/ => C:\Users\PC\.stmcufinder\plugins\mcufinder
2025-07-12 11:56:24,103 [INFO] ApiDb:250 - Set database path to: C:\Users\PC\.stmcufinder\plugins\mcufinder//mcu/
2025-07-12 11:56:24,103 [WARN] DbFile:41 - Overriding database path with different value: C:\Users\PC\.stmcufinder\plugins\mcufinder/ => C:\Users\PC\.stmcufinder\plugins\mcufinder
2025-07-12 11:56:24,103 [INFO] DbMcusAds:125 - Set database path to: C:\Users\PC\.stmcufinder\plugins\mcufinder//mcu/
2025-07-12 11:56:24,103 [WARN] DbFile:41 - Overriding database path with different value: C:\Users\PC\.stmcufinder\plugins\mcufinder/ => C:\Users\PC\.stmcufinder\plugins\mcufinder
2025-07-12 11:56:24,103 [WARN] DbFile:41 - Overriding database path with different value: C:\Users\PC\.stmcufinder\plugins\mcufinder/ => C:\Users\PC\.stmcufinder\plugins\mcufinder
2025-07-12 11:56:24,103 [INFO] CrossReferenceDbSqlite:203 - Set database path to: C:\Users\PC\.stmcufinder\plugins\mcufinder//mcu/cs/
2025-07-12 11:56:24,131 [INFO] ApplicationProperties:184 - Using Application install path: F:\Program Files\ST\STM32CubeIDE_1.19.0\STM32CubeIDE\plugins\com.st.stm32cube.common.mx_6.15.0.202507011659
2025-07-12 11:56:24,133 [INFO] PluginManage:196 - Search for loadable plugins [exclusion list=, ]
2025-07-12 11:56:24,134 [INFO] PluginManage:310 - Check plugin analytics
2025-07-12 11:56:24,523 [INFO] AnalyticsPlugin:253 - Accepted Software Licenses: 
2025-07-12 11:56:24,524 [INFO] AnalyticsPlugin:255 - Accepted CMSIS Pack Licenses: 
2025-07-12 11:56:24,524 [INFO] AnalyticsPlugin:257 - Accepted Firmware Licenses: FW.G4.1.6.0,FW.F4.1.28.0
2025-07-12 11:56:24,553 [INFO] PluginManage:359 - Loaded plugin analytics (category:tool,tabindex:-1)
2025-07-12 11:56:24,554 [INFO] PluginManage:310 - Check plugin cadmodel
2025-07-12 11:56:24,558 [INFO] CADModel:105 - Init CAD model plugin
2025-07-12 11:56:24,559 [INFO] PluginManage:359 - Loaded plugin cadmodel (category:power,tabindex:5)
2025-07-12 11:56:24,559 [INFO] PluginManage:310 - Check plugin clock
2025-07-12 11:56:24,572 [INFO] PluginManage:359 - Loaded plugin clock (category:base,tabindex:2)
2025-07-12 11:56:24,572 [INFO] PluginManage:310 - Check plugin ddr
2025-07-12 11:56:24,575 [INFO] PluginManage:359 - Loaded plugin ddr (category:tool,tabindex:6)
2025-07-12 11:56:24,575 [INFO] PluginManage:310 - Check plugin filemanager
2025-07-12 11:56:25,162 [INFO] PluginManage:359 - Loaded plugin filemanager (category:base,tabindex:10)
2025-07-12 11:56:25,163 [INFO] PluginManage:310 - Check plugin ipmanager
2025-07-12 11:56:25,173 [INFO] PluginManage:359 - Loaded plugin ipmanager (category:base,tabindex:5)
2025-07-12 11:56:25,174 [INFO] PluginManage:310 - Check plugin lpbam
2025-07-12 11:56:25,185 [INFO] PluginManage:359 - Loaded plugin lpbam (category:base,tabindex:0)
2025-07-12 11:56:25,186 [INFO] PluginManage:310 - Check plugin memorymap
2025-07-12 11:56:25,220 [INFO] PluginManage:359 - Loaded plugin memorymap (category:base,tabindex:4)
2025-07-12 11:56:25,220 [INFO] PluginManage:310 - Check plugin pinoutandconfiguration
2025-07-12 11:56:25,233 [INFO] PluginManage:359 - Loaded plugin pinoutandconfiguration (category:base,tabindex:1)
2025-07-12 11:56:25,234 [INFO] PluginManage:310 - Check plugin pinoutconfig
2025-07-12 11:56:25,464 [WARN] SupportedApi:132 - Cannot load RTOS API schema: s4s-elt-must-match.1: The content of 'definitions' must match (annotation?, (simpleType | complexType)?, (unique | key | keyref)*)). A problem was found starting at: attribute.
2025-07-12 11:56:25,642 [INFO] PluginManage:359 - Loaded plugin pinoutconfig (category:base,tabindex:0)
2025-07-12 11:56:25,642 [INFO] PluginManage:310 - Check plugin power
2025-07-12 11:56:25,653 [INFO] PluginManage:359 - Loaded plugin power (category:power,tabindex:4)
2025-07-12 11:56:25,653 [INFO] PluginManage:310 - Check plugin projectmanager
2025-07-12 11:56:25,675 [INFO] PluginManage:359 - Loaded plugin projectmanager (category:projectmanager,tabindex:4)
2025-07-12 11:56:25,675 [INFO] PluginManage:310 - Check plugin rif
2025-07-12 11:56:25,685 [INFO] PluginManage:359 - Loaded plugin rif (category:base,tabindex:3)
2025-07-12 11:56:25,685 [INFO] PluginManage:310 - Check plugin thirdparty
2025-07-12 11:56:25,887 [INFO] PluginManage:359 - Loaded plugin thirdparty (category:base,tabindex:-1)
2025-07-12 11:56:25,887 [INFO] PluginManage:310 - Check plugin tools
2025-07-12 11:56:25,887 [WARN] IntegrityCheckThread:84 - waiting for thirdparty lock release [integrity check]
2025-07-12 11:56:25,887 [INFO] IntegrityCheckThread:86 - entering critical section [integrity check]
2025-07-12 11:56:25,888 [INFO] ThirdPartyUpdaterWithRetryManager:70 - Updater plugin not ready yet. [1/15]
2025-07-12 11:56:25,890 [INFO] PluginManage:359 - Loaded plugin tools (category:base,tabindex:7)
2025-07-12 11:56:25,890 [INFO] PluginManage:310 - Check plugin tutovideos
2025-07-12 11:56:26,173 [INFO] PluginManage:359 - Loaded plugin tutovideos (category:base,tabindex:-1)
2025-07-12 11:56:26,173 [INFO] PluginManage:310 - Check plugin updater
2025-07-12 11:56:26,274 [INFO] PluginManage:359 - Loaded plugin updater (category:base,tabindex:12)
2025-07-12 11:56:26,274 [INFO] PluginManage:310 - Check plugin userauth
2025-07-12 11:56:26,285 [INFO] UserAuth:118 - Init User Auth plugin
2025-07-12 11:56:26,286 [INFO] PluginManage:359 - Loaded plugin userauth (category:base,tabindex:14)
2025-07-12 11:56:26,288 [INFO] PluginManage:283 - PluginManage : Loaded plugins [18]
2025-07-12 11:56:26,727 [INFO] PinOutPanel:1589 - setPackage(No Configuration,No Configuration)
2025-07-12 11:56:26,868 [INFO] CADModel:165 - CPN selected for project level
2025-07-12 11:56:26,869 [INFO] CADModel:114 - Register for checkConnection events
2025-07-12 11:56:26,890 [INFO] IPUIPlugin:80 - create IPUIPlugin
2025-07-12 11:56:26,890 [INFO] PluginManager:220 - loadIPPluginJar : add adc
2025-07-12 11:56:26,894 [INFO] IPUIPlugin:80 - create IPUIPlugin
2025-07-12 11:56:26,894 [INFO] PluginManager:220 - loadIPPluginJar : add aes
2025-07-12 11:56:26,898 [INFO] IPUIPlugin:80 - create IPUIPlugin
2025-07-12 11:56:26,898 [INFO] PluginManager:220 - loadIPPluginJar : add can
2025-07-12 11:56:26,901 [INFO] IPUIPlugin:80 - create IPUIPlugin
2025-07-12 11:56:26,901 [INFO] PluginManager:220 - loadIPPluginJar : add comp
2025-07-12 11:56:26,904 [INFO] IPUIPlugin:80 - create IPUIPlugin
2025-07-12 11:56:26,904 [INFO] PluginManager:220 - loadIPPluginJar : add cryp
2025-07-12 11:56:26,907 [INFO] IPUIPlugin:80 - create IPUIPlugin
2025-07-12 11:56:26,907 [INFO] PluginManager:220 - loadIPPluginJar : add ddr_ctrl_phy
2025-07-12 11:56:26,911 [INFO] IPUIPlugin:80 - create IPUIPlugin
2025-07-12 11:56:26,911 [INFO] PluginManager:220 - loadIPPluginJar : add dfsdm
2025-07-12 11:56:26,919 [INFO] IPUIPlugin:80 - create IPUIPlugin
2025-07-12 11:56:26,920 [INFO] PluginManager:220 - loadIPPluginJar : add dma
2025-07-12 11:56:26,929 [INFO] IPUIPlugin:80 - create IPUIPlugin
2025-07-12 11:56:26,929 [INFO] PluginManager:220 - loadIPPluginJar : add dma3
2025-07-12 11:56:26,934 [INFO] IPUIPlugin:80 - create IPUIPlugin
2025-07-12 11:56:26,934 [INFO] PluginManager:220 - loadIPPluginJar : add extmemmanager
2025-07-12 11:56:26,936 [INFO] IPUIPlugin:80 - create IPUIPlugin
2025-07-12 11:56:26,937 [INFO] PluginManager:220 - loadIPPluginJar : add fatfs
2025-07-12 11:56:26,943 [INFO] IPUIPlugin:80 - create IPUIPlugin
2025-07-12 11:56:26,943 [INFO] PluginManager:220 - loadIPPluginJar : add fmc
2025-07-12 11:56:26,950 [INFO] IPUIPlugin:80 - create IPUIPlugin
2025-07-12 11:56:26,950 [INFO] PluginManager:220 - loadIPPluginJar : add freertos
2025-07-12 11:56:26,952 [INFO] IPUIPlugin:80 - create IPUIPlugin
2025-07-12 11:56:26,952 [INFO] PluginManager:220 - loadIPPluginJar : add genericplugin
2025-07-12 11:56:26,955 [INFO] IPUIPlugin:80 - create IPUIPlugin
2025-07-12 11:56:26,955 [INFO] PluginManager:220 - loadIPPluginJar : add gfxmmu
2025-07-12 11:56:26,960 [INFO] IPUIPlugin:80 - create IPUIPlugin
2025-07-12 11:56:26,961 [INFO] PluginManager:220 - loadIPPluginJar : add gic
2025-07-12 11:56:26,966 [INFO] IPUIPlugin:80 - create IPUIPlugin
2025-07-12 11:56:26,967 [INFO] PluginManager:220 - loadIPPluginJar : add gpio
2025-07-12 11:56:26,970 [INFO] IPUIPlugin:80 - create IPUIPlugin
2025-07-12 11:56:26,970 [INFO] PluginManager:220 - loadIPPluginJar : add gtzc
2025-07-12 11:56:26,973 [INFO] IPUIPlugin:80 - create IPUIPlugin
2025-07-12 11:56:26,973 [INFO] PluginManager:220 - loadIPPluginJar : add hash
2025-07-12 11:56:26,976 [INFO] IPUIPlugin:80 - create IPUIPlugin
2025-07-12 11:56:26,977 [INFO] PluginManager:220 - loadIPPluginJar : add i2c
2025-07-12 11:56:26,980 [INFO] IPUIPlugin:80 - create IPUIPlugin
2025-07-12 11:56:26,980 [INFO] PluginManager:220 - loadIPPluginJar : add i2s
2025-07-12 11:56:26,984 [INFO] IPUIPlugin:80 - create IPUIPlugin
2025-07-12 11:56:26,985 [INFO] PluginManager:220 - loadIPPluginJar : add i3c
2025-07-12 11:56:26,988 [INFO] IPUIPlugin:80 - create IPUIPlugin
2025-07-12 11:56:26,988 [INFO] PluginManager:220 - loadIPPluginJar : add ipddr
2025-07-12 11:56:26,996 [INFO] IPUIPlugin:80 - create IPUIPlugin
2025-07-12 11:56:26,997 [INFO] PluginManager:220 - loadIPPluginJar : add linkedlist
2025-07-12 11:56:27,001 [INFO] IPUIPlugin:80 - create IPUIPlugin
2025-07-12 11:56:27,001 [INFO] PluginManager:220 - loadIPPluginJar : add lorawan
2025-07-12 11:56:27,003 [INFO] IPUIPlugin:80 - create IPUIPlugin
2025-07-12 11:56:27,003 [INFO] PluginManager:220 - loadIPPluginJar : add ltdc
2025-07-12 11:56:27,009 [INFO] IPUIPlugin:80 - create IPUIPlugin
2025-07-12 11:56:27,009 [INFO] PluginManager:220 - loadIPPluginJar : add mdma
2025-07-12 11:56:27,015 [INFO] IPUIPlugin:80 - create IPUIPlugin
2025-07-12 11:56:27,015 [INFO] PluginManager:220 - loadIPPluginJar : add nvic
2025-07-12 11:56:27,019 [INFO] IPUIPlugin:80 - create IPUIPlugin
2025-07-12 11:56:27,019 [INFO] PluginManager:220 - loadIPPluginJar : add opamp
2025-07-12 11:56:27,023 [INFO] IPUIPlugin:80 - create IPUIPlugin
2025-07-12 11:56:27,024 [INFO] PluginManager:220 - loadIPPluginJar : add openamp
2025-07-12 11:56:27,035 [INFO] IPUIPlugin:80 - create IPUIPlugin
2025-07-12 11:56:27,035 [INFO] PluginManager:220 - loadIPPluginJar : add pdm2pcm
2025-07-12 11:56:27,051 [INFO] IPUIPlugin:80 - create IPUIPlugin
2025-07-12 11:56:27,057 [INFO] PluginManager:220 - loadIPPluginJar : add plateformsettings
2025-07-12 11:56:27,059 [INFO] IPUIPlugin:80 - create IPUIPlugin
2025-07-12 11:56:27,059 [INFO] PluginManager:220 - loadIPPluginJar : add quadspi
2025-07-12 11:56:27,062 [INFO] IPUIPlugin:80 - create IPUIPlugin
2025-07-12 11:56:27,063 [INFO] PluginManager:220 - loadIPPluginJar : add radio
2025-07-12 11:56:27,068 [INFO] IPUIPlugin:80 - create IPUIPlugin
2025-07-12 11:56:27,068 [INFO] PluginManager:220 - loadIPPluginJar : add resmgrutility
2025-07-12 11:56:27,072 [INFO] IPUIPlugin:80 - create IPUIPlugin
2025-07-12 11:56:27,073 [INFO] PluginManager:220 - loadIPPluginJar : add sai
2025-07-12 11:56:27,075 [INFO] IPUIPlugin:80 - create IPUIPlugin
2025-07-12 11:56:27,076 [INFO] PluginManager:220 - loadIPPluginJar : add spi
2025-07-12 11:56:27,083 [INFO] IPUIPlugin:80 - create IPUIPlugin
2025-07-12 11:56:27,084 [INFO] PluginManager:220 - loadIPPluginJar : add stm32_wpan
2025-07-12 11:56:27,086 [INFO] IPUIPlugin:80 - create IPUIPlugin
2025-07-12 11:56:27,086 [INFO] PluginManager:220 - loadIPPluginJar : add tim
2025-07-12 11:56:27,090 [INFO] IPUIPlugin:80 - create IPUIPlugin
2025-07-12 11:56:27,091 [INFO] PluginManager:220 - loadIPPluginJar : add touchsensing
2025-07-12 11:56:27,093 [INFO] IPUIPlugin:80 - create IPUIPlugin
2025-07-12 11:56:27,093 [INFO] PluginManager:220 - loadIPPluginJar : add tracer_emb
2025-07-12 11:56:27,097 [INFO] IPUIPlugin:80 - create IPUIPlugin
2025-07-12 11:56:27,097 [INFO] PluginManager:220 - loadIPPluginJar : add ts
2025-07-12 11:56:27,099 [INFO] IPUIPlugin:80 - create IPUIPlugin
2025-07-12 11:56:27,099 [INFO] PluginManager:220 - loadIPPluginJar : add tsc
2025-07-12 11:56:27,102 [INFO] IPUIPlugin:80 - create IPUIPlugin
2025-07-12 11:56:27,102 [INFO] PluginManager:220 - loadIPPluginJar : add ucpd
2025-07-12 11:56:27,106 [INFO] IPUIPlugin:80 - create IPUIPlugin
2025-07-12 11:56:27,107 [INFO] PluginManager:220 - loadIPPluginJar : add usart
2025-07-12 11:56:27,110 [INFO] IPUIPlugin:80 - create IPUIPlugin
2025-07-12 11:56:27,111 [INFO] PluginManager:220 - loadIPPluginJar : add usbx
2025-07-12 11:56:27,320 [FATAL] Updater:351 - Updater called before beeing initialized
2025-07-12 11:56:27,361 [INFO] RulesReader:64 - Compatibility file has been processed (317 Rules)
2025-07-12 11:56:27,399 [INFO] RulesReader:64 - Compatibility file has been processed (317 Rules)
2025-07-12 11:56:27,409 [INFO] CADModel:165 - CPN selected for project level
2025-07-12 11:56:27,409 [INFO] CADModel:114 - Register for checkConnection events
2025-07-12 11:56:27,409 [FATAL] Updater:351 - Updater called before beeing initialized
2025-07-12 11:56:27,410 [ERROR] CADModel:125 - Updater not yet initialized, retry later 
2025-07-12 11:56:27,600 [FATAL] Updater:351 - Updater called before beeing initialized
2025-07-12 11:56:27,602 [INFO] CADModel:165 - CPN selected for project level
2025-07-12 11:56:27,603 [INFO] CADModel:114 - Register for checkConnection events
2025-07-12 11:56:27,603 [FATAL] Updater:351 - Updater called before beeing initialized
2025-07-12 11:56:27,603 [ERROR] CADModel:125 - Updater not yet initialized, retry later 
2025-07-12 11:56:27,607 [FATAL] Updater:351 - Updater called before beeing initialized
2025-07-12 11:56:27,867 [FATAL] Updater:351 - Updater called before beeing initialized
2025-07-12 11:56:27,872 [INFO] DbMcusAds:53 - JSON generation date=Thu Jun 19 03:32:37 PET 2025 (1750321957418)
2025-07-12 11:56:27,873 [FATAL] Updater:351 - Updater called before beeing initialized
2025-07-12 11:56:27,931 [WARN] DetailPanel:346 - Failed to get advertising image, set to default
2025-07-12 11:56:28,084 [FATAL] Updater:351 - Updater called before beeing initialized
2025-07-12 11:56:28,086 [FATAL] Updater:351 - Updater called before beeing initialized
2025-07-12 11:56:28,086 [FATAL] Updater:351 - Updater called before beeing initialized
2025-07-12 11:56:28,087 [WARN] DetailPanel:346 - Failed to get advertising image, set to default
2025-07-12 11:56:28,088 [FATAL] Updater:351 - Updater called before beeing initialized
2025-07-12 11:56:28,155 [ERROR] Updater:1198 - MainUpdater not yet initialized. External WinMGr cannot be set.
2025-07-12 11:56:28,157 [INFO] Updater:1134 - Updater Version found : 6.15.0
2025-07-12 11:56:28,177 [INFO] ApplicationProperties:184 - Using Application install path: F:\Program Files\ST\STM32CubeIDE_1.19.0\STM32CubeIDE\plugins\com.st.stm32cube.common.mx_6.15.0.202507011659
2025-07-12 11:56:28,894 [INFO] ThirdPartyUpdaterWithRetryManager:70 - Updater plugin not ready yet. [2/15]
2025-07-12 11:56:29,793 [ERROR] LogOutputStream:75 - [STDERR_REDIRECT] Jul 12, 2025 11:56:29 AM java.util.prefs.WindowsPreferences <init>
2025-07-12 11:56:29,796 [ERROR] LogOutputStream:75 - [STDERR_REDIRECT] WARNING: Could not open/create prefs root node Software\JavaSoft\Prefs at root 0xffffffff80000002. Windows RegCreateKeyEx(...) returned error code 5.
2025-07-12 11:56:29,796 [ERROR] LogOutputStream:75 - [STDERR_REDIRECT] 
2025-07-12 11:56:30,222 [INFO] MainUpdater:2872 - connection check result : 10
2025-07-12 11:56:30,223 [INFO] MainUpdater:289 - Updater Check For Update Now.
2025-07-12 11:56:30,223 [INFO] MicroXplorer:498 - Change Database Version : DB.6.0.150
2025-07-12 11:56:30,230 [INFO] McuFinderGlobals:63 - Set McuFinder mode to 2 (CubeIDE integrated)
2025-07-12 11:56:30,231 [INFO] UserAuth:487 - Internet connection configuration mode: 1
2025-07-12 11:56:30,270 [INFO] JxBrowserEngine:152 - Initiate JxBrowser Engine with user profile folder
2025-07-12 11:56:30,501 [INFO] CheckServerUpdateThread:120 - End of CheckServer Thread
2025-07-12 11:56:31,165 [INFO] WebApp:169 - Instantiating new browser for Auth
2025-07-12 11:56:32,402 [WARN] PackLoader:240 - Cannot read IP mode file for STMicroelectronics.FP-SNS-MOTENVWB1.1.4.0
2025-07-12 11:56:32,414 [WARN] PackLoader:240 - Cannot read IP mode file for STMicroelectronics.FP-ATR-ASTRA1.2.0.2
2025-07-12 11:56:32,420 [WARN] PackLoader:240 - Cannot read IP mode file for STMicroelectronics.FP-ATR-ASTRA1.2.0.1
2025-07-12 11:56:32,431 [WARN] PackLoader:240 - Cannot read IP mode file for STMicroelectronics.X-CUBE-SMBUS.2.1.0
2025-07-12 11:56:32,443 [WARN] PackLoader:240 - Cannot read IP mode file for STMicroelectronics.X-CUBE-WB05N.1.1.0
2025-07-12 11:56:32,452 [WARN] PackLoader:240 - Cannot read IP mode file for STMicroelectronics.X-CUBE-ST60.1.0.0
2025-07-12 11:56:32,459 [WARN] PackLoader:240 - Cannot read IP mode file for STMicroelectronics.X-CUBE-TOUCHGFX.4.23.0
2025-07-12 11:56:32,463 [WARN] PackLoader:240 - Cannot read IP mode file for STMicroelectronics.X-CUBE-TOUCHGFX.4.23.2
2025-07-12 11:56:32,540 [WARN] PackLoader:240 - Cannot read IP mode file for STMicroelectronics.X-CUBE-AZRTOS-F7.1.1.0
2025-07-12 11:56:32,555 [ERROR] RealEvaluatedCondition:428 - Found unsupported composite condition: CLASS='Data Exchange' GROUP='STM32_MetaDataManager'
2025-07-12 11:56:32,555 [ERROR] RealEvaluatedCondition:428 - Found unsupported composite condition: CLASS='Data Exchange' GROUP='STM32_MetaDataManager'
2025-07-12 11:56:32,558 [WARN] PackLoader:240 - Cannot read IP mode file for STMicroelectronics.FP-SNS-MOTENV1.4.3.0
2025-07-12 11:56:32,567 [WARN] PackLoader:240 - Cannot read IP mode file for STMicroelectronics.FP-SNS-MOTENV1.4.3.2
2025-07-12 11:56:32,575 [WARN] PackLoader:240 - Cannot read IP mode file for STMicroelectronics.FP-SNS-FLIGHT1.5.0.0
2025-07-12 11:56:32,582 [ERROR] RealEvaluatedCondition:428 - Found unsupported composite condition: CLASS='Data Exchange' GROUP='STM32_MetaDataManager'
2025-07-12 11:56:32,582 [ERROR] RealEvaluatedCondition:428 - Found unsupported composite condition: GROUP='STM32_MetaDataManager' CLASS='Data Exchange'
2025-07-12 11:56:32,585 [WARN] PackLoader:240 - Cannot read IP mode file for STMicroelectronics.FP-SNS-MOTENV1.4.3.1
2025-07-12 11:56:32,597 [WARN] PackLoader:240 - Cannot read IP mode file for STMicroelectronics.FP-SNS-FLIGHT1.5.0.1
2025-07-12 11:56:32,708 [WARN] PackLoader:240 - Cannot read IP mode file for STMicroelectronics.X-CUBE-MEMS1.11.0.0
2025-07-12 11:56:32,987 [WARN] PackLoader:240 - Cannot read IP mode file for STMicroelectronics.X-CUBE-BLE1.6.2.4
2025-07-12 11:56:32,992 [WARN] PackLoader:240 - Cannot read IP mode file for STMicroelectronics.FP-SNS-FLIGHT1.5.0.2
2025-07-12 11:56:33,079 [WARN] PackLoader:240 - Cannot read IP mode file for STMicroelectronics.X-CUBE-AZRTOS-H7.3.4.0
2025-07-12 11:56:33,097 [WARN] PackLoader:240 - Cannot read IP mode file for STMicroelectronics.X-CUBE-DISPLAY.3.0.0
2025-07-12 11:56:33,107 [WARN] PackLoader:240 - Cannot read IP mode file for STMicroelectronics.X-CUBE-BLE1.7.0.0
2025-07-12 11:56:33,116 [WARN] PackLoader:240 - Cannot read IP mode file for STMicroelectronics.X-CUBE-NFC10.1.0.0
2025-07-12 11:56:33,131 [WARN] PackLoader:240 - Cannot read IP mode file for STMicroelectronics.X-CUBE-BLEMGR.4.0.0
2025-07-12 11:56:33,139 [WARN] PackLoader:240 - Cannot read IP mode file for STMicroelectronics.X-CUBE-TOUCHGFX.4.22.0
2025-07-12 11:56:33,143 [WARN] PackLoader:240 - Cannot read IP mode file for STMicroelectronics.X-CUBE-TOUCHGFX.4.22.1
2025-07-12 11:56:33,154 [WARN] PackLoader:240 - Cannot read IP mode file for STMicroelectronics.X-CUBE-BLEMGR.3.1.0
2025-07-12 11:56:33,179 [WARN] PackLoader:240 - Cannot read IP mode file for STMicroelectronics.X-CUBE-AI.10.0.0
2025-07-12 11:56:33,186 [WARN] PackLoader:240 - Cannot read IP mode file for STMicroelectronics.FP-SNS-SMARTAG2.1.2.0
2025-07-12 11:56:33,190 [WARN] PackLoader:240 - Cannot read IP mode file for STMicroelectronics.FP-SNS-FLIGHT1.5.1.0
2025-07-12 11:56:33,261 [WARN] PackLoader:240 - Cannot read IP mode file for STMicroelectronics.X-CUBE-MEMS1.11.1.0
2025-07-12 11:56:33,593 [INFO] LogOutputStream:77 - [STDOUT_REDIRECT] 1 : Invalid condition id : UX_CORESTACK_Condition cause : null
2025-07-12 11:56:33,594 [INFO] LogOutputStream:77 - [STDOUT_REDIRECT] 1 : Invalid condition id : UX_CORESTACK_Condition cause : null
2025-07-12 11:56:33,596 [INFO] LogOutputStream:77 - [STDOUT_REDIRECT] 1 : Invalid condition id : UX_CORESTACK_Condition cause : null
2025-07-12 11:56:33,598 [INFO] LogOutputStream:77 - [STDOUT_REDIRECT] 1 : Invalid condition id : UX_CORESTACK_Condition cause : null
2025-07-12 11:56:33,599 [INFO] LogOutputStream:77 - [STDOUT_REDIRECT] 1 : Invalid condition id : UX_CORESTACK_Condition cause : null
2025-07-12 11:56:33,603 [WARN] PackLoader:240 - Cannot read IP mode file for STMicroelectronics.X-CUBE-AZRTOS-WL.2.0.0
2025-07-12 11:56:33,610 [WARN] PackLoader:240 - Cannot read IP mode file for STMicroelectronics.FP-SNS-MOTENV1.5.0.0
2025-07-12 11:56:33,617 [WARN] PackLoader:240 - Cannot read IP mode file for wolfSSL.I-CUBE-wolfMQTT.1.19.0
2025-07-12 11:56:33,646 [WARN] PackLoader:240 - Cannot read IP mode file for WES.I-CUBE-Cesium.1.3.0
2025-07-12 11:56:33,659 [WARN] PackLoader:240 - Cannot read IP mode file for STMicroelectronics.X-CUBE-BLE2.3.3.0
2025-07-12 11:56:33,669 [WARN] PackLoader:240 - Cannot read IP mode file for STMicroelectronics.X-CUBE-DISPLAY.2.2.0
2025-07-12 11:56:33,687 [WARN] PackLoader:240 - Cannot read IP mode file for STMicroelectronics.X-CUBE-TOF1.3.2.0
2025-07-12 11:56:33,704 [WARN] PackLoader:240 - Cannot read IP mode file for STMicroelectronics.X-CUBE-NFC9.1.0.0
2025-07-12 11:56:33,744 [WARN] PackLoader:240 - Cannot read IP mode file for STMicroelectronics.X-CUBE-BLE1.7.1.0
2025-07-12 11:56:33,769 [WARN] PackLoader:240 - Cannot read IP mode file for STMicroelectronics.X-CUBE-TCPP.4.1.0
2025-07-12 11:56:33,774 [WARN] PackLoader:240 - Cannot read IP mode file for STMicroelectronics.X-CUBE-TOUCHGFX.4.21.1
2025-07-12 11:56:33,778 [WARN] PackLoader:240 - Cannot read IP mode file for STMicroelectronics.X-CUBE-TOUCHGFX.4.21.0
2025-07-12 11:56:33,781 [WARN] PackLoader:240 - Cannot read IP mode file for STMicroelectronics.X-CUBE-TOUCHGFX.4.21.3
2025-07-12 11:56:33,784 [WARN] PackLoader:240 - Cannot read IP mode file for STMicroelectronics.X-CUBE-TOUCHGFX.4.21.4
2025-07-12 11:56:33,855 [WARN] PackLoader:240 - Cannot read IP mode file for STMicroelectronics.X-CUBE-MEMS1.9.4.0
2025-07-12 11:56:34,094 [WARN] PackLoader:240 - Cannot read IP mode file for STMicroelectronics.X-CUBE-AI.7.3.0
2025-07-12 11:56:34,098 [WARN] PackLoader:240 - Cannot read IP mode file for STMicroelectronics.X-CUBE-AI.10.1.0
2025-07-12 11:56:34,113 [WARN] PackLoader:240 - Cannot read IP mode file for STMicroelectronics.X-CUBE-ALGOBUILD.1.3.0
2025-07-12 11:56:34,172 [WARN] PackLoader:240 - Cannot read IP mode file for STMicroelectronics.X-CUBE-MEMS1.11.2.0
2025-07-12 11:56:34,400 [WARN] PackLoader:240 - Cannot read IP mode file for STMicroelectronics.X-CUBE-AZRTOS-G0.1.1.0
2025-07-12 11:56:34,410 [WARN] PackLoader:240 - Cannot read IP mode file for STMicroelectronics.X-CUBE-SAFEA1.1.2.2
2025-07-12 11:56:34,417 [WARN] PackLoader:240 - Cannot read IP mode file for STMicroelectronics.X-CUBE-NFC4.3.0.0
2025-07-12 11:56:34,429 [WARN] PackLoader:240 - Cannot read IP mode file for EmbeddedOffice.I-CUBE-FS-RTOS.1.0.1
2025-07-12 11:56:34,436 [WARN] PackLoader:240 - Cannot read IP mode file for STMicroelectronics.X-CUBE-WB05N.2.0.0
2025-07-12 11:56:34,447 [WARN] PackLoader:240 - Cannot read IP mode file for STMicroelectronics.X-CUBE-BLEMGR.3.0.0
2025-07-12 11:56:34,457 [WARN] PackLoader:240 - Cannot read IP mode file for STMicroelectronics.X-CUBE-BLEMGR.1.3.0
2025-07-12 11:56:34,465 [WARN] PackLoader:240 - Cannot read IP mode file for STMicroelectronics.X-CUBE-TCPP.4.2.0
2025-07-12 11:56:34,472 [WARN] PackLoader:240 - Cannot read IP mode file for RealThread.X-CUBE-RT-Thread_Nano.4.1.1
2025-07-12 11:56:34,477 [WARN] PackLoader:240 - Cannot read IP mode file for STMicroelectronics.FP-ATR-SIGFOX1.3.2.0
2025-07-12 11:56:34,499 [WARN] ConditionMgr:438 - getConditionDescription Invalid condition id : Cortex-A Device cause : null
2025-07-12 11:56:34,517 [WARN] ConditionMgr:1044 - genDependencies : Invalid condition id : Cortex-A Device cause : null
2025-07-12 11:56:34,517 [WARN] ConditionMgr:1044 - genDependencies : Invalid condition id : Cortex-A Device cause : null
2025-07-12 11:56:34,517 [WARN] ConditionMgr:1044 - genDependencies : Invalid condition id : Cortex-A Device cause : null
2025-07-12 11:56:34,526 [WARN] PackLoader:240 - Cannot read IP mode file for STMicroelectronics.X-CUBE-EEPRMA1.5.1.0
2025-07-12 11:56:34,586 [WARN] PackLoader:240 - Cannot read IP mode file for STMicroelectronics.X-CUBE-MEMS1.9.5.0
2025-07-12 11:56:34,801 [WARN] PackLoader:240 - Cannot read IP mode file for STMicroelectronics.X-CUBE-ST67W61.1.0.0
2025-07-12 11:56:34,856 [WARN] PackLoader:240 - Cannot read IP mode file for SEGGER.I-CUBE-embOS.1.3.1
2025-07-12 11:56:34,953 [WARN] PackLoader:240 - Cannot read IP mode file for STMicroelectronics.X-CUBE-ALGOBUILD.1.4.0
2025-07-12 11:56:35,049 [WARN] PackLoader:240 - Cannot read IP mode file for STMicroelectronics.X-CUBE-MEMS1.11.3.0
2025-07-12 11:56:35,296 [WARN] PackLoader:240 - Cannot read IP mode file for SEGGER.I-CUBE-embOS.1.3.0
2025-07-12 11:56:35,345 [WARN] PackLoader:240 - Cannot read IP mode file for STMicroelectronics.X-CUBE-AI.9.1.0
2025-07-12 11:56:35,350 [WARN] PackLoader:240 - Cannot read IP mode file for STMicroelectronics.X-CUBE-PM33A1.1.0.0
2025-07-12 11:56:35,357 [WARN] PackLoader:240 - Cannot read IP mode file for STMicroelectronics.X-CUBE-GNSS1.6.0.0
2025-07-12 11:56:35,378 [WARN] PackLoader:240 - Cannot read IP mode file for STMicroelectronics.X-CUBE-AZRTOS-F4.1.1.0
2025-07-12 11:56:35,386 [WARN] PackLoader:240 - Cannot read IP mode file for Avnet-IotConnect.X-CUBE-IoTC-DA16k-PMOD.1.0.0
2025-07-12 11:56:35,394 [WARN] PackLoader:240 - Cannot read IP mode file for STMicroelectronics.X-CUBE-ISPU.2.1.0
2025-07-12 11:56:35,401 [WARN] PackLoader:240 - Cannot read IP mode file for STMicroelectronics.X-CUBE-FREERTOS.1.2.0
2025-07-12 11:56:35,423 [WARN] PackLoader:240 - Cannot read IP mode file for STMicroelectronics.X-CUBE-AZRTOS-L5.2.0.0
2025-07-12 11:56:35,492 [WARN] PackLoader:240 - Cannot read IP mode file for STMicroelectronics.X-CUBE-MEMS1.9.6.0
2025-07-12 11:56:35,648 [WARN] PackLoader:240 - Cannot read IP mode file for STMicroelectronics.X-CUBE-EEPRMA1.4.2.0
2025-07-12 11:56:35,657 [WARN] PackLoader:240 - Cannot read IP mode file for STMicroelectronics.X-CUBE-NFC6.3.1.0
2025-07-12 11:56:35,666 [WARN] PackLoader:240 - Cannot read IP mode file for ITTIA_DB.I-CUBE-ITTIADB.8.8.0
2025-07-12 11:56:35,673 [WARN] PackLoader:240 - Cannot read IP mode file for emotas.I-CUBE-CANOPEN.1.1.3
2025-07-12 11:56:35,704 [WARN] PackLoader:240 - Cannot read IP mode file for STMicroelectronics.X-CUBE-BLEMGR.2.0.0
2025-07-12 11:56:35,712 [WARN] PackLoader:240 - Cannot read IP mode file for STMicroelectronics.X-CUBE-DPower.1.2.0
2025-07-12 11:56:35,717 [WARN] PackLoader:240 - Cannot read IP mode file for STMicroelectronics.X-CUBE-NFC4.2.0.5
2025-07-12 11:56:35,721 [WARN] PackLoader:240 - Cannot read IP mode file for STMicroelectronics.X-CUBE-AI.9.0.0
2025-07-12 11:56:35,806 [WARN] ConditionMgr:438 - getConditionDescription Invalid condition id : UX DEVICE CLASS RTOS Condition cause : null
2025-07-12 11:56:35,807 [WARN] ConditionMgr:438 - getConditionDescription Invalid condition id : UX DEVICE CLASS RTOS Condition cause : null
2025-07-12 11:56:35,810 [WARN] PackLoader:240 - Cannot read IP mode file for STMicroelectronics.X-CUBE-AZRTOS-H7.3.1.0
2025-07-12 11:56:35,812 [WARN] ConditionMgr:1044 - genDependencies : Invalid condition id : UX DEVICE CLASS RTOS Condition cause : null
2025-07-12 11:56:35,812 [WARN] ConditionMgr:1044 - genDependencies : Invalid condition id : UX DEVICE CLASS RTOS Condition cause : null
2025-07-12 11:56:35,813 [WARN] ConditionMgr:1044 - genDependencies : Invalid condition id : UX DEVICE CLASS RTOS Condition cause : null
2025-07-12 11:56:35,813 [WARN] ConditionMgr:1044 - genDependencies : Invalid condition id : UX DEVICE CLASS RTOS Condition cause : null
2025-07-12 11:56:35,814 [WARN] ConditionMgr:1044 - genDependencies : Invalid condition id : UX DEVICE CLASS RTOS Condition cause : null
2025-07-12 11:56:35,819 [WARN] PackLoader:240 - Cannot read IP mode file for wolfSSL.I-CUBE-wolfSSL.5.5.3
2025-07-12 11:56:35,825 [WARN] PackLoader:240 - Cannot read IP mode file for STMicroelectronics.X-CUBE-FREERTOS.1.3.1
2025-07-12 11:56:35,830 [WARN] PackLoader:240 - Cannot read IP mode file for STMicroelectronics.X-CUBE-FREERTOS.1.3.0
2025-07-12 11:56:35,837 [WARN] PackLoader:240 - Cannot read IP mode file for STMicroelectronics.X-CUBE-NFC7.1.0.1
2025-07-12 11:56:35,842 [WARN] PackLoader:240 - Cannot read IP mode file for STMicroelectronics.X-CUBE-NFC7.1.0.0
2025-07-12 11:56:35,849 [WARN] PackLoader:240 - Cannot read IP mode file for wolfSSL.I-CUBE-wolfTPM.3.2.0
2025-07-12 11:56:35,856 [WARN] PackLoader:240 - Cannot read IP mode file for STMicroelectronics.X-CUBE-NFC6.3.0.0
2025-07-12 11:56:35,864 [WARN] PackLoader:240 - Cannot read IP mode file for STMicroelectronics.X-CUBE-EEPRMA1.4.1.0
2025-07-12 11:56:35,893 [WARN] PackLoader:240 - Cannot read IP mode file for STMicroelectronics.FP-SNS-STAIOTCFT.1.0.0
2025-07-12 11:56:35,900 [WARN] PackLoader:240 - Cannot read IP mode file for STMicroelectronics.X-CUBE-DPower.1.3.0
2025-07-12 11:56:35,904 [WARN] PackLoader:240 - Cannot read IP mode file for STMicroelectronics.X-CUBE-AI.8.1.0
2025-07-12 11:56:35,926 [WARN] ConditionMgr:438 - getConditionDescription Invalid condition id : LAN8742 Phy interface Condition cause : null
2025-07-12 11:56:35,927 [WARN] PackLoader:240 - Cannot read IP mode file for STMicroelectronics.X-CUBE-AZRTOS-L4.2.0.0
2025-07-12 11:56:35,929 [WARN] ConditionMgr:1044 - genDependencies : Invalid condition id : LAN8742 Phy interface Condition cause : null
2025-07-12 11:56:35,930 [WARN] ConditionMgr:1044 - genDependencies : Invalid condition id : LAN8742 Phy interface Condition cause : null
2025-07-12 11:56:35,930 [WARN] ConditionMgr:1044 - genDependencies : Invalid condition id : LAN8742 Phy interface Condition cause : null
2025-07-12 11:56:35,939 [WARN] PackLoader:240 - Cannot read IP mode file for STMicroelectronics.X-CUBE-SFXS2LP1.4.0.0
2025-07-12 11:56:35,965 [WARN] PackLoader:240 - Cannot read IP mode file for STMicroelectronics.X-CUBE-AZRTOS-H7.3.0.0
2025-07-12 11:56:35,972 [WARN] PackLoader:240 - Cannot read IP mode file for STMicroelectronics.X-CUBE-ISPU.1.1.0
2025-07-12 11:56:35,996 [WARN] PackLoader:240 - Cannot read IP mode file for STMicroelectronics.X-CUBE-AZRTOS-H7.3.3.0
2025-07-12 11:56:36,027 [WARN] PackLoader:240 - Cannot read IP mode file for RoweBots.I-CUBE-UNISONRTOS.5.5.0-4
2025-07-12 11:56:36,033 [WARN] PackLoader:240 - Cannot read IP mode file for STMicroelectronics.X-CUBE-AI.8.0.0
2025-07-12 11:56:36,044 [WARN] PackLoader:240 - Cannot read IP mode file for STMicroelectronics.X-CUBE-IPS.3.0.0
2025-07-12 11:56:36,065 [WARN] ConditionMgr:438 - getConditionDescription Invalid condition id : UX DEVICE CLASS RTOS Condition cause : null
2025-07-12 11:56:36,065 [WARN] ConditionMgr:438 - getConditionDescription Invalid condition id : UX DEVICE CLASS RTOS Condition cause : null
2025-07-12 11:56:36,068 [WARN] PackLoader:240 - Cannot read IP mode file for STMicroelectronics.X-CUBE-AZRTOS-WB.2.0.0
2025-07-12 11:56:36,068 [WARN] ConditionMgr:1044 - genDependencies : Invalid condition id : UX DEVICE CLASS RTOS Condition cause : null
2025-07-12 11:56:36,068 [WARN] ConditionMgr:1044 - genDependencies : Invalid condition id : UX DEVICE CLASS RTOS Condition cause : null
2025-07-12 11:56:36,069 [WARN] ConditionMgr:1044 - genDependencies : Invalid condition id : UX DEVICE CLASS RTOS Condition cause : null
2025-07-12 11:56:36,069 [WARN] ConditionMgr:1044 - genDependencies : Invalid condition id : UX DEVICE CLASS RTOS Condition cause : null
2025-07-12 11:56:36,069 [WARN] ConditionMgr:1044 - genDependencies : Invalid condition id : UX DEVICE CLASS RTOS Condition cause : null
2025-07-12 11:56:36,074 [WARN] PackLoader:240 - Cannot read IP mode file for STMicroelectronics.X-CUBE-FREERTOS.1.0.0
2025-07-12 11:56:36,081 [WARN] PackLoader:240 - Cannot read IP mode file for STMicroelectronics.X-CUBE-FREERTOS.1.0.1
2025-07-12 11:56:36,086 [WARN] PackLoader:240 - Cannot read IP mode file for STMicroelectronics.X-CUBE-GNSS1.7.0.0
2025-07-12 11:56:36,092 [WARN] PackLoader:240 - Cannot read IP mode file for STMicroelectronics.X-CUBE-GNSS1.7.0.1
2025-07-12 11:56:36,097 [WARN] PackLoader:240 - Cannot read IP mode file for STMicroelectronics.X-CUBE-TOUCHGFX.4.25.0
2025-07-12 11:56:36,104 [WARN] PackLoader:240 - Cannot read IP mode file for STMicroelectronics.FP-SNS-STBOX1.2.0.0
2025-07-12 11:56:36,120 [WARN] PackLoader:240 - Cannot read IP mode file for STMicroelectronics.X-CUBE-AZRTOS-L5.1.1.0
2025-07-12 11:56:36,149 [WARN] PackLoader:240 - Cannot read IP mode file for STMicroelectronics.X-CUBE-AI.8.0.1
2025-07-12 11:56:36,159 [WARN] PackLoader:240 - Cannot read IP mode file for STMicroelectronics.X-CUBE-SUBG2.5.0.0
2025-07-12 11:56:36,189 [WARN] PackLoader:240 - Cannot read IP mode file for STMicroelectronics.X-CUBE-AZRTOS-H7RS.1.1.0
2025-07-12 11:56:36,200 [WARN] PackLoader:240 - Cannot read IP mode file for Cesanta.I-CUBE-Mongoose.7.13.0
2025-07-12 11:56:36,210 [WARN] PackLoader:240 - Cannot read IP mode file for STMicroelectronics.X-CUBE-TOF1.3.3.1
2025-07-12 11:56:36,236 [WARN] PackLoader:240 - Cannot read IP mode file for STMicroelectronics.X-CUBE-AZRTOS-G4.2.0.0
2025-07-12 11:56:36,252 [WARN] PackLoader:240 - Cannot read IP mode file for STMicroelectronics.X-CUBE-TOF1.3.3.0
2025-07-12 11:56:36,281 [WARN] PackLoader:240 - Cannot read IP mode file for STMicroelectronics.FP-ATR-ASTRA1.1.1.1
2025-07-12 11:56:36,296 [WARN] PackLoader:240 - Cannot read IP mode file for Infineon.AIROC-Wi-Fi-Bluetooth-STM32.1.5.1
2025-07-12 11:56:36,303 [WARN] PackLoader:240 - Cannot read IP mode file for STMicroelectronics.FP-SNS-MOTENVWB1.1.3.0
2025-07-12 11:56:36,308 [WARN] PackLoader:240 - Cannot read IP mode file for STMicroelectronics.X-CUBE-NFC7.2.0.0
2025-07-12 11:56:36,313 [WARN] PackLoader:240 - Cannot read IP mode file for STMicroelectronics.FP-SNS-MOTENVWB1.1.3.1
2025-07-12 11:56:36,329 [WARN] PackLoader:240 - Cannot read IP mode file for STMicroelectronics.X-CUBE-AZRTOS-G4.1.0.0
2025-07-12 11:56:36,349 [WARN] PackLoader:240 - Cannot read IP mode file for STMicroelectronics.X-CUBE-AZRTOS-L4.1.0.0
2025-07-12 11:56:36,356 [WARN] PackLoader:240 - Cannot read IP mode file for STMicroelectronics.X-CUBE-ISPU.2.0.0
2025-07-12 11:56:36,394 [WARN] PackLoader:240 - Cannot read IP mode file for STMicroelectronics.X-CUBE-IPS.3.1.0
2025-07-12 11:56:36,426 [WARN] PackLoader:240 - Cannot read IP mode file for STMicroelectronics.X-CUBE-ALS.1.0.2
2025-07-12 11:56:36,492 [WARN] PackLoader:240 - Cannot read IP mode file for STMicroelectronics.X-CUBE-MEMS1.10.0.0
2025-07-12 11:56:36,673 [WARN] PackLoader:240 - Cannot read IP mode file for STMicroelectronics.X-CUBE-FREERTOS.1.1.0
2025-07-12 11:56:36,678 [WARN] PackLoader:240 - Cannot read IP mode file for STMicroelectronics.X-CUBE-TOUCHGFX.4.24.0
2025-07-12 11:56:36,683 [WARN] PackLoader:240 - Cannot read IP mode file for STMicroelectronics.X-CUBE-TOUCHGFX.4.24.2
2025-07-12 11:56:36,694 [WARN] PackLoader:240 - Cannot read IP mode file for STMicroelectronics.X-CUBE-AZRTOS-WL.1.0.0
2025-07-12 11:56:36,698 [WARN] PackLoader:240 - Cannot read IP mode file for STMicroelectronics.X-CUBE-TOUCHGFX.4.24.1
2025-07-12 11:56:36,735 [WARN] PackLoader:240 - Cannot read IP mode file for portGmbH.I-Cube-SoM-uGOAL.1.1.0
2025-07-12 11:56:36,740 [WARN] PackLoader:240 - Cannot read IP mode file for STMicroelectronics.X-CUBE-ALS.1.0.1
2025-07-12 11:56:36,754 [WARN] PackLoader:240 - Cannot read IP mode file for STMicroelectronics.X-CUBE-AZRTOS-WB.1.1.0
2025-07-12 11:56:36,774 [WARN] PackLoader:240 - Cannot read IP mode file for STMicroelectronics.X-CUBE-AZRTOS-H7RS.1.0.0
2025-07-12 11:56:36,781 [WARN] PackLoader:240 - Cannot read IP mode file for STMicroelectronics.FP-ATR-ASTRA1.2.0.0
2025-07-12 11:56:36,792 [WARN] PackLoader:240 - Cannot read IP mode file for STMicroelectronics.X-CUBE-TOF1.3.4.2
2025-07-12 11:56:36,813 [WARN] PackLoader:240 - Cannot read IP mode file for STMicroelectronics.X-CUBE-TOF1.3.4.3
2025-07-12 11:56:36,863 [WARN] PackLoader:240 - Cannot read IP mode file for STMicroelectronics.X-CUBE-TOF1.3.4.0
2025-07-12 11:56:36,883 [WARN] PackLoader:240 - Cannot read IP mode file for STMicroelectronics.X-CUBE-TOF1.3.4.1
2025-07-12 11:56:36,914 [WARN] PackLoader:240 - Cannot read IP mode file for STMicroelectronics.X-CUBE-AZRTOS-H7.3.2.0
2025-07-12 11:56:36,924 [WARN] PackLoader:240 - Cannot read IP mode file for wolfSSL.I-CUBE-wolfSSH.1.4.17
2025-07-12 11:56:36,925 [INFO] ThirdParty:978 - Integrity check success = true
2025-07-12 11:56:36,926 [INFO] IntegrityCheckThread:100 - exiting critical section [integrity check]
2025-07-12 11:56:36,926 [INFO] IntegrityCheckThread:103 - End integrity checks thread
2025-07-12 11:56:37,004 [INFO] WebApp:463 - Apply proxy settings
2025-07-12 11:56:37,004 [INFO] WebApp:548 - Chromium requires no authentication
2025-07-12 11:56:37,019 [INFO] WebApp:491 - Direct internet connection detected
2025-07-12 11:56:37,070 [INFO] WebApp:900 - Register for checkConnection events
2025-07-12 11:56:37,070 [INFO] WebApp:463 - Apply proxy settings
2025-07-12 11:56:37,071 [INFO] WebApp:548 - Chromium requires no authentication
2025-07-12 11:56:37,071 [INFO] WebApp:491 - Direct internet connection detected
2025-07-12 11:56:37,429 [INFO] WebApp:225 - Starting web application
2025-07-12 11:56:37,429 [INFO] WebApp:593 - Web application path used F:\Program Files\ST\STM32CubeIDE_1.19.0\STM32CubeIDE\plugins\com.st.stm32cube.common.mx_6.15.0.202507011659\db\plugins\mcufinder\reactClient1\index.html
2025-07-12 11:56:37,573 [INFO] UserAuth:487 - Internet connection configuration mode: 1
2025-07-12 11:56:38,297 [INFO] WebApp:191 - Connection restablished
2025-07-12 11:57:18,206 [ERROR] LogOutputStream:75 - [STDERR_REDIRECT] 
2025-07-12 11:57:18,206 [ERROR] LogOutputStream:75 - [STDERR_REDIRECT] 
