2025-09-23 16:51:40,576 [INFO] Activator:176 - 


2025-09-23 16:51:40,585 [INFO] Activator:177 - !SESSION log4j initialized
2025-09-23 16:51:52,245 [INFO] LogOutputStream:77 - [STDOUT_REDIRECT] 
2025-09-23 16:51:55,953 [INFO] ApplicationProperties:184 - Using Application install path: F:\Program Files\ST\STM32CubeIDE_1.19.0\STM32CubeIDE\plugins\com.st.stm32cube.common.mx_6.15.0.202507011659
2025-09-23 16:51:56,085 [INFO] DbMcusXml:78 - Set database path to: F:\Program Files\ST\STM32CubeIDE_1.19.0\STM32CubeIDE\plugins\com.st.stm32cube.common.mx_6.15.0.202507011659\\db\/mcu/
2025-09-23 16:51:56,086 [INFO] ApiDb:274 - Set plugin database path to: F:\Program Files\ST\STM32CubeIDE_1.19.0\STM32CubeIDE\plugins\com.st.stm32cube.common.mx_6.15.0.202507011659\\db\/plugins/boardmanager/
2025-09-23 16:51:56,086 [WARN] ApiDb:259 - Overriding images path with different value:  => F:\Program Files\ST\STM32CubeIDE_1.19.0\STM32CubeIDE\plugins\com.st.stm32cube.common.mx_6.15.0.202507011659\\db\/plugins/mcufinder/images/
2025-09-23 16:51:56,156 [INFO] ApiDb:250 - Set database path to: C:\Users\PC\.stmcufinder\plugins\mcufinder//mcu/
2025-09-23 16:51:56,163 [INFO] DbMcusAds:125 - Set database path to: C:\Users\PC\.stmcufinder\plugins\mcufinder//mcu/
2025-09-23 16:51:56,173 [INFO] CrossReferenceDbSqlite:203 - Set database path to: C:\Users\PC\.stmcufinder\plugins\mcufinder//mcu/cs/
2025-09-23 16:51:56,433 [INFO] RulesReader:64 - Compatibility file has been processed (317 Rules)
2025-09-23 16:51:56,801 [INFO] DbMcusXml:78 - Set database path to: F:\Program Files\ST\STM32CubeIDE_1.19.0\STM32CubeIDE\plugins\com.st.stm32cube.common.mx_6.15.0.202507011659\\db\/mcu/
2025-09-23 16:51:56,802 [INFO] ApiDb:274 - Set plugin database path to: F:\Program Files\ST\STM32CubeIDE_1.19.0\STM32CubeIDE\plugins\com.st.stm32cube.common.mx_6.15.0.202507011659\\db\/plugins/boardmanager/
2025-09-23 16:51:56,802 [INFO] ApiDb:261 - Set plugin images path to: F:\Program Files\ST\STM32CubeIDE_1.19.0\STM32CubeIDE\plugins\com.st.stm32cube.common.mx_6.15.0.202507011659\\db\/plugins/mcufinder/images/
2025-09-23 16:51:56,802 [WARN] DbFile:41 - Overriding database path with different value: C:\Users\PC\.stmcufinder\plugins\mcufinder/ => C:\Users\PC\.stmcufinder\plugins\mcufinder
2025-09-23 16:51:56,802 [INFO] ApiDb:250 - Set database path to: C:\Users\PC\.stmcufinder\plugins\mcufinder//mcu/
2025-09-23 16:51:56,802 [WARN] DbFile:41 - Overriding database path with different value: C:\Users\PC\.stmcufinder\plugins\mcufinder/ => C:\Users\PC\.stmcufinder\plugins\mcufinder
2025-09-23 16:51:56,802 [INFO] DbMcusAds:125 - Set database path to: C:\Users\PC\.stmcufinder\plugins\mcufinder//mcu/
2025-09-23 16:51:56,803 [WARN] DbFile:41 - Overriding database path with different value: C:\Users\PC\.stmcufinder\plugins\mcufinder/ => C:\Users\PC\.stmcufinder\plugins\mcufinder
2025-09-23 16:51:56,803 [WARN] DbFile:41 - Overriding database path with different value: C:\Users\PC\.stmcufinder\plugins\mcufinder/ => C:\Users\PC\.stmcufinder\plugins\mcufinder
2025-09-23 16:51:56,803 [INFO] CrossReferenceDbSqlite:203 - Set database path to: C:\Users\PC\.stmcufinder\plugins\mcufinder//mcu/cs/
2025-09-23 16:51:57,212 [INFO] MainPanel:274 - HeapMemory: 268435456
2025-09-23 16:51:58,092 [INFO] DbMcusXml:78 - Set database path to: F:\Program Files\ST\STM32CubeIDE_1.19.0\STM32CubeIDE\plugins\com.st.stm32cube.common.mx_6.15.0.202507011659\\db\/mcu/
2025-09-23 16:51:58,092 [INFO] ApiDb:274 - Set plugin database path to: F:\Program Files\ST\STM32CubeIDE_1.19.0\STM32CubeIDE\plugins\com.st.stm32cube.common.mx_6.15.0.202507011659\\db\/plugins/boardmanager/
2025-09-23 16:51:58,093 [INFO] ApiDb:261 - Set plugin images path to: F:\Program Files\ST\STM32CubeIDE_1.19.0\STM32CubeIDE\plugins\com.st.stm32cube.common.mx_6.15.0.202507011659\\db\/plugins/mcufinder/images/
2025-09-23 16:51:58,093 [WARN] DbFile:41 - Overriding database path with different value: C:\Users\PC\.stmcufinder\plugins\mcufinder/ => C:\Users\PC\.stmcufinder\plugins\mcufinder
2025-09-23 16:51:58,093 [INFO] ApiDb:250 - Set database path to: C:\Users\PC\.stmcufinder\plugins\mcufinder//mcu/
2025-09-23 16:51:58,093 [WARN] DbFile:41 - Overriding database path with different value: C:\Users\PC\.stmcufinder\plugins\mcufinder/ => C:\Users\PC\.stmcufinder\plugins\mcufinder
2025-09-23 16:51:58,094 [INFO] DbMcusAds:125 - Set database path to: C:\Users\PC\.stmcufinder\plugins\mcufinder//mcu/
2025-09-23 16:51:58,094 [WARN] DbFile:41 - Overriding database path with different value: C:\Users\PC\.stmcufinder\plugins\mcufinder/ => C:\Users\PC\.stmcufinder\plugins\mcufinder
2025-09-23 16:51:58,094 [WARN] DbFile:41 - Overriding database path with different value: C:\Users\PC\.stmcufinder\plugins\mcufinder/ => C:\Users\PC\.stmcufinder\plugins\mcufinder
2025-09-23 16:51:58,094 [INFO] CrossReferenceDbSqlite:203 - Set database path to: C:\Users\PC\.stmcufinder\plugins\mcufinder//mcu/cs/
2025-09-23 16:51:58,175 [INFO] ApplicationProperties:184 - Using Application install path: F:\Program Files\ST\STM32CubeIDE_1.19.0\STM32CubeIDE\plugins\com.st.stm32cube.common.mx_6.15.0.202507011659
2025-09-23 16:51:58,177 [INFO] PluginManage:196 - Search for loadable plugins [exclusion list=, ]
2025-09-23 16:51:58,183 [INFO] PluginManage:310 - Check plugin analytics
2025-09-23 16:51:58,727 [INFO] AnalyticsPlugin:253 - Accepted Software Licenses: 
2025-09-23 16:51:58,728 [INFO] AnalyticsPlugin:255 - Accepted CMSIS Pack Licenses: 
2025-09-23 16:51:58,728 [INFO] AnalyticsPlugin:257 - Accepted Firmware Licenses: FW.G4.1.6.0,FW.F4.1.28.0
2025-09-23 16:51:58,732 [INFO] PluginManage:359 - Loaded plugin analytics (category:tool,tabindex:-1)
2025-09-23 16:51:58,732 [INFO] PluginManage:310 - Check plugin cadmodel
2025-09-23 16:51:58,777 [INFO] CADModel:105 - Init CAD model plugin
2025-09-23 16:51:58,778 [INFO] PluginManage:359 - Loaded plugin cadmodel (category:power,tabindex:5)
2025-09-23 16:51:58,778 [INFO] PluginManage:310 - Check plugin clock
2025-09-23 16:51:58,831 [INFO] PluginManage:359 - Loaded plugin clock (category:base,tabindex:2)
2025-09-23 16:51:58,831 [INFO] PluginManage:310 - Check plugin ddr
2025-09-23 16:51:58,844 [INFO] PluginManage:359 - Loaded plugin ddr (category:tool,tabindex:6)
2025-09-23 16:51:58,844 [INFO] PluginManage:310 - Check plugin filemanager
2025-09-23 16:51:59,426 [INFO] PluginManage:359 - Loaded plugin filemanager (category:base,tabindex:10)
2025-09-23 16:51:59,426 [INFO] PluginManage:310 - Check plugin ipmanager
2025-09-23 16:51:59,475 [INFO] PluginManage:359 - Loaded plugin ipmanager (category:base,tabindex:5)
2025-09-23 16:51:59,475 [INFO] PluginManage:310 - Check plugin lpbam
2025-09-23 16:51:59,497 [INFO] PluginManage:359 - Loaded plugin lpbam (category:base,tabindex:0)
2025-09-23 16:51:59,497 [INFO] PluginManage:310 - Check plugin memorymap
2025-09-23 16:51:59,565 [INFO] PluginManage:359 - Loaded plugin memorymap (category:base,tabindex:4)
2025-09-23 16:51:59,565 [INFO] PluginManage:310 - Check plugin pinoutandconfiguration
2025-09-23 16:51:59,600 [INFO] PluginManage:359 - Loaded plugin pinoutandconfiguration (category:base,tabindex:1)
2025-09-23 16:51:59,601 [INFO] PluginManage:310 - Check plugin pinoutconfig
2025-09-23 16:51:59,874 [WARN] SupportedApi:132 - Cannot load RTOS API schema: s4s-elt-must-match.1: The content of 'definitions' must match (annotation?, (simpleType | complexType)?, (unique | key | keyref)*)). A problem was found starting at: attribute.
2025-09-23 16:52:00,251 [INFO] PluginManage:359 - Loaded plugin pinoutconfig (category:base,tabindex:0)
2025-09-23 16:52:00,252 [INFO] PluginManage:310 - Check plugin power
2025-09-23 16:52:00,308 [INFO] PluginManage:359 - Loaded plugin power (category:power,tabindex:4)
2025-09-23 16:52:00,308 [INFO] PluginManage:310 - Check plugin projectmanager
2025-09-23 16:52:00,335 [INFO] PluginManage:359 - Loaded plugin projectmanager (category:projectmanager,tabindex:4)
2025-09-23 16:52:00,335 [INFO] PluginManage:310 - Check plugin rif
2025-09-23 16:52:00,462 [INFO] PluginManage:359 - Loaded plugin rif (category:base,tabindex:3)
2025-09-23 16:52:00,462 [INFO] PluginManage:310 - Check plugin thirdparty
2025-09-23 16:52:00,930 [INFO] PluginManage:359 - Loaded plugin thirdparty (category:base,tabindex:-1)
2025-09-23 16:52:00,930 [INFO] PluginManage:310 - Check plugin tools
2025-09-23 16:52:00,930 [WARN] IntegrityCheckThread:84 - waiting for thirdparty lock release [integrity check]
2025-09-23 16:52:00,930 [INFO] IntegrityCheckThread:86 - entering critical section [integrity check]
2025-09-23 16:52:00,931 [INFO] ThirdPartyUpdaterWithRetryManager:70 - Updater plugin not ready yet. [1/15]
2025-09-23 16:52:00,934 [INFO] PluginManage:359 - Loaded plugin tools (category:base,tabindex:7)
2025-09-23 16:52:00,935 [INFO] PluginManage:310 - Check plugin tutovideos
2025-09-23 16:52:01,551 [INFO] PluginManage:359 - Loaded plugin tutovideos (category:base,tabindex:-1)
2025-09-23 16:52:01,551 [INFO] PluginManage:310 - Check plugin updater
2025-09-23 16:52:01,608 [INFO] PluginManage:359 - Loaded plugin updater (category:base,tabindex:12)
2025-09-23 16:52:01,608 [INFO] PluginManage:310 - Check plugin userauth
2025-09-23 16:52:01,636 [INFO] UserAuth:118 - Init User Auth plugin
2025-09-23 16:52:01,637 [INFO] PluginManage:359 - Loaded plugin userauth (category:base,tabindex:14)
2025-09-23 16:52:01,637 [INFO] PluginManage:283 - PluginManage : Loaded plugins [18]
2025-09-23 16:52:02,724 [INFO] PinOutPanel:1589 - setPackage(No Configuration,No Configuration)
2025-09-23 16:52:02,985 [INFO] CADModel:165 - CPN selected for project level
2025-09-23 16:52:02,985 [INFO] CADModel:114 - Register for checkConnection events
2025-09-23 16:52:03,060 [INFO] IPUIPlugin:80 - create IPUIPlugin
2025-09-23 16:52:03,060 [INFO] PluginManager:220 - loadIPPluginJar : add adc
2025-09-23 16:52:03,065 [INFO] IPUIPlugin:80 - create IPUIPlugin
2025-09-23 16:52:03,065 [INFO] PluginManager:220 - loadIPPluginJar : add aes
2025-09-23 16:52:03,076 [INFO] IPUIPlugin:80 - create IPUIPlugin
2025-09-23 16:52:03,076 [INFO] PluginManager:220 - loadIPPluginJar : add can
2025-09-23 16:52:03,080 [INFO] IPUIPlugin:80 - create IPUIPlugin
2025-09-23 16:52:03,080 [INFO] PluginManager:220 - loadIPPluginJar : add comp
2025-09-23 16:52:03,097 [INFO] IPUIPlugin:80 - create IPUIPlugin
2025-09-23 16:52:03,097 [INFO] PluginManager:220 - loadIPPluginJar : add cryp
2025-09-23 16:52:03,120 [INFO] IPUIPlugin:80 - create IPUIPlugin
2025-09-23 16:52:03,121 [INFO] PluginManager:220 - loadIPPluginJar : add ddr_ctrl_phy
2025-09-23 16:52:03,132 [INFO] IPUIPlugin:80 - create IPUIPlugin
2025-09-23 16:52:03,132 [INFO] PluginManager:220 - loadIPPluginJar : add dfsdm
2025-09-23 16:52:03,146 [INFO] IPUIPlugin:80 - create IPUIPlugin
2025-09-23 16:52:03,146 [INFO] PluginManager:220 - loadIPPluginJar : add dma
2025-09-23 16:52:03,156 [INFO] IPUIPlugin:80 - create IPUIPlugin
2025-09-23 16:52:03,156 [INFO] PluginManager:220 - loadIPPluginJar : add dma3
2025-09-23 16:52:03,164 [INFO] IPUIPlugin:80 - create IPUIPlugin
2025-09-23 16:52:03,164 [INFO] PluginManager:220 - loadIPPluginJar : add extmemmanager
2025-09-23 16:52:03,167 [INFO] IPUIPlugin:80 - create IPUIPlugin
2025-09-23 16:52:03,168 [INFO] PluginManager:220 - loadIPPluginJar : add fatfs
2025-09-23 16:52:03,175 [INFO] IPUIPlugin:80 - create IPUIPlugin
2025-09-23 16:52:03,175 [INFO] PluginManager:220 - loadIPPluginJar : add fmc
2025-09-23 16:52:03,194 [INFO] IPUIPlugin:80 - create IPUIPlugin
2025-09-23 16:52:03,194 [INFO] PluginManager:220 - loadIPPluginJar : add freertos
2025-09-23 16:52:03,198 [INFO] IPUIPlugin:80 - create IPUIPlugin
2025-09-23 16:52:03,198 [INFO] PluginManager:220 - loadIPPluginJar : add genericplugin
2025-09-23 16:52:03,218 [INFO] IPUIPlugin:80 - create IPUIPlugin
2025-09-23 16:52:03,218 [INFO] PluginManager:220 - loadIPPluginJar : add gfxmmu
2025-09-23 16:52:03,230 [INFO] IPUIPlugin:80 - create IPUIPlugin
2025-09-23 16:52:03,230 [INFO] PluginManager:220 - loadIPPluginJar : add gic
2025-09-23 16:52:03,241 [INFO] IPUIPlugin:80 - create IPUIPlugin
2025-09-23 16:52:03,241 [INFO] PluginManager:220 - loadIPPluginJar : add gpio
2025-09-23 16:52:03,249 [INFO] IPUIPlugin:80 - create IPUIPlugin
2025-09-23 16:52:03,249 [INFO] PluginManager:220 - loadIPPluginJar : add gtzc
2025-09-23 16:52:03,254 [INFO] IPUIPlugin:80 - create IPUIPlugin
2025-09-23 16:52:03,255 [INFO] PluginManager:220 - loadIPPluginJar : add hash
2025-09-23 16:52:03,269 [INFO] IPUIPlugin:80 - create IPUIPlugin
2025-09-23 16:52:03,269 [INFO] PluginManager:220 - loadIPPluginJar : add i2c
2025-09-23 16:52:03,279 [INFO] IPUIPlugin:80 - create IPUIPlugin
2025-09-23 16:52:03,280 [INFO] PluginManager:220 - loadIPPluginJar : add i2s
2025-09-23 16:52:03,287 [INFO] IPUIPlugin:80 - create IPUIPlugin
2025-09-23 16:52:03,287 [INFO] PluginManager:220 - loadIPPluginJar : add i3c
2025-09-23 16:52:03,300 [INFO] IPUIPlugin:80 - create IPUIPlugin
2025-09-23 16:52:03,300 [INFO] PluginManager:220 - loadIPPluginJar : add ipddr
2025-09-23 16:52:03,380 [INFO] IPUIPlugin:80 - create IPUIPlugin
2025-09-23 16:52:03,381 [INFO] PluginManager:220 - loadIPPluginJar : add linkedlist
2025-09-23 16:52:03,391 [INFO] IPUIPlugin:80 - create IPUIPlugin
2025-09-23 16:52:03,391 [INFO] PluginManager:220 - loadIPPluginJar : add lorawan
2025-09-23 16:52:03,398 [INFO] IPUIPlugin:80 - create IPUIPlugin
2025-09-23 16:52:03,398 [INFO] PluginManager:220 - loadIPPluginJar : add ltdc
2025-09-23 16:52:03,410 [INFO] IPUIPlugin:80 - create IPUIPlugin
2025-09-23 16:52:03,411 [INFO] PluginManager:220 - loadIPPluginJar : add mdma
2025-09-23 16:52:03,418 [INFO] IPUIPlugin:80 - create IPUIPlugin
2025-09-23 16:52:03,418 [INFO] PluginManager:220 - loadIPPluginJar : add nvic
2025-09-23 16:52:03,424 [INFO] IPUIPlugin:80 - create IPUIPlugin
2025-09-23 16:52:03,424 [INFO] PluginManager:220 - loadIPPluginJar : add opamp
2025-09-23 16:52:03,437 [INFO] IPUIPlugin:80 - create IPUIPlugin
2025-09-23 16:52:03,437 [INFO] PluginManager:220 - loadIPPluginJar : add openamp
2025-09-23 16:52:03,444 [INFO] IPUIPlugin:80 - create IPUIPlugin
2025-09-23 16:52:03,444 [INFO] PluginManager:220 - loadIPPluginJar : add pdm2pcm
2025-09-23 16:52:03,456 [INFO] IPUIPlugin:80 - create IPUIPlugin
2025-09-23 16:52:03,459 [INFO] PluginManager:220 - loadIPPluginJar : add plateformsettings
2025-09-23 16:52:03,464 [INFO] IPUIPlugin:80 - create IPUIPlugin
2025-09-23 16:52:03,464 [INFO] PluginManager:220 - loadIPPluginJar : add quadspi
2025-09-23 16:52:03,470 [INFO] IPUIPlugin:80 - create IPUIPlugin
2025-09-23 16:52:03,471 [INFO] PluginManager:220 - loadIPPluginJar : add radio
2025-09-23 16:52:03,500 [INFO] IPUIPlugin:80 - create IPUIPlugin
2025-09-23 16:52:03,500 [INFO] PluginManager:220 - loadIPPluginJar : add resmgrutility
2025-09-23 16:52:03,506 [INFO] IPUIPlugin:80 - create IPUIPlugin
2025-09-23 16:52:03,506 [INFO] PluginManager:220 - loadIPPluginJar : add sai
2025-09-23 16:52:03,512 [INFO] IPUIPlugin:80 - create IPUIPlugin
2025-09-23 16:52:03,513 [INFO] PluginManager:220 - loadIPPluginJar : add spi
2025-09-23 16:52:03,522 [INFO] IPUIPlugin:80 - create IPUIPlugin
2025-09-23 16:52:03,522 [INFO] PluginManager:220 - loadIPPluginJar : add stm32_wpan
2025-09-23 16:52:03,527 [INFO] IPUIPlugin:80 - create IPUIPlugin
2025-09-23 16:52:03,527 [INFO] PluginManager:220 - loadIPPluginJar : add tim
2025-09-23 16:52:03,534 [INFO] IPUIPlugin:80 - create IPUIPlugin
2025-09-23 16:52:03,534 [INFO] PluginManager:220 - loadIPPluginJar : add touchsensing
2025-09-23 16:52:03,540 [INFO] IPUIPlugin:80 - create IPUIPlugin
2025-09-23 16:52:03,540 [INFO] PluginManager:220 - loadIPPluginJar : add tracer_emb
2025-09-23 16:52:03,546 [INFO] IPUIPlugin:80 - create IPUIPlugin
2025-09-23 16:52:03,546 [INFO] PluginManager:220 - loadIPPluginJar : add ts
2025-09-23 16:52:03,552 [INFO] IPUIPlugin:80 - create IPUIPlugin
2025-09-23 16:52:03,552 [INFO] PluginManager:220 - loadIPPluginJar : add tsc
2025-09-23 16:52:03,555 [INFO] IPUIPlugin:80 - create IPUIPlugin
2025-09-23 16:52:03,555 [INFO] PluginManager:220 - loadIPPluginJar : add ucpd
2025-09-23 16:52:03,562 [INFO] IPUIPlugin:80 - create IPUIPlugin
2025-09-23 16:52:03,562 [INFO] PluginManager:220 - loadIPPluginJar : add usart
2025-09-23 16:52:03,569 [INFO] IPUIPlugin:80 - create IPUIPlugin
2025-09-23 16:52:03,570 [INFO] PluginManager:220 - loadIPPluginJar : add usbx
2025-09-23 16:52:03,748 [FATAL] Updater:351 - Updater called before beeing initialized
2025-09-23 16:52:03,845 [INFO] RulesReader:64 - Compatibility file has been processed (317 Rules)
2025-09-23 16:52:03,863 [INFO] RulesReader:64 - Compatibility file has been processed (317 Rules)
2025-09-23 16:52:03,891 [INFO] CADModel:165 - CPN selected for project level
2025-09-23 16:52:03,892 [INFO] CADModel:114 - Register for checkConnection events
2025-09-23 16:52:03,892 [FATAL] Updater:351 - Updater called before beeing initialized
2025-09-23 16:52:03,892 [ERROR] CADModel:125 - Updater not yet initialized, retry later 
2025-09-23 16:52:03,931 [INFO] ThirdPartyUpdaterWithRetryManager:70 - Updater plugin not ready yet. [2/15]
2025-09-23 16:52:04,385 [FATAL] Updater:351 - Updater called before beeing initialized
2025-09-23 16:52:04,389 [INFO] CADModel:165 - CPN selected for project level
2025-09-23 16:52:04,389 [INFO] CADModel:114 - Register for checkConnection events
2025-09-23 16:52:04,389 [FATAL] Updater:351 - Updater called before beeing initialized
2025-09-23 16:52:04,390 [ERROR] CADModel:125 - Updater not yet initialized, retry later 
2025-09-23 16:52:04,394 [FATAL] Updater:351 - Updater called before beeing initialized
2025-09-23 16:52:04,594 [FATAL] Updater:351 - Updater called before beeing initialized
2025-09-23 16:52:04,600 [INFO] DbMcusAds:53 - JSON generation date=Tue Jul 08 03:14:23 PET 2025 (1751962463582)
2025-09-23 16:52:04,600 [FATAL] Updater:351 - Updater called before beeing initialized
2025-09-23 16:52:04,716 [WARN] DetailPanel:346 - Failed to get advertising image, set to default
2025-09-23 16:52:04,860 [FATAL] Updater:351 - Updater called before beeing initialized
2025-09-23 16:52:04,862 [FATAL] Updater:351 - Updater called before beeing initialized
2025-09-23 16:52:04,862 [FATAL] Updater:351 - Updater called before beeing initialized
2025-09-23 16:52:04,862 [WARN] DetailPanel:346 - Failed to get advertising image, set to default
2025-09-23 16:52:04,863 [FATAL] Updater:351 - Updater called before beeing initialized
2025-09-23 16:52:05,011 [ERROR] Updater:1198 - MainUpdater not yet initialized. External WinMGr cannot be set.
2025-09-23 16:52:05,018 [INFO] Updater:1134 - Updater Version found : 6.15.0
2025-09-23 16:52:05,178 [INFO] ApplicationProperties:184 - Using Application install path: F:\Program Files\ST\STM32CubeIDE_1.19.0\STM32CubeIDE\plugins\com.st.stm32cube.common.mx_6.15.0.202507011659
2025-09-23 16:52:06,804 [ERROR] LogOutputStream:75 - [STDERR_REDIRECT] Sep 23, 2025 4:52:06 PM java.util.prefs.WindowsPreferences <init>
2025-09-23 16:52:06,806 [ERROR] LogOutputStream:75 - [STDERR_REDIRECT] WARNING: Could not open/create prefs root node Software\JavaSoft\Prefs at root 0xffffffff80000002. Windows RegCreateKeyEx(...) returned error code 5.
2025-09-23 16:52:06,806 [ERROR] LogOutputStream:75 - [STDERR_REDIRECT] 
2025-09-23 16:52:06,934 [FATAL] Updater:351 - Updater called before beeing initialized
2025-09-23 16:52:06,934 [ERROR] IntegrityCheckThread:130 - Cannot retrieve database content from updater: error 21
2025-09-23 16:52:06,935 [INFO] ThirdParty:978 - Integrity check success = false
2025-09-23 16:52:06,935 [INFO] IntegrityCheckThread:100 - exiting critical section [integrity check]
2025-09-23 16:52:06,935 [INFO] IntegrityCheckThread:103 - End integrity checks thread
2025-09-23 16:52:08,648 [INFO] MainUpdater:2872 - connection check result : 10
2025-09-23 16:52:08,648 [INFO] MainUpdater:3604 - Updater definition file requires update
2025-09-23 16:52:08,649 [INFO] MainUpdater:289 - Updater Check For Update Now.
2025-09-23 16:52:08,650 [INFO] MicroXplorer:498 - Change Database Version : DB.6.0.150
2025-09-23 16:52:08,679 [INFO] McuFinderGlobals:63 - Set McuFinder mode to 2 (CubeIDE integrated)
2025-09-23 16:52:08,682 [INFO] UserAuth:487 - Internet connection configuration mode: 1
2025-09-23 16:52:08,892 [INFO] ServerAccessManage:452 - Complete download http(s) 200
2025-09-23 16:52:08,894 [INFO] ServerAccessManage:509 - Download File updaters.zip
2025-09-23 16:52:08,897 [INFO] JxBrowserEngine:152 - Initiate JxBrowser Engine with user profile folder
2025-09-23 16:52:09,024 [INFO] FileExtend:248 - Unzip File : updaters.zip
2025-09-23 16:52:09,025 [INFO] FileExtend:263 - Standard Zip Deflate
2025-09-23 16:52:10,703 [INFO] ServerAccessManage:452 - Complete download http(s) 200
2025-09-23 16:52:10,703 [INFO] ServerAccessManage:509 - Download File PacksControlFlags.xml
2025-09-23 16:52:10,921 [INFO] ServerAccessManage:452 - Complete download http(s) 200
2025-09-23 16:52:10,921 [INFO] ServerAccessManage:509 - Download File cubemx.pidx
2025-09-23 16:52:11,360 [INFO] LoadServerUpdatesThread:375 - End of LoadServerUpdate Thread
2025-09-23 16:52:11,565 [INFO] CheckServerUpdateThread:120 - End of CheckServer Thread
2025-09-23 16:52:22,224 [INFO] WebApp:169 - Instantiating new browser for Auth
2025-09-23 16:52:24,319 [INFO] WebApp:463 - Apply proxy settings
2025-09-23 16:52:24,320 [INFO] WebApp:548 - Chromium requires no authentication
2025-09-23 16:52:24,351 [INFO] WebApp:491 - Direct internet connection detected
2025-09-23 16:52:24,399 [INFO] WebApp:900 - Register for checkConnection events
2025-09-23 16:52:24,399 [INFO] WebApp:463 - Apply proxy settings
2025-09-23 16:52:24,400 [INFO] WebApp:548 - Chromium requires no authentication
2025-09-23 16:52:24,400 [INFO] WebApp:491 - Direct internet connection detected
2025-09-23 16:52:24,808 [INFO] WebApp:225 - Starting web application
2025-09-23 16:52:24,808 [INFO] WebApp:593 - Web application path used F:\Program Files\ST\STM32CubeIDE_1.19.0\STM32CubeIDE\plugins\com.st.stm32cube.common.mx_6.15.0.202507011659\db\plugins\mcufinder\reactClient1\index.html
2025-09-23 16:52:25,095 [INFO] UserAuth:487 - Internet connection configuration mode: 1
2025-09-23 16:52:25,338 [INFO] WebApp:191 - Connection restablished
2025-09-23 16:52:40,657 [ERROR] LogOutputStream:75 - [STDERR_REDIRECT] 
2025-09-23 16:52:40,658 [ERROR] LogOutputStream:75 - [STDERR_REDIRECT] 
