2025-07-16 09:58:16,177 [INFO] Activator:176 - 


2025-07-16 09:58:16,188 [INFO] Activator:177 - !SESSION log4j initialized
2025-07-16 09:58:25,992 [INFO] LogOutputStream:77 - [STDOUT_REDIRECT] 
2025-07-16 09:58:27,975 [INFO] ApplicationProperties:184 - Using Application install path: F:\Program Files\ST\STM32CubeIDE_1.19.0\STM32CubeIDE\plugins\com.st.stm32cube.common.mx_6.15.0.202507011659
2025-07-16 09:58:28,003 [INFO] DbMcusXml:78 - Set database path to: F:\Program Files\ST\STM32CubeIDE_1.19.0\STM32CubeIDE\plugins\com.st.stm32cube.common.mx_6.15.0.202507011659\\db\/mcu/
2025-07-16 09:58:28,004 [INFO] ApiDb:274 - Set plugin database path to: F:\Program Files\ST\STM32CubeIDE_1.19.0\STM32CubeIDE\plugins\com.st.stm32cube.common.mx_6.15.0.202507011659\\db\/plugins/boardmanager/
2025-07-16 09:58:28,005 [WARN] ApiDb:259 - Overriding images path with different value:  => F:\Program Files\ST\STM32CubeIDE_1.19.0\STM32CubeIDE\plugins\com.st.stm32cube.common.mx_6.15.0.202507011659\\db\/plugins/mcufinder/images/
2025-07-16 09:58:28,016 [INFO] ApiDb:250 - Set database path to: C:\Users\PC\.stmcufinder\plugins\mcufinder//mcu/
2025-07-16 09:58:28,018 [INFO] DbMcusAds:125 - Set database path to: C:\Users\PC\.stmcufinder\plugins\mcufinder//mcu/
2025-07-16 09:58:28,021 [INFO] CrossReferenceDbSqlite:203 - Set database path to: C:\Users\PC\.stmcufinder\plugins\mcufinder//mcu/cs/
2025-07-16 09:58:28,199 [INFO] RulesReader:64 - Compatibility file has been processed (317 Rules)
2025-07-16 09:58:28,349 [INFO] DbMcusXml:78 - Set database path to: F:\Program Files\ST\STM32CubeIDE_1.19.0\STM32CubeIDE\plugins\com.st.stm32cube.common.mx_6.15.0.202507011659\\db\/mcu/
2025-07-16 09:58:28,350 [INFO] ApiDb:274 - Set plugin database path to: F:\Program Files\ST\STM32CubeIDE_1.19.0\STM32CubeIDE\plugins\com.st.stm32cube.common.mx_6.15.0.202507011659\\db\/plugins/boardmanager/
2025-07-16 09:58:28,350 [INFO] ApiDb:261 - Set plugin images path to: F:\Program Files\ST\STM32CubeIDE_1.19.0\STM32CubeIDE\plugins\com.st.stm32cube.common.mx_6.15.0.202507011659\\db\/plugins/mcufinder/images/
2025-07-16 09:58:28,350 [WARN] DbFile:41 - Overriding database path with different value: C:\Users\PC\.stmcufinder\plugins\mcufinder/ => C:\Users\PC\.stmcufinder\plugins\mcufinder
2025-07-16 09:58:28,350 [INFO] ApiDb:250 - Set database path to: C:\Users\PC\.stmcufinder\plugins\mcufinder//mcu/
2025-07-16 09:58:28,351 [WARN] DbFile:41 - Overriding database path with different value: C:\Users\PC\.stmcufinder\plugins\mcufinder/ => C:\Users\PC\.stmcufinder\plugins\mcufinder
2025-07-16 09:58:28,351 [INFO] DbMcusAds:125 - Set database path to: C:\Users\PC\.stmcufinder\plugins\mcufinder//mcu/
2025-07-16 09:58:28,351 [WARN] DbFile:41 - Overriding database path with different value: C:\Users\PC\.stmcufinder\plugins\mcufinder/ => C:\Users\PC\.stmcufinder\plugins\mcufinder
2025-07-16 09:58:28,351 [WARN] DbFile:41 - Overriding database path with different value: C:\Users\PC\.stmcufinder\plugins\mcufinder/ => C:\Users\PC\.stmcufinder\plugins\mcufinder
2025-07-16 09:58:28,351 [INFO] CrossReferenceDbSqlite:203 - Set database path to: C:\Users\PC\.stmcufinder\plugins\mcufinder//mcu/cs/
2025-07-16 09:58:28,477 [INFO] MainPanel:274 - HeapMemory: 268435456
2025-07-16 09:58:28,661 [INFO] DbMcusXml:78 - Set database path to: F:\Program Files\ST\STM32CubeIDE_1.19.0\STM32CubeIDE\plugins\com.st.stm32cube.common.mx_6.15.0.202507011659\\db\/mcu/
2025-07-16 09:58:28,661 [INFO] ApiDb:274 - Set plugin database path to: F:\Program Files\ST\STM32CubeIDE_1.19.0\STM32CubeIDE\plugins\com.st.stm32cube.common.mx_6.15.0.202507011659\\db\/plugins/boardmanager/
2025-07-16 09:58:28,661 [INFO] ApiDb:261 - Set plugin images path to: F:\Program Files\ST\STM32CubeIDE_1.19.0\STM32CubeIDE\plugins\com.st.stm32cube.common.mx_6.15.0.202507011659\\db\/plugins/mcufinder/images/
2025-07-16 09:58:28,662 [WARN] DbFile:41 - Overriding database path with different value: C:\Users\PC\.stmcufinder\plugins\mcufinder/ => C:\Users\PC\.stmcufinder\plugins\mcufinder
2025-07-16 09:58:28,662 [INFO] ApiDb:250 - Set database path to: C:\Users\PC\.stmcufinder\plugins\mcufinder//mcu/
2025-07-16 09:58:28,662 [WARN] DbFile:41 - Overriding database path with different value: C:\Users\PC\.stmcufinder\plugins\mcufinder/ => C:\Users\PC\.stmcufinder\plugins\mcufinder
2025-07-16 09:58:28,662 [INFO] DbMcusAds:125 - Set database path to: C:\Users\PC\.stmcufinder\plugins\mcufinder//mcu/
2025-07-16 09:58:28,662 [WARN] DbFile:41 - Overriding database path with different value: C:\Users\PC\.stmcufinder\plugins\mcufinder/ => C:\Users\PC\.stmcufinder\plugins\mcufinder
2025-07-16 09:58:28,662 [WARN] DbFile:41 - Overriding database path with different value: C:\Users\PC\.stmcufinder\plugins\mcufinder/ => C:\Users\PC\.stmcufinder\plugins\mcufinder
2025-07-16 09:58:28,663 [INFO] CrossReferenceDbSqlite:203 - Set database path to: C:\Users\PC\.stmcufinder\plugins\mcufinder//mcu/cs/
2025-07-16 09:58:28,690 [INFO] ApplicationProperties:184 - Using Application install path: F:\Program Files\ST\STM32CubeIDE_1.19.0\STM32CubeIDE\plugins\com.st.stm32cube.common.mx_6.15.0.202507011659
2025-07-16 09:58:28,692 [INFO] PluginManage:196 - Search for loadable plugins [exclusion list=, ]
2025-07-16 09:58:28,694 [INFO] PluginManage:310 - Check plugin analytics
2025-07-16 09:58:28,975 [INFO] AnalyticsPlugin:253 - Accepted Software Licenses: 
2025-07-16 09:58:28,975 [INFO] AnalyticsPlugin:255 - Accepted CMSIS Pack Licenses: 
2025-07-16 09:58:28,976 [INFO] AnalyticsPlugin:257 - Accepted Firmware Licenses: FW.G4.1.6.0,FW.F4.1.28.0
2025-07-16 09:58:28,982 [INFO] PluginManage:359 - Loaded plugin analytics (category:tool,tabindex:-1)
2025-07-16 09:58:28,982 [INFO] PluginManage:310 - Check plugin cadmodel
2025-07-16 09:58:28,993 [INFO] CADModel:105 - Init CAD model plugin
2025-07-16 09:58:28,994 [INFO] PluginManage:359 - Loaded plugin cadmodel (category:power,tabindex:5)
2025-07-16 09:58:28,994 [INFO] PluginManage:310 - Check plugin clock
2025-07-16 09:58:29,011 [INFO] PluginManage:359 - Loaded plugin clock (category:base,tabindex:2)
2025-07-16 09:58:29,011 [INFO] PluginManage:310 - Check plugin ddr
2025-07-16 09:58:29,015 [INFO] PluginManage:359 - Loaded plugin ddr (category:tool,tabindex:6)
2025-07-16 09:58:29,016 [INFO] PluginManage:310 - Check plugin filemanager
2025-07-16 09:58:29,250 [INFO] PluginManage:359 - Loaded plugin filemanager (category:base,tabindex:10)
2025-07-16 09:58:29,250 [INFO] PluginManage:310 - Check plugin ipmanager
2025-07-16 09:58:29,260 [INFO] PluginManage:359 - Loaded plugin ipmanager (category:base,tabindex:5)
2025-07-16 09:58:29,261 [INFO] PluginManage:310 - Check plugin lpbam
2025-07-16 09:58:29,273 [INFO] PluginManage:359 - Loaded plugin lpbam (category:base,tabindex:0)
2025-07-16 09:58:29,274 [INFO] PluginManage:310 - Check plugin memorymap
2025-07-16 09:58:29,293 [INFO] PluginManage:359 - Loaded plugin memorymap (category:base,tabindex:4)
2025-07-16 09:58:29,293 [INFO] PluginManage:310 - Check plugin pinoutandconfiguration
2025-07-16 09:58:29,309 [INFO] PluginManage:359 - Loaded plugin pinoutandconfiguration (category:base,tabindex:1)
2025-07-16 09:58:29,309 [INFO] PluginManage:310 - Check plugin pinoutconfig
2025-07-16 09:58:29,459 [WARN] SupportedApi:132 - Cannot load RTOS API schema: s4s-elt-must-match.1: The content of 'definitions' must match (annotation?, (simpleType | complexType)?, (unique | key | keyref)*)). A problem was found starting at: attribute.
2025-07-16 09:58:29,684 [INFO] PluginManage:359 - Loaded plugin pinoutconfig (category:base,tabindex:0)
2025-07-16 09:58:29,684 [INFO] PluginManage:310 - Check plugin power
2025-07-16 09:58:29,701 [INFO] PluginManage:359 - Loaded plugin power (category:power,tabindex:4)
2025-07-16 09:58:29,701 [INFO] PluginManage:310 - Check plugin projectmanager
2025-07-16 09:58:29,725 [INFO] PluginManage:359 - Loaded plugin projectmanager (category:projectmanager,tabindex:4)
2025-07-16 09:58:29,725 [INFO] PluginManage:310 - Check plugin rif
2025-07-16 09:58:29,752 [INFO] PluginManage:359 - Loaded plugin rif (category:base,tabindex:3)
2025-07-16 09:58:29,753 [INFO] PluginManage:310 - Check plugin thirdparty
2025-07-16 09:58:29,964 [INFO] PluginManage:359 - Loaded plugin thirdparty (category:base,tabindex:-1)
2025-07-16 09:58:29,964 [INFO] PluginManage:310 - Check plugin tools
2025-07-16 09:58:29,964 [WARN] IntegrityCheckThread:84 - waiting for thirdparty lock release [integrity check]
2025-07-16 09:58:29,965 [INFO] IntegrityCheckThread:86 - entering critical section [integrity check]
2025-07-16 09:58:29,965 [INFO] ThirdPartyUpdaterWithRetryManager:70 - Updater plugin not ready yet. [1/15]
2025-07-16 09:58:29,968 [INFO] PluginManage:359 - Loaded plugin tools (category:base,tabindex:7)
2025-07-16 09:58:29,968 [INFO] PluginManage:310 - Check plugin tutovideos
2025-07-16 09:58:30,296 [INFO] PluginManage:359 - Loaded plugin tutovideos (category:base,tabindex:-1)
2025-07-16 09:58:30,296 [INFO] PluginManage:310 - Check plugin updater
2025-07-16 09:58:30,330 [INFO] PluginManage:359 - Loaded plugin updater (category:base,tabindex:12)
2025-07-16 09:58:30,330 [INFO] PluginManage:310 - Check plugin userauth
2025-07-16 09:58:30,336 [INFO] UserAuth:118 - Init User Auth plugin
2025-07-16 09:58:30,337 [INFO] PluginManage:359 - Loaded plugin userauth (category:base,tabindex:14)
2025-07-16 09:58:30,338 [INFO] PluginManage:283 - PluginManage : Loaded plugins [18]
2025-07-16 09:58:30,666 [INFO] PinOutPanel:1589 - setPackage(No Configuration,No Configuration)
2025-07-16 09:58:30,809 [INFO] CADModel:165 - CPN selected for project level
2025-07-16 09:58:30,810 [INFO] CADModel:114 - Register for checkConnection events
2025-07-16 09:58:30,840 [INFO] IPUIPlugin:80 - create IPUIPlugin
2025-07-16 09:58:30,840 [INFO] PluginManager:220 - loadIPPluginJar : add adc
2025-07-16 09:58:30,844 [INFO] IPUIPlugin:80 - create IPUIPlugin
2025-07-16 09:58:30,845 [INFO] PluginManager:220 - loadIPPluginJar : add aes
2025-07-16 09:58:30,849 [INFO] IPUIPlugin:80 - create IPUIPlugin
2025-07-16 09:58:30,849 [INFO] PluginManager:220 - loadIPPluginJar : add can
2025-07-16 09:58:30,852 [INFO] IPUIPlugin:80 - create IPUIPlugin
2025-07-16 09:58:30,853 [INFO] PluginManager:220 - loadIPPluginJar : add comp
2025-07-16 09:58:30,856 [INFO] IPUIPlugin:80 - create IPUIPlugin
2025-07-16 09:58:30,857 [INFO] PluginManager:220 - loadIPPluginJar : add cryp
2025-07-16 09:58:30,862 [INFO] IPUIPlugin:80 - create IPUIPlugin
2025-07-16 09:58:30,862 [INFO] PluginManager:220 - loadIPPluginJar : add ddr_ctrl_phy
2025-07-16 09:58:30,866 [INFO] IPUIPlugin:80 - create IPUIPlugin
2025-07-16 09:58:30,866 [INFO] PluginManager:220 - loadIPPluginJar : add dfsdm
2025-07-16 09:58:30,875 [INFO] IPUIPlugin:80 - create IPUIPlugin
2025-07-16 09:58:30,875 [INFO] PluginManager:220 - loadIPPluginJar : add dma
2025-07-16 09:58:30,879 [INFO] IPUIPlugin:80 - create IPUIPlugin
2025-07-16 09:58:30,880 [INFO] PluginManager:220 - loadIPPluginJar : add dma3
2025-07-16 09:58:30,884 [INFO] IPUIPlugin:80 - create IPUIPlugin
2025-07-16 09:58:30,884 [INFO] PluginManager:220 - loadIPPluginJar : add extmemmanager
2025-07-16 09:58:30,887 [INFO] IPUIPlugin:80 - create IPUIPlugin
2025-07-16 09:58:30,887 [INFO] PluginManager:220 - loadIPPluginJar : add fatfs
2025-07-16 09:58:30,894 [INFO] IPUIPlugin:80 - create IPUIPlugin
2025-07-16 09:58:30,894 [INFO] PluginManager:220 - loadIPPluginJar : add fmc
2025-07-16 09:58:30,904 [INFO] IPUIPlugin:80 - create IPUIPlugin
2025-07-16 09:58:30,904 [INFO] PluginManager:220 - loadIPPluginJar : add freertos
2025-07-16 09:58:30,907 [INFO] IPUIPlugin:80 - create IPUIPlugin
2025-07-16 09:58:30,907 [INFO] PluginManager:220 - loadIPPluginJar : add genericplugin
2025-07-16 09:58:30,910 [INFO] IPUIPlugin:80 - create IPUIPlugin
2025-07-16 09:58:30,911 [INFO] PluginManager:220 - loadIPPluginJar : add gfxmmu
2025-07-16 09:58:30,918 [INFO] IPUIPlugin:80 - create IPUIPlugin
2025-07-16 09:58:30,918 [INFO] PluginManager:220 - loadIPPluginJar : add gic
2025-07-16 09:58:30,924 [INFO] IPUIPlugin:80 - create IPUIPlugin
2025-07-16 09:58:30,924 [INFO] PluginManager:220 - loadIPPluginJar : add gpio
2025-07-16 09:58:30,930 [INFO] IPUIPlugin:80 - create IPUIPlugin
2025-07-16 09:58:30,930 [INFO] PluginManager:220 - loadIPPluginJar : add gtzc
2025-07-16 09:58:30,934 [INFO] IPUIPlugin:80 - create IPUIPlugin
2025-07-16 09:58:30,935 [INFO] PluginManager:220 - loadIPPluginJar : add hash
2025-07-16 09:58:30,939 [INFO] IPUIPlugin:80 - create IPUIPlugin
2025-07-16 09:58:30,939 [INFO] PluginManager:220 - loadIPPluginJar : add i2c
2025-07-16 09:58:30,943 [INFO] IPUIPlugin:80 - create IPUIPlugin
2025-07-16 09:58:30,943 [INFO] PluginManager:220 - loadIPPluginJar : add i2s
2025-07-16 09:58:30,948 [INFO] IPUIPlugin:80 - create IPUIPlugin
2025-07-16 09:58:30,948 [INFO] PluginManager:220 - loadIPPluginJar : add i3c
2025-07-16 09:58:30,953 [INFO] IPUIPlugin:80 - create IPUIPlugin
2025-07-16 09:58:30,953 [INFO] PluginManager:220 - loadIPPluginJar : add ipddr
2025-07-16 09:58:31,007 [INFO] IPUIPlugin:80 - create IPUIPlugin
2025-07-16 09:58:31,007 [INFO] PluginManager:220 - loadIPPluginJar : add linkedlist
2025-07-16 09:58:31,012 [INFO] IPUIPlugin:80 - create IPUIPlugin
2025-07-16 09:58:31,012 [INFO] PluginManager:220 - loadIPPluginJar : add lorawan
2025-07-16 09:58:31,015 [INFO] IPUIPlugin:80 - create IPUIPlugin
2025-07-16 09:58:31,015 [INFO] PluginManager:220 - loadIPPluginJar : add ltdc
2025-07-16 09:58:31,024 [INFO] IPUIPlugin:80 - create IPUIPlugin
2025-07-16 09:58:31,024 [INFO] PluginManager:220 - loadIPPluginJar : add mdma
2025-07-16 09:58:31,029 [INFO] IPUIPlugin:80 - create IPUIPlugin
2025-07-16 09:58:31,030 [INFO] PluginManager:220 - loadIPPluginJar : add nvic
2025-07-16 09:58:31,034 [INFO] IPUIPlugin:80 - create IPUIPlugin
2025-07-16 09:58:31,034 [INFO] PluginManager:220 - loadIPPluginJar : add opamp
2025-07-16 09:58:31,040 [INFO] IPUIPlugin:80 - create IPUIPlugin
2025-07-16 09:58:31,040 [INFO] PluginManager:220 - loadIPPluginJar : add openamp
2025-07-16 09:58:31,045 [INFO] IPUIPlugin:80 - create IPUIPlugin
2025-07-16 09:58:31,045 [INFO] PluginManager:220 - loadIPPluginJar : add pdm2pcm
2025-07-16 09:58:31,054 [INFO] IPUIPlugin:80 - create IPUIPlugin
2025-07-16 09:58:31,059 [INFO] PluginManager:220 - loadIPPluginJar : add plateformsettings
2025-07-16 09:58:31,061 [INFO] IPUIPlugin:80 - create IPUIPlugin
2025-07-16 09:58:31,062 [INFO] PluginManager:220 - loadIPPluginJar : add quadspi
2025-07-16 09:58:31,065 [INFO] IPUIPlugin:80 - create IPUIPlugin
2025-07-16 09:58:31,065 [INFO] PluginManager:220 - loadIPPluginJar : add radio
2025-07-16 09:58:31,071 [INFO] IPUIPlugin:80 - create IPUIPlugin
2025-07-16 09:58:31,071 [INFO] PluginManager:220 - loadIPPluginJar : add resmgrutility
2025-07-16 09:58:31,076 [INFO] IPUIPlugin:80 - create IPUIPlugin
2025-07-16 09:58:31,076 [INFO] PluginManager:220 - loadIPPluginJar : add sai
2025-07-16 09:58:31,080 [INFO] IPUIPlugin:80 - create IPUIPlugin
2025-07-16 09:58:31,080 [INFO] PluginManager:220 - loadIPPluginJar : add spi
2025-07-16 09:58:31,088 [INFO] IPUIPlugin:80 - create IPUIPlugin
2025-07-16 09:58:31,089 [INFO] PluginManager:220 - loadIPPluginJar : add stm32_wpan
2025-07-16 09:58:31,092 [INFO] IPUIPlugin:80 - create IPUIPlugin
2025-07-16 09:58:31,092 [INFO] PluginManager:220 - loadIPPluginJar : add tim
2025-07-16 09:58:31,097 [INFO] IPUIPlugin:80 - create IPUIPlugin
2025-07-16 09:58:31,097 [INFO] PluginManager:220 - loadIPPluginJar : add touchsensing
2025-07-16 09:58:31,101 [INFO] IPUIPlugin:80 - create IPUIPlugin
2025-07-16 09:58:31,101 [INFO] PluginManager:220 - loadIPPluginJar : add tracer_emb
2025-07-16 09:58:31,104 [INFO] IPUIPlugin:80 - create IPUIPlugin
2025-07-16 09:58:31,105 [INFO] PluginManager:220 - loadIPPluginJar : add ts
2025-07-16 09:58:31,107 [INFO] IPUIPlugin:80 - create IPUIPlugin
2025-07-16 09:58:31,108 [INFO] PluginManager:220 - loadIPPluginJar : add tsc
2025-07-16 09:58:31,111 [INFO] IPUIPlugin:80 - create IPUIPlugin
2025-07-16 09:58:31,111 [INFO] PluginManager:220 - loadIPPluginJar : add ucpd
2025-07-16 09:58:31,115 [INFO] IPUIPlugin:80 - create IPUIPlugin
2025-07-16 09:58:31,115 [INFO] PluginManager:220 - loadIPPluginJar : add usart
2025-07-16 09:58:31,120 [INFO] IPUIPlugin:80 - create IPUIPlugin
2025-07-16 09:58:31,121 [INFO] PluginManager:220 - loadIPPluginJar : add usbx
2025-07-16 09:58:31,280 [FATAL] Updater:351 - Updater called before beeing initialized
2025-07-16 09:58:31,336 [INFO] RulesReader:64 - Compatibility file has been processed (317 Rules)
2025-07-16 09:58:31,354 [INFO] RulesReader:64 - Compatibility file has been processed (317 Rules)
2025-07-16 09:58:31,372 [INFO] CADModel:165 - CPN selected for project level
2025-07-16 09:58:31,372 [INFO] CADModel:114 - Register for checkConnection events
2025-07-16 09:58:31,373 [FATAL] Updater:351 - Updater called before beeing initialized
2025-07-16 09:58:31,373 [ERROR] CADModel:125 - Updater not yet initialized, retry later 
2025-07-16 09:58:31,622 [FATAL] Updater:351 - Updater called before beeing initialized
2025-07-16 09:58:31,626 [INFO] CADModel:165 - CPN selected for project level
2025-07-16 09:58:31,626 [INFO] CADModel:114 - Register for checkConnection events
2025-07-16 09:58:31,626 [FATAL] Updater:351 - Updater called before beeing initialized
2025-07-16 09:58:31,626 [ERROR] CADModel:125 - Updater not yet initialized, retry later 
2025-07-16 09:58:31,631 [FATAL] Updater:351 - Updater called before beeing initialized
2025-07-16 09:58:31,908 [FATAL] Updater:351 - Updater called before beeing initialized
2025-07-16 09:58:31,913 [INFO] DbMcusAds:53 - JSON generation date=Tue Jul 08 03:14:23 PET 2025 (1751962463582)
2025-07-16 09:58:31,914 [FATAL] Updater:351 - Updater called before beeing initialized
2025-07-16 09:58:31,982 [WARN] DetailPanel:346 - Failed to get advertising image, set to default
2025-07-16 09:58:32,126 [FATAL] Updater:351 - Updater called before beeing initialized
2025-07-16 09:58:32,129 [FATAL] Updater:351 - Updater called before beeing initialized
2025-07-16 09:58:32,129 [FATAL] Updater:351 - Updater called before beeing initialized
2025-07-16 09:58:32,129 [WARN] DetailPanel:346 - Failed to get advertising image, set to default
2025-07-16 09:58:32,130 [FATAL] Updater:351 - Updater called before beeing initialized
2025-07-16 09:58:32,199 [ERROR] Updater:1198 - MainUpdater not yet initialized. External WinMGr cannot be set.
2025-07-16 09:58:32,202 [INFO] Updater:1134 - Updater Version found : 6.15.0
2025-07-16 09:58:32,238 [INFO] ApplicationProperties:184 - Using Application install path: F:\Program Files\ST\STM32CubeIDE_1.19.0\STM32CubeIDE\plugins\com.st.stm32cube.common.mx_6.15.0.202507011659
2025-07-16 09:58:32,968 [INFO] ThirdPartyUpdaterWithRetryManager:70 - Updater plugin not ready yet. [2/15]
2025-07-16 09:58:33,819 [ERROR] LogOutputStream:75 - [STDERR_REDIRECT] Jul 16, 2025 9:58:33 AM java.util.prefs.WindowsPreferences <init>
2025-07-16 09:58:33,821 [ERROR] LogOutputStream:75 - [STDERR_REDIRECT] WARNING: Could not open/create prefs root node Software\JavaSoft\Prefs at root 0xffffffff80000002. Windows RegCreateKeyEx(...) returned error code 5.
2025-07-16 09:58:33,821 [ERROR] LogOutputStream:75 - [STDERR_REDIRECT] 
2025-07-16 09:58:34,361 [INFO] MainUpdater:2872 - connection check result : 10
2025-07-16 09:58:34,362 [INFO] MainUpdater:289 - Updater Check For Update Now.
2025-07-16 09:58:34,362 [INFO] MicroXplorer:498 - Change Database Version : DB.6.0.150
2025-07-16 09:58:34,370 [INFO] McuFinderGlobals:63 - Set McuFinder mode to 2 (CubeIDE integrated)
2025-07-16 09:58:34,371 [INFO] UserAuth:487 - Internet connection configuration mode: 1
2025-07-16 09:58:34,405 [INFO] JxBrowserEngine:152 - Initiate JxBrowser Engine with user profile folder
2025-07-16 09:58:34,611 [INFO] CheckServerUpdateThread:120 - End of CheckServer Thread
2025-07-16 09:58:36,440 [INFO] WebApp:169 - Instantiating new browser for Auth
2025-07-16 09:58:36,741 [WARN] PackLoader:240 - Cannot read IP mode file for STMicroelectronics.FP-SNS-MOTENVWB1.1.4.0
2025-07-16 09:58:36,756 [WARN] PackLoader:240 - Cannot read IP mode file for STMicroelectronics.FP-ATR-ASTRA1.2.0.2
2025-07-16 09:58:36,762 [WARN] PackLoader:240 - Cannot read IP mode file for STMicroelectronics.FP-ATR-ASTRA1.2.0.1
2025-07-16 09:58:36,785 [WARN] PackLoader:240 - Cannot read IP mode file for STMicroelectronics.X-CUBE-SMBUS.2.1.0
2025-07-16 09:58:36,801 [WARN] PackLoader:240 - Cannot read IP mode file for STMicroelectronics.X-CUBE-WB05N.1.1.0
2025-07-16 09:58:36,850 [WARN] PackLoader:240 - Cannot read IP mode file for STMicroelectronics.X-CUBE-ST60.1.0.0
2025-07-16 09:58:36,877 [WARN] PackLoader:240 - Cannot read IP mode file for STMicroelectronics.X-CUBE-TOUCHGFX.4.23.0
2025-07-16 09:58:36,903 [WARN] PackLoader:240 - Cannot read IP mode file for STMicroelectronics.X-CUBE-TOUCHGFX.4.23.2
2025-07-16 09:58:36,959 [WARN] PackLoader:240 - Cannot read IP mode file for STMicroelectronics.X-CUBE-AZRTOS-F7.1.1.0
2025-07-16 09:58:36,973 [ERROR] RealEvaluatedCondition:428 - Found unsupported composite condition: GROUP='STM32_MetaDataManager' CLASS='Data Exchange'
2025-07-16 09:58:36,974 [ERROR] RealEvaluatedCondition:428 - Found unsupported composite condition: CLASS='Data Exchange' GROUP='STM32_MetaDataManager'
2025-07-16 09:58:36,976 [WARN] PackLoader:240 - Cannot read IP mode file for STMicroelectronics.FP-SNS-MOTENV1.4.3.0
2025-07-16 09:58:36,986 [WARN] PackLoader:240 - Cannot read IP mode file for STMicroelectronics.FP-SNS-MOTENV1.4.3.2
2025-07-16 09:58:37,042 [WARN] PackLoader:240 - Cannot read IP mode file for STMicroelectronics.FP-SNS-FLIGHT1.5.0.0
2025-07-16 09:58:37,048 [ERROR] RealEvaluatedCondition:428 - Found unsupported composite condition: GROUP='STM32_MetaDataManager' CLASS='Data Exchange'
2025-07-16 09:58:37,049 [ERROR] RealEvaluatedCondition:428 - Found unsupported composite condition: CLASS='Data Exchange' GROUP='STM32_MetaDataManager'
2025-07-16 09:58:37,050 [WARN] PackLoader:240 - Cannot read IP mode file for STMicroelectronics.FP-SNS-MOTENV1.4.3.1
2025-07-16 09:58:37,058 [WARN] PackLoader:240 - Cannot read IP mode file for STMicroelectronics.FP-SNS-FLIGHT1.5.0.1
2025-07-16 09:58:37,122 [WARN] PackLoader:240 - Cannot read IP mode file for STMicroelectronics.X-CUBE-MEMS1.11.0.0
2025-07-16 09:58:37,389 [WARN] PackLoader:240 - Cannot read IP mode file for STMicroelectronics.X-CUBE-BLE1.6.2.4
2025-07-16 09:58:37,396 [WARN] PackLoader:240 - Cannot read IP mode file for STMicroelectronics.FP-SNS-FLIGHT1.5.0.2
2025-07-16 09:58:37,435 [WARN] PackLoader:240 - Cannot read IP mode file for STMicroelectronics.X-CUBE-AZRTOS-H7.3.4.0
2025-07-16 09:58:37,466 [WARN] PackLoader:240 - Cannot read IP mode file for STMicroelectronics.X-CUBE-DISPLAY.3.0.0
2025-07-16 09:58:37,491 [WARN] PackLoader:240 - Cannot read IP mode file for STMicroelectronics.X-CUBE-BLE1.7.0.0
2025-07-16 09:58:37,514 [WARN] PackLoader:240 - Cannot read IP mode file for STMicroelectronics.X-CUBE-NFC10.1.0.0
2025-07-16 09:58:37,546 [WARN] PackLoader:240 - Cannot read IP mode file for STMicroelectronics.X-CUBE-BLEMGR.4.0.0
2025-07-16 09:58:37,565 [WARN] PackLoader:240 - Cannot read IP mode file for STMicroelectronics.X-CUBE-TOUCHGFX.4.22.0
2025-07-16 09:58:37,614 [WARN] PackLoader:240 - Cannot read IP mode file for STMicroelectronics.X-CUBE-TOUCHGFX.4.22.1
2025-07-16 09:58:37,624 [WARN] PackLoader:240 - Cannot read IP mode file for STMicroelectronics.X-CUBE-BLEMGR.3.1.0
2025-07-16 09:58:37,632 [WARN] PackLoader:240 - Cannot read IP mode file for STMicroelectronics.X-CUBE-AI.10.0.0
2025-07-16 09:58:37,668 [WARN] PackLoader:240 - Cannot read IP mode file for STMicroelectronics.FP-SNS-SMARTAG2.1.2.0
2025-07-16 09:58:37,673 [WARN] PackLoader:240 - Cannot read IP mode file for STMicroelectronics.FP-SNS-FLIGHT1.5.1.0
2025-07-16 09:58:37,734 [WARN] PackLoader:240 - Cannot read IP mode file for STMicroelectronics.X-CUBE-MEMS1.11.1.0
2025-07-16 09:58:38,091 [INFO] LogOutputStream:77 - [STDOUT_REDIRECT] 1 : Invalid condition id : UX_CORESTACK_Condition cause : null
2025-07-16 09:58:38,099 [INFO] LogOutputStream:77 - [STDOUT_REDIRECT] 1 : Invalid condition id : UX_CORESTACK_Condition cause : null
2025-07-16 09:58:38,151 [INFO] LogOutputStream:77 - [STDOUT_REDIRECT] 1 : Invalid condition id : UX_CORESTACK_Condition cause : null
2025-07-16 09:58:38,165 [INFO] LogOutputStream:77 - [STDOUT_REDIRECT] 1 : Invalid condition id : UX_CORESTACK_Condition cause : null
2025-07-16 09:58:38,169 [INFO] LogOutputStream:77 - [STDOUT_REDIRECT] 1 : Invalid condition id : UX_CORESTACK_Condition cause : null
2025-07-16 09:58:38,175 [WARN] PackLoader:240 - Cannot read IP mode file for STMicroelectronics.X-CUBE-AZRTOS-WL.2.0.0
2025-07-16 09:58:38,185 [WARN] PackLoader:240 - Cannot read IP mode file for STMicroelectronics.FP-SNS-MOTENV1.5.0.0
2025-07-16 09:58:38,192 [WARN] PackLoader:240 - Cannot read IP mode file for wolfSSL.I-CUBE-wolfMQTT.1.19.0
2025-07-16 09:58:38,202 [WARN] PackLoader:240 - Cannot read IP mode file for WES.I-CUBE-Cesium.1.3.0
2025-07-16 09:58:38,209 [WARN] PackLoader:240 - Cannot read IP mode file for STMicroelectronics.X-CUBE-BLE2.3.3.0
2025-07-16 09:58:38,219 [WARN] PackLoader:240 - Cannot read IP mode file for STMicroelectronics.X-CUBE-DISPLAY.2.2.0
2025-07-16 09:58:38,255 [WARN] PackLoader:240 - Cannot read IP mode file for STMicroelectronics.X-CUBE-TOF1.3.2.0
2025-07-16 09:58:38,268 [WARN] PackLoader:240 - Cannot read IP mode file for STMicroelectronics.X-CUBE-NFC9.1.0.0
2025-07-16 09:58:38,275 [WARN] PackLoader:240 - Cannot read IP mode file for STMicroelectronics.X-CUBE-BLE1.7.1.0
2025-07-16 09:58:38,286 [WARN] PackLoader:240 - Cannot read IP mode file for STMicroelectronics.X-CUBE-TCPP.4.1.0
2025-07-16 09:58:38,297 [WARN] PackLoader:240 - Cannot read IP mode file for STMicroelectronics.X-CUBE-EEPRMA1.5.2.0
2025-07-16 09:58:38,302 [WARN] PackLoader:240 - Cannot read IP mode file for STMicroelectronics.X-CUBE-TOUCHGFX.4.21.1
2025-07-16 09:58:38,305 [WARN] PackLoader:240 - Cannot read IP mode file for STMicroelectronics.X-CUBE-TOUCHGFX.4.21.0
2025-07-16 09:58:38,309 [WARN] PackLoader:240 - Cannot read IP mode file for STMicroelectronics.X-CUBE-TOUCHGFX.4.21.3
2025-07-16 09:58:38,313 [WARN] PackLoader:240 - Cannot read IP mode file for STMicroelectronics.X-CUBE-TOUCHGFX.4.21.4
2025-07-16 09:58:38,382 [WARN] PackLoader:240 - Cannot read IP mode file for STMicroelectronics.X-CUBE-MEMS1.9.4.0
2025-07-16 09:58:38,616 [WARN] PackLoader:240 - Cannot read IP mode file for STMicroelectronics.X-CUBE-AI.7.3.0
2025-07-16 09:58:38,627 [WARN] PackLoader:240 - Cannot read IP mode file for STMicroelectronics.X-CUBE-AI.10.1.0
2025-07-16 09:58:38,636 [WARN] PackLoader:240 - Cannot read IP mode file for STMicroelectronics.X-CUBE-ALGOBUILD.1.3.0
2025-07-16 09:58:38,741 [WARN] PackLoader:240 - Cannot read IP mode file for STMicroelectronics.X-CUBE-MEMS1.11.2.0
2025-07-16 09:58:38,940 [WARN] PackLoader:240 - Cannot read IP mode file for STMicroelectronics.X-CUBE-AZRTOS-G0.1.1.0
2025-07-16 09:58:38,950 [WARN] PackLoader:240 - Cannot read IP mode file for STMicroelectronics.X-CUBE-SAFEA1.1.2.2
2025-07-16 09:58:38,957 [WARN] PackLoader:240 - Cannot read IP mode file for STMicroelectronics.X-CUBE-NFC4.3.0.0
2025-07-16 09:58:38,970 [WARN] PackLoader:240 - Cannot read IP mode file for EmbeddedOffice.I-CUBE-FS-RTOS.1.0.1
2025-07-16 09:58:39,019 [WARN] PackLoader:240 - Cannot read IP mode file for STMicroelectronics.X-CUBE-WB05N.2.0.0
2025-07-16 09:58:39,030 [WARN] PackLoader:240 - Cannot read IP mode file for STMicroelectronics.X-CUBE-BLEMGR.3.0.0
2025-07-16 09:58:39,041 [WARN] PackLoader:240 - Cannot read IP mode file for STMicroelectronics.X-CUBE-BLEMGR.1.3.0
2025-07-16 09:58:39,049 [WARN] PackLoader:240 - Cannot read IP mode file for STMicroelectronics.X-CUBE-TCPP.4.2.0
2025-07-16 09:58:39,058 [WARN] PackLoader:240 - Cannot read IP mode file for RealThread.X-CUBE-RT-Thread_Nano.4.1.1
2025-07-16 09:58:39,063 [WARN] PackLoader:240 - Cannot read IP mode file for STMicroelectronics.FP-ATR-SIGFOX1.3.2.0
2025-07-16 09:58:39,066 [INFO] WebApp:463 - Apply proxy settings
2025-07-16 09:58:39,066 [INFO] WebApp:548 - Chromium requires no authentication
2025-07-16 09:58:39,069 [WARN] ConditionMgr:438 - getConditionDescription Invalid condition id : Cortex-A Device cause : null
2025-07-16 09:58:39,100 [WARN] ConditionMgr:1044 - genDependencies : Invalid condition id : Cortex-A Device cause : null
2025-07-16 09:58:39,101 [WARN] ConditionMgr:1044 - genDependencies : Invalid condition id : Cortex-A Device cause : null
2025-07-16 09:58:39,101 [WARN] ConditionMgr:1044 - genDependencies : Invalid condition id : Cortex-A Device cause : null
2025-07-16 09:58:39,103 [INFO] WebApp:491 - Direct internet connection detected
2025-07-16 09:58:39,108 [WARN] PackLoader:240 - Cannot read IP mode file for STMicroelectronics.X-CUBE-EEPRMA1.5.1.0
2025-07-16 09:58:39,179 [WARN] PackLoader:240 - Cannot read IP mode file for STMicroelectronics.X-CUBE-MEMS1.9.5.0
2025-07-16 09:58:39,192 [INFO] WebApp:900 - Register for checkConnection events
2025-07-16 09:58:39,193 [INFO] WebApp:463 - Apply proxy settings
2025-07-16 09:58:39,193 [INFO] WebApp:548 - Chromium requires no authentication
2025-07-16 09:58:39,194 [INFO] WebApp:491 - Direct internet connection detected
2025-07-16 09:58:39,332 [WARN] PackLoader:240 - Cannot read IP mode file for STMicroelectronics.X-CUBE-ST67W61.1.0.0
2025-07-16 09:58:39,426 [WARN] PackLoader:240 - Cannot read IP mode file for SEGGER.I-CUBE-embOS.1.3.1
2025-07-16 09:58:39,469 [WARN] PackLoader:240 - Cannot read IP mode file for STMicroelectronics.X-CUBE-ALGOBUILD.1.4.0
2025-07-16 09:58:39,556 [WARN] PackLoader:240 - Cannot read IP mode file for STMicroelectronics.X-CUBE-MEMS1.11.3.0
2025-07-16 09:58:39,800 [WARN] PackLoader:240 - Cannot read IP mode file for SEGGER.I-CUBE-embOS.1.3.0
2025-07-16 09:58:39,841 [WARN] PackLoader:240 - Cannot read IP mode file for STMicroelectronics.X-CUBE-AI.9.1.0
2025-07-16 09:58:39,861 [WARN] PackLoader:240 - Cannot read IP mode file for STMicroelectronics.X-CUBE-PM33A1.1.0.0
2025-07-16 09:58:39,868 [WARN] PackLoader:240 - Cannot read IP mode file for STMicroelectronics.X-CUBE-GNSS1.6.0.0
2025-07-16 09:58:39,906 [WARN] PackLoader:240 - Cannot read IP mode file for STMicroelectronics.X-CUBE-AZRTOS-F4.1.1.0
2025-07-16 09:58:39,915 [WARN] PackLoader:240 - Cannot read IP mode file for Avnet-IotConnect.X-CUBE-IoTC-DA16k-PMOD.1.0.0
2025-07-16 09:58:39,920 [WARN] PackLoader:240 - Cannot read IP mode file for STMicroelectronics.X-CUBE-ISPU.2.1.0
2025-07-16 09:58:39,927 [WARN] PackLoader:240 - Cannot read IP mode file for STMicroelectronics.X-CUBE-FREERTOS.1.2.0
2025-07-16 09:58:39,935 [WARN] PackLoader:240 - Cannot read IP mode file for STMicroelectronics.X-CUBE-NFC12.1.0.0
2025-07-16 09:58:39,981 [WARN] PackLoader:240 - Cannot read IP mode file for STMicroelectronics.X-CUBE-AZRTOS-L5.2.0.0
2025-07-16 09:58:40,006 [INFO] WebApp:225 - Starting web application
2025-07-16 09:58:40,007 [INFO] WebApp:593 - Web application path used F:\Program Files\ST\STM32CubeIDE_1.19.0\STM32CubeIDE\plugins\com.st.stm32cube.common.mx_6.15.0.202507011659\db\plugins\mcufinder\reactClient1\index.html
2025-07-16 09:58:40,025 [WARN] PackLoader:240 - Cannot read IP mode file for STMicroelectronics.X-CUBE-MEMS1.9.6.0
2025-07-16 09:58:40,111 [INFO] WebApp:191 - Connection restablished
2025-07-16 09:58:40,200 [WARN] PackLoader:240 - Cannot read IP mode file for STMicroelectronics.X-CUBE-EEPRMA1.4.2.0
2025-07-16 09:58:40,211 [WARN] PackLoader:240 - Cannot read IP mode file for STMicroelectronics.X-CUBE-NFC6.3.1.0
2025-07-16 09:58:40,219 [WARN] PackLoader:240 - Cannot read IP mode file for ITTIA_DB.I-CUBE-ITTIADB.8.8.0
2025-07-16 09:58:40,227 [WARN] PackLoader:240 - Cannot read IP mode file for emotas.I-CUBE-CANOPEN.1.1.3
2025-07-16 09:58:40,237 [WARN] PackLoader:240 - Cannot read IP mode file for STMicroelectronics.X-CUBE-BLEMGR.2.0.0
2025-07-16 09:58:40,246 [WARN] PackLoader:240 - Cannot read IP mode file for STMicroelectronics.X-CUBE-DPower.1.2.0
2025-07-16 09:58:40,252 [WARN] PackLoader:240 - Cannot read IP mode file for STMicroelectronics.X-CUBE-NFC4.2.0.5
2025-07-16 09:58:40,257 [WARN] PackLoader:240 - Cannot read IP mode file for STMicroelectronics.X-CUBE-AI.9.0.0
2025-07-16 09:58:40,277 [WARN] ConditionMgr:438 - getConditionDescription Invalid condition id : UX DEVICE CLASS RTOS Condition cause : null
2025-07-16 09:58:40,277 [WARN] ConditionMgr:438 - getConditionDescription Invalid condition id : UX DEVICE CLASS RTOS Condition cause : null
2025-07-16 09:58:40,281 [WARN] PackLoader:240 - Cannot read IP mode file for STMicroelectronics.X-CUBE-AZRTOS-H7.3.1.0
2025-07-16 09:58:40,282 [WARN] ConditionMgr:1044 - genDependencies : Invalid condition id : UX DEVICE CLASS RTOS Condition cause : null
2025-07-16 09:58:40,282 [WARN] ConditionMgr:1044 - genDependencies : Invalid condition id : UX DEVICE CLASS RTOS Condition cause : null
2025-07-16 09:58:40,283 [WARN] ConditionMgr:1044 - genDependencies : Invalid condition id : UX DEVICE CLASS RTOS Condition cause : null
2025-07-16 09:58:40,283 [WARN] ConditionMgr:1044 - genDependencies : Invalid condition id : UX DEVICE CLASS RTOS Condition cause : null
2025-07-16 09:58:40,284 [WARN] ConditionMgr:1044 - genDependencies : Invalid condition id : UX DEVICE CLASS RTOS Condition cause : null
2025-07-16 09:58:40,305 [INFO] UserAuth:487 - Internet connection configuration mode: 1
2025-07-16 09:58:40,312 [WARN] PackLoader:240 - Cannot read IP mode file for wolfSSL.I-CUBE-wolfSSL.5.5.3
2025-07-16 09:58:40,318 [WARN] PackLoader:240 - Cannot read IP mode file for STMicroelectronics.X-CUBE-FREERTOS.1.3.1
2025-07-16 09:58:40,324 [WARN] PackLoader:240 - Cannot read IP mode file for STMicroelectronics.X-CUBE-FREERTOS.1.3.0
2025-07-16 09:58:40,336 [WARN] PackLoader:240 - Cannot read IP mode file for STMicroelectronics.X-CUBE-NFC7.1.0.1
2025-07-16 09:58:40,341 [WARN] PackLoader:240 - Cannot read IP mode file for STMicroelectronics.X-CUBE-NFC7.1.0.0
2025-07-16 09:58:40,347 [WARN] PackLoader:240 - Cannot read IP mode file for wolfSSL.I-CUBE-wolfTPM.3.2.0
2025-07-16 09:58:40,355 [WARN] PackLoader:240 - Cannot read IP mode file for STMicroelectronics.X-CUBE-NFC6.3.0.0
2025-07-16 09:58:40,363 [WARN] PackLoader:240 - Cannot read IP mode file for STMicroelectronics.X-CUBE-EEPRMA1.4.1.0
2025-07-16 09:58:40,370 [WARN] PackLoader:240 - Cannot read IP mode file for STMicroelectronics.FP-SNS-STAIOTCFT.1.0.0
2025-07-16 09:58:40,377 [WARN] PackLoader:240 - Cannot read IP mode file for STMicroelectronics.X-CUBE-DPower.1.3.0
2025-07-16 09:58:40,381 [WARN] PackLoader:240 - Cannot read IP mode file for STMicroelectronics.X-CUBE-AI.8.1.0
2025-07-16 09:58:40,406 [WARN] ConditionMgr:438 - getConditionDescription Invalid condition id : LAN8742 Phy interface Condition cause : null
2025-07-16 09:58:40,407 [WARN] PackLoader:240 - Cannot read IP mode file for STMicroelectronics.X-CUBE-AZRTOS-L4.2.0.0
2025-07-16 09:58:40,410 [WARN] ConditionMgr:1044 - genDependencies : Invalid condition id : LAN8742 Phy interface Condition cause : null
2025-07-16 09:58:40,410 [WARN] ConditionMgr:1044 - genDependencies : Invalid condition id : LAN8742 Phy interface Condition cause : null
2025-07-16 09:58:40,411 [WARN] ConditionMgr:1044 - genDependencies : Invalid condition id : LAN8742 Phy interface Condition cause : null
2025-07-16 09:58:40,423 [WARN] PackLoader:240 - Cannot read IP mode file for STMicroelectronics.X-CUBE-SFXS2LP1.4.0.0
2025-07-16 09:58:40,449 [WARN] PackLoader:240 - Cannot read IP mode file for STMicroelectronics.X-CUBE-AZRTOS-H7.3.0.0
2025-07-16 09:58:40,488 [WARN] PackLoader:240 - Cannot read IP mode file for STMicroelectronics.X-CUBE-ISPU.1.1.0
2025-07-16 09:58:40,515 [WARN] PackLoader:240 - Cannot read IP mode file for STMicroelectronics.X-CUBE-AZRTOS-H7.3.3.0
2025-07-16 09:58:40,528 [WARN] PackLoader:240 - Cannot read IP mode file for RoweBots.I-CUBE-UNISONRTOS.5.5.0-4
2025-07-16 09:58:40,534 [WARN] PackLoader:240 - Cannot read IP mode file for STMicroelectronics.X-CUBE-AI.8.0.0
2025-07-16 09:58:40,544 [WARN] PackLoader:240 - Cannot read IP mode file for STMicroelectronics.X-CUBE-IPS.3.0.0
2025-07-16 09:58:40,563 [WARN] ConditionMgr:438 - getConditionDescription Invalid condition id : UX DEVICE CLASS RTOS Condition cause : null
2025-07-16 09:58:40,563 [WARN] ConditionMgr:438 - getConditionDescription Invalid condition id : UX DEVICE CLASS RTOS Condition cause : null
2025-07-16 09:58:40,597 [WARN] PackLoader:240 - Cannot read IP mode file for STMicroelectronics.X-CUBE-AZRTOS-WB.2.0.0
2025-07-16 09:58:40,598 [WARN] ConditionMgr:1044 - genDependencies : Invalid condition id : UX DEVICE CLASS RTOS Condition cause : null
2025-07-16 09:58:40,598 [WARN] ConditionMgr:1044 - genDependencies : Invalid condition id : UX DEVICE CLASS RTOS Condition cause : null
2025-07-16 09:58:40,599 [WARN] ConditionMgr:1044 - genDependencies : Invalid condition id : UX DEVICE CLASS RTOS Condition cause : null
2025-07-16 09:58:40,599 [WARN] ConditionMgr:1044 - genDependencies : Invalid condition id : UX DEVICE CLASS RTOS Condition cause : null
2025-07-16 09:58:40,599 [WARN] ConditionMgr:1044 - genDependencies : Invalid condition id : UX DEVICE CLASS RTOS Condition cause : null
2025-07-16 09:58:40,613 [WARN] PackLoader:240 - Cannot read IP mode file for STMicroelectronics.X-CUBE-FREERTOS.1.0.0
2025-07-16 09:58:40,617 [WARN] PackLoader:240 - Cannot read IP mode file for STMicroelectronics.X-CUBE-FREERTOS.1.0.1
2025-07-16 09:58:40,624 [WARN] PackLoader:240 - Cannot read IP mode file for STMicroelectronics.X-CUBE-GNSS1.7.0.0
2025-07-16 09:58:40,631 [WARN] PackLoader:240 - Cannot read IP mode file for STMicroelectronics.X-CUBE-GNSS1.7.0.1
2025-07-16 09:58:40,657 [WARN] PackLoader:240 - Cannot read IP mode file for STMicroelectronics.X-CUBE-TOUCHGFX.4.25.0
2025-07-16 09:58:40,665 [WARN] PackLoader:240 - Cannot read IP mode file for STMicroelectronics.FP-SNS-STBOX1.2.0.0
2025-07-16 09:58:40,683 [WARN] PackLoader:240 - Cannot read IP mode file for STMicroelectronics.X-CUBE-AZRTOS-L5.1.1.0
2025-07-16 09:58:40,690 [WARN] PackLoader:240 - Cannot read IP mode file for STMicroelectronics.X-CUBE-AI.8.0.1
2025-07-16 09:58:40,705 [WARN] PackLoader:240 - Cannot read IP mode file for STMicroelectronics.X-CUBE-SUBG2.5.0.0
2025-07-16 09:58:40,733 [WARN] PackLoader:240 - Cannot read IP mode file for STMicroelectronics.X-CUBE-AZRTOS-H7RS.1.1.0
2025-07-16 09:58:40,756 [WARN] PackLoader:240 - Cannot read IP mode file for Cesanta.I-CUBE-Mongoose.7.13.0
2025-07-16 09:58:40,767 [WARN] PackLoader:240 - Cannot read IP mode file for STMicroelectronics.X-CUBE-TOF1.3.3.1
2025-07-16 09:58:40,799 [WARN] PackLoader:240 - Cannot read IP mode file for STMicroelectronics.X-CUBE-AZRTOS-G4.2.0.0
2025-07-16 09:58:40,813 [WARN] PackLoader:240 - Cannot read IP mode file for STMicroelectronics.X-CUBE-TOF1.3.3.0
2025-07-16 09:58:40,825 [WARN] PackLoader:240 - Cannot read IP mode file for STMicroelectronics.FP-ATR-ASTRA1.1.1.1
2025-07-16 09:58:40,839 [WARN] PackLoader:240 - Cannot read IP mode file for Infineon.AIROC-Wi-Fi-Bluetooth-STM32.1.5.1
2025-07-16 09:58:40,846 [WARN] PackLoader:240 - Cannot read IP mode file for STMicroelectronics.FP-SNS-MOTENVWB1.1.3.0
2025-07-16 09:58:40,851 [WARN] PackLoader:240 - Cannot read IP mode file for STMicroelectronics.X-CUBE-NFC7.2.0.0
2025-07-16 09:58:40,856 [WARN] PackLoader:240 - Cannot read IP mode file for STMicroelectronics.FP-SNS-MOTENVWB1.1.3.1
2025-07-16 09:58:40,875 [WARN] PackLoader:240 - Cannot read IP mode file for STMicroelectronics.X-CUBE-AZRTOS-G4.1.0.0
2025-07-16 09:58:40,921 [WARN] PackLoader:240 - Cannot read IP mode file for STMicroelectronics.X-CUBE-AZRTOS-L4.1.0.0
2025-07-16 09:58:40,938 [WARN] PackLoader:240 - Cannot read IP mode file for STMicroelectronics.X-CUBE-ISPU.2.0.0
2025-07-16 09:58:40,954 [WARN] PackLoader:240 - Cannot read IP mode file for STMicroelectronics.X-CUBE-IPS.3.1.0
2025-07-16 09:58:40,965 [WARN] PackLoader:240 - Cannot read IP mode file for STMicroelectronics.X-CUBE-ALS.1.0.2
2025-07-16 09:58:41,003 [WARN] PackLoader:240 - Cannot read IP mode file for STMicroelectronics.X-CUBE-MEMS1.10.0.0
2025-07-16 09:58:41,137 [WARN] PackLoader:240 - Cannot read IP mode file for STMicroelectronics.X-CUBE-FREERTOS.1.1.0
2025-07-16 09:58:41,141 [WARN] PackLoader:240 - Cannot read IP mode file for STMicroelectronics.X-CUBE-TOUCHGFX.4.24.0
2025-07-16 09:58:41,148 [WARN] PackLoader:240 - Cannot read IP mode file for STMicroelectronics.X-CUBE-TOUCHGFX.4.24.2
2025-07-16 09:58:41,161 [WARN] PackLoader:240 - Cannot read IP mode file for STMicroelectronics.X-CUBE-AZRTOS-WL.1.0.0
2025-07-16 09:58:41,168 [WARN] PackLoader:240 - Cannot read IP mode file for STMicroelectronics.X-CUBE-TOUCHGFX.4.24.1
2025-07-16 09:58:41,175 [WARN] PackLoader:240 - Cannot read IP mode file for portGmbH.I-Cube-SoM-uGOAL.1.1.0
2025-07-16 09:58:41,179 [WARN] PackLoader:240 - Cannot read IP mode file for STMicroelectronics.X-CUBE-ALS.1.0.1
2025-07-16 09:58:41,198 [WARN] PackLoader:240 - Cannot read IP mode file for STMicroelectronics.X-CUBE-AZRTOS-WB.1.1.0
2025-07-16 09:58:41,222 [WARN] PackLoader:240 - Cannot read IP mode file for STMicroelectronics.X-CUBE-AZRTOS-H7RS.1.0.0
2025-07-16 09:58:41,230 [WARN] PackLoader:240 - Cannot read IP mode file for STMicroelectronics.FP-ATR-ASTRA1.2.0.0
2025-07-16 09:58:41,255 [WARN] PackLoader:240 - Cannot read IP mode file for STMicroelectronics.X-CUBE-TOF1.3.4.2
2025-07-16 09:58:41,332 [WARN] PackLoader:240 - Cannot read IP mode file for STMicroelectronics.X-CUBE-TOF1.3.4.3
2025-07-16 09:58:41,373 [WARN] PackLoader:240 - Cannot read IP mode file for STMicroelectronics.X-CUBE-TOF1.3.4.0
2025-07-16 09:58:41,409 [WARN] PackLoader:240 - Cannot read IP mode file for STMicroelectronics.X-CUBE-TOF1.3.4.1
2025-07-16 09:58:41,442 [WARN] PackLoader:240 - Cannot read IP mode file for STMicroelectronics.X-CUBE-AZRTOS-H7.3.2.0
2025-07-16 09:58:41,450 [WARN] PackLoader:240 - Cannot read IP mode file for wolfSSL.I-CUBE-wolfSSH.1.4.17
2025-07-16 09:58:41,450 [INFO] ThirdParty:978 - Integrity check success = true
2025-07-16 09:58:41,451 [INFO] IntegrityCheckThread:100 - exiting critical section [integrity check]
2025-07-16 09:58:41,451 [INFO] IntegrityCheckThread:103 - End integrity checks thread
2025-07-16 14:39:07,313 [INFO] Activator:176 - 


2025-07-16 14:39:07,323 [INFO] Activator:177 - !SESSION log4j initialized
2025-07-16 14:39:25,330 [INFO] LogOutputStream:77 - [STDOUT_REDIRECT] 
2025-07-16 14:39:33,161 [INFO] ApplicationProperties:184 - Using Application install path: F:\Program Files\ST\STM32CubeIDE_1.19.0\STM32CubeIDE\plugins\com.st.stm32cube.common.mx_6.15.0.202507011659
2025-07-16 14:39:33,277 [INFO] DbMcusXml:78 - Set database path to: F:\Program Files\ST\STM32CubeIDE_1.19.0\STM32CubeIDE\plugins\com.st.stm32cube.common.mx_6.15.0.202507011659\\db\/mcu/
2025-07-16 14:39:33,277 [INFO] ApiDb:274 - Set plugin database path to: F:\Program Files\ST\STM32CubeIDE_1.19.0\STM32CubeIDE\plugins\com.st.stm32cube.common.mx_6.15.0.202507011659\\db\/plugins/boardmanager/
2025-07-16 14:39:33,278 [WARN] ApiDb:259 - Overriding images path with different value:  => F:\Program Files\ST\STM32CubeIDE_1.19.0\STM32CubeIDE\plugins\com.st.stm32cube.common.mx_6.15.0.202507011659\\db\/plugins/mcufinder/images/
2025-07-16 14:39:33,509 [INFO] ApiDb:250 - Set database path to: C:\Users\PC\.stmcufinder\plugins\mcufinder//mcu/
2025-07-16 14:39:33,516 [INFO] DbMcusAds:125 - Set database path to: C:\Users\PC\.stmcufinder\plugins\mcufinder//mcu/
2025-07-16 14:39:33,537 [INFO] CrossReferenceDbSqlite:203 - Set database path to: C:\Users\PC\.stmcufinder\plugins\mcufinder//mcu/cs/
2025-07-16 14:39:33,934 [INFO] RulesReader:64 - Compatibility file has been processed (317 Rules)
2025-07-16 14:39:34,536 [INFO] DbMcusXml:78 - Set database path to: F:\Program Files\ST\STM32CubeIDE_1.19.0\STM32CubeIDE\plugins\com.st.stm32cube.common.mx_6.15.0.202507011659\\db\/mcu/
2025-07-16 14:39:34,536 [INFO] ApiDb:274 - Set plugin database path to: F:\Program Files\ST\STM32CubeIDE_1.19.0\STM32CubeIDE\plugins\com.st.stm32cube.common.mx_6.15.0.202507011659\\db\/plugins/boardmanager/
2025-07-16 14:39:34,536 [INFO] ApiDb:261 - Set plugin images path to: F:\Program Files\ST\STM32CubeIDE_1.19.0\STM32CubeIDE\plugins\com.st.stm32cube.common.mx_6.15.0.202507011659\\db\/plugins/mcufinder/images/
2025-07-16 14:39:34,536 [WARN] DbFile:41 - Overriding database path with different value: C:\Users\PC\.stmcufinder\plugins\mcufinder/ => C:\Users\PC\.stmcufinder\plugins\mcufinder
2025-07-16 14:39:34,537 [INFO] ApiDb:250 - Set database path to: C:\Users\PC\.stmcufinder\plugins\mcufinder//mcu/
2025-07-16 14:39:34,537 [WARN] DbFile:41 - Overriding database path with different value: C:\Users\PC\.stmcufinder\plugins\mcufinder/ => C:\Users\PC\.stmcufinder\plugins\mcufinder
2025-07-16 14:39:34,537 [INFO] DbMcusAds:125 - Set database path to: C:\Users\PC\.stmcufinder\plugins\mcufinder//mcu/
2025-07-16 14:39:34,537 [WARN] DbFile:41 - Overriding database path with different value: C:\Users\PC\.stmcufinder\plugins\mcufinder/ => C:\Users\PC\.stmcufinder\plugins\mcufinder
2025-07-16 14:39:34,537 [WARN] DbFile:41 - Overriding database path with different value: C:\Users\PC\.stmcufinder\plugins\mcufinder/ => C:\Users\PC\.stmcufinder\plugins\mcufinder
2025-07-16 14:39:34,537 [INFO] CrossReferenceDbSqlite:203 - Set database path to: C:\Users\PC\.stmcufinder\plugins\mcufinder//mcu/cs/
2025-07-16 14:39:34,904 [INFO] MainPanel:274 - HeapMemory: 268435456
2025-07-16 14:39:35,964 [INFO] DbMcusXml:78 - Set database path to: F:\Program Files\ST\STM32CubeIDE_1.19.0\STM32CubeIDE\plugins\com.st.stm32cube.common.mx_6.15.0.202507011659\\db\/mcu/
2025-07-16 14:39:35,965 [INFO] ApiDb:274 - Set plugin database path to: F:\Program Files\ST\STM32CubeIDE_1.19.0\STM32CubeIDE\plugins\com.st.stm32cube.common.mx_6.15.0.202507011659\\db\/plugins/boardmanager/
2025-07-16 14:39:35,965 [INFO] ApiDb:261 - Set plugin images path to: F:\Program Files\ST\STM32CubeIDE_1.19.0\STM32CubeIDE\plugins\com.st.stm32cube.common.mx_6.15.0.202507011659\\db\/plugins/mcufinder/images/
2025-07-16 14:39:35,966 [WARN] DbFile:41 - Overriding database path with different value: C:\Users\PC\.stmcufinder\plugins\mcufinder/ => C:\Users\PC\.stmcufinder\plugins\mcufinder
2025-07-16 14:39:35,966 [INFO] ApiDb:250 - Set database path to: C:\Users\PC\.stmcufinder\plugins\mcufinder//mcu/
2025-07-16 14:39:35,967 [WARN] DbFile:41 - Overriding database path with different value: C:\Users\PC\.stmcufinder\plugins\mcufinder/ => C:\Users\PC\.stmcufinder\plugins\mcufinder
2025-07-16 14:39:35,967 [INFO] DbMcusAds:125 - Set database path to: C:\Users\PC\.stmcufinder\plugins\mcufinder//mcu/
2025-07-16 14:39:35,967 [WARN] DbFile:41 - Overriding database path with different value: C:\Users\PC\.stmcufinder\plugins\mcufinder/ => C:\Users\PC\.stmcufinder\plugins\mcufinder
2025-07-16 14:39:35,967 [WARN] DbFile:41 - Overriding database path with different value: C:\Users\PC\.stmcufinder\plugins\mcufinder/ => C:\Users\PC\.stmcufinder\plugins\mcufinder
2025-07-16 14:39:35,968 [INFO] CrossReferenceDbSqlite:203 - Set database path to: C:\Users\PC\.stmcufinder\plugins\mcufinder//mcu/cs/
2025-07-16 14:39:36,169 [INFO] ApplicationProperties:184 - Using Application install path: F:\Program Files\ST\STM32CubeIDE_1.19.0\STM32CubeIDE\plugins\com.st.stm32cube.common.mx_6.15.0.202507011659
2025-07-16 14:39:36,172 [INFO] PluginManage:196 - Search for loadable plugins [exclusion list=, ]
2025-07-16 14:39:36,176 [INFO] PluginManage:310 - Check plugin analytics
2025-07-16 14:39:37,339 [INFO] AnalyticsPlugin:253 - Accepted Software Licenses: 
2025-07-16 14:39:37,341 [INFO] AnalyticsPlugin:255 - Accepted CMSIS Pack Licenses: 
2025-07-16 14:39:37,341 [INFO] AnalyticsPlugin:257 - Accepted Firmware Licenses: FW.G4.1.6.0,FW.F4.1.28.0
2025-07-16 14:39:37,347 [INFO] PluginManage:359 - Loaded plugin analytics (category:tool,tabindex:-1)
2025-07-16 14:39:37,350 [INFO] PluginManage:310 - Check plugin cadmodel
2025-07-16 14:39:37,364 [INFO] CADModel:105 - Init CAD model plugin
2025-07-16 14:39:37,364 [INFO] PluginManage:359 - Loaded plugin cadmodel (category:power,tabindex:5)
2025-07-16 14:39:37,365 [INFO] PluginManage:310 - Check plugin clock
2025-07-16 14:39:37,398 [INFO] PluginManage:359 - Loaded plugin clock (category:base,tabindex:2)
2025-07-16 14:39:37,398 [INFO] PluginManage:310 - Check plugin ddr
2025-07-16 14:39:37,403 [INFO] PluginManage:359 - Loaded plugin ddr (category:tool,tabindex:6)
2025-07-16 14:39:37,403 [INFO] PluginManage:310 - Check plugin filemanager
2025-07-16 14:39:38,293 [INFO] PluginManage:359 - Loaded plugin filemanager (category:base,tabindex:10)
2025-07-16 14:39:38,293 [INFO] PluginManage:310 - Check plugin ipmanager
2025-07-16 14:39:38,306 [INFO] PluginManage:359 - Loaded plugin ipmanager (category:base,tabindex:5)
2025-07-16 14:39:38,306 [INFO] PluginManage:310 - Check plugin lpbam
2025-07-16 14:39:38,366 [INFO] PluginManage:359 - Loaded plugin lpbam (category:base,tabindex:0)
2025-07-16 14:39:38,366 [INFO] PluginManage:310 - Check plugin memorymap
2025-07-16 14:39:38,549 [INFO] PluginManage:359 - Loaded plugin memorymap (category:base,tabindex:4)
2025-07-16 14:39:38,550 [INFO] PluginManage:310 - Check plugin pinoutandconfiguration
2025-07-16 14:39:38,598 [INFO] PluginManage:359 - Loaded plugin pinoutandconfiguration (category:base,tabindex:1)
2025-07-16 14:39:38,599 [INFO] PluginManage:310 - Check plugin pinoutconfig
2025-07-16 14:39:39,138 [WARN] SupportedApi:132 - Cannot load RTOS API schema: s4s-elt-must-match.1: The content of 'definitions' must match (annotation?, (simpleType | complexType)?, (unique | key | keyref)*)). A problem was found starting at: attribute.
2025-07-16 14:39:39,832 [INFO] PluginManage:359 - Loaded plugin pinoutconfig (category:base,tabindex:0)
2025-07-16 14:39:39,832 [INFO] PluginManage:310 - Check plugin power
2025-07-16 14:39:39,901 [INFO] PluginManage:359 - Loaded plugin power (category:power,tabindex:4)
2025-07-16 14:39:39,901 [INFO] PluginManage:310 - Check plugin projectmanager
2025-07-16 14:39:39,931 [INFO] PluginManage:359 - Loaded plugin projectmanager (category:projectmanager,tabindex:4)
2025-07-16 14:39:39,931 [INFO] PluginManage:310 - Check plugin rif
2025-07-16 14:39:39,975 [INFO] PluginManage:359 - Loaded plugin rif (category:base,tabindex:3)
2025-07-16 14:39:39,975 [INFO] PluginManage:310 - Check plugin thirdparty
2025-07-16 14:39:40,509 [INFO] PluginManage:359 - Loaded plugin thirdparty (category:base,tabindex:-1)
2025-07-16 14:39:40,510 [INFO] PluginManage:310 - Check plugin tools
2025-07-16 14:39:40,512 [WARN] IntegrityCheckThread:84 - waiting for thirdparty lock release [integrity check]
2025-07-16 14:39:40,520 [INFO] IntegrityCheckThread:86 - entering critical section [integrity check]
2025-07-16 14:39:40,524 [INFO] ThirdPartyUpdaterWithRetryManager:70 - Updater plugin not ready yet. [1/15]
2025-07-16 14:39:40,524 [INFO] PluginManage:359 - Loaded plugin tools (category:base,tabindex:7)
2025-07-16 14:39:40,525 [INFO] PluginManage:310 - Check plugin tutovideos
2025-07-16 14:39:41,449 [INFO] PluginManage:359 - Loaded plugin tutovideos (category:base,tabindex:-1)
2025-07-16 14:39:41,449 [INFO] PluginManage:310 - Check plugin updater
2025-07-16 14:39:41,536 [INFO] PluginManage:359 - Loaded plugin updater (category:base,tabindex:12)
2025-07-16 14:39:41,537 [INFO] PluginManage:310 - Check plugin userauth
2025-07-16 14:39:41,572 [INFO] UserAuth:118 - Init User Auth plugin
2025-07-16 14:39:41,574 [INFO] PluginManage:359 - Loaded plugin userauth (category:base,tabindex:14)
2025-07-16 14:39:41,575 [INFO] PluginManage:283 - PluginManage : Loaded plugins [18]
2025-07-16 14:39:42,357 [INFO] PinOutPanel:1589 - setPackage(No Configuration,No Configuration)
2025-07-16 14:39:42,709 [INFO] CADModel:165 - CPN selected for project level
2025-07-16 14:39:42,711 [INFO] CADModel:114 - Register for checkConnection events
2025-07-16 14:39:42,802 [INFO] IPUIPlugin:80 - create IPUIPlugin
2025-07-16 14:39:42,803 [INFO] PluginManager:220 - loadIPPluginJar : add adc
2025-07-16 14:39:42,814 [INFO] IPUIPlugin:80 - create IPUIPlugin
2025-07-16 14:39:42,815 [INFO] PluginManager:220 - loadIPPluginJar : add aes
2025-07-16 14:39:42,828 [INFO] IPUIPlugin:80 - create IPUIPlugin
2025-07-16 14:39:42,828 [INFO] PluginManager:220 - loadIPPluginJar : add can
2025-07-16 14:39:42,833 [INFO] IPUIPlugin:80 - create IPUIPlugin
2025-07-16 14:39:42,833 [INFO] PluginManager:220 - loadIPPluginJar : add comp
2025-07-16 14:39:42,851 [INFO] IPUIPlugin:80 - create IPUIPlugin
2025-07-16 14:39:42,851 [INFO] PluginManager:220 - loadIPPluginJar : add cryp
2025-07-16 14:39:42,870 [INFO] IPUIPlugin:80 - create IPUIPlugin
2025-07-16 14:39:42,871 [INFO] PluginManager:220 - loadIPPluginJar : add ddr_ctrl_phy
2025-07-16 14:39:42,877 [INFO] IPUIPlugin:80 - create IPUIPlugin
2025-07-16 14:39:42,877 [INFO] PluginManager:220 - loadIPPluginJar : add dfsdm
2025-07-16 14:39:42,894 [INFO] IPUIPlugin:80 - create IPUIPlugin
2025-07-16 14:39:42,895 [INFO] PluginManager:220 - loadIPPluginJar : add dma
2025-07-16 14:39:42,908 [INFO] IPUIPlugin:80 - create IPUIPlugin
2025-07-16 14:39:42,908 [INFO] PluginManager:220 - loadIPPluginJar : add dma3
2025-07-16 14:39:42,919 [INFO] IPUIPlugin:80 - create IPUIPlugin
2025-07-16 14:39:42,919 [INFO] PluginManager:220 - loadIPPluginJar : add extmemmanager
2025-07-16 14:39:42,924 [INFO] IPUIPlugin:80 - create IPUIPlugin
2025-07-16 14:39:42,924 [INFO] PluginManager:220 - loadIPPluginJar : add fatfs
2025-07-16 14:39:42,935 [INFO] IPUIPlugin:80 - create IPUIPlugin
2025-07-16 14:39:42,936 [INFO] PluginManager:220 - loadIPPluginJar : add fmc
2025-07-16 14:39:42,971 [INFO] IPUIPlugin:80 - create IPUIPlugin
2025-07-16 14:39:42,971 [INFO] PluginManager:220 - loadIPPluginJar : add freertos
2025-07-16 14:39:42,977 [INFO] IPUIPlugin:80 - create IPUIPlugin
2025-07-16 14:39:42,978 [INFO] PluginManager:220 - loadIPPluginJar : add genericplugin
2025-07-16 14:39:42,992 [INFO] IPUIPlugin:80 - create IPUIPlugin
2025-07-16 14:39:42,992 [INFO] PluginManager:220 - loadIPPluginJar : add gfxmmu
2025-07-16 14:39:43,007 [INFO] IPUIPlugin:80 - create IPUIPlugin
2025-07-16 14:39:43,007 [INFO] PluginManager:220 - loadIPPluginJar : add gic
2025-07-16 14:39:43,024 [INFO] IPUIPlugin:80 - create IPUIPlugin
2025-07-16 14:39:43,025 [INFO] PluginManager:220 - loadIPPluginJar : add gpio
2025-07-16 14:39:43,035 [INFO] IPUIPlugin:80 - create IPUIPlugin
2025-07-16 14:39:43,036 [INFO] PluginManager:220 - loadIPPluginJar : add gtzc
2025-07-16 14:39:43,044 [INFO] IPUIPlugin:80 - create IPUIPlugin
2025-07-16 14:39:43,045 [INFO] PluginManager:220 - loadIPPluginJar : add hash
2025-07-16 14:39:43,054 [INFO] IPUIPlugin:80 - create IPUIPlugin
2025-07-16 14:39:43,054 [INFO] PluginManager:220 - loadIPPluginJar : add i2c
2025-07-16 14:39:43,068 [INFO] IPUIPlugin:80 - create IPUIPlugin
2025-07-16 14:39:43,068 [INFO] PluginManager:220 - loadIPPluginJar : add i2s
2025-07-16 14:39:43,078 [INFO] IPUIPlugin:80 - create IPUIPlugin
2025-07-16 14:39:43,078 [INFO] PluginManager:220 - loadIPPluginJar : add i3c
2025-07-16 14:39:43,088 [INFO] IPUIPlugin:80 - create IPUIPlugin
2025-07-16 14:39:43,088 [INFO] PluginManager:220 - loadIPPluginJar : add ipddr
2025-07-16 14:39:43,108 [INFO] IPUIPlugin:80 - create IPUIPlugin
2025-07-16 14:39:43,108 [INFO] PluginManager:220 - loadIPPluginJar : add linkedlist
2025-07-16 14:39:43,118 [INFO] IPUIPlugin:80 - create IPUIPlugin
2025-07-16 14:39:43,118 [INFO] PluginManager:220 - loadIPPluginJar : add lorawan
2025-07-16 14:39:43,124 [INFO] IPUIPlugin:80 - create IPUIPlugin
2025-07-16 14:39:43,124 [INFO] PluginManager:220 - loadIPPluginJar : add ltdc
2025-07-16 14:39:43,145 [INFO] IPUIPlugin:80 - create IPUIPlugin
2025-07-16 14:39:43,145 [INFO] PluginManager:220 - loadIPPluginJar : add mdma
2025-07-16 14:39:43,155 [INFO] IPUIPlugin:80 - create IPUIPlugin
2025-07-16 14:39:43,155 [INFO] PluginManager:220 - loadIPPluginJar : add nvic
2025-07-16 14:39:43,171 [INFO] IPUIPlugin:80 - create IPUIPlugin
2025-07-16 14:39:43,171 [INFO] PluginManager:220 - loadIPPluginJar : add opamp
2025-07-16 14:39:43,189 [INFO] IPUIPlugin:80 - create IPUIPlugin
2025-07-16 14:39:43,189 [INFO] PluginManager:220 - loadIPPluginJar : add openamp
2025-07-16 14:39:43,206 [INFO] IPUIPlugin:80 - create IPUIPlugin
2025-07-16 14:39:43,206 [INFO] PluginManager:220 - loadIPPluginJar : add pdm2pcm
2025-07-16 14:39:43,226 [INFO] IPUIPlugin:80 - create IPUIPlugin
2025-07-16 14:39:43,230 [INFO] PluginManager:220 - loadIPPluginJar : add plateformsettings
2025-07-16 14:39:43,237 [INFO] IPUIPlugin:80 - create IPUIPlugin
2025-07-16 14:39:43,237 [INFO] PluginManager:220 - loadIPPluginJar : add quadspi
2025-07-16 14:39:43,246 [INFO] IPUIPlugin:80 - create IPUIPlugin
2025-07-16 14:39:43,247 [INFO] PluginManager:220 - loadIPPluginJar : add radio
2025-07-16 14:39:43,278 [INFO] IPUIPlugin:80 - create IPUIPlugin
2025-07-16 14:39:43,278 [INFO] PluginManager:220 - loadIPPluginJar : add resmgrutility
2025-07-16 14:39:43,289 [INFO] IPUIPlugin:80 - create IPUIPlugin
2025-07-16 14:39:43,289 [INFO] PluginManager:220 - loadIPPluginJar : add sai
2025-07-16 14:39:43,300 [INFO] IPUIPlugin:80 - create IPUIPlugin
2025-07-16 14:39:43,300 [INFO] PluginManager:220 - loadIPPluginJar : add spi
2025-07-16 14:39:43,316 [INFO] IPUIPlugin:80 - create IPUIPlugin
2025-07-16 14:39:43,316 [INFO] PluginManager:220 - loadIPPluginJar : add stm32_wpan
2025-07-16 14:39:43,324 [INFO] IPUIPlugin:80 - create IPUIPlugin
2025-07-16 14:39:43,324 [INFO] PluginManager:220 - loadIPPluginJar : add tim
2025-07-16 14:39:43,335 [INFO] IPUIPlugin:80 - create IPUIPlugin
2025-07-16 14:39:43,335 [INFO] PluginManager:220 - loadIPPluginJar : add touchsensing
2025-07-16 14:39:43,348 [INFO] IPUIPlugin:80 - create IPUIPlugin
2025-07-16 14:39:43,349 [INFO] PluginManager:220 - loadIPPluginJar : add tracer_emb
2025-07-16 14:39:43,357 [INFO] IPUIPlugin:80 - create IPUIPlugin
2025-07-16 14:39:43,358 [INFO] PluginManager:220 - loadIPPluginJar : add ts
2025-07-16 14:39:43,365 [INFO] IPUIPlugin:80 - create IPUIPlugin
2025-07-16 14:39:43,365 [INFO] PluginManager:220 - loadIPPluginJar : add tsc
2025-07-16 14:39:43,372 [INFO] IPUIPlugin:80 - create IPUIPlugin
2025-07-16 14:39:43,372 [INFO] PluginManager:220 - loadIPPluginJar : add ucpd
2025-07-16 14:39:43,384 [INFO] IPUIPlugin:80 - create IPUIPlugin
2025-07-16 14:39:43,384 [INFO] PluginManager:220 - loadIPPluginJar : add usart
2025-07-16 14:39:43,398 [INFO] IPUIPlugin:80 - create IPUIPlugin
2025-07-16 14:39:43,398 [INFO] PluginManager:220 - loadIPPluginJar : add usbx
2025-07-16 14:39:43,525 [INFO] ThirdPartyUpdaterWithRetryManager:70 - Updater plugin not ready yet. [2/15]
2025-07-16 14:39:43,573 [FATAL] Updater:351 - Updater called before beeing initialized
2025-07-16 14:39:43,653 [INFO] RulesReader:64 - Compatibility file has been processed (317 Rules)
2025-07-16 14:39:43,670 [INFO] RulesReader:64 - Compatibility file has been processed (317 Rules)
2025-07-16 14:39:43,683 [INFO] CADModel:165 - CPN selected for project level
2025-07-16 14:39:43,683 [INFO] CADModel:114 - Register for checkConnection events
2025-07-16 14:39:43,683 [FATAL] Updater:351 - Updater called before beeing initialized
2025-07-16 14:39:43,684 [ERROR] CADModel:125 - Updater not yet initialized, retry later 
2025-07-16 14:39:44,145 [FATAL] Updater:351 - Updater called before beeing initialized
2025-07-16 14:39:44,154 [INFO] CADModel:165 - CPN selected for project level
2025-07-16 14:39:44,154 [INFO] CADModel:114 - Register for checkConnection events
2025-07-16 14:39:44,154 [FATAL] Updater:351 - Updater called before beeing initialized
2025-07-16 14:39:44,154 [ERROR] CADModel:125 - Updater not yet initialized, retry later 
2025-07-16 14:39:44,159 [FATAL] Updater:351 - Updater called before beeing initialized
2025-07-16 14:39:44,345 [FATAL] Updater:351 - Updater called before beeing initialized
2025-07-16 14:39:44,360 [INFO] DbMcusAds:53 - JSON generation date=Tue Jul 08 03:14:23 PET 2025 (1751962463582)
2025-07-16 14:39:44,360 [FATAL] Updater:351 - Updater called before beeing initialized
2025-07-16 14:39:44,520 [WARN] DetailPanel:346 - Failed to get advertising image, set to default
2025-07-16 14:39:44,671 [FATAL] Updater:351 - Updater called before beeing initialized
2025-07-16 14:39:44,673 [FATAL] Updater:351 - Updater called before beeing initialized
2025-07-16 14:39:44,673 [FATAL] Updater:351 - Updater called before beeing initialized
2025-07-16 14:39:44,673 [WARN] DetailPanel:346 - Failed to get advertising image, set to default
2025-07-16 14:39:44,674 [FATAL] Updater:351 - Updater called before beeing initialized
2025-07-16 14:39:44,769 [ERROR] Updater:1198 - MainUpdater not yet initialized. External WinMGr cannot be set.
2025-07-16 14:39:44,774 [INFO] Updater:1134 - Updater Version found : 6.15.0
2025-07-16 14:39:44,827 [INFO] ApplicationProperties:184 - Using Application install path: F:\Program Files\ST\STM32CubeIDE_1.19.0\STM32CubeIDE\plugins\com.st.stm32cube.common.mx_6.15.0.202507011659
2025-07-16 14:39:46,450 [ERROR] LogOutputStream:75 - [STDERR_REDIRECT] Jul 16, 2025 2:39:46 PM java.util.prefs.WindowsPreferences <init>
2025-07-16 14:39:46,453 [ERROR] LogOutputStream:75 - [STDERR_REDIRECT] WARNING: Could not open/create prefs root node Software\JavaSoft\Prefs at root 0xffffffff80000002. Windows RegCreateKeyEx(...) returned error code 5.
2025-07-16 14:39:46,453 [ERROR] LogOutputStream:75 - [STDERR_REDIRECT] 
2025-07-16 14:39:46,526 [FATAL] Updater:351 - Updater called before beeing initialized
2025-07-16 14:39:46,526 [ERROR] IntegrityCheckThread:130 - Cannot retrieve database content from updater: error 21
2025-07-16 14:39:46,527 [INFO] ThirdParty:978 - Integrity check success = false
2025-07-16 14:39:46,527 [INFO] IntegrityCheckThread:100 - exiting critical section [integrity check]
2025-07-16 14:39:46,527 [INFO] IntegrityCheckThread:103 - End integrity checks thread
2025-07-16 14:39:47,741 [INFO] MainUpdater:2872 - connection check result : 10
2025-07-16 14:39:47,742 [INFO] MainUpdater:289 - Updater Check For Update Now.
2025-07-16 14:39:47,742 [INFO] MicroXplorer:498 - Change Database Version : DB.6.0.150
2025-07-16 14:39:47,758 [INFO] McuFinderGlobals:63 - Set McuFinder mode to 2 (CubeIDE integrated)
2025-07-16 14:39:47,762 [INFO] UserAuth:487 - Internet connection configuration mode: 1
2025-07-16 14:39:47,875 [INFO] JxBrowserEngine:152 - Initiate JxBrowser Engine with user profile folder
2025-07-16 14:39:48,046 [INFO] CheckServerUpdateThread:120 - End of CheckServer Thread
2025-07-16 14:39:53,497 [INFO] WebApp:169 - Instantiating new browser for Auth
2025-07-16 14:39:56,002 [INFO] WebApp:463 - Apply proxy settings
2025-07-16 14:39:56,002 [INFO] WebApp:548 - Chromium requires no authentication
2025-07-16 14:39:56,030 [INFO] WebApp:491 - Direct internet connection detected
2025-07-16 14:39:56,101 [INFO] WebApp:900 - Register for checkConnection events
2025-07-16 14:39:56,102 [INFO] WebApp:463 - Apply proxy settings
2025-07-16 14:39:56,102 [INFO] WebApp:548 - Chromium requires no authentication
2025-07-16 14:39:56,104 [INFO] WebApp:491 - Direct internet connection detected
2025-07-16 14:39:56,593 [INFO] WebApp:225 - Starting web application
2025-07-16 14:39:56,594 [INFO] WebApp:593 - Web application path used F:\Program Files\ST\STM32CubeIDE_1.19.0\STM32CubeIDE\plugins\com.st.stm32cube.common.mx_6.15.0.202507011659\db\plugins\mcufinder\reactClient1\index.html
2025-07-16 14:39:56,917 [INFO] UserAuth:487 - Internet connection configuration mode: 1
2025-07-16 14:39:56,953 [INFO] WebApp:191 - Connection restablished
2025-07-16 15:47:50,546 [INFO] WebApp:194 - Connection lost
2025-07-16 15:47:54,358 [INFO] WebApp:191 - Connection restablished
2025-07-16 15:47:56,059 [INFO] WebApp:194 - Connection lost
2025-07-16 15:47:56,210 [INFO] WebApp:191 - Connection restablished
2025-07-16 16:33:56,621 [ERROR] LogOutputStream:75 - [STDERR_REDIRECT] 
2025-07-16 16:33:56,623 [ERROR] LogOutputStream:75 - [STDERR_REDIRECT] 
