2023-04-14 13:02:46,322 [INFO] Activator:179 - 


2023-04-14 13:02:46,324 [INFO] Activator:180 - !SESSION log4j initialized
2023-04-14 13:03:06,879 [INFO] McuFinderGlobals:52 - Set McuFinder mode to 2 (CubeIDE integrated)
2023-04-14 13:03:07,590 [INFO] ApplicationProperties:181 - Using Application install path: F:\Program Files\STM32CubeIDE_1.11.0\STM32CubeIDE\plugins\com.st.stm32cube.common.mx_6.7.0.202211181646
2023-04-14 13:03:07,645 [INFO] DbMcusXml:77 - Set database path to: F:\Program Files\STM32CubeIDE_1.11.0\STM32CubeIDE\plugins\com.st.stm32cube.common.mx_6.7.0.202211181646\\db\/mcu/
2023-04-14 13:03:07,646 [INFO] ApiDb:273 - Set plugin database path to: F:\Program Files\STM32CubeIDE_1.11.0\STM32CubeIDE\plugins\com.st.stm32cube.common.mx_6.7.0.202211181646\\db\/plugins/boardmanager/
2023-04-14 13:03:07,649 [WARN] ApiDb:258 - Overriding images path with different value:  => F:\Program Files\STM32CubeIDE_1.11.0\STM32CubeIDE\plugins\com.st.stm32cube.common.mx_6.7.0.202211181646\\db\/plugins/mcufinder/images/
2023-04-14 13:03:07,690 [INFO] ApiDb:249 - Set database path to: C:\Users\PC\.stmcufinder\plugins\mcufinder//mcu/
2023-04-14 13:03:07,693 [INFO] DbMcusAds:124 - Set database path to: C:\Users\PC\.stmcufinder\plugins\mcufinder//mcu/
2023-04-14 13:03:07,743 [INFO] CrossReferenceDbSqlite:202 - Set database path to: C:\Users\PC\.stmcufinder\plugins\mcufinder//mcu/cs/
2023-04-14 13:03:07,951 [INFO] RulesReader:61 - Compatibility file has been processed (283 Rules)
2023-04-14 13:03:08,240 [INFO] DbMcusXml:77 - Set database path to: F:\Program Files\STM32CubeIDE_1.11.0\STM32CubeIDE\plugins\com.st.stm32cube.common.mx_6.7.0.202211181646\\db\/mcu/
2023-04-14 13:03:08,240 [INFO] ApiDb:273 - Set plugin database path to: F:\Program Files\STM32CubeIDE_1.11.0\STM32CubeIDE\plugins\com.st.stm32cube.common.mx_6.7.0.202211181646\\db\/plugins/boardmanager/
2023-04-14 13:03:08,241 [INFO] ApiDb:260 - Set plugin images path to: F:\Program Files\STM32CubeIDE_1.11.0\STM32CubeIDE\plugins\com.st.stm32cube.common.mx_6.7.0.202211181646\\db\/plugins/mcufinder/images/
2023-04-14 13:03:08,242 [WARN] DbFile:40 - Overriding database path with different value: C:\Users\PC\.stmcufinder\plugins\mcufinder/ => C:\Users\PC\.stmcufinder\plugins\mcufinder
2023-04-14 13:03:08,242 [INFO] ApiDb:249 - Set database path to: C:\Users\PC\.stmcufinder\plugins\mcufinder//mcu/
2023-04-14 13:03:08,243 [WARN] DbFile:40 - Overriding database path with different value: C:\Users\PC\.stmcufinder\plugins\mcufinder/ => C:\Users\PC\.stmcufinder\plugins\mcufinder
2023-04-14 13:03:08,243 [INFO] DbMcusAds:124 - Set database path to: C:\Users\PC\.stmcufinder\plugins\mcufinder//mcu/
2023-04-14 13:03:08,244 [WARN] DbFile:40 - Overriding database path with different value: C:\Users\PC\.stmcufinder\plugins\mcufinder/ => C:\Users\PC\.stmcufinder\plugins\mcufinder
2023-04-14 13:03:08,244 [WARN] DbFile:40 - Overriding database path with different value: C:\Users\PC\.stmcufinder\plugins\mcufinder/ => C:\Users\PC\.stmcufinder\plugins\mcufinder
2023-04-14 13:03:08,244 [INFO] CrossReferenceDbSqlite:202 - Set database path to: C:\Users\PC\.stmcufinder\plugins\mcufinder//mcu/cs/
2023-04-14 13:03:08,481 [INFO] MainPanel:252 - HeapMemory: 268435456
2023-04-14 13:03:08,740 [INFO] DbMcusXml:77 - Set database path to: F:\Program Files\STM32CubeIDE_1.11.0\STM32CubeIDE\plugins\com.st.stm32cube.common.mx_6.7.0.202211181646\\db\/mcu/
2023-04-14 13:03:08,740 [INFO] ApiDb:273 - Set plugin database path to: F:\Program Files\STM32CubeIDE_1.11.0\STM32CubeIDE\plugins\com.st.stm32cube.common.mx_6.7.0.202211181646\\db\/plugins/boardmanager/
2023-04-14 13:03:08,740 [INFO] ApiDb:260 - Set plugin images path to: F:\Program Files\STM32CubeIDE_1.11.0\STM32CubeIDE\plugins\com.st.stm32cube.common.mx_6.7.0.202211181646\\db\/plugins/mcufinder/images/
2023-04-14 13:03:08,741 [WARN] DbFile:40 - Overriding database path with different value: C:\Users\PC\.stmcufinder\plugins\mcufinder/ => C:\Users\PC\.stmcufinder\plugins\mcufinder
2023-04-14 13:03:08,741 [INFO] ApiDb:249 - Set database path to: C:\Users\PC\.stmcufinder\plugins\mcufinder//mcu/
2023-04-14 13:03:08,741 [WARN] DbFile:40 - Overriding database path with different value: C:\Users\PC\.stmcufinder\plugins\mcufinder/ => C:\Users\PC\.stmcufinder\plugins\mcufinder
2023-04-14 13:03:08,741 [INFO] DbMcusAds:124 - Set database path to: C:\Users\PC\.stmcufinder\plugins\mcufinder//mcu/
2023-04-14 13:03:08,741 [WARN] DbFile:40 - Overriding database path with different value: C:\Users\PC\.stmcufinder\plugins\mcufinder/ => C:\Users\PC\.stmcufinder\plugins\mcufinder
2023-04-14 13:03:08,742 [WARN] DbFile:40 - Overriding database path with different value: C:\Users\PC\.stmcufinder\plugins\mcufinder/ => C:\Users\PC\.stmcufinder\plugins\mcufinder
2023-04-14 13:03:08,742 [INFO] CrossReferenceDbSqlite:202 - Set database path to: C:\Users\PC\.stmcufinder\plugins\mcufinder//mcu/cs/
2023-04-14 13:03:08,814 [INFO] ApplicationProperties:181 - Using Application install path: F:\Program Files\STM32CubeIDE_1.11.0\STM32CubeIDE\plugins\com.st.stm32cube.common.mx_6.7.0.202211181646
2023-04-14 13:03:08,816 [INFO] PluginManage:193 - Search for loadable plugins [exclusion list=, ]
2023-04-14 13:03:08,819 [INFO] PluginManage:307 - Check plugin analytics
2023-04-14 13:03:09,210 [INFO] AnalyticsPlugin:262 - Accepted Software Licenses: 
2023-04-14 13:03:09,211 [INFO] AnalyticsPlugin:264 - Accepted CMSIS Pack Licenses: 
2023-04-14 13:03:09,211 [INFO] AnalyticsPlugin:266 - Accepted Firmware Licenses: FW.F4.1.27.0,FW.G0.1.6.0
2023-04-14 13:03:09,225 [INFO] PluginManage:356 - Loaded plugin analytics (category:tool,tabindex:-1)
2023-04-14 13:03:09,225 [INFO] PluginManage:307 - Check plugin cadmodel
2023-04-14 13:03:09,282 [INFO] CADModel:104 - Init CAD model plugin
2023-04-14 13:03:09,283 [INFO] PluginManage:356 - Loaded plugin cadmodel (category:power,tabindex:5)
2023-04-14 13:03:09,283 [INFO] PluginManage:307 - Check plugin clock
2023-04-14 13:03:09,323 [INFO] PluginManage:356 - Loaded plugin clock (category:base,tabindex:2)
2023-04-14 13:03:09,323 [INFO] PluginManage:307 - Check plugin ddr
2023-04-14 13:03:09,355 [INFO] PluginManage:356 - Loaded plugin ddr (category:tool,tabindex:6)
2023-04-14 13:03:09,356 [INFO] PluginManage:307 - Check plugin filemanager
2023-04-14 13:03:09,633 [INFO] PluginManage:356 - Loaded plugin filemanager (category:base,tabindex:10)
2023-04-14 13:03:09,634 [INFO] PluginManage:307 - Check plugin ipmanager
2023-04-14 13:03:09,681 [INFO] PluginManage:356 - Loaded plugin ipmanager (category:base,tabindex:5)
2023-04-14 13:03:09,681 [INFO] PluginManage:307 - Check plugin lpbam
2023-04-14 13:03:09,715 [INFO] PluginManage:356 - Loaded plugin lpbam (category:base,tabindex:0)
2023-04-14 13:03:09,716 [INFO] PluginManage:307 - Check plugin pinoutandconfiguration
2023-04-14 13:03:09,747 [INFO] PluginManage:356 - Loaded plugin pinoutandconfiguration (category:base,tabindex:1)
2023-04-14 13:03:09,747 [INFO] PluginManage:307 - Check plugin pinoutconfig
2023-04-14 13:03:09,819 [INFO] PluginManage:356 - Loaded plugin pinoutconfig (category:base,tabindex:0)
2023-04-14 13:03:09,820 [INFO] PluginManage:307 - Check plugin power
2023-04-14 13:03:09,873 [INFO] PluginManage:356 - Loaded plugin power (category:power,tabindex:4)
2023-04-14 13:03:09,873 [INFO] PluginManage:307 - Check plugin projectmanager
2023-04-14 13:03:09,907 [INFO] PluginManage:356 - Loaded plugin projectmanager (category:projectmanager,tabindex:3)
2023-04-14 13:03:09,907 [INFO] PluginManage:307 - Check plugin thirdparty
2023-04-14 13:03:10,404 [WARN] IntegrityCheckThread:82 - waiting for thirdparty lock release [integrity check]
2023-04-14 13:03:10,405 [INFO] PluginManage:356 - Loaded plugin thirdparty (category:base,tabindex:-1)
2023-04-14 13:03:10,405 [INFO] IntegrityCheckThread:84 - entering critical section [integrity check]
2023-04-14 13:03:10,406 [INFO] PluginManage:307 - Check plugin tools
2023-04-14 13:03:10,409 [INFO] ThirdPartyUpdaterWithRetryManager:70 - Updater plugin not ready yet. [1/15]
2023-04-14 13:03:10,420 [INFO] PluginManage:356 - Loaded plugin tools (category:base,tabindex:7)
2023-04-14 13:03:10,420 [INFO] PluginManage:307 - Check plugin tutovideos
2023-04-14 13:03:10,837 [INFO] PluginManage:356 - Loaded plugin tutovideos (category:base,tabindex:-1)
2023-04-14 13:03:10,838 [INFO] PluginManage:307 - Check plugin updater
2023-04-14 13:03:10,881 [INFO] PluginManage:356 - Loaded plugin updater (category:base,tabindex:12)
2023-04-14 13:03:10,881 [INFO] PluginManage:280 - PluginManage : Loaded plugins [15]
2023-04-14 13:03:11,680 [INFO] PinOutPanel:1477 - setPackage(No Configuration,No Configuration)
2023-04-14 13:03:11,901 [INFO] CADModel:164 - CPN selected for project level
2023-04-14 13:03:11,901 [INFO] CADModel:113 - Register for checkConnection events
2023-04-14 13:03:11,973 [INFO] IPUIPlugin:79 - create IPUIPlugin
2023-04-14 13:03:11,973 [INFO] PluginManager:219 - loadIPPluginJar : add adc
2023-04-14 13:03:11,990 [INFO] IPUIPlugin:79 - create IPUIPlugin
2023-04-14 13:03:11,990 [INFO] PluginManager:219 - loadIPPluginJar : add aes
2023-04-14 13:03:12,006 [INFO] IPUIPlugin:79 - create IPUIPlugin
2023-04-14 13:03:12,006 [INFO] PluginManager:219 - loadIPPluginJar : add can
2023-04-14 13:03:12,020 [INFO] IPUIPlugin:79 - create IPUIPlugin
2023-04-14 13:03:12,020 [INFO] PluginManager:219 - loadIPPluginJar : add comp
2023-04-14 13:03:12,039 [INFO] IPUIPlugin:79 - create IPUIPlugin
2023-04-14 13:03:12,040 [INFO] PluginManager:219 - loadIPPluginJar : add cryp
2023-04-14 13:03:12,056 [INFO] IPUIPlugin:79 - create IPUIPlugin
2023-04-14 13:03:12,057 [INFO] PluginManager:219 - loadIPPluginJar : add dfsdm
2023-04-14 13:03:12,077 [INFO] IPUIPlugin:79 - create IPUIPlugin
2023-04-14 13:03:12,078 [INFO] PluginManager:219 - loadIPPluginJar : add dma
2023-04-14 13:03:12,083 [INFO] IPUIPlugin:79 - create IPUIPlugin
2023-04-14 13:03:12,083 [INFO] PluginManager:219 - loadIPPluginJar : add dma3
2023-04-14 13:03:12,097 [INFO] IPUIPlugin:79 - create IPUIPlugin
2023-04-14 13:03:12,098 [INFO] PluginManager:219 - loadIPPluginJar : add fatfs
2023-04-14 13:03:12,118 [INFO] IPUIPlugin:79 - create IPUIPlugin
2023-04-14 13:03:12,118 [INFO] PluginManager:219 - loadIPPluginJar : add fmc
2023-04-14 13:03:12,128 [INFO] IPUIPlugin:79 - create IPUIPlugin
2023-04-14 13:03:12,129 [INFO] PluginManager:219 - loadIPPluginJar : add freertos
2023-04-14 13:03:12,131 [INFO] IPUIPlugin:79 - create IPUIPlugin
2023-04-14 13:03:12,132 [INFO] PluginManager:219 - loadIPPluginJar : add genericplugin
2023-04-14 13:03:12,148 [INFO] IPUIPlugin:79 - create IPUIPlugin
2023-04-14 13:03:12,148 [INFO] PluginManager:219 - loadIPPluginJar : add gfxmmu
2023-04-14 13:03:12,156 [INFO] IPUIPlugin:79 - create IPUIPlugin
2023-04-14 13:03:12,156 [INFO] PluginManager:219 - loadIPPluginJar : add gic
2023-04-14 13:03:12,162 [INFO] IPUIPlugin:79 - create IPUIPlugin
2023-04-14 13:03:12,163 [INFO] PluginManager:219 - loadIPPluginJar : add gpio
2023-04-14 13:03:12,180 [INFO] IPUIPlugin:79 - create IPUIPlugin
2023-04-14 13:03:12,181 [INFO] PluginManager:219 - loadIPPluginJar : add gtzc
2023-04-14 13:03:12,194 [INFO] IPUIPlugin:79 - create IPUIPlugin
2023-04-14 13:03:12,195 [INFO] PluginManager:219 - loadIPPluginJar : add hash
2023-04-14 13:03:12,211 [INFO] IPUIPlugin:79 - create IPUIPlugin
2023-04-14 13:03:12,212 [INFO] PluginManager:219 - loadIPPluginJar : add i2c
2023-04-14 13:03:12,232 [INFO] IPUIPlugin:79 - create IPUIPlugin
2023-04-14 13:03:12,232 [INFO] PluginManager:219 - loadIPPluginJar : add i2s
2023-04-14 13:03:12,247 [INFO] IPUIPlugin:79 - create IPUIPlugin
2023-04-14 13:03:12,247 [INFO] PluginManager:219 - loadIPPluginJar : add ipddr
2023-04-14 13:03:12,272 [INFO] IPUIPlugin:79 - create IPUIPlugin
2023-04-14 13:03:12,272 [INFO] PluginManager:219 - loadIPPluginJar : add linkedlist
2023-04-14 13:03:12,290 [INFO] IPUIPlugin:79 - create IPUIPlugin
2023-04-14 13:03:12,291 [INFO] PluginManager:219 - loadIPPluginJar : add lorawan
2023-04-14 13:03:12,294 [INFO] IPUIPlugin:79 - create IPUIPlugin
2023-04-14 13:03:12,294 [INFO] PluginManager:219 - loadIPPluginJar : add ltdc
2023-04-14 13:03:12,321 [INFO] IPUIPlugin:79 - create IPUIPlugin
2023-04-14 13:03:12,322 [INFO] PluginManager:219 - loadIPPluginJar : add mdma
2023-04-14 13:03:12,328 [INFO] IPUIPlugin:79 - create IPUIPlugin
2023-04-14 13:03:12,329 [INFO] PluginManager:219 - loadIPPluginJar : add nvic
2023-04-14 13:03:12,334 [INFO] IPUIPlugin:79 - create IPUIPlugin
2023-04-14 13:03:12,334 [INFO] PluginManager:219 - loadIPPluginJar : add opamp
2023-04-14 13:03:12,348 [INFO] IPUIPlugin:79 - create IPUIPlugin
2023-04-14 13:03:12,348 [INFO] PluginManager:219 - loadIPPluginJar : add openamp
2023-04-14 13:03:12,369 [INFO] IPUIPlugin:79 - create IPUIPlugin
2023-04-14 13:03:12,369 [INFO] PluginManager:219 - loadIPPluginJar : add pdm2pcm
2023-04-14 13:03:12,380 [INFO] IPUIPlugin:79 - create IPUIPlugin
2023-04-14 13:03:12,385 [INFO] PluginManager:219 - loadIPPluginJar : add plateformsettings
2023-04-14 13:03:12,398 [INFO] IPUIPlugin:79 - create IPUIPlugin
2023-04-14 13:03:12,399 [INFO] PluginManager:219 - loadIPPluginJar : add quadspi
2023-04-14 13:03:12,426 [INFO] IPUIPlugin:79 - create IPUIPlugin
2023-04-14 13:03:12,426 [INFO] PluginManager:219 - loadIPPluginJar : add resmgrutility
2023-04-14 13:03:12,438 [INFO] IPUIPlugin:79 - create IPUIPlugin
2023-04-14 13:03:12,439 [INFO] PluginManager:219 - loadIPPluginJar : add sai
2023-04-14 13:03:12,443 [INFO] IPUIPlugin:79 - create IPUIPlugin
2023-04-14 13:03:12,443 [INFO] PluginManager:219 - loadIPPluginJar : add spi
2023-04-14 13:03:12,460 [INFO] IPUIPlugin:79 - create IPUIPlugin
2023-04-14 13:03:12,460 [INFO] PluginManager:219 - loadIPPluginJar : add stm32_wpan
2023-04-14 13:03:12,467 [INFO] IPUIPlugin:79 - create IPUIPlugin
2023-04-14 13:03:12,467 [INFO] PluginManager:219 - loadIPPluginJar : add tim
2023-04-14 13:03:12,488 [INFO] IPUIPlugin:79 - create IPUIPlugin
2023-04-14 13:03:12,488 [INFO] PluginManager:219 - loadIPPluginJar : add touchsensing
2023-04-14 13:03:12,508 [INFO] IPUIPlugin:79 - create IPUIPlugin
2023-04-14 13:03:12,509 [INFO] PluginManager:219 - loadIPPluginJar : add tracer_emb
2023-04-14 13:03:12,519 [INFO] IPUIPlugin:79 - create IPUIPlugin
2023-04-14 13:03:12,519 [INFO] PluginManager:219 - loadIPPluginJar : add ts
2023-04-14 13:03:12,527 [INFO] IPUIPlugin:79 - create IPUIPlugin
2023-04-14 13:03:12,527 [INFO] PluginManager:219 - loadIPPluginJar : add tsc
2023-04-14 13:03:12,531 [INFO] IPUIPlugin:79 - create IPUIPlugin
2023-04-14 13:03:12,531 [INFO] PluginManager:219 - loadIPPluginJar : add ucpd
2023-04-14 13:03:12,545 [INFO] IPUIPlugin:79 - create IPUIPlugin
2023-04-14 13:03:12,546 [INFO] PluginManager:219 - loadIPPluginJar : add usart
2023-04-14 13:03:12,550 [INFO] IPUIPlugin:79 - create IPUIPlugin
2023-04-14 13:03:12,550 [INFO] PluginManager:219 - loadIPPluginJar : add usbx
2023-04-14 13:03:13,326 [INFO] CADModel:164 - CPN selected for project level
2023-04-14 13:03:13,326 [INFO] CADModel:113 - Register for checkConnection events
2023-04-14 13:03:13,326 [FATAL] Updater:308 - Updater called before beeing initialized
2023-04-14 13:03:13,327 [ERROR] CADModel:124 - Updater not yet initialized, retry later 
2023-04-14 13:03:13,414 [INFO] ThirdPartyUpdaterWithRetryManager:70 - Updater plugin not ready yet. [2/15]
2023-04-14 13:03:13,659 [INFO] CADModel:164 - CPN selected for project level
2023-04-14 13:03:13,659 [INFO] CADModel:113 - Register for checkConnection events
2023-04-14 13:03:13,659 [FATAL] Updater:308 - Updater called before beeing initialized
2023-04-14 13:03:13,659 [ERROR] CADModel:124 - Updater not yet initialized, retry later 
2023-04-14 13:03:13,664 [FATAL] Updater:308 - Updater called before beeing initialized
2023-04-14 13:03:13,908 [FATAL] Updater:308 - Updater called before beeing initialized
2023-04-14 13:03:13,927 [INFO] DbMcusAds:52 - JSON generation date=Tue Feb 21 09:58:20 COT 2023 (1676991500156)
2023-04-14 13:03:13,927 [FATAL] Updater:308 - Updater called before beeing initialized
2023-04-14 13:03:14,207 [WARN] DetailPanel:344 - Failed to get advertising image, set to default
2023-04-14 13:03:14,520 [FATAL] Updater:308 - Updater called before beeing initialized
2023-04-14 13:03:14,523 [FATAL] Updater:308 - Updater called before beeing initialized
2023-04-14 13:03:14,524 [FATAL] Updater:308 - Updater called before beeing initialized
2023-04-14 13:03:14,524 [WARN] DetailPanel:344 - Failed to get advertising image, set to default
2023-04-14 13:03:14,525 [FATAL] Updater:308 - Updater called before beeing initialized
2023-04-14 13:03:14,662 [ERROR] Updater:1120 - MainUpdater not yet initialized. External WinMGr cannot be set.
2023-04-14 13:03:14,674 [INFO] Updater:1056 - Updater Version found : 6.7.0
2023-04-14 13:03:14,721 [INFO] ApplicationProperties:181 - Using Application install path: F:\Program Files\STM32CubeIDE_1.11.0\STM32CubeIDE\plugins\com.st.stm32cube.common.mx_6.7.0.202211181646
2023-04-14 13:03:16,030 [INFO] MainUpdater:2800 - connection check result : 10
2023-04-14 13:03:16,031 [INFO] MainUpdater:3494 - Updater definition file requires update
2023-04-14 13:03:16,033 [INFO] MainUpdater:282 - Updater Check For Update Now.
2023-04-14 13:03:16,034 [INFO] MicroXplorer:481 - Change Database Version : DB.6.0.70
2023-04-14 13:03:16,176 [INFO] ServerAccessManage:474 - Download File updaters.zip
2023-04-14 13:03:16,347 [INFO] FileExtend:239 - Unzip File : updaters.zip
2023-04-14 13:03:16,348 [INFO] FileExtend:254 - Standard Zip Deflate
2023-04-14 13:03:16,446 [WARN] MainUpdater:1186 - Updater busy. Cannot search thirdparties
2023-04-14 13:03:16,446 [INFO] ThirdPartyUpdaterWithRetryManager:96 - Updater plugin is busy. [1/15]
2023-04-14 13:03:17,178 [INFO] ServerAccessManage:474 - Download File PacksControlFlags.xml
2023-04-14 13:03:17,371 [INFO] ServerAccessManage:474 - Download File cubemx.pidx
2023-04-14 13:03:19,271 [INFO] ServerAccessManage:474 - Download File STMicroelectronics.FP-ATR-ASTRA1.pdsc
2023-04-14 13:03:19,451 [WARN] MainUpdater:1186 - Updater busy. Cannot search thirdparties
2023-04-14 13:03:19,451 [INFO] ThirdPartyUpdaterWithRetryManager:96 - Updater plugin is busy. [2/15]
2023-04-14 13:03:22,325 [INFO] ServerAccessManage:474 - Download File STMicroelectronics.X-CUBE-FREERTOS.pdsc
2023-04-14 13:03:22,453 [WARN] MainUpdater:1186 - Updater busy. Cannot search thirdparties
2023-04-14 13:03:22,453 [INFO] ThirdPartyUpdaterWithRetryManager:96 - Updater plugin is busy. [3/15]
2023-04-14 13:03:24,949 [INFO] ServerAccessManage:474 - Download File STMicroelectronics.X-CUBE-SMBUS.pdsc
2023-04-14 13:03:25,465 [WARN] MainUpdater:1186 - Updater busy. Cannot search thirdparties
2023-04-14 13:03:25,465 [INFO] ThirdPartyUpdaterWithRetryManager:96 - Updater plugin is busy. [4/15]
2023-04-14 13:03:26,303 [ERROR] ServerAccessManage:1090 - Problem, file not found on Server
2023-04-14 13:03:27,124 [INFO] ServerAccessManage:474 - Download File STMicroelectronics.X-CUBE-AZRTOS-H7.pdsc
2023-04-14 13:03:28,472 [WARN] MainUpdater:1186 - Updater busy. Cannot search thirdparties
2023-04-14 13:03:28,472 [INFO] ThirdPartyUpdaterWithRetryManager:96 - Updater plugin is busy. [5/15]
2023-04-14 13:03:31,492 [WARN] MainUpdater:1186 - Updater busy. Cannot search thirdparties
2023-04-14 13:03:31,492 [INFO] ThirdPartyUpdaterWithRetryManager:96 - Updater plugin is busy. [6/15]
2023-04-14 13:03:31,820 [WARN] PackLoader:242 - Cannot read IP mode file for STMicroelectronics.FP-ATR-ASTRA1.2.0.0
2023-04-14 13:03:31,881 [WARN] PackLoader:242 - Cannot read IP mode file for STMicroelectronics.X-CUBE-FREERTOS.1.0.1
2023-04-14 13:03:31,894 [WARN] PackLoader:242 - Cannot read IP mode file for STMicroelectronics.X-CUBE-SMBUS.2.1.0
2023-04-14 13:03:31,986 [INFO] CheckServerUpdateThread:119 - End of CheckServer Thread
2023-04-14 13:03:32,018 [WARN] ConditionMgr:437 - getConditionDescription Invalid condition id : UX DEVICE CLASS RTOS Condition cause : null
2023-04-14 13:03:32,018 [WARN] ConditionMgr:437 - getConditionDescription Invalid condition id : UX DEVICE CLASS RTOS Condition cause : null
2023-04-14 13:03:32,032 [INFO] MainUpdater:2800 - connection check result : 10
2023-04-14 13:03:32,037 [WARN] PackLoader:242 - Cannot read IP mode file for STMicroelectronics.X-CUBE-AZRTOS-H7.3.1.0
2023-04-14 13:03:32,050 [WARN] ConditionMgr:1038 - genDependencies : Invalid condition id : UX DEVICE CLASS RTOS Condition cause : null
2023-04-14 13:03:32,051 [WARN] ConditionMgr:1038 - genDependencies : Invalid condition id : UX DEVICE CLASS RTOS Condition cause : null
2023-04-14 13:03:32,056 [WARN] ConditionMgr:1038 - genDependencies : Invalid condition id : UX DEVICE CLASS RTOS Condition cause : null
2023-04-14 13:03:32,057 [WARN] ConditionMgr:1038 - genDependencies : Invalid condition id : UX DEVICE CLASS RTOS Condition cause : null
2023-04-14 13:03:32,057 [WARN] ConditionMgr:1038 - genDependencies : Invalid condition id : UX DEVICE CLASS RTOS Condition cause : null
2023-04-14 13:03:32,062 [INFO] PopulateThirdPartyThread:64 - Ending populate Thread
2023-04-14 13:03:32,091 [INFO] ThirdParty:999 - CMSIS Pack Vendor :STMicroelectronics FP-ATR-ASTRA1 2.0.0
2023-04-14 13:03:32,092 [INFO] ThirdParty:999 - CMSIS Pack Vendor :STMicroelectronics X-CUBE-FREERTOS 1.0.1
2023-04-14 13:03:32,100 [INFO] ThirdParty:999 - CMSIS Pack Vendor :STMicroelectronics X-CUBE-SMBUS 2.1.0
2023-04-14 13:03:32,100 [INFO] ThirdParty:999 - CMSIS Pack Vendor :STMicroelectronics X-CUBE-AZRTOS-H7 3.1.0
2023-04-14 13:03:32,101 [INFO] LoadServerUpdatesThread:367 - End of LoadServerUpdate Thread
2023-04-14 13:03:32,105 [INFO] McuFinderGlobals:65 - Set McuFinderConnectedMode to true
2023-04-14 13:03:32,650 [INFO] ServerAccessManage:474 - Download File mcusAds.json._tmp_
2023-04-14 13:03:32,777 [INFO] LoadUrlFilesThread:150 - End of LoadUrlFiles Thread
2023-04-14 13:03:33,008 [INFO] ServerAccessManage:474 - Download File cube-finder-db.zip
2023-04-14 13:03:34,498 [WARN] MainUpdater:1186 - Updater busy. Cannot search thirdparties
2023-04-14 13:03:34,498 [INFO] ThirdPartyUpdaterWithRetryManager:96 - Updater plugin is busy. [7/15]
2023-04-14 13:03:37,501 [WARN] MainUpdater:1186 - Updater busy. Cannot search thirdparties
2023-04-14 13:03:37,501 [INFO] ThirdPartyUpdaterWithRetryManager:96 - Updater plugin is busy. [8/15]
2023-04-14 13:03:40,507 [WARN] MainUpdater:1186 - Updater busy. Cannot search thirdparties
2023-04-14 13:03:40,508 [INFO] ThirdPartyUpdaterWithRetryManager:96 - Updater plugin is busy. [9/15]
2023-04-14 13:03:43,511 [WARN] MainUpdater:1186 - Updater busy. Cannot search thirdparties
2023-04-14 13:03:43,513 [INFO] ThirdPartyUpdaterWithRetryManager:96 - Updater plugin is busy. [10/15]
2023-04-14 13:03:46,527 [WARN] MainUpdater:1186 - Updater busy. Cannot search thirdparties
2023-04-14 13:03:46,527 [INFO] ThirdPartyUpdaterWithRetryManager:96 - Updater plugin is busy. [11/15]
2023-04-14 13:03:49,530 [WARN] MainUpdater:1186 - Updater busy. Cannot search thirdparties
2023-04-14 13:03:49,530 [INFO] ThirdPartyUpdaterWithRetryManager:96 - Updater plugin is busy. [12/15]
2023-04-14 13:03:50,616 [INFO] FileExtend:239 - Unzip File : cube-finder-db.zip
2023-04-14 13:03:50,616 [INFO] FileExtend:254 - Standard Zip Deflate
2023-04-14 13:03:52,538 [WARN] MainUpdater:1186 - Updater busy. Cannot search thirdparties
2023-04-14 13:03:52,538 [INFO] ThirdPartyUpdaterWithRetryManager:96 - Updater plugin is busy. [13/15]
2023-04-14 13:03:53,380 [INFO] LoadUrlFilesThread:150 - End of LoadUrlFiles Thread
2023-04-14 13:03:54,510 [INFO] ServerAccessManage:474 - Download File crdb.zip
2023-04-14 13:03:55,545 [WARN] MainUpdater:1186 - Updater busy. Cannot search thirdparties
2023-04-14 13:03:55,545 [INFO] ThirdPartyUpdaterWithRetryManager:96 - Updater plugin is busy. [14/15]
2023-04-14 13:03:55,835 [INFO] FileExtend:239 - Unzip File : crdb.zip
2023-04-14 13:03:55,836 [INFO] FileExtend:254 - Standard Zip Deflate
2023-04-14 13:03:55,986 [INFO] LoadUrlFilesThread:150 - End of LoadUrlFiles Thread
2023-04-14 13:03:56,298 [INFO] ServerAccessManage:474 - Download File tutoVideoDB.zip
2023-04-14 13:03:56,415 [INFO] FileExtend:239 - Unzip File : tutoVideoDB.zip
2023-04-14 13:03:56,415 [INFO] FileExtend:254 - Standard Zip Deflate
2023-04-14 13:03:56,558 [INFO] LoadUrlFilesThread:150 - End of LoadUrlFiles Thread
2023-04-14 13:03:56,637 [INFO] JxBrowserEngine:114 - Initiate JxBrowser Engine with user profile folder
2023-04-14 13:03:58,957 [WARN] PackLoader:242 - Cannot read IP mode file for STMicroelectronics.X-CUBE-GNSS1.6.0.0
2023-04-14 13:03:59,047 [WARN] PackLoader:242 - Cannot read IP mode file for STMicroelectronics.X-CUBE-AZRTOS-F4.1.1.0
2023-04-14 13:03:59,073 [WARN] PackLoader:242 - Cannot read IP mode file for STMicroelectronics.X-CUBE-SMBUS.2.1.0
2023-04-14 13:03:59,177 [WARN] PackLoader:242 - Cannot read IP mode file for STMicroelectronics.X-CUBE-AZRTOS-F7.1.1.0
2023-04-14 13:03:59,218 [WARN] PackLoader:242 - Cannot read IP mode file for STMicroelectronics.X-CUBE-BLE1.6.2.4
2023-04-14 13:03:59,252 [WARN] PackLoader:242 - Cannot read IP mode file for emotas.I-CUBE-CANOPEN.1.1.3
2023-04-14 13:03:59,286 [WARN] PackLoader:242 - Cannot read IP mode file for STMicroelectronics.X-CUBE-BLEMGR.2.0.0
2023-04-14 13:03:59,341 [WARN] PackLoader:242 - Cannot read IP mode file for STMicroelectronics.X-CUBE-NFC4.2.0.5
2023-04-14 13:03:59,370 [WARN] ConditionMgr:437 - getConditionDescription Invalid condition id : UX DEVICE CLASS RTOS Condition cause : null
2023-04-14 13:03:59,371 [WARN] ConditionMgr:437 - getConditionDescription Invalid condition id : UX DEVICE CLASS RTOS Condition cause : null
2023-04-14 13:03:59,377 [WARN] PackLoader:242 - Cannot read IP mode file for STMicroelectronics.X-CUBE-AZRTOS-H7.3.1.0
2023-04-14 13:03:59,378 [WARN] ConditionMgr:1038 - genDependencies : Invalid condition id : UX DEVICE CLASS RTOS Condition cause : null
2023-04-14 13:03:59,379 [WARN] ConditionMgr:1038 - genDependencies : Invalid condition id : UX DEVICE CLASS RTOS Condition cause : null
2023-04-14 13:03:59,380 [WARN] ConditionMgr:1038 - genDependencies : Invalid condition id : UX DEVICE CLASS RTOS Condition cause : null
2023-04-14 13:03:59,381 [WARN] ConditionMgr:1038 - genDependencies : Invalid condition id : UX DEVICE CLASS RTOS Condition cause : null
2023-04-14 13:03:59,381 [WARN] ConditionMgr:1038 - genDependencies : Invalid condition id : UX DEVICE CLASS RTOS Condition cause : null
2023-04-14 13:03:59,412 [WARN] PackLoader:242 - Cannot read IP mode file for STMicroelectronics.X-CUBE-DISPLAY.3.0.0
2023-04-14 13:03:59,438 [WARN] PackLoader:242 - Cannot read IP mode file for wolfSSL.I-CUBE-wolfSSL.5.5.3
2023-04-14 13:03:59,467 [WARN] PackLoader:242 - Cannot read IP mode file for STMicroelectronics.X-CUBE-NFC7.1.0.0
2023-04-14 13:03:59,549 [WARN] PackLoader:242 - Cannot read IP mode file for STMicroelectronics.X-CUBE-EEPRMA1.4.1.0
2023-04-14 13:03:59,571 [WARN] PackLoader:242 - Cannot read IP mode file for WES.I-CUBE-Cesium.1.3.0
2023-04-14 13:03:59,618 [WARN] PackLoader:242 - Cannot read IP mode file for STMicroelectronics.X-CUBE-SFXS2LP1.4.0.0
2023-04-14 13:03:59,697 [WARN] PackLoader:242 - Cannot read IP mode file for STMicroelectronics.X-CUBE-BLE2.3.3.0
2023-04-14 13:03:59,745 [WARN] PackLoader:242 - Cannot read IP mode file for STMicroelectronics.X-CUBE-DISPLAY.2.2.0
2023-04-14 13:03:59,821 [WARN] PackLoader:242 - Cannot read IP mode file for STMicroelectronics.X-CUBE-TOF1.3.2.0
2023-04-14 13:04:00,003 [WARN] PackLoader:242 - Cannot read IP mode file for STMicroelectronics.X-CUBE-AZRTOS-H7.3.0.0
2023-04-14 13:04:00,080 [WARN] PackLoader:242 - Cannot read IP mode file for STMicroelectronics.X-CUBE-ISPU.1.1.0
2023-04-14 13:04:00,133 [WARN] PackLoader:242 - Cannot read IP mode file for RoweBots.I-CUBE-UNISONRTOS.5.5.0-4
2023-04-14 13:04:00,202 [WARN] PackLoader:242 - Cannot read IP mode file for STMicroelectronics.X-CUBE-AI.8.0.0
2023-04-14 13:04:00,282 [WARN] PackLoader:242 - Cannot read IP mode file for STMicroelectronics.X-CUBE-FREERTOS.1.0.0
2023-04-14 13:04:00,290 [WARN] PackLoader:242 - Cannot read IP mode file for STMicroelectronics.X-CUBE-FREERTOS.1.0.1
2023-04-14 13:04:00,346 [WARN] PackLoader:242 - Cannot read IP mode file for STMicroelectronics.X-CUBE-TOUCHGFX.4.21.1
2023-04-14 13:04:00,388 [WARN] PackLoader:242 - Cannot read IP mode file for STMicroelectronics.X-CUBE-TOUCHGFX.4.21.0
2023-04-14 13:04:00,429 [WARN] PackLoader:242 - Cannot read IP mode file for STMicroelectronics.X-CUBE-TOUCHGFX.4.21.3
2023-04-14 13:04:00,609 [WARN] PackLoader:242 - Cannot read IP mode file for STMicroelectronics.X-CUBE-MEMS1.9.4.0
2023-04-14 13:04:01,787 [WARN] PackLoader:242 - Cannot read IP mode file for STMicroelectronics.X-CUBE-AI.7.3.0
2023-04-14 13:04:01,830 [WARN] PackLoader:242 - Cannot read IP mode file for STMicroelectronics.X-CUBE-ALGOBUILD.1.3.0
2023-04-14 13:04:01,957 [WARN] PackLoader:242 - Cannot read IP mode file for STMicroelectronics.X-CUBE-AZRTOS-L5.1.1.0
2023-04-14 13:04:02,049 [WARN] PackLoader:242 - Cannot read IP mode file for STMicroelectronics.X-CUBE-AZRTOS-G0.1.1.0
2023-04-14 13:04:02,109 [WARN] PackLoader:242 - Cannot read IP mode file for STMicroelectronics.X-CUBE-SUBG2.5.0.0
2023-04-14 13:04:02,527 [WARN] PackLoader:242 - Cannot read IP mode file for STMicroelectronics.X-CUBE-NFC4.3.0.0
2023-04-14 13:04:02,565 [WARN] PackLoader:242 - Cannot read IP mode file for STMicroelectronics.X-CUBE-TOF1.3.3.0
2023-04-14 13:04:02,687 [WARN] PackLoader:242 - Cannot read IP mode file for STMicroelectronics.FP-ATR-ASTRA1.1.1.1
2023-04-14 13:04:02,746 [WARN] PackLoader:242 - Cannot read IP mode file for STMicroelectronics.X-CUBE-BLEMGR.1.3.0
2023-04-14 13:04:02,782 [WARN] PackLoader:242 - Cannot read IP mode file for STMicroelectronics.X-CUBE-AZRTOS-G4.1.0.0
2023-04-14 13:04:02,835 [WARN] PackLoader:242 - Cannot read IP mode file for STMicroelectronics.FP-ATR-SIGFOX1.3.2.0
2023-04-14 13:04:02,868 [WARN] PackLoader:242 - Cannot read IP mode file for STMicroelectronics.X-CUBE-AZRTOS-L4.1.0.0
2023-04-14 13:04:02,900 [WARN] PackLoader:242 - Cannot read IP mode file for STMicroelectronics.X-CUBE-AZRTOS-WL.1.0.0
2023-04-14 13:04:02,936 [WARN] PackLoader:242 - Cannot read IP mode file for portGmbH.I-Cube-SoM-uGOAL.1.1.0
2023-04-14 13:04:02,952 [WARN] PackLoader:242 - Cannot read IP mode file for STMicroelectronics.X-CUBE-ALS.1.0.1
2023-04-14 13:04:03,247 [WARN] PackLoader:242 - Cannot read IP mode file for STMicroelectronics.X-CUBE-MEMS1.9.5.0
2023-04-14 13:04:03,691 [WARN] PackLoader:242 - Cannot read IP mode file for STMicroelectronics.X-CUBE-AZRTOS-WB.1.1.0
2023-04-14 13:04:03,806 [WARN] PackLoader:242 - Cannot read IP mode file for SEGGER.I-CUBE-embOS.1.3.1
2023-04-14 13:04:03,922 [WARN] PackLoader:242 - Cannot read IP mode file for SEGGER.I-CUBE-embOS.1.3.0
2023-04-14 13:04:03,996 [WARN] PackLoader:242 - Cannot read IP mode file for STMicroelectronics.FP-ATR-ASTRA1.2.0.0
2023-04-14 13:04:03,998 [INFO] ThirdParty:947 - Integrity check success = true
2023-04-14 13:04:03,998 [INFO] IntegrityCheckThread:98 - exiting critical section [integrity check]
2023-04-14 13:04:03,998 [INFO] IntegrityCheckThread:101 - End integrity checks thread
2023-04-14 13:04:11,991 [WARN] DbFile:40 - Overriding database path with different value: C:\Users\PC\.stmcufinder\plugins\mcufinder/ => C:\Users\PC\.stmcufinder\plugins\mcufinder
2023-04-14 13:04:12,134 [INFO] ServerAccessManage:474 - Download File api_config.json
2023-04-14 13:04:12,260 [INFO] LoadUrlFilesThread:150 - End of LoadUrlFiles Thread
2023-04-14 13:04:12,260 [INFO] DbMcusAds:52 - JSON generation date=Tue Mar 07 03:50:55 COT 2023 (1678179055335)
2023-04-14 13:04:12,503 [INFO] ServerAccessManage:474 - Download File 
2023-04-14 13:04:12,523 [INFO] LoadUrlFilesThread:179 - End of LoadServerUrlFiles without Thread
2023-04-14 13:04:12,524 [INFO] TargetSelectorAdapter:258 - Refresh data is successful
2023-04-14 13:04:13,022 [INFO] ApiDb:580 - Connected to CubeFinder SQLite database (C:\Users\PC\.stmcufinder\plugins\mcufinder\mcu\cube-finder-db.db)
2023-04-14 13:04:13,133 [INFO] ApiDb:667 - CubeFinder database Data Model version=2.1
2023-04-14 13:04:13,133 [INFO] ApiDb:668 - CubeFinder database Configuration version=3.0.35
2023-04-14 13:04:13,134 [INFO] ApiDb:669 - CubeFinder database generation date=2023-03-10 (1678456172)
2023-04-14 13:04:13,134 [INFO] ApiDb:670 - CubeFinder database FW Pack versions=[FP-ATR-ASTRA1_V1.1.1, STM32Cube_FW_C0_V1.0.1, STM32Cube_FW_F0_V1.11.4, STM32Cube_FW_F3_V1.11.4, STM32Cube_FW_F4_V1.27.1, STM32Cube_FW_F7_V1.17.0, STM32Cube_FW_G0_V1.6.1, STM32Cube_FW_G4_V1.5.1, STM32Cube_FW_H5_V0.5.1, STM32Cube_FW_H5_V1.0.0, STM32Cube_FW_H7_V1.11.0, STM32Cube_FW_L0_V1.12.2, STM32Cube_FW_L5_V1.5.0, STM32Cube_FW_U5_V1.2.0, STM32Cube_FW_WBA_V1.0.0, STM32Cube_FW_WBA_V1.0.0RC1, STM32Cube_FW_WBA_V1.0.0RC3, STM32Cube_FW_WB_V1.15.0RC1, STM32Cube_FW_WB_V1.16.0, STM32Cube_FW_WB_V1.16.0RC2, STM32Cube_FW_WL_V1.3.0, X-CUBE-ALGOBUILD_V1.3.0, X-CUBE-ALS_V1.0.1, X-CUBE-AZRTOS-F4_V1.1.0, X-CUBE-AZRTOS-F7_V1.1.0, X-CUBE-AZRTOS-G0_V1.1.0, X-CUBE-AZRTOS-G4_V1.0.0, X-CUBE-AZRTOS-H7_V3.0.0, X-CUBE-AZRTOS-L4_V1.0.0, X-CUBE-AZRTOS-L5_V1.1.0, X-CUBE-AZRTOS-WB_V1.1.0, X-CUBE-AZRTOS-WL_V1.0.0, X-CUBE-BLE1_V6.2.4, X-CUBE-BLE2_V3.3.0, X-CUBE-BLEMGR_V1.3.0, X-CUBE-EEPRMA1_V4.1.0, X-CUBE-GNSS1_V6.0.0, X-CUBE-MEMS1_V9.1.0, X-CUBE-MEMS1_V9.4.0, X-CUBE-MEMS1_V9.5.0, X-CUBE-NFC4_V3.0.0, X-CUBE-NFC7_V1.0.0, X-CUBE-SFXS2LP1_V4.0.0, X-CUBE-SUBG2_V5.0.0]
2023-04-14 13:04:15,859 [INFO] ApiDb:239 - Found 143 in-development CPN: [B-WB1M-WPAN1, B-WL5M-SUBG1, NUCLEO-C031C6, STEVAL-PROTEUS1, STEVAL-STWINBX1, STM320518-EVAL, STM32C0116-DK, STM32C011D6Y3TR, STM32C011D6Y6TR, STM32C011F4P3, STM32C011F4P6, STM32C011F4U3, STM32C011F4U6TR, STM32C011F6P3, STM32C011F6P6, STM32C011F6U3, STM32C011F6U6TR, STM32C011J4M3, STM32C011J4M6, STM32C011J6M3, STM32C011J6M6, STM32C0316-DK, STM32C031C4T3, STM32C031C4T6, STM32C031C4U3, STM32C031C4U6, STM32C031C6T3, STM32C031C6T6, STM32C031C6U3, STM32C031C6U6, STM32C031F4P3, STM32C031F4P6, STM32C031F6P3, STM32C031F6P6, STM32C031G4U3, STM32C031G4U6, STM32C031G6U3, STM32C031G6U6, STM32C031K4T3, STM32C031K4T6, STM32C031K4U3, STM32C031K4U6, STM32C031K6T3, STM32C031K6T6, STM32C031K6U3, STM32C031K6U6, STM32G071K8TXN, STM32G071K8UXN, STM32G081GBU6N, STM32G081KBT6N, STM32G081KBUXN, STM32G0B1CCT6N, STM32G0B1KCT6, STM32G0B1NEY6TR, STM32G0B1RCT6N, STM32G0C1CCT6, STM32G0C1CCT6N, STM32G0C1CCU6N, STM32G0C1CET6N, STM32G0C1CEU6N, STM32G0C1KCT6, STM32G0C1NEY6TR, STM32G0C1RCI6N, STM32G0C1RCT6N, STM32G0C1REI6N, STM32G0C1RET6N, STM32G0C1VCI6, STM32G0C1VEI6, STM32G471CCT6, STM32G471CCU6, STM32G471CET3, STM32G471CET6, STM32G471CEU3, STM32G471CEU6, STM32G471MCT6, STM32G471MET3, STM32G471MET6, STM32G471MEY6TR, STM32G471QCT6, STM32G471QET3, STM32G471RCT6, STM32G471RET3, STM32G471RET6, STM32G471VCH6, STM32G471VCI6, STM32G471VCT6, STM32G471VEH3, STM32G471VEH6, STM32G471VEI3, STM32G471VEI6, STM32G471VET3, STM32G471VET6, STM32G474CCT6, STM32L476VGY6PTR, STM32L4R5QGI6STR, STM32MP131AAE3, STM32MP131AAF3, STM32MP131AAG3, STM32MP131CAE3, STM32MP131CAF3, STM32MP131CAG3, STM32MP131DAE7, STM32MP131DAF7, STM32MP131DAG7, STM32MP131FAE7, STM32MP131FAF7, STM32MP131FAG7, STM32MP133AAE3, STM32MP133AAF3, STM32MP133AAG3, STM32MP133CAE3, STM32MP133CAF3, STM32MP133CAG3, STM32MP133DAE7, STM32MP133DAF7, STM32MP133DAG7, STM32MP133FAE7, STM32MP133FAF7, STM32MP133FAG7, STM32MP135AAE3, STM32MP135AAF3, STM32MP135AAG3, STM32MP135CAE3, STM32MP135CAF3, STM32MP135CAG3, STM32MP135DAE7, STM32MP135DAF7, STM32MP135DAG7, STM32MP135F-DK, STM32MP135FAE7, STM32MP135FAF7, STM32MP135FAF7T, STM32MP135FAF7U, STM32MP135FAG7, STM32U595ZJT6Q, STM32U599BJY6QTR, STM32U599NIH6Q, STM32U599NJH6Q, STM32U5A5ZJT6Q, STM32U5A9BJY6QTR, STM32U5A9NJH6Q, STM32WB1MMCH6, STM32WL5MOCH6TR]
2023-04-14 13:04:15,865 [INFO] DbMcus:215 - Found 3680 MCUs, 3680 are supported
2023-04-14 13:04:15,926 [INFO] ApiDb:422 - Load user favorites file C:\Users\PC/.stm32cubeide/favorites.mcus.txt: 2 item(s)
2023-04-14 13:04:15,926 [INFO] ApiDb:426 - User favorites MCUs=[STM32F446RET6, STM32G030K6T6]
2023-04-14 13:04:15,927 [INFO] DbMcus:221 - Set 2 / 2 favorites MCUs
2023-04-14 13:04:16,663 [INFO] ApiDb:667 - CubeFinder database Data Model version=2.1
2023-04-14 13:04:16,663 [INFO] ApiDb:668 - CubeFinder database Configuration version=3.0.35
2023-04-14 13:04:16,663 [INFO] ApiDb:669 - CubeFinder database generation date=2023-03-10 (1678456172)
2023-04-14 13:04:16,663 [INFO] ApiDb:670 - CubeFinder database FW Pack versions=[FP-ATR-ASTRA1_V1.1.1, STM32Cube_FW_C0_V1.0.1, STM32Cube_FW_F0_V1.11.4, STM32Cube_FW_F3_V1.11.4, STM32Cube_FW_F4_V1.27.1, STM32Cube_FW_F7_V1.17.0, STM32Cube_FW_G0_V1.6.1, STM32Cube_FW_G4_V1.5.1, STM32Cube_FW_H5_V0.5.1, STM32Cube_FW_H5_V1.0.0, STM32Cube_FW_H7_V1.11.0, STM32Cube_FW_L0_V1.12.2, STM32Cube_FW_L5_V1.5.0, STM32Cube_FW_U5_V1.2.0, STM32Cube_FW_WBA_V1.0.0, STM32Cube_FW_WBA_V1.0.0RC1, STM32Cube_FW_WBA_V1.0.0RC3, STM32Cube_FW_WB_V1.15.0RC1, STM32Cube_FW_WB_V1.16.0, STM32Cube_FW_WB_V1.16.0RC2, STM32Cube_FW_WL_V1.3.0, X-CUBE-ALGOBUILD_V1.3.0, X-CUBE-ALS_V1.0.1, X-CUBE-AZRTOS-F4_V1.1.0, X-CUBE-AZRTOS-F7_V1.1.0, X-CUBE-AZRTOS-G0_V1.1.0, X-CUBE-AZRTOS-G4_V1.0.0, X-CUBE-AZRTOS-H7_V3.0.0, X-CUBE-AZRTOS-L4_V1.0.0, X-CUBE-AZRTOS-L5_V1.1.0, X-CUBE-AZRTOS-WB_V1.1.0, X-CUBE-AZRTOS-WL_V1.0.0, X-CUBE-BLE1_V6.2.4, X-CUBE-BLE2_V3.3.0, X-CUBE-BLEMGR_V1.3.0, X-CUBE-EEPRMA1_V4.1.0, X-CUBE-GNSS1_V6.0.0, X-CUBE-MEMS1_V9.1.0, X-CUBE-MEMS1_V9.4.0, X-CUBE-MEMS1_V9.5.0, X-CUBE-NFC4_V3.0.0, X-CUBE-NFC7_V1.0.0, X-CUBE-SFXS2LP1_V4.0.0, X-CUBE-SUBG2_V5.0.0]
2023-04-14 13:04:16,773 [INFO] DbBoardsSqlite:225 - include board P-NUCLEO-WB55-NUCLEO as a kit item of type 'Nucleo-64'
2023-04-14 13:04:16,774 [INFO] DbBoardsSqlite:225 - include board P-NUCLEO-WB55-USBDONGLE as a kit item of type 'Nucleo USB Dongle'
2023-04-14 13:04:16,774 [INFO] DbBoardsSqlite:225 - include board STEVAL-IDP005V1 as a kit item of type 'Evaluation Board'
2023-04-14 13:04:16,775 [INFO] DbBoardsSqlite:225 - include board STEVAL-IDP005V2 as a kit item of type 'Evaluation Board'
2023-04-14 13:04:16,867 [INFO] ApiDb:239 - Found 143 in-development CPN: [B-WB1M-WPAN1, B-WL5M-SUBG1, NUCLEO-C031C6, STEVAL-PROTEUS1, STEVAL-STWINBX1, STM320518-EVAL, STM32C0116-DK, STM32C011D6Y3TR, STM32C011D6Y6TR, STM32C011F4P3, STM32C011F4P6, STM32C011F4U3, STM32C011F4U6TR, STM32C011F6P3, STM32C011F6P6, STM32C011F6U3, STM32C011F6U6TR, STM32C011J4M3, STM32C011J4M6, STM32C011J6M3, STM32C011J6M6, STM32C0316-DK, STM32C031C4T3, STM32C031C4T6, STM32C031C4U3, STM32C031C4U6, STM32C031C6T3, STM32C031C6T6, STM32C031C6U3, STM32C031C6U6, STM32C031F4P3, STM32C031F4P6, STM32C031F6P3, STM32C031F6P6, STM32C031G4U3, STM32C031G4U6, STM32C031G6U3, STM32C031G6U6, STM32C031K4T3, STM32C031K4T6, STM32C031K4U3, STM32C031K4U6, STM32C031K6T3, STM32C031K6T6, STM32C031K6U3, STM32C031K6U6, STM32G071K8TXN, STM32G071K8UXN, STM32G081GBU6N, STM32G081KBT6N, STM32G081KBUXN, STM32G0B1CCT6N, STM32G0B1KCT6, STM32G0B1NEY6TR, STM32G0B1RCT6N, STM32G0C1CCT6, STM32G0C1CCT6N, STM32G0C1CCU6N, STM32G0C1CET6N, STM32G0C1CEU6N, STM32G0C1KCT6, STM32G0C1NEY6TR, STM32G0C1RCI6N, STM32G0C1RCT6N, STM32G0C1REI6N, STM32G0C1RET6N, STM32G0C1VCI6, STM32G0C1VEI6, STM32G471CCT6, STM32G471CCU6, STM32G471CET3, STM32G471CET6, STM32G471CEU3, STM32G471CEU6, STM32G471MCT6, STM32G471MET3, STM32G471MET6, STM32G471MEY6TR, STM32G471QCT6, STM32G471QET3, STM32G471RCT6, STM32G471RET3, STM32G471RET6, STM32G471VCH6, STM32G471VCI6, STM32G471VCT6, STM32G471VEH3, STM32G471VEH6, STM32G471VEI3, STM32G471VEI6, STM32G471VET3, STM32G471VET6, STM32G474CCT6, STM32L476VGY6PTR, STM32L4R5QGI6STR, STM32MP131AAE3, STM32MP131AAF3, STM32MP131AAG3, STM32MP131CAE3, STM32MP131CAF3, STM32MP131CAG3, STM32MP131DAE7, STM32MP131DAF7, STM32MP131DAG7, STM32MP131FAE7, STM32MP131FAF7, STM32MP131FAG7, STM32MP133AAE3, STM32MP133AAF3, STM32MP133AAG3, STM32MP133CAE3, STM32MP133CAF3, STM32MP133CAG3, STM32MP133DAE7, STM32MP133DAF7, STM32MP133DAG7, STM32MP133FAE7, STM32MP133FAF7, STM32MP133FAG7, STM32MP135AAE3, STM32MP135AAF3, STM32MP135AAG3, STM32MP135CAE3, STM32MP135CAF3, STM32MP135CAG3, STM32MP135DAE7, STM32MP135DAF7, STM32MP135DAG7, STM32MP135F-DK, STM32MP135FAE7, STM32MP135FAF7, STM32MP135FAF7T, STM32MP135FAF7U, STM32MP135FAG7, STM32U595ZJT6Q, STM32U599BJY6QTR, STM32U599NIH6Q, STM32U599NJH6Q, STM32U5A5ZJT6Q, STM32U5A9BJY6QTR, STM32U5A9NJH6Q, STM32WB1MMCH6, STM32WL5MOCH6TR]
2023-04-14 13:04:17,487 [INFO] BoardInfo:879 - No configuration file found for board P-NUCLEO-WB55
2023-04-14 13:04:17,488 [INFO] DbBoards:156 - Kit is not supported: P-NUCLEO-WB55
2023-04-14 13:04:17,495 [INFO] BoardInfo:879 - No configuration file found for board STEVAL-BFA001V1B
2023-04-14 13:04:17,495 [INFO] DbBoards:156 - Kit is not supported: STEVAL-BFA001V1B
2023-04-14 13:04:17,497 [INFO] BoardInfo:879 - No configuration file found for board STEVAL-BFA001V2B
2023-04-14 13:04:17,497 [INFO] DbBoards:156 - Kit is not supported: STEVAL-BFA001V2B
2023-04-14 13:04:17,698 [INFO] DbBoards:160 - Found 179 boards, 176 are supported
2023-04-14 13:04:17,707 [INFO] ApiDb:413 - User favorites file not found: C:\Users\PC/.stm32cubeide/favorites.boards.txt
2023-04-14 13:04:17,707 [INFO] DbBoards:189 - Set 0 / 0 favorites Boards
2023-04-14 13:04:17,711 [INFO] ApiDb:667 - CubeFinder database Data Model version=2.1
2023-04-14 13:04:17,711 [INFO] ApiDb:668 - CubeFinder database Configuration version=3.0.35
2023-04-14 13:04:17,711 [INFO] ApiDb:669 - CubeFinder database generation date=2023-03-10 (1678456172)
2023-04-14 13:04:17,711 [INFO] ApiDb:670 - CubeFinder database FW Pack versions=[FP-ATR-ASTRA1_V1.1.1, STM32Cube_FW_C0_V1.0.1, STM32Cube_FW_F0_V1.11.4, STM32Cube_FW_F3_V1.11.4, STM32Cube_FW_F4_V1.27.1, STM32Cube_FW_F7_V1.17.0, STM32Cube_FW_G0_V1.6.1, STM32Cube_FW_G4_V1.5.1, STM32Cube_FW_H5_V0.5.1, STM32Cube_FW_H5_V1.0.0, STM32Cube_FW_H7_V1.11.0, STM32Cube_FW_L0_V1.12.2, STM32Cube_FW_L5_V1.5.0, STM32Cube_FW_U5_V1.2.0, STM32Cube_FW_WBA_V1.0.0, STM32Cube_FW_WBA_V1.0.0RC1, STM32Cube_FW_WBA_V1.0.0RC3, STM32Cube_FW_WB_V1.15.0RC1, STM32Cube_FW_WB_V1.16.0, STM32Cube_FW_WB_V1.16.0RC2, STM32Cube_FW_WL_V1.3.0, X-CUBE-ALGOBUILD_V1.3.0, X-CUBE-ALS_V1.0.1, X-CUBE-AZRTOS-F4_V1.1.0, X-CUBE-AZRTOS-F7_V1.1.0, X-CUBE-AZRTOS-G0_V1.1.0, X-CUBE-AZRTOS-G4_V1.0.0, X-CUBE-AZRTOS-H7_V3.0.0, X-CUBE-AZRTOS-L4_V1.0.0, X-CUBE-AZRTOS-L5_V1.1.0, X-CUBE-AZRTOS-WB_V1.1.0, X-CUBE-AZRTOS-WL_V1.0.0, X-CUBE-BLE1_V6.2.4, X-CUBE-BLE2_V3.3.0, X-CUBE-BLEMGR_V1.3.0, X-CUBE-EEPRMA1_V4.1.0, X-CUBE-GNSS1_V6.0.0, X-CUBE-MEMS1_V9.1.0, X-CUBE-MEMS1_V9.4.0, X-CUBE-MEMS1_V9.5.0, X-CUBE-NFC4_V3.0.0, X-CUBE-NFC7_V1.0.0, X-CUBE-SFXS2LP1_V4.0.0, X-CUBE-SUBG2_V5.0.0]
2023-04-14 13:04:19,337 [INFO] DbExamplesSqlite:375 - Ignored 46 examples not supported by CubeIDE
2023-04-14 13:04:19,337 [INFO] DbExamplesSqlite:376 - Found 7328 examples active
2023-04-14 13:04:19,338 [INFO] DbExamplesSqlite:377 - Found 1095 examples obsolete
2023-04-14 13:04:19,338 [INFO] DbExamplesSqlite:378 - Found 0 examples under development
2023-04-14 13:04:19,338 [INFO] DbExamplesSqlite:379 - Found 77 examples not building
2023-04-14 13:04:19,340 [INFO] DbExamples:124 - Found 7359 examples
2023-04-14 13:04:19,449 [ERROR] DbExamples:207 - Found 498 examples with invalid data (board or MCU)
2023-04-14 13:04:19,449 [INFO] DbExamples:221 - Found 85 boards with related examples
2023-04-14 13:04:19,450 [INFO] DbExamples:234 - Found 76 MCUs with related examples
2023-04-14 13:04:19,504 [INFO] ApiDb:413 - User favorites file not found: C:\Users\PC/.stm32cubeide/favorites.examples.txt
2023-04-14 13:04:19,505 [INFO] DbExamples:249 - Set 0 / 0 favorites Examples
2023-04-14 13:04:21,072 [INFO] McuFinderGlobals:65 - Set McuFinderConnectedMode to true
2023-04-14 13:04:21,103 [INFO] MultiScanPanel:196 - Auto-refresh data requested => check proxy status ongoing
2023-04-14 13:04:21,144 [INFO] FinderPluginLoader:92 - Searching for filters in installed packs
2023-04-14 13:04:24,328 [INFO] LoadUrlFilesThread:179 - End of LoadServerUrlFiles without Thread
2023-04-14 13:04:24,428 [INFO] DetailPanel:339 - Set advertising image to C:/Users/PC/STM32Cube/Repository/\en.prom-stm32h5-mcu-finder.jpg
2023-04-14 13:04:26,337 [INFO] ToolPreferences:109 - Table McuList, key=mcufinder_cubeide.mculist: column name not found=IO
2023-04-14 13:04:26,337 [INFO] ToolPreferences:109 - Table McuList, key=mcufinder_cubeide.mculist: column name not found=Freq.
2023-04-14 13:05:17,292 [INFO] McuResultTable:1384 - Mark MCU STM32F103C8T6 as favorite
2023-04-14 13:06:15,280 [INFO] MainUpdater:2800 - connection check result : 10
2023-04-14 13:06:15,280 [INFO] MainUpdater:2800 - connection check result : 10
2023-04-14 13:06:15,331 [INFO] MicroXplorer:451 - Change Database Path : 
2023-04-14 13:06:15,332 [INFO] MicroXplorer:481 - Change Database Version : DB.6.0.70
2023-04-14 13:06:15,333 [WARN] ThirdParty:845 - waiting for thirdparty lock release [close project]
2023-04-14 13:06:15,333 [INFO] ThirdParty:847 - entering critical section [close project]
2023-04-14 13:06:15,334 [INFO] ThirdParty:857 - exiting critical section [close project]
2023-04-14 13:06:15,339 [INFO] PinOutPanel:1477 - setPackage(No Configuration,No Configuration)
2023-04-14 13:06:15,354 [INFO] UtilMem:74 - Begin LoadConfig() Used Memory: 522276600 Bytes (613416960)
2023-04-14 13:06:15,355 [INFO] MicroXplorer:451 - Change Database Path : 
2023-04-14 13:06:15,355 [INFO] MicroXplorer:481 - Change Database Version : DB.6.0.70
2023-04-14 13:06:15,356 [INFO] OpenFileManager:307 - Change cursor
2023-04-14 13:06:15,507 [INFO] Mcu:1925 - Initializing MCU STM32F103C8Tx STM32F103C8Tx 
2023-04-14 13:06:15,509 [INFO] Mcu:1938 - No CPN specified => set CPN to STM32F103C8T6
2023-04-14 13:06:17,765 [INFO] Context:654 - Trying to add GPIOservice into a context  which must be forbidden
2023-04-14 13:06:18,187 [INFO] ImportTextPane:193 - (OptionalMessage_ERROR) Unable to find key (Mcu.ThirdPartyNb) in loaded IOC file
2023-04-14 13:06:18,187 [INFO] ImportTextPane:193 - (OptionalMessage_ERROR) Unable to find key (Mcu.PinsNb) in loaded IOC file
2023-04-14 13:06:18,187 [INFO] ImportTextPane:193 - (OptionalMessage_ERROR) Unable to find key (Mcu.IPNb) in loaded IOC file
2023-04-14 13:06:18,684 [INFO] RtosManager:489 - Registered RTOS mode: class=CMSIS, group=RTOS, mode=CMSIS_V1, owner=FREERTOS
2023-04-14 13:06:18,684 [INFO] RtosManager:489 - Registered RTOS mode: class=CMSIS, group=RTOS2, mode=CMSIS_V2, owner=FREERTOS
2023-04-14 13:06:18,684 [INFO] RtosManager:489 - Registered RTOS mode: class=RTOS, group=Core, mode=CMSIS_V1, owner=FREERTOS
2023-04-14 13:06:18,685 [INFO] RtosManager:489 - Registered RTOS mode: class=RTOS, group=Core, mode=CMSIS_V2, owner=FREERTOS
2023-04-14 13:06:18,685 [WARN] ModelIntegratedComponent:185 - Missing modes for component STMicroelectronics:FreeRTOS:0.0.1:STMicroelectronics:RTOS:FreeRTOS:Core:::10.2.0:
2023-04-14 13:06:18,719 [WARN] ModelIntegratedComponent:64 - No mode defined for component null
2023-04-14 13:06:18,719 [WARN] ModelIntegratedComponent:64 - No mode defined for component null
2023-04-14 13:06:18,719 [WARN] ModelIntegratedComponent:64 - No mode defined for component null
2023-04-14 13:06:18,719 [WARN] ModelIntegratedComponent:64 - No mode defined for component null
2023-04-14 13:06:18,719 [WARN] ModelIntegratedComponent:64 - No mode defined for component null
2023-04-14 13:06:18,719 [WARN] ModelIntegratedComponent:64 - No mode defined for component null
2023-04-14 13:06:18,720 [WARN] ModelIntegratedComponent:64 - No mode defined for component null
2023-04-14 13:06:18,720 [WARN] ModelIntegratedComponent:64 - No mode defined for component null
2023-04-14 13:06:18,720 [WARN] ModelIntegratedComponent:64 - No mode defined for component null
2023-04-14 13:06:18,720 [WARN] ModelIntegratedComponent:64 - No mode defined for component null
2023-04-14 13:06:18,720 [WARN] ModelIntegratedComponent:64 - No mode defined for component null
2023-04-14 13:06:18,720 [WARN] ModelIntegratedComponent:64 - No mode defined for component null
2023-04-14 13:06:18,720 [WARN] ModelIntegratedComponent:64 - No mode defined for component null
2023-04-14 13:06:18,720 [WARN] ModelIntegratedComponent:64 - No mode defined for component null
2023-04-14 13:06:18,720 [WARN] ModelIntegratedComponent:64 - No mode defined for component null
2023-04-14 13:06:18,721 [WARN] ModelIntegratedComponent:64 - No mode defined for component null
2023-04-14 13:06:18,721 [WARN] ModelIntegratedComponent:64 - No mode defined for component null
2023-04-14 13:06:18,721 [WARN] ModelIntegratedComponent:64 - No mode defined for component null
2023-04-14 13:06:18,721 [WARN] ModelIntegratedComponent:64 - No mode defined for component null
2023-04-14 13:06:18,721 [WARN] ModelIntegratedComponent:64 - No mode defined for component null
2023-04-14 13:06:18,721 [WARN] ModelIntegratedComponent:64 - No mode defined for component null
2023-04-14 13:06:18,721 [WARN] ModelIntegratedComponent:64 - No mode defined for component null
2023-04-14 13:06:18,721 [WARN] ModelIntegratedComponent:64 - No mode defined for component null
2023-04-14 13:06:18,721 [WARN] ModelIntegratedComponent:64 - No mode defined for component null
2023-04-14 13:06:18,722 [WARN] ModelIntegratedComponent:64 - No mode defined for component null
2023-04-14 13:06:18,722 [WARN] ModelIntegratedComponent:64 - No mode defined for component null
2023-04-14 13:06:18,722 [WARN] ModelIntegratedComponent:64 - No mode defined for component null
2023-04-14 13:06:18,723 [WARN] ModelIntegratedComponent:64 - No mode defined for component null
2023-04-14 13:06:18,723 [WARN] ModelIntegratedComponent:64 - No mode defined for component null
2023-04-14 13:06:18,723 [WARN] ModelIntegratedComponent:64 - No mode defined for component null
2023-04-14 13:06:18,723 [WARN] ModelIntegratedComponent:64 - No mode defined for component null
2023-04-14 13:06:18,723 [WARN] ModelIntegratedComponent:64 - No mode defined for component null
2023-04-14 13:06:18,723 [WARN] ModelIntegratedComponent:64 - No mode defined for component null
2023-04-14 13:06:19,088 [INFO] ThirdPartyModel:294 - Start build external matchings
2023-04-14 13:06:20,611 [INFO] ThirdPartyModel:310 - End build external matchings
2023-04-14 13:06:21,027 [INFO] UtilMem:74 - End LoadConfig() Used Memory: 493974384 Bytes (613416960)
2023-04-14 13:06:21,105 [WARN] ThirdParty:807 - waiting for thirdparty lock release [change project]
2023-04-14 13:06:21,105 [INFO] ThirdParty:809 - entering critical section [change project]
2023-04-14 13:06:21,105 [INFO] ThirdParty:999 - CMSIS Pack Vendor :STMicroelectronics X-CUBE-ISPU 1.1.0
2023-04-14 13:06:21,106 [INFO] ThirdParty:999 - CMSIS Pack Vendor :RoweBots I-CUBE-UNISONRTOS 5.5.0-4
2023-04-14 13:06:21,106 [INFO] ThirdParty:999 - CMSIS Pack Vendor :STMicroelectronics X-CUBE-GNSS1 6.0.0
2023-04-14 13:06:21,106 [INFO] ThirdParty:999 - CMSIS Pack Vendor :STMicroelectronics USB_HOST 2.0.0
2023-04-14 13:06:21,106 [INFO] ThirdParty:999 - CMSIS Pack Vendor :STMicroelectronics X-CUBE-AZRTOS-F4 1.1.0
2023-04-14 13:06:21,106 [INFO] ThirdParty:999 - CMSIS Pack Vendor :STMicroelectronics LIBJPEG 8.0.0
2023-04-14 13:06:21,106 [INFO] ThirdParty:999 - CMSIS Pack Vendor :STMicroelectronics X-CUBE-SMBUS 2.1.0
2023-04-14 13:06:21,106 [INFO] ThirdParty:999 - CMSIS Pack Vendor :STMicroelectronics USB_DEVICE 3.0.0
2023-04-14 13:06:21,106 [INFO] ThirdParty:999 - CMSIS Pack Vendor :STMicroelectronics X-CUBE-AI 8.0.0
2023-04-14 13:06:21,106 [INFO] ThirdParty:999 - CMSIS Pack Vendor :STMicroelectronics X-CUBE-FREERTOS 1.0.0
2023-04-14 13:06:21,106 [INFO] ThirdParty:999 - CMSIS Pack Vendor :STMicroelectronics X-CUBE-FREERTOS 1.0.1
2023-04-14 13:06:21,106 [INFO] ThirdParty:999 - CMSIS Pack Vendor :STMicroelectronics X-CUBE-TOUCHGFX 4.21.1
2023-04-14 13:06:21,106 [INFO] ThirdParty:999 - CMSIS Pack Vendor :STMicroelectronics X-CUBE-TOUCHGFX 4.21.0
2023-04-14 13:06:21,106 [INFO] ThirdParty:999 - CMSIS Pack Vendor :STMicroelectronics X-CUBE-TOUCHGFX 4.21.3
2023-04-14 13:06:21,106 [INFO] ThirdParty:999 - CMSIS Pack Vendor :STMicroelectronics X-CUBE-AZRTOS-F7 1.1.0
2023-04-14 13:06:21,107 [INFO] ThirdParty:999 - CMSIS Pack Vendor :STMicroelectronics X-CUBE-MEMS1 9.4.0
2023-04-14 13:06:21,107 [INFO] ThirdParty:999 - CMSIS Pack Vendor :STMicroelectronics USB_DEVICE 2.0.0
2023-04-14 13:06:21,107 [INFO] ThirdParty:999 - CMSIS Pack Vendor :STMicroelectronics X-CUBE-AI 7.3.0
2023-04-14 13:06:21,107 [INFO] ThirdParty:999 - CMSIS Pack Vendor :STMicroelectronics X-CUBE-ALGOBUILD 1.3.0
2023-04-14 13:06:21,107 [INFO] ThirdParty:999 - CMSIS Pack Vendor :STMicroelectronics X-CUBE-BLE1 6.2.4
2023-04-14 13:06:21,107 [INFO] ThirdParty:999 - CMSIS Pack Vendor :STMicroelectronics X-CUBE-AZRTOS-L5 1.1.0
2023-04-14 13:06:21,107 [INFO] ThirdParty:999 - CMSIS Pack Vendor :STMicroelectronics FreeRTOS 0.0.1
2023-04-14 13:06:21,107 [INFO] ThirdParty:999 - CMSIS Pack Vendor :emotas I-CUBE-CANOPEN 1.1.3
2023-04-14 13:06:21,107 [INFO] ThirdParty:999 - CMSIS Pack Vendor :STMicroelectronics X-CUBE-AZRTOS-G0 1.1.0
2023-04-14 13:06:21,107 [INFO] ThirdParty:999 - CMSIS Pack Vendor :STMicroelectronics X-CUBE-BLEMGR 2.0.0
2023-04-14 13:06:21,107 [INFO] ThirdParty:999 - CMSIS Pack Vendor :STMicroelectronics X-CUBE-SUBG2 5.0.0
2023-04-14 13:06:21,107 [INFO] ThirdParty:999 - CMSIS Pack Vendor :STMicroelectronics X-CUBE-NFC4 3.0.0
2023-04-14 13:06:21,107 [INFO] ThirdParty:999 - CMSIS Pack Vendor :STMicroelectronics STM32_WPAN 1.0.0
2023-04-14 13:06:21,107 [INFO] ThirdParty:999 - CMSIS Pack Vendor :STMicroelectronics lwIP 2.0.3
2023-04-14 13:06:21,107 [INFO] ThirdParty:999 - CMSIS Pack Vendor :STMicroelectronics X-CUBE-NFC4 2.0.5
2023-04-14 13:06:21,108 [INFO] ThirdParty:999 - CMSIS Pack Vendor :STMicroelectronics USB_HOST 1.0.0
2023-04-14 13:06:21,108 [INFO] ThirdParty:999 - CMSIS Pack Vendor :STMicroelectronics PDM2PCM 3.1.0
2023-04-14 13:06:21,108 [INFO] ThirdParty:999 - CMSIS Pack Vendor :STMicroelectronics X-CUBE-AZRTOS-H7 3.1.0
2023-04-14 13:06:21,108 [INFO] ThirdParty:999 - CMSIS Pack Vendor :STMicroelectronics X-CUBE-TOF1 3.3.0
2023-04-14 13:06:21,108 [INFO] ThirdParty:999 - CMSIS Pack Vendor :STMicroelectronics FP-ATR-ASTRA1 1.1.1
2023-04-14 13:06:21,108 [INFO] ThirdParty:999 - CMSIS Pack Vendor :STMicroelectronics PDM2PCM 3.3.0
2023-04-14 13:06:21,108 [INFO] ThirdParty:999 - CMSIS Pack Vendor :STMicroelectronics X-CUBE-DISPLAY 3.0.0
2023-04-14 13:06:21,108 [INFO] ThirdParty:999 - CMSIS Pack Vendor :STMicroelectronics X-CUBE-BLEMGR 1.3.0
2023-04-14 13:06:21,108 [INFO] ThirdParty:999 - CMSIS Pack Vendor :wolfSSL I-CUBE-wolfSSL 5.5.3
2023-04-14 13:06:21,108 [INFO] ThirdParty:999 - CMSIS Pack Vendor :STMicroelectronics X-CUBE-AZRTOS-G4 1.0.0
2023-04-14 13:06:21,108 [INFO] ThirdParty:999 - CMSIS Pack Vendor :STMicroelectronics FP-ATR-SIGFOX1 3.2.0
2023-04-14 13:06:21,108 [INFO] ThirdParty:999 - CMSIS Pack Vendor :STMicroelectronics X-CUBE-AZRTOS-L4 1.0.0
2023-04-14 13:06:21,108 [INFO] ThirdParty:999 - CMSIS Pack Vendor :STMicroelectronics HAL Drivers 0.0.0
2023-04-14 13:06:21,109 [INFO] ThirdParty:999 - CMSIS Pack Vendor :STMicroelectronics MBEDTLS 2.16.2
2023-04-14 13:06:21,109 [INFO] ThirdParty:999 - CMSIS Pack Vendor :STMicroelectronics MBEDTLS 2.14.1
2023-04-14 13:06:21,109 [INFO] ThirdParty:999 - CMSIS Pack Vendor :STMicroelectronics X-CUBE-NFC7 1.0.0
2023-04-14 13:06:21,109 [INFO] ThirdParty:999 - CMSIS Pack Vendor :STMicroelectronics X-CUBE-AZRTOS-WL 1.0.0
2023-04-14 13:06:21,109 [INFO] ThirdParty:999 - CMSIS Pack Vendor :STMicroelectronics X-CUBE-EEPRMA1 4.1.0
2023-04-14 13:06:21,109 [INFO] ThirdParty:999 - CMSIS Pack Vendor :portGmbH I-Cube-SoM-uGOAL 1.1.0
2023-04-14 13:06:21,109 [INFO] ThirdParty:999 - CMSIS Pack Vendor :STMicroelectronics X-CUBE-ALS 1.0.1
2023-04-14 13:06:21,109 [INFO] ThirdParty:999 - CMSIS Pack Vendor :STMicroelectronics X-CUBE-MEMS1 9.5.0
2023-04-14 13:06:21,109 [INFO] ThirdParty:999 - CMSIS Pack Vendor :STMicroelectronics ThreadX 1.0.0
2023-04-14 13:06:21,109 [INFO] ThirdParty:999 - CMSIS Pack Vendor :STMicroelectronics X-CUBE-AZRTOS-WB 1.1.0
2023-04-14 13:06:21,109 [INFO] ThirdParty:999 - CMSIS Pack Vendor :SEGGER I-CUBE-embOS 1.3.1
2023-04-14 13:06:21,109 [INFO] ThirdParty:999 - CMSIS Pack Vendor :STMicroelectronics USB_DEVICE 1.0.0
2023-04-14 13:06:21,110 [INFO] ThirdParty:999 - CMSIS Pack Vendor :SEGGER I-CUBE-embOS 1.3.0
2023-04-14 13:06:21,110 [INFO] ThirdParty:999 - CMSIS Pack Vendor :STMicroelectronics ThreadX 0.0.2
2023-04-14 13:06:21,110 [INFO] ThirdParty:999 - CMSIS Pack Vendor :WES I-CUBE-Cesium 1.3.0
2023-04-14 13:06:21,110 [INFO] ThirdParty:999 - CMSIS Pack Vendor :STMicroelectronics FP-ATR-ASTRA1 2.0.0
2023-04-14 13:06:21,110 [INFO] ThirdParty:999 - CMSIS Pack Vendor :STMicroelectronics lwIP 2.1.2
2023-04-14 13:06:21,110 [INFO] ThirdParty:999 - CMSIS Pack Vendor :STMicroelectronics X-CUBE-SFXS2LP1 4.0.0
2023-04-14 13:06:21,110 [INFO] ThirdParty:999 - CMSIS Pack Vendor :STMicroelectronics X-CUBE-BLE2 3.3.0
2023-04-14 13:06:21,110 [INFO] ThirdParty:999 - CMSIS Pack Vendor :STMicroelectronics X-CUBE-DISPLAY 2.2.0
2023-04-14 13:06:21,110 [INFO] ThirdParty:999 - CMSIS Pack Vendor :STMicroelectronics X-CUBE-TOF1 3.2.0
2023-04-14 13:06:21,110 [INFO] ThirdParty:999 - CMSIS Pack Vendor :STMicroelectronics PDM2PCM 3.2.0
2023-04-14 13:06:21,110 [INFO] ThirdParty:999 - CMSIS Pack Vendor :STMicroelectronics X-CUBE-AZRTOS-H7 3.0.0
2023-04-14 13:06:21,111 [INFO] ThirdParty:815 - exiting critical section [change project]
2023-04-14 13:06:21,921 [INFO] PinOutPanel:1477 - setPackage(No Configuration,No Configuration)
2023-04-14 13:06:21,926 [INFO] PinOutPanel:1477 - setPackage(STM32F103C8Tx,LQFP48)
2023-04-14 13:06:23,221 [INFO] UtilMem:74 - Before build in PCC Used Memory: 493283680 Bytes (613416960)
2023-04-14 13:06:25,501 [INFO] UtilMem:74 - After build in PCC Used Memory: 523370368 Bytes (613416960)
2023-04-14 13:06:25,566 [INFO] IPUIPlugin:79 - create IPUIPlugin
2023-04-14 13:06:25,566 [INFO] IPUIPlugin:79 - create IPUIPlugin
2023-04-14 13:06:25,566 [INFO] IPUIPlugin:79 - create IPUIPlugin
2023-04-14 13:06:25,567 [INFO] IPUIPlugin:79 - create IPUIPlugin
2023-04-14 13:06:25,567 [INFO] IPUIPlugin:79 - create IPUIPlugin
2023-04-14 13:06:25,567 [INFO] IPUIPlugin:79 - create IPUIPlugin
2023-04-14 13:06:25,567 [INFO] IPUIPlugin:79 - create IPUIPlugin
2023-04-14 13:06:25,568 [INFO] IPUIPlugin:79 - create IPUIPlugin
2023-04-14 13:06:25,568 [INFO] IPUIPlugin:79 - create IPUIPlugin
2023-04-14 13:06:25,568 [INFO] IPUIPlugin:79 - create IPUIPlugin
2023-04-14 13:06:25,568 [INFO] IPUIPlugin:79 - create IPUIPlugin
2023-04-14 13:06:25,569 [INFO] IPUIPlugin:79 - create IPUIPlugin
2023-04-14 13:06:25,569 [INFO] IPUIPlugin:79 - create IPUIPlugin
2023-04-14 13:06:25,569 [INFO] IPUIPlugin:79 - create IPUIPlugin
2023-04-14 13:06:25,571 [INFO] IPUIPlugin:79 - create IPUIPlugin
2023-04-14 13:06:25,573 [INFO] IPUIPlugin:79 - create IPUIPlugin
2023-04-14 13:06:25,573 [INFO] IPUIPlugin:79 - create IPUIPlugin
2023-04-14 13:06:25,573 [INFO] IPUIPlugin:79 - create IPUIPlugin
2023-04-14 13:06:25,574 [INFO] IPUIPlugin:79 - create IPUIPlugin
2023-04-14 13:06:25,574 [INFO] IPUIPlugin:79 - create IPUIPlugin
2023-04-14 13:06:25,574 [INFO] IPUIPlugin:79 - create IPUIPlugin
2023-04-14 13:06:25,575 [INFO] IPUIPlugin:79 - create IPUIPlugin
2023-04-14 13:06:25,575 [INFO] IPUIPlugin:79 - create IPUIPlugin
2023-04-14 13:06:25,576 [INFO] IPUIPlugin:79 - create IPUIPlugin
2023-04-14 13:06:25,576 [INFO] IPUIPlugin:79 - create IPUIPlugin
2023-04-14 13:06:25,638 [INFO] IPUIPlugin:79 - create IPUIPlugin
2023-04-14 13:06:25,638 [INFO] IPUIPlugin:79 - create IPUIPlugin
2023-04-14 13:06:26,493 [INFO] CADModel:164 - CPN selected for project levelSTM32F103C8T6
2023-04-14 13:06:26,493 [INFO] CADModel:113 - Register for checkConnection events
2023-04-14 13:06:26,562 [INFO] OpenFileManager:327 - Restore cursor
2023-04-14 13:06:31,388 [INFO] UtilMem:74 - End SaveConfig() Used Memory: 531886712 Bytes (613416960)
2023-04-14 13:06:32,797 [INFO] ServerAccessManage:474 - Download File stm32cube_fw_f1_v180.zip
2023-04-14 13:07:53,405 [ERROR] FileExtend:454 - File entry not found
2023-04-14 13:07:53,406 [INFO] FileExtend:239 - Unzip File : stm32cube_fw_f1_v180.zip
2023-04-14 13:07:53,406 [INFO] FileExtend:254 - Standard Zip Deflate
2023-04-14 13:08:35,048 [INFO] ServerAccessManage:474 - Download File stm32cube_fw_f1_v184.zip
2023-04-14 13:09:01,460 [INFO] FileExtend:239 - Unzip File : stm32cube_fw_f1_v184.zip
2023-04-14 13:09:01,460 [INFO] FileExtend:254 - Standard Zip Deflate
2023-04-14 13:09:17,918 [INFO] LoadServerPackagesThread:190 - End of LoadServerPackages Thread
2023-04-14 13:09:18,149 [INFO] ThirdPartyModel:294 - Start build external matchings
2023-04-14 13:09:18,157 [INFO] UtilMem:74 - End SaveConfig() Used Memory: 772715216 Bytes (1073741824)
2023-04-14 13:09:20,364 [INFO] BlockDiagram:2759 - set Specific Code input for plugin: NVIC
2023-04-14 13:09:20,364 [INFO] BlockDiagram:2759 - set Specific Code input for plugin: RCC
2023-04-14 13:09:20,366 [INFO] CodeGenerator:692 - code generatio: config db path: F:\Program Files\STM32CubeIDE_1.11.0\STM32CubeIDE\plugins\com.st.stm32cube.common.mx_6.7.0.202211181646\\db\
2023-04-14 13:09:21,955 [INFO] CodeEngine:247 - oldGeneratedFile, E:\GIOVANNY_TODO\SKETCHS\STM32\STM32F103C8T6\OLED_SSD1306\MXTmpFiles\license.tmp_save
2023-04-14 13:09:22,465 [INFO] ThirdPartyModel:310 - End build external matchings
2023-04-14 13:09:22,569 [INFO] CheckServerUpdateThread:119 - End of CheckServer Thread
2023-04-14 13:09:23,270 [INFO] CodeEngine:271 - Generated code: E:\GIOVANNY_TODO\SKETCHS\STM32\STM32F103C8T6\OLED_SSD1306\MXTmpFiles\license.tmp
2023-04-14 13:09:23,574 [INFO] CodeEngine:247 - oldGeneratedFile, E:\GIOVANNY_TODO\SKETCHS\STM32\STM32F103C8T6\OLED_SSD1306\Core\Src\stm32f1xx_it.c_save
2023-04-14 13:09:24,237 [INFO] CodeEngine:271 - Generated code: E:\GIOVANNY_TODO\SKETCHS\STM32\STM32F103C8T6\OLED_SSD1306\Core\Src\stm32f1xx_it.c
2023-04-14 13:09:24,290 [INFO] CodeEngine:247 - oldGeneratedFile, E:\GIOVANNY_TODO\SKETCHS\STM32\STM32F103C8T6\OLED_SSD1306\Core\Inc\stm32f1xx_it.h_save
2023-04-14 13:09:24,439 [INFO] CodeEngine:271 - Generated code: E:\GIOVANNY_TODO\SKETCHS\STM32\STM32F103C8T6\OLED_SSD1306\Core\Inc\stm32f1xx_it.h
2023-04-14 13:09:24,681 [INFO] CodeEngine:247 - oldGeneratedFile, E:\GIOVANNY_TODO\SKETCHS\STM32\STM32F103C8T6\OLED_SSD1306\Core\Src\stm32f1xx_hal_msp.c_save
2023-04-14 13:09:24,904 [INFO] CodeEngine:271 - Generated code: E:\GIOVANNY_TODO\SKETCHS\STM32\STM32F103C8T6\OLED_SSD1306\Core\Src\stm32f1xx_hal_msp.c
2023-04-14 13:09:24,909 [INFO] CodeEngine:247 - oldGeneratedFile, E:\GIOVANNY_TODO\SKETCHS\STM32\STM32F103C8T6\OLED_SSD1306\MXTmpFiles\system.tmp_save
2023-04-14 13:09:25,045 [INFO] CodeEngine:271 - Generated code: E:\GIOVANNY_TODO\SKETCHS\STM32\STM32F103C8T6\OLED_SSD1306\MXTmpFiles\system.tmp
2023-04-14 13:09:25,091 [INFO] CodeEngine:303 - oldGeneratedFile, E:\GIOVANNY_TODO\SKETCHS\STM32\STM32F103C8T6\OLED_SSD1306\Core\Inc\stm32f1xx_hal_conf.h_save
2023-04-14 13:09:25,244 [INFO] CodeEngine:327 - Generated code: E:\GIOVANNY_TODO\SKETCHS\STM32\STM32F103C8T6\OLED_SSD1306\Core\Inc\stm32f1xx_hal_conf.h
2023-04-14 13:09:25,306 [INFO] CodeEngine:247 - oldGeneratedFile, E:\GIOVANNY_TODO\SKETCHS\STM32\STM32F103C8T6\OLED_SSD1306\Core\Inc\main.h_save
2023-04-14 13:09:25,517 [INFO] CodeEngine:271 - Generated code: E:\GIOVANNY_TODO\SKETCHS\STM32\STM32F103C8T6\OLED_SSD1306\Core\Inc\main.h
2023-04-14 13:09:25,533 [INFO] CodeEngine:247 - oldGeneratedFile, E:\GIOVANNY_TODO\SKETCHS\STM32\STM32F103C8T6\OLED_SSD1306\Core\Src\main.c_save
2023-04-14 13:09:25,820 [INFO] CodeEngine:271 - Generated code: E:\GIOVANNY_TODO\SKETCHS\STM32\STM32F103C8T6\OLED_SSD1306\Core\Src\main.c
2023-04-14 13:09:27,329 [INFO] ProjectBuilder:2919 - Time for Copy HAL[1] : 168mS.
2023-04-14 13:09:27,349 [INFO] ProjectBuilder:4183 - Project Generator version: 3.18.0-B7
2023-04-14 13:09:28,074 [INFO] ConfigFileManager:1396 - The Die is : DIE410
2023-04-14 13:09:28,126 [INFO] ApiDbMcu:505 - Load IP Config File for FATFS
2023-04-14 13:09:28,154 [INFO] ApiDbMcu:505 - Load IP Config File for FREERTOS
2023-04-14 13:09:28,173 [INFO] ApiDbMcu:505 - Load IP Config File for USB_DEVICE
2023-04-14 13:09:36,955 [INFO] ProjectBuilder:4351 - Time for Generating toolchain IDE Files: 9606mS.
2023-04-14 13:09:36,957 [INFO] ProjectBuilder:2790 - Time for Copy CMSIS : 1mS.
2023-04-14 13:09:36,973 [INFO] ProjectBuilder:2790 - Time for Copy CMSIS : 0mS.
2023-04-14 13:09:38,386 [INFO] McuFinderGlobals:65 - Set McuFinderConnectedMode to true
2023-04-14 13:09:38,388 [INFO] ApiDb:447 - Save user favorites file C:\Users\PC/.stm32cubeide/favorites.mcus.txt: 3 item(s)
2023-04-14 13:09:38,389 [INFO] ApiDb:451 - User favorites MCUs=[STM32F103C8T6, STM32F446RET6, STM32G030K6T6]
2023-04-14 13:10:33,245 [INFO] Gpio:272 - dependency for GPIO [SYS]
2023-04-14 13:11:29,687 [INFO] Gpio:272 - dependency for GPIO [SYS]
2023-04-14 13:11:50,818 [INFO] UtilMem:74 - End SaveConfig() Used Memory: 545884976 Bytes (1073741824)
2023-04-14 13:11:56,425 [INFO] UtilMem:74 - End SaveConfig() Used Memory: 710262752 Bytes (1073741824)
2023-04-14 13:11:57,019 [INFO] BlockDiagram:2759 - set Specific Code input for plugin: NVIC
2023-04-14 13:11:57,019 [INFO] BlockDiagram:2759 - set Specific Code input for plugin: SYS
2023-04-14 13:11:57,019 [INFO] BlockDiagram:2759 - set Specific Code input for plugin: GPIO
2023-04-14 13:11:57,019 [INFO] BlockDiagram:2759 - set Specific Code input for plugin: RCC
2023-04-14 13:11:57,038 [INFO] CodeGenerator:692 - code generatio: config db path: F:\Program Files\STM32CubeIDE_1.11.0\STM32CubeIDE\plugins\com.st.stm32cube.common.mx_6.7.0.202211181646\\db\
2023-04-14 13:11:57,358 [INFO] CodeEngine:247 - oldGeneratedFile, E:\GIOVANNY_TODO\SKETCHS\STM32\STM32F103C8T6\OLED_SSD1306\MXTmpFiles\license.tmp_save
2023-04-14 13:11:57,536 [INFO] CodeEngine:271 - Generated code: E:\GIOVANNY_TODO\SKETCHS\STM32\STM32F103C8T6\OLED_SSD1306\MXTmpFiles\license.tmp
2023-04-14 13:11:57,655 [INFO] CodeEngine:247 - oldGeneratedFile, E:\GIOVANNY_TODO\SKETCHS\STM32\STM32F103C8T6\OLED_SSD1306\MXTmpFiles\gpio.tmp_save
2023-04-14 13:11:57,865 [INFO] CodeEngine:271 - Generated code: E:\GIOVANNY_TODO\SKETCHS\STM32\STM32F103C8T6\OLED_SSD1306\MXTmpFiles\gpio.tmp
2023-04-14 13:11:57,897 [INFO] CodeEngine:247 - oldGeneratedFile, E:\GIOVANNY_TODO\SKETCHS\STM32\STM32F103C8T6\OLED_SSD1306\Core\Src\stm32f1xx_it.c_save
2023-04-14 13:11:58,161 [INFO] CodeEngine:271 - Generated code: E:\GIOVANNY_TODO\SKETCHS\STM32\STM32F103C8T6\OLED_SSD1306\Core\Src\stm32f1xx_it.c
2023-04-14 13:11:58,169 [INFO] CodeEngine:247 - oldGeneratedFile, E:\GIOVANNY_TODO\SKETCHS\STM32\STM32F103C8T6\OLED_SSD1306\Core\Inc\stm32f1xx_it.h_save
2023-04-14 13:11:58,331 [INFO] CodeEngine:271 - Generated code: E:\GIOVANNY_TODO\SKETCHS\STM32\STM32F103C8T6\OLED_SSD1306\Core\Inc\stm32f1xx_it.h
2023-04-14 13:11:58,344 [INFO] CodeEngine:247 - oldGeneratedFile, E:\GIOVANNY_TODO\SKETCHS\STM32\STM32F103C8T6\OLED_SSD1306\Core\Src\stm32f1xx_hal_msp.c_save
2023-04-14 13:11:58,520 [INFO] CodeEngine:271 - Generated code: E:\GIOVANNY_TODO\SKETCHS\STM32\STM32F103C8T6\OLED_SSD1306\Core\Src\stm32f1xx_hal_msp.c
2023-04-14 13:11:58,526 [INFO] CodeEngine:247 - oldGeneratedFile, E:\GIOVANNY_TODO\SKETCHS\STM32\STM32F103C8T6\OLED_SSD1306\MXTmpFiles\system.tmp_save
2023-04-14 13:11:58,631 [INFO] CodeEngine:271 - Generated code: E:\GIOVANNY_TODO\SKETCHS\STM32\STM32F103C8T6\OLED_SSD1306\MXTmpFiles\system.tmp
2023-04-14 13:11:58,644 [INFO] CodeEngine:303 - oldGeneratedFile, E:\GIOVANNY_TODO\SKETCHS\STM32\STM32F103C8T6\OLED_SSD1306\Core\Inc\stm32f1xx_hal_conf.h_save
2023-04-14 13:11:58,770 [INFO] CodeEngine:327 - Generated code: E:\GIOVANNY_TODO\SKETCHS\STM32\STM32F103C8T6\OLED_SSD1306\Core\Inc\stm32f1xx_hal_conf.h
2023-04-14 13:11:58,805 [INFO] CodeEngine:247 - oldGeneratedFile, E:\GIOVANNY_TODO\SKETCHS\STM32\STM32F103C8T6\OLED_SSD1306\Core\Inc\main.h_save
2023-04-14 13:11:58,926 [INFO] CodeEngine:271 - Generated code: E:\GIOVANNY_TODO\SKETCHS\STM32\STM32F103C8T6\OLED_SSD1306\Core\Inc\main.h
2023-04-14 13:11:58,934 [INFO] CodeEngine:247 - oldGeneratedFile, E:\GIOVANNY_TODO\SKETCHS\STM32\STM32F103C8T6\OLED_SSD1306\Core\Src\main.c_save
2023-04-14 13:11:59,097 [INFO] CodeEngine:271 - Generated code: E:\GIOVANNY_TODO\SKETCHS\STM32\STM32F103C8T6\OLED_SSD1306\Core\Src\main.c
2023-04-14 13:12:00,248 [INFO] ProjectBuilder:2919 - Time for Copy HAL[1] : 188mS.
2023-04-14 13:12:00,253 [INFO] ProjectBuilder:4183 - Project Generator version: 3.18.0-B7
2023-04-14 13:12:00,793 [INFO] ConfigFileManager:1396 - The Die is : DIE410
2023-04-14 13:12:04,576 [INFO] ProjectBuilder:4351 - Time for Generating toolchain IDE Files: 4323mS.
2023-04-14 13:12:04,577 [INFO] ProjectBuilder:2790 - Time for Copy CMSIS : 0mS.
2023-04-14 13:12:04,579 [INFO] ProjectBuilder:2790 - Time for Copy CMSIS : 0mS.
2023-04-14 13:18:32,689 [INFO] WebAppUi:459 - Close the Jxbrowser engine manually
2023-04-14 13:18:32,821 [INFO] WebAppUi:462 - Profiles folder deleted
2023-04-14 13:18:33,921 [ERROR] LogOutputStream:74 - [STDERR_REDIRECT] 
2023-04-20 10:26:22,522 [INFO] Activator:179 - 


2023-04-20 10:26:22,524 [INFO] Activator:180 - !SESSION log4j initialized
2023-05-17 19:53:16,984 [INFO] Activator:179 - 


2023-05-17 19:53:17,007 [INFO] Activator:180 - !SESSION log4j initialized
