11:16:00 **** Incremental Build of configuration Debug for project PORTABLE DIGITAL SOURCE V1.3 DMA ****
make -j4 all 
arm-none-eabi-gcc "../Core/Src/main.c" -mcpu=cortex-m0 -std=gnu11 -g3 -DDEBUG -DUSE_HAL_DRIVER -DSTM32F051x8 -c -I../Core/Inc -I../Drivers/STM32F0xx_HAL_Driver/Inc -I../Drivers/STM32F0xx_HAL_Driver/Inc/Legacy -I../Drivers/CMSIS/Device/ST/STM32F0xx/Include -I../Drivers/CMSIS/Include -Os -ffunction-sections -fdata-sections -Wall -fstack-usage -fcyclomatic-complexity -MMD -MP -MF"Core/Src/main.d" -MT"Core/Src/main.o" --specs=nano.specs -mfloat-abi=soft -mthumb -o "Core/Src/main.o"
arm-none-eabi-gcc -o "PORTABLE DIGITAL SOURCE V1.3 DMA.elf" @"objects.list"   -mcpu=cortex-m0 -T"E:\GIOVANNY_TODO\SKETCHS\STM32\STM32F051C8T6\MIS PROYECTOS\PORTABLE DIGITAL SOURCE V1.3 DMA\STM32F051C8TX_FLASH.ld" --specs=nosys.specs -Wl,-Map="PORTABLE DIGITAL SOURCE V1.3 DMA.map" -Wl,--gc-sections -static --specs=nano.specs -mfloat-abi=soft -mthumb -u _printf_float -Wl,--start-group -lc -lm -Wl,--end-group
Finished building target: PORTABLE DIGITAL SOURCE V1.3 DMA.elf
 
arm-none-eabi-size   PORTABLE\ DIGITAL\ SOURCE\ V1.3\ DMA.elf 
arm-none-eabi-objdump -h -S  PORTABLE\ DIGITAL\ SOURCE\ V1.3\ DMA.elf  > "PORTABLE DIGITAL SOURCE V1.3 DMA.list"
   text	   data	    bss	    dec	    hex	filename
  61016	    520	   3760	  65296	   ff10	PORTABLE DIGITAL SOURCE V1.3 DMA.elf
Finished building: default.size.stdout
 
Finished building: PORTABLE DIGITAL SOURCE V1.3 DMA.list
 
11:16:04 **** Incremental Build of configuration Debug for project PORTABLE DIGITAL SOURCE V1.3 DMA ****
make -j4 all 
arm-none-eabi-size   PORTABLE\ DIGITAL\ SOURCE\ V1.3\ DMA.elf 
   text	   data	    bss	    dec	    hex	filename
  61016	    520	   3760	  65296	   ff10	PORTABLE DIGITAL SOURCE V1.3 DMA.elf
Finished building: default.size.stdout
 
11:16:35 **** Incremental Build of configuration Debug for project PORTABLE DIGITAL SOURCE V1.3 DMA ****
make -j4 all 
arm-none-eabi-gcc "../Core/Src/main.c" -mcpu=cortex-m0 -std=gnu11 -g3 -DDEBUG -DUSE_HAL_DRIVER -DSTM32F051x8 -c -I../Core/Inc -I../Drivers/STM32F0xx_HAL_Driver/Inc -I../Drivers/STM32F0xx_HAL_Driver/Inc/Legacy -I../Drivers/CMSIS/Device/ST/STM32F0xx/Include -I../Drivers/CMSIS/Include -Os -ffunction-sections -fdata-sections -Wall -fstack-usage -fcyclomatic-complexity -MMD -MP -MF"Core/Src/main.d" -MT"Core/Src/main.o" --specs=nano.specs -mfloat-abi=soft -mthumb -o "Core/Src/main.o"
arm-none-eabi-gcc -o "PORTABLE DIGITAL SOURCE V1.3 DMA.elf" @"objects.list"   -mcpu=cortex-m0 -T"E:\GIOVANNY_TODO\SKETCHS\STM32\STM32F051C8T6\MIS PROYECTOS\PORTABLE DIGITAL SOURCE V1.3 DMA\STM32F051C8TX_FLASH.ld" --specs=nosys.specs -Wl,-Map="PORTABLE DIGITAL SOURCE V1.3 DMA.map" -Wl,--gc-sections -static --specs=nano.specs -mfloat-abi=soft -mthumb -u _printf_float -Wl,--start-group -lc -lm -Wl,--end-group
Finished building target: PORTABLE DIGITAL SOURCE V1.3 DMA.elf
 
arm-none-eabi-size   PORTABLE\ DIGITAL\ SOURCE\ V1.3\ DMA.elf 
arm-none-eabi-objdump -h -S  PORTABLE\ DIGITAL\ SOURCE\ V1.3\ DMA.elf  > "PORTABLE DIGITAL SOURCE V1.3 DMA.list"
   text	   data	    bss	    dec	    hex	filename
  61060	    520	   3760	  65340	   ff3c	PORTABLE DIGITAL SOURCE V1.3 DMA.elf
Finished building: default.size.stdout
 
Finished building: PORTABLE DIGITAL SOURCE V1.3 DMA.list
 
11:18:24 **** Incremental Build of configuration Debug for project PORTABLE DIGITAL SOURCE V1.3 DMA ****
make -j4 all 
arm-none-eabi-gcc "../Core/Src/main.c" -mcpu=cortex-m0 -std=gnu11 -g3 -DDEBUG -DUSE_HAL_DRIVER -DSTM32F051x8 -c -I../Core/Inc -I../Drivers/STM32F0xx_HAL_Driver/Inc -I../Drivers/STM32F0xx_HAL_Driver/Inc/Legacy -I../Drivers/CMSIS/Device/ST/STM32F0xx/Include -I../Drivers/CMSIS/Include -Os -ffunction-sections -fdata-sections -Wall -fstack-usage -fcyclomatic-complexity -MMD -MP -MF"Core/Src/main.d" -MT"Core/Src/main.o" --specs=nano.specs -mfloat-abi=soft -mthumb -o "Core/Src/main.o"
arm-none-eabi-gcc -o "PORTABLE DIGITAL SOURCE V1.3 DMA.elf" @"objects.list"   -mcpu=cortex-m0 -T"E:\GIOVANNY_TODO\SKETCHS\STM32\STM32F051C8T6\MIS PROYECTOS\PORTABLE DIGITAL SOURCE V1.3 DMA\STM32F051C8TX_FLASH.ld" --specs=nosys.specs -Wl,-Map="PORTABLE DIGITAL SOURCE V1.3 DMA.map" -Wl,--gc-sections -static --specs=nano.specs -mfloat-abi=soft -mthumb -u _printf_float -Wl,--start-group -lc -lm -Wl,--end-group
Finished building target: PORTABLE DIGITAL SOURCE V1.3 DMA.elf
 
arm-none-eabi-size   PORTABLE\ DIGITAL\ SOURCE\ V1.3\ DMA.elf 
arm-none-eabi-objdump -h -S  PORTABLE\ DIGITAL\ SOURCE\ V1.3\ DMA.elf  > "PORTABLE DIGITAL SOURCE V1.3 DMA.list"
   text	   data	    bss	    dec	    hex	filename
  61072	    520	   3760	  65352	   ff48	PORTABLE DIGITAL SOURCE V1.3 DMA.elf
Finished building: default.size.stdout
 
Finished building: PORTABLE DIGITAL SOURCE V1.3 DMA.list
 
11:19:22 **** Incremental Build of configuration Debug for project PORTABLE DIGITAL SOURCE V1.3 DMA ****
make -j4 all 
arm-none-eabi-gcc "../Core/Src/main.c" -mcpu=cortex-m0 -std=gnu11 -g3 -DDEBUG -DUSE_HAL_DRIVER -DSTM32F051x8 -c -I../Core/Inc -I../Drivers/STM32F0xx_HAL_Driver/Inc -I../Drivers/STM32F0xx_HAL_Driver/Inc/Legacy -I../Drivers/CMSIS/Device/ST/STM32F0xx/Include -I../Drivers/CMSIS/Include -Os -ffunction-sections -fdata-sections -Wall -fstack-usage -fcyclomatic-complexity -MMD -MP -MF"Core/Src/main.d" -MT"Core/Src/main.o" --specs=nano.specs -mfloat-abi=soft -mthumb -o "Core/Src/main.o"
arm-none-eabi-gcc -o "PORTABLE DIGITAL SOURCE V1.3 DMA.elf" @"objects.list"   -mcpu=cortex-m0 -T"E:\GIOVANNY_TODO\SKETCHS\STM32\STM32F051C8T6\MIS PROYECTOS\PORTABLE DIGITAL SOURCE V1.3 DMA\STM32F051C8TX_FLASH.ld" --specs=nosys.specs -Wl,-Map="PORTABLE DIGITAL SOURCE V1.3 DMA.map" -Wl,--gc-sections -static --specs=nano.specs -mfloat-abi=soft -mthumb -u _printf_float -Wl,--start-group -lc -lm -Wl,--end-group
Finished building target: PORTABLE DIGITAL SOURCE V1.3 DMA.elf
 
arm-none-eabi-size   PORTABLE\ DIGITAL\ SOURCE\ V1.3\ DMA.elf 
arm-none-eabi-objdump -h -S  PORTABLE\ DIGITAL\ SOURCE\ V1.3\ DMA.elf  > "PORTABLE DIGITAL SOURCE V1.3 DMA.list"
   text	   data	    bss	    dec	    hex	filename
  61040	    520	   3760	  65320	   ff28	PORTABLE DIGITAL SOURCE V1.3 DMA.elf
Finished building: default.size.stdout
 
Finished building: PORTABLE DIGITAL SOURCE V1.3 DMA.list
 
11:21:29 **** Incremental Build of configuration Debug for project PORTABLE DIGITAL SOURCE V1.3 DMA ****
make -j4 all 
arm-none-eabi-gcc "../Core/Src/main.c" -mcpu=cortex-m0 -std=gnu11 -g3 -DDEBUG -DUSE_HAL_DRIVER -DSTM32F051x8 -c -I../Core/Inc -I../Drivers/STM32F0xx_HAL_Driver/Inc -I../Drivers/STM32F0xx_HAL_Driver/Inc/Legacy -I../Drivers/CMSIS/Device/ST/STM32F0xx/Include -I../Drivers/CMSIS/Include -Os -ffunction-sections -fdata-sections -Wall -fstack-usage -fcyclomatic-complexity -MMD -MP -MF"Core/Src/main.d" -MT"Core/Src/main.o" --specs=nano.specs -mfloat-abi=soft -mthumb -o "Core/Src/main.o"
arm-none-eabi-gcc -o "PORTABLE DIGITAL SOURCE V1.3 DMA.elf" @"objects.list"   -mcpu=cortex-m0 -T"E:\GIOVANNY_TODO\SKETCHS\STM32\STM32F051C8T6\MIS PROYECTOS\PORTABLE DIGITAL SOURCE V1.3 DMA\STM32F051C8TX_FLASH.ld" --specs=nosys.specs -Wl,-Map="PORTABLE DIGITAL SOURCE V1.3 DMA.map" -Wl,--gc-sections -static --specs=nano.specs -mfloat-abi=soft -mthumb -u _printf_float -Wl,--start-group -lc -lm -Wl,--end-group
Finished building target: PORTABLE DIGITAL SOURCE V1.3 DMA.elf
 
arm-none-eabi-size   PORTABLE\ DIGITAL\ SOURCE\ V1.3\ DMA.elf 
arm-none-eabi-objdump -h -S  PORTABLE\ DIGITAL\ SOURCE\ V1.3\ DMA.elf  > "PORTABLE DIGITAL SOURCE V1.3 DMA.list"
   text	   data	    bss	    dec	    hex	filename
  60956	    520	   3760	  65236	   fed4	PORTABLE DIGITAL SOURCE V1.3 DMA.elf
Finished building: default.size.stdout
 
Finished building: PORTABLE DIGITAL SOURCE V1.3 DMA.list
 
11:23:00 **** Incremental Build of configuration Debug for project PORTABLE DIGITAL SOURCE V1.3 DMA ****
make -j4 all 
arm-none-eabi-gcc "../Core/Src/main.c" -mcpu=cortex-m0 -std=gnu11 -g3 -DDEBUG -DUSE_HAL_DRIVER -DSTM32F051x8 -c -I../Core/Inc -I../Drivers/STM32F0xx_HAL_Driver/Inc -I../Drivers/STM32F0xx_HAL_Driver/Inc/Legacy -I../Drivers/CMSIS/Device/ST/STM32F0xx/Include -I../Drivers/CMSIS/Include -Os -ffunction-sections -fdata-sections -Wall -fstack-usage -fcyclomatic-complexity -MMD -MP -MF"Core/Src/main.d" -MT"Core/Src/main.o" --specs=nano.specs -mfloat-abi=soft -mthumb -o "Core/Src/main.o"
arm-none-eabi-gcc -o "PORTABLE DIGITAL SOURCE V1.3 DMA.elf" @"objects.list"   -mcpu=cortex-m0 -T"E:\GIOVANNY_TODO\SKETCHS\STM32\STM32F051C8T6\MIS PROYECTOS\PORTABLE DIGITAL SOURCE V1.3 DMA\STM32F051C8TX_FLASH.ld" --specs=nosys.specs -Wl,-Map="PORTABLE DIGITAL SOURCE V1.3 DMA.map" -Wl,--gc-sections -static --specs=nano.specs -mfloat-abi=soft -mthumb -u _printf_float -Wl,--start-group -lc -lm -Wl,--end-group
Finished building target: PORTABLE DIGITAL SOURCE V1.3 DMA.elf
 
arm-none-eabi-size   PORTABLE\ DIGITAL\ SOURCE\ V1.3\ DMA.elf 
arm-none-eabi-objdump -h -S  PORTABLE\ DIGITAL\ SOURCE\ V1.3\ DMA.elf  > "PORTABLE DIGITAL SOURCE V1.3 DMA.list"
   text	   data	    bss	    dec	    hex	filename
  61008	    520	   3760	  65288	   ff08	PORTABLE DIGITAL SOURCE V1.3 DMA.elf
Finished building: default.size.stdout
 
Finished building: PORTABLE DIGITAL SOURCE V1.3 DMA.list
 
11:24:03 **** Incremental Build of configuration Debug for project PORTABLE DIGITAL SOURCE V1.3 DMA ****
make -j4 all 
arm-none-eabi-gcc "../Core/Src/main.c" -mcpu=cortex-m0 -std=gnu11 -g3 -DDEBUG -DUSE_HAL_DRIVER -DSTM32F051x8 -c -I../Core/Inc -I../Drivers/STM32F0xx_HAL_Driver/Inc -I../Drivers/STM32F0xx_HAL_Driver/Inc/Legacy -I../Drivers/CMSIS/Device/ST/STM32F0xx/Include -I../Drivers/CMSIS/Include -Os -ffunction-sections -fdata-sections -Wall -fstack-usage -fcyclomatic-complexity -MMD -MP -MF"Core/Src/main.d" -MT"Core/Src/main.o" --specs=nano.specs -mfloat-abi=soft -mthumb -o "Core/Src/main.o"
arm-none-eabi-gcc -o "PORTABLE DIGITAL SOURCE V1.3 DMA.elf" @"objects.list"   -mcpu=cortex-m0 -T"E:\GIOVANNY_TODO\SKETCHS\STM32\STM32F051C8T6\MIS PROYECTOS\PORTABLE DIGITAL SOURCE V1.3 DMA\STM32F051C8TX_FLASH.ld" --specs=nosys.specs -Wl,-Map="PORTABLE DIGITAL SOURCE V1.3 DMA.map" -Wl,--gc-sections -static --specs=nano.specs -mfloat-abi=soft -mthumb -u _printf_float -Wl,--start-group -lc -lm -Wl,--end-group
Finished building target: PORTABLE DIGITAL SOURCE V1.3 DMA.elf
 
arm-none-eabi-size   PORTABLE\ DIGITAL\ SOURCE\ V1.3\ DMA.elf 
arm-none-eabi-objdump -h -S  PORTABLE\ DIGITAL\ SOURCE\ V1.3\ DMA.elf  > "PORTABLE DIGITAL SOURCE V1.3 DMA.list"
   text	   data	    bss	    dec	    hex	filename
  61020	    520	   3760	  65300	   ff14	PORTABLE DIGITAL SOURCE V1.3 DMA.elf
Finished building: default.size.stdout
 
Finished building: PORTABLE DIGITAL SOURCE V1.3 DMA.list
 
11:24:49 **** Incremental Build of configuration Debug for project PORTABLE DIGITAL SOURCE V1.3 DMA ****
make -j4 all 
arm-none-eabi-gcc "../Core/Src/main.c" -mcpu=cortex-m0 -std=gnu11 -g3 -DDEBUG -DUSE_HAL_DRIVER -DSTM32F051x8 -c -I../Core/Inc -I../Drivers/STM32F0xx_HAL_Driver/Inc -I../Drivers/STM32F0xx_HAL_Driver/Inc/Legacy -I../Drivers/CMSIS/Device/ST/STM32F0xx/Include -I../Drivers/CMSIS/Include -Os -ffunction-sections -fdata-sections -Wall -fstack-usage -fcyclomatic-complexity -MMD -MP -MF"Core/Src/main.d" -MT"Core/Src/main.o" --specs=nano.specs -mfloat-abi=soft -mthumb -o "Core/Src/main.o"
arm-none-eabi-gcc -o "PORTABLE DIGITAL SOURCE V1.3 DMA.elf" @"objects.list"   -mcpu=cortex-m0 -T"E:\GIOVANNY_TODO\SKETCHS\STM32\STM32F051C8T6\MIS PROYECTOS\PORTABLE DIGITAL SOURCE V1.3 DMA\STM32F051C8TX_FLASH.ld" --specs=nosys.specs -Wl,-Map="PORTABLE DIGITAL SOURCE V1.3 DMA.map" -Wl,--gc-sections -static --specs=nano.specs -mfloat-abi=soft -mthumb -u _printf_float -Wl,--start-group -lc -lm -Wl,--end-group
Finished building target: PORTABLE DIGITAL SOURCE V1.3 DMA.elf
 
arm-none-eabi-size   PORTABLE\ DIGITAL\ SOURCE\ V1.3\ DMA.elf 
arm-none-eabi-objdump -h -S  PORTABLE\ DIGITAL\ SOURCE\ V1.3\ DMA.elf  > "PORTABLE DIGITAL SOURCE V1.3 DMA.list"
   text	   data	    bss	    dec	    hex	filename
  60984	    520	   3760	  65264	   fef0	PORTABLE DIGITAL SOURCE V1.3 DMA.elf
Finished building: default.size.stdout
 
Finished building: PORTABLE DIGITAL SOURCE V1.3 DMA.list
 
11:26:24 **** Incremental Build of configuration Debug for project PORTABLE DIGITAL SOURCE V1.3 DMA ****
make -j4 all 
arm-none-eabi-gcc "../Core/Src/main.c" -mcpu=cortex-m0 -std=gnu11 -g3 -DDEBUG -DUSE_HAL_DRIVER -DSTM32F051x8 -c -I../Core/Inc -I../Drivers/STM32F0xx_HAL_Driver/Inc -I../Drivers/STM32F0xx_HAL_Driver/Inc/Legacy -I../Drivers/CMSIS/Device/ST/STM32F0xx/Include -I../Drivers/CMSIS/Include -Os -ffunction-sections -fdata-sections -Wall -fstack-usage -fcyclomatic-complexity -MMD -MP -MF"Core/Src/main.d" -MT"Core/Src/main.o" --specs=nano.specs -mfloat-abi=soft -mthumb -o "Core/Src/main.o"
arm-none-eabi-gcc -o "PORTABLE DIGITAL SOURCE V1.3 DMA.elf" @"objects.list"   -mcpu=cortex-m0 -T"E:\GIOVANNY_TODO\SKETCHS\STM32\STM32F051C8T6\MIS PROYECTOS\PORTABLE DIGITAL SOURCE V1.3 DMA\STM32F051C8TX_FLASH.ld" --specs=nosys.specs -Wl,-Map="PORTABLE DIGITAL SOURCE V1.3 DMA.map" -Wl,--gc-sections -static --specs=nano.specs -mfloat-abi=soft -mthumb -u _printf_float -Wl,--start-group -lc -lm -Wl,--end-group
Finished building target: PORTABLE DIGITAL SOURCE V1.3 DMA.elf
 
arm-none-eabi-size   PORTABLE\ DIGITAL\ SOURCE\ V1.3\ DMA.elf 
arm-none-eabi-objdump -h -S  PORTABLE\ DIGITAL\ SOURCE\ V1.3\ DMA.elf  > "PORTABLE DIGITAL SOURCE V1.3 DMA.list"
   text	   data	    bss	    dec	    hex	filename
  60984	    520	   3760	  65264	   fef0	PORTABLE DIGITAL SOURCE V1.3 DMA.elf
Finished building: default.size.stdout
 
Finished building: PORTABLE DIGITAL SOURCE V1.3 DMA.list
 
11:27:16 **** Incremental Build of configuration Debug for project PORTABLE DIGITAL SOURCE V1.3 DMA ****
make -j4 all 
arm-none-eabi-gcc "../Core/Src/main.c" -mcpu=cortex-m0 -std=gnu11 -g3 -DDEBUG -DUSE_HAL_DRIVER -DSTM32F051x8 -c -I../Core/Inc -I../Drivers/STM32F0xx_HAL_Driver/Inc -I../Drivers/STM32F0xx_HAL_Driver/Inc/Legacy -I../Drivers/CMSIS/Device/ST/STM32F0xx/Include -I../Drivers/CMSIS/Include -Os -ffunction-sections -fdata-sections -Wall -fstack-usage -fcyclomatic-complexity -MMD -MP -MF"Core/Src/main.d" -MT"Core/Src/main.o" --specs=nano.specs -mfloat-abi=soft -mthumb -o "Core/Src/main.o"
arm-none-eabi-gcc -o "PORTABLE DIGITAL SOURCE V1.3 DMA.elf" @"objects.list"   -mcpu=cortex-m0 -T"E:\GIOVANNY_TODO\SKETCHS\STM32\STM32F051C8T6\MIS PROYECTOS\PORTABLE DIGITAL SOURCE V1.3 DMA\STM32F051C8TX_FLASH.ld" --specs=nosys.specs -Wl,-Map="PORTABLE DIGITAL SOURCE V1.3 DMA.map" -Wl,--gc-sections -static --specs=nano.specs -mfloat-abi=soft -mthumb -u _printf_float -Wl,--start-group -lc -lm -Wl,--end-group
Finished building target: PORTABLE DIGITAL SOURCE V1.3 DMA.elf
 
arm-none-eabi-size   PORTABLE\ DIGITAL\ SOURCE\ V1.3\ DMA.elf 
arm-none-eabi-objdump -h -S  PORTABLE\ DIGITAL\ SOURCE\ V1.3\ DMA.elf  > "PORTABLE DIGITAL SOURCE V1.3 DMA.list"
   text	   data	    bss	    dec	    hex	filename
  60956	    520	   3760	  65236	   fed4	PORTABLE DIGITAL SOURCE V1.3 DMA.elf
Finished building: default.size.stdout
 
Finished building: PORTABLE DIGITAL SOURCE V1.3 DMA.list
 
11:28:06 **** Incremental Build of configuration Debug for project PORTABLE DIGITAL SOURCE V1.3 DMA ****
make -j4 all 
arm-none-eabi-gcc "../Core/Src/main.c" -mcpu=cortex-m0 -std=gnu11 -g3 -DDEBUG -DUSE_HAL_DRIVER -DSTM32F051x8 -c -I../Core/Inc -I../Drivers/STM32F0xx_HAL_Driver/Inc -I../Drivers/STM32F0xx_HAL_Driver/Inc/Legacy -I../Drivers/CMSIS/Device/ST/STM32F0xx/Include -I../Drivers/CMSIS/Include -Os -ffunction-sections -fdata-sections -Wall -fstack-usage -fcyclomatic-complexity -MMD -MP -MF"Core/Src/main.d" -MT"Core/Src/main.o" --specs=nano.specs -mfloat-abi=soft -mthumb -o "Core/Src/main.o"
arm-none-eabi-gcc -o "PORTABLE DIGITAL SOURCE V1.3 DMA.elf" @"objects.list"   -mcpu=cortex-m0 -T"E:\GIOVANNY_TODO\SKETCHS\STM32\STM32F051C8T6\MIS PROYECTOS\PORTABLE DIGITAL SOURCE V1.3 DMA\STM32F051C8TX_FLASH.ld" --specs=nosys.specs -Wl,-Map="PORTABLE DIGITAL SOURCE V1.3 DMA.map" -Wl,--gc-sections -static --specs=nano.specs -mfloat-abi=soft -mthumb -u _printf_float -Wl,--start-group -lc -lm -Wl,--end-group
Finished building target: PORTABLE DIGITAL SOURCE V1.3 DMA.elf
 
arm-none-eabi-size   PORTABLE\ DIGITAL\ SOURCE\ V1.3\ DMA.elf 
arm-none-eabi-objdump -h -S  PORTABLE\ DIGITAL\ SOURCE\ V1.3\ DMA.elf  > "PORTABLE DIGITAL SOURCE V1.3 DMA.list"
   text	   data	    bss	    dec	    hex	filename
  60984	    520	   3760	  65264	   fef0	PORTABLE DIGITAL SOURCE V1.3 DMA.elf
Finished building: default.size.stdout
 
Finished building: PORTABLE DIGITAL SOURCE V1.3 DMA.list
 
11:29:33 **** Incremental Build of configuration Debug for project PORTABLE DIGITAL SOURCE V1.3 DMA ****
make -j4 all 
arm-none-eabi-gcc "../Core/Src/main.c" -mcpu=cortex-m0 -std=gnu11 -g3 -DDEBUG -DUSE_HAL_DRIVER -DSTM32F051x8 -c -I../Core/Inc -I../Drivers/STM32F0xx_HAL_Driver/Inc -I../Drivers/STM32F0xx_HAL_Driver/Inc/Legacy -I../Drivers/CMSIS/Device/ST/STM32F0xx/Include -I../Drivers/CMSIS/Include -Os -ffunction-sections -fdata-sections -Wall -fstack-usage -fcyclomatic-complexity -MMD -MP -MF"Core/Src/main.d" -MT"Core/Src/main.o" --specs=nano.specs -mfloat-abi=soft -mthumb -o "Core/Src/main.o"
arm-none-eabi-gcc -o "PORTABLE DIGITAL SOURCE V1.3 DMA.elf" @"objects.list"   -mcpu=cortex-m0 -T"E:\GIOVANNY_TODO\SKETCHS\STM32\STM32F051C8T6\MIS PROYECTOS\PORTABLE DIGITAL SOURCE V1.3 DMA\STM32F051C8TX_FLASH.ld" --specs=nosys.specs -Wl,-Map="PORTABLE DIGITAL SOURCE V1.3 DMA.map" -Wl,--gc-sections -static --specs=nano.specs -mfloat-abi=soft -mthumb -u _printf_float -Wl,--start-group -lc -lm -Wl,--end-group
Finished building target: PORTABLE DIGITAL SOURCE V1.3 DMA.elf
 
arm-none-eabi-size   PORTABLE\ DIGITAL\ SOURCE\ V1.3\ DMA.elf 
arm-none-eabi-objdump -h -S  PORTABLE\ DIGITAL\ SOURCE\ V1.3\ DMA.elf  > "PORTABLE DIGITAL SOURCE V1.3 DMA.list"
   text	   data	    bss	    dec	    hex	filename
  60988	    520	   3760	  65268	   fef4	PORTABLE DIGITAL SOURCE V1.3 DMA.elf
Finished building: default.size.stdout
 
Finished building: PORTABLE DIGITAL SOURCE V1.3 DMA.list
 
11:30:34 **** Incremental Build of configuration Debug for project PORTABLE DIGITAL SOURCE V1.3 DMA ****
make -j4 all 
arm-none-eabi-gcc "../Core/Src/main.c" -mcpu=cortex-m0 -std=gnu11 -g3 -DDEBUG -DUSE_HAL_DRIVER -DSTM32F051x8 -c -I../Core/Inc -I../Drivers/STM32F0xx_HAL_Driver/Inc -I../Drivers/STM32F0xx_HAL_Driver/Inc/Legacy -I../Drivers/CMSIS/Device/ST/STM32F0xx/Include -I../Drivers/CMSIS/Include -Os -ffunction-sections -fdata-sections -Wall -fstack-usage -fcyclomatic-complexity -MMD -MP -MF"Core/Src/main.d" -MT"Core/Src/main.o" --specs=nano.specs -mfloat-abi=soft -mthumb -o "Core/Src/main.o"
arm-none-eabi-gcc -o "PORTABLE DIGITAL SOURCE V1.3 DMA.elf" @"objects.list"   -mcpu=cortex-m0 -T"E:\GIOVANNY_TODO\SKETCHS\STM32\STM32F051C8T6\MIS PROYECTOS\PORTABLE DIGITAL SOURCE V1.3 DMA\STM32F051C8TX_FLASH.ld" --specs=nosys.specs -Wl,-Map="PORTABLE DIGITAL SOURCE V1.3 DMA.map" -Wl,--gc-sections -static --specs=nano.specs -mfloat-abi=soft -mthumb -u _printf_float -Wl,--start-group -lc -lm -Wl,--end-group
Finished building target: PORTABLE DIGITAL SOURCE V1.3 DMA.elf
 
arm-none-eabi-size   PORTABLE\ DIGITAL\ SOURCE\ V1.3\ DMA.elf 
arm-none-eabi-objdump -h -S  PORTABLE\ DIGITAL\ SOURCE\ V1.3\ DMA.elf  > "PORTABLE DIGITAL SOURCE V1.3 DMA.list"
   text	   data	    bss	    dec	    hex	filename
  60980	    520	   3760	  65260	   feec	PORTABLE DIGITAL SOURCE V1.3 DMA.elf
Finished building: default.size.stdout
 
Finished building: PORTABLE DIGITAL SOURCE V1.3 DMA.list
 
