2024-06-01 16:48:54,390 [INFO] Activator:176 - 


2024-06-01 16:48:54,396 [INFO] Activator:177 - !SESSION log4j initialized
2024-06-01 16:49:13,736 [INFO] LogOutputStream:77 - [STDOUT_REDIRECT] 
2024-06-01 16:49:24,984 [INFO] ApplicationProperties:184 - Using Application install path: F:\Program Files\STM32CubeIDE_1.13.2\STM32CubeIDE\plugins\com.st.stm32cube.common.mx_6.9.2.202309101412
2024-06-01 16:49:25,025 [INFO] DbMcusXml:78 - Set database path to: F:\Program Files\STM32CubeIDE_1.13.2\STM32CubeIDE\plugins\com.st.stm32cube.common.mx_6.9.2.202309101412\\db\/mcu/
2024-06-01 16:49:25,025 [INFO] ApiDb:274 - Set plugin database path to: F:\Program Files\STM32CubeIDE_1.13.2\STM32CubeIDE\plugins\com.st.stm32cube.common.mx_6.9.2.202309101412\\db\/plugins/boardmanager/
2024-06-01 16:49:25,026 [WARN] ApiDb:259 - Overriding images path with different value:  => F:\Program Files\STM32CubeIDE_1.13.2\STM32CubeIDE\plugins\com.st.stm32cube.common.mx_6.9.2.202309101412\\db\/plugins/mcufinder/images/
2024-06-01 16:49:25,214 [INFO] ApiDb:250 - Set database path to: C:\Users\PC\.stmcufinder\plugins\mcufinder//mcu/
2024-06-01 16:49:25,219 [INFO] DbMcusAds:125 - Set database path to: C:\Users\PC\.stmcufinder\plugins\mcufinder//mcu/
2024-06-01 16:49:25,236 [INFO] CrossReferenceDbSqlite:203 - Set database path to: C:\Users\PC\.stmcufinder\plugins\mcufinder//mcu/cs/
2024-06-01 16:49:25,512 [INFO] RulesReader:64 - Compatibility file has been processed (293 Rules)
2024-06-01 16:49:25,906 [INFO] DbMcusXml:78 - Set database path to: F:\Program Files\STM32CubeIDE_1.13.2\STM32CubeIDE\plugins\com.st.stm32cube.common.mx_6.9.2.202309101412\\db\/mcu/
2024-06-01 16:49:25,906 [INFO] ApiDb:274 - Set plugin database path to: F:\Program Files\STM32CubeIDE_1.13.2\STM32CubeIDE\plugins\com.st.stm32cube.common.mx_6.9.2.202309101412\\db\/plugins/boardmanager/
2024-06-01 16:49:25,906 [INFO] ApiDb:261 - Set plugin images path to: F:\Program Files\STM32CubeIDE_1.13.2\STM32CubeIDE\plugins\com.st.stm32cube.common.mx_6.9.2.202309101412\\db\/plugins/mcufinder/images/
2024-06-01 16:49:25,907 [WARN] DbFile:41 - Overriding database path with different value: C:\Users\PC\.stmcufinder\plugins\mcufinder/ => C:\Users\PC\.stmcufinder\plugins\mcufinder
2024-06-01 16:49:25,907 [INFO] ApiDb:250 - Set database path to: C:\Users\PC\.stmcufinder\plugins\mcufinder//mcu/
2024-06-01 16:49:25,907 [WARN] DbFile:41 - Overriding database path with different value: C:\Users\PC\.stmcufinder\plugins\mcufinder/ => C:\Users\PC\.stmcufinder\plugins\mcufinder
2024-06-01 16:49:25,907 [INFO] DbMcusAds:125 - Set database path to: C:\Users\PC\.stmcufinder\plugins\mcufinder//mcu/
2024-06-01 16:49:25,907 [WARN] DbFile:41 - Overriding database path with different value: C:\Users\PC\.stmcufinder\plugins\mcufinder/ => C:\Users\PC\.stmcufinder\plugins\mcufinder
2024-06-01 16:49:25,907 [WARN] DbFile:41 - Overriding database path with different value: C:\Users\PC\.stmcufinder\plugins\mcufinder/ => C:\Users\PC\.stmcufinder\plugins\mcufinder
2024-06-01 16:49:25,908 [INFO] CrossReferenceDbSqlite:203 - Set database path to: C:\Users\PC\.stmcufinder\plugins\mcufinder//mcu/cs/
2024-06-01 16:49:26,182 [INFO] MainPanel:262 - HeapMemory: 268435456
2024-06-01 16:49:26,406 [INFO] DbMcusXml:78 - Set database path to: F:\Program Files\STM32CubeIDE_1.13.2\STM32CubeIDE\plugins\com.st.stm32cube.common.mx_6.9.2.202309101412\\db\/mcu/
2024-06-01 16:49:26,406 [INFO] ApiDb:274 - Set plugin database path to: F:\Program Files\STM32CubeIDE_1.13.2\STM32CubeIDE\plugins\com.st.stm32cube.common.mx_6.9.2.202309101412\\db\/plugins/boardmanager/
2024-06-01 16:49:26,406 [INFO] ApiDb:261 - Set plugin images path to: F:\Program Files\STM32CubeIDE_1.13.2\STM32CubeIDE\plugins\com.st.stm32cube.common.mx_6.9.2.202309101412\\db\/plugins/mcufinder/images/
2024-06-01 16:49:26,407 [WARN] DbFile:41 - Overriding database path with different value: C:\Users\PC\.stmcufinder\plugins\mcufinder/ => C:\Users\PC\.stmcufinder\plugins\mcufinder
2024-06-01 16:49:26,407 [INFO] ApiDb:250 - Set database path to: C:\Users\PC\.stmcufinder\plugins\mcufinder//mcu/
2024-06-01 16:49:26,407 [WARN] DbFile:41 - Overriding database path with different value: C:\Users\PC\.stmcufinder\plugins\mcufinder/ => C:\Users\PC\.stmcufinder\plugins\mcufinder
2024-06-01 16:49:26,408 [INFO] DbMcusAds:125 - Set database path to: C:\Users\PC\.stmcufinder\plugins\mcufinder//mcu/
2024-06-01 16:49:26,408 [WARN] DbFile:41 - Overriding database path with different value: C:\Users\PC\.stmcufinder\plugins\mcufinder/ => C:\Users\PC\.stmcufinder\plugins\mcufinder
2024-06-01 16:49:26,408 [WARN] DbFile:41 - Overriding database path with different value: C:\Users\PC\.stmcufinder\plugins\mcufinder/ => C:\Users\PC\.stmcufinder\plugins\mcufinder
2024-06-01 16:49:26,408 [INFO] CrossReferenceDbSqlite:203 - Set database path to: C:\Users\PC\.stmcufinder\plugins\mcufinder//mcu/cs/
2024-06-01 16:49:26,468 [INFO] ApplicationProperties:184 - Using Application install path: F:\Program Files\STM32CubeIDE_1.13.2\STM32CubeIDE\plugins\com.st.stm32cube.common.mx_6.9.2.202309101412
2024-06-01 16:49:26,470 [INFO] PluginManage:196 - Search for loadable plugins [exclusion list=, ]
2024-06-01 16:49:26,471 [INFO] PluginManage:310 - Check plugin analytics
2024-06-01 16:49:31,623 [INFO] AnalyticsPlugin:253 - Accepted Software Licenses: 
2024-06-01 16:49:31,623 [INFO] AnalyticsPlugin:255 - Accepted CMSIS Pack Licenses: 
2024-06-01 16:49:31,623 [INFO] AnalyticsPlugin:257 - Accepted Firmware Licenses: 
2024-06-01 16:49:31,627 [INFO] PluginManage:359 - Loaded plugin analytics (category:tool,tabindex:-1)
2024-06-01 16:49:31,627 [INFO] PluginManage:310 - Check plugin cadmodel
2024-06-01 16:49:31,679 [INFO] CADModel:105 - Init CAD model plugin
2024-06-01 16:49:31,679 [INFO] PluginManage:359 - Loaded plugin cadmodel (category:power,tabindex:5)
2024-06-01 16:49:31,680 [INFO] PluginManage:310 - Check plugin clock
2024-06-01 16:49:31,722 [INFO] PluginManage:359 - Loaded plugin clock (category:base,tabindex:2)
2024-06-01 16:49:31,722 [INFO] PluginManage:310 - Check plugin ddr
2024-06-01 16:49:31,747 [INFO] PluginManage:359 - Loaded plugin ddr (category:tool,tabindex:6)
2024-06-01 16:49:31,747 [INFO] PluginManage:310 - Check plugin filemanager
2024-06-01 16:49:32,131 [INFO] PluginManage:359 - Loaded plugin filemanager (category:base,tabindex:10)
2024-06-01 16:49:32,131 [INFO] PluginManage:310 - Check plugin ipmanager
2024-06-01 16:49:32,164 [INFO] PluginManage:359 - Loaded plugin ipmanager (category:base,tabindex:5)
2024-06-01 16:49:32,164 [INFO] PluginManage:310 - Check plugin lpbam
2024-06-01 16:49:32,194 [INFO] PluginManage:359 - Loaded plugin lpbam (category:base,tabindex:0)
2024-06-01 16:49:32,195 [INFO] PluginManage:310 - Check plugin memorymap
2024-06-01 16:49:32,255 [INFO] PluginManage:359 - Loaded plugin memorymap (category:base,tabindex:4)
2024-06-01 16:49:32,255 [INFO] PluginManage:310 - Check plugin pinoutandconfiguration
2024-06-01 16:49:32,284 [INFO] PluginManage:359 - Loaded plugin pinoutandconfiguration (category:base,tabindex:1)
2024-06-01 16:49:32,285 [INFO] PluginManage:310 - Check plugin pinoutconfig
2024-06-01 16:49:32,477 [WARN] SupportedApi:132 - Cannot load RTOS API schema: s4s-elt-must-match.1: The content of 'definitions' must match (annotation?, (simpleType | complexType)?, (unique | key | keyref)*)). A problem was found starting at: attribute.
2024-06-01 16:49:32,714 [INFO] PluginManage:359 - Loaded plugin pinoutconfig (category:base,tabindex:0)
2024-06-01 16:49:32,715 [INFO] PluginManage:310 - Check plugin power
2024-06-01 16:49:32,767 [INFO] PluginManage:359 - Loaded plugin power (category:power,tabindex:4)
2024-06-01 16:49:32,767 [INFO] PluginManage:310 - Check plugin projectmanager
2024-06-01 16:49:32,803 [INFO] PluginManage:359 - Loaded plugin projectmanager (category:projectmanager,tabindex:3)
2024-06-01 16:49:32,804 [INFO] PluginManage:310 - Check plugin thirdparty
2024-06-01 16:49:33,427 [INFO] PluginManage:359 - Loaded plugin thirdparty (category:base,tabindex:-1)
2024-06-01 16:49:33,427 [WARN] IntegrityCheckThread:84 - waiting for thirdparty lock release [integrity check]
2024-06-01 16:49:33,427 [INFO] PluginManage:310 - Check plugin tools
2024-06-01 16:49:33,427 [INFO] IntegrityCheckThread:86 - entering critical section [integrity check]
2024-06-01 16:49:33,428 [INFO] ThirdPartyUpdaterWithRetryManager:70 - Updater plugin not ready yet. [1/15]
2024-06-01 16:49:33,438 [INFO] PluginManage:359 - Loaded plugin tools (category:base,tabindex:7)
2024-06-01 16:49:33,439 [INFO] PluginManage:310 - Check plugin tutovideos
2024-06-01 16:49:33,856 [INFO] PluginManage:359 - Loaded plugin tutovideos (category:base,tabindex:-1)
2024-06-01 16:49:33,857 [INFO] PluginManage:310 - Check plugin updater
2024-06-01 16:49:33,897 [INFO] PluginManage:359 - Loaded plugin updater (category:base,tabindex:12)
2024-06-01 16:49:33,897 [INFO] PluginManage:310 - Check plugin userauth
2024-06-01 16:49:33,919 [INFO] UserAuth:113 - Init User Auth plugin
2024-06-01 16:49:33,919 [INFO] PluginManage:359 - Loaded plugin userauth (category:base,tabindex:14)
2024-06-01 16:49:33,920 [INFO] PluginManage:283 - PluginManage : Loaded plugins [17]
2024-06-01 16:49:34,778 [INFO] PinOutPanel:1499 - setPackage(No Configuration,No Configuration)
2024-06-01 16:49:35,013 [INFO] CADModel:165 - CPN selected for project level
2024-06-01 16:49:35,013 [INFO] CADModel:114 - Register for checkConnection events
2024-06-01 16:49:35,086 [INFO] IPUIPlugin:80 - create IPUIPlugin
2024-06-01 16:49:35,087 [INFO] PluginManager:220 - loadIPPluginJar : add adc
2024-06-01 16:49:35,106 [INFO] IPUIPlugin:80 - create IPUIPlugin
2024-06-01 16:49:35,106 [INFO] PluginManager:220 - loadIPPluginJar : add aes
2024-06-01 16:49:35,128 [INFO] IPUIPlugin:80 - create IPUIPlugin
2024-06-01 16:49:35,128 [INFO] PluginManager:220 - loadIPPluginJar : add can
2024-06-01 16:49:35,146 [INFO] IPUIPlugin:80 - create IPUIPlugin
2024-06-01 16:49:35,146 [INFO] PluginManager:220 - loadIPPluginJar : add comp
2024-06-01 16:49:35,162 [INFO] IPUIPlugin:80 - create IPUIPlugin
2024-06-01 16:49:35,162 [INFO] PluginManager:220 - loadIPPluginJar : add cryp
2024-06-01 16:49:35,174 [INFO] IPUIPlugin:80 - create IPUIPlugin
2024-06-01 16:49:35,174 [INFO] PluginManager:220 - loadIPPluginJar : add dfsdm
2024-06-01 16:49:35,199 [INFO] IPUIPlugin:80 - create IPUIPlugin
2024-06-01 16:49:35,200 [INFO] PluginManager:220 - loadIPPluginJar : add dma
2024-06-01 16:49:35,214 [INFO] IPUIPlugin:80 - create IPUIPlugin
2024-06-01 16:49:35,214 [INFO] PluginManager:220 - loadIPPluginJar : add dma3
2024-06-01 16:49:35,225 [INFO] IPUIPlugin:80 - create IPUIPlugin
2024-06-01 16:49:35,225 [INFO] PluginManager:220 - loadIPPluginJar : add fatfs
2024-06-01 16:49:35,242 [INFO] IPUIPlugin:80 - create IPUIPlugin
2024-06-01 16:49:35,242 [INFO] PluginManager:220 - loadIPPluginJar : add fmc
2024-06-01 16:49:35,269 [INFO] IPUIPlugin:80 - create IPUIPlugin
2024-06-01 16:49:35,269 [INFO] PluginManager:220 - loadIPPluginJar : add freertos
2024-06-01 16:49:35,287 [INFO] IPUIPlugin:80 - create IPUIPlugin
2024-06-01 16:49:35,287 [INFO] PluginManager:220 - loadIPPluginJar : add genericplugin
2024-06-01 16:49:35,307 [INFO] IPUIPlugin:80 - create IPUIPlugin
2024-06-01 16:49:35,307 [INFO] PluginManager:220 - loadIPPluginJar : add gfxmmu
2024-06-01 16:49:35,323 [INFO] IPUIPlugin:80 - create IPUIPlugin
2024-06-01 16:49:35,324 [INFO] PluginManager:220 - loadIPPluginJar : add gic
2024-06-01 16:49:35,345 [INFO] IPUIPlugin:80 - create IPUIPlugin
2024-06-01 16:49:35,346 [INFO] PluginManager:220 - loadIPPluginJar : add gpio
2024-06-01 16:49:35,362 [INFO] IPUIPlugin:80 - create IPUIPlugin
2024-06-01 16:49:35,362 [INFO] PluginManager:220 - loadIPPluginJar : add gtzc
2024-06-01 16:49:35,376 [INFO] IPUIPlugin:80 - create IPUIPlugin
2024-06-01 16:49:35,376 [INFO] PluginManager:220 - loadIPPluginJar : add hash
2024-06-01 16:49:35,400 [INFO] IPUIPlugin:80 - create IPUIPlugin
2024-06-01 16:49:35,400 [INFO] PluginManager:220 - loadIPPluginJar : add i2c
2024-06-01 16:49:35,416 [INFO] IPUIPlugin:80 - create IPUIPlugin
2024-06-01 16:49:35,416 [INFO] PluginManager:220 - loadIPPluginJar : add i2s
2024-06-01 16:49:35,431 [INFO] IPUIPlugin:80 - create IPUIPlugin
2024-06-01 16:49:35,432 [INFO] PluginManager:220 - loadIPPluginJar : add i3c
2024-06-01 16:49:35,451 [INFO] IPUIPlugin:80 - create IPUIPlugin
2024-06-01 16:49:35,452 [INFO] PluginManager:220 - loadIPPluginJar : add ipddr
2024-06-01 16:49:35,475 [INFO] IPUIPlugin:80 - create IPUIPlugin
2024-06-01 16:49:35,476 [INFO] PluginManager:220 - loadIPPluginJar : add linkedlist
2024-06-01 16:49:35,493 [INFO] IPUIPlugin:80 - create IPUIPlugin
2024-06-01 16:49:35,493 [INFO] PluginManager:220 - loadIPPluginJar : add lorawan
2024-06-01 16:49:35,512 [INFO] IPUIPlugin:80 - create IPUIPlugin
2024-06-01 16:49:35,512 [INFO] PluginManager:220 - loadIPPluginJar : add ltdc
2024-06-01 16:49:35,554 [INFO] IPUIPlugin:80 - create IPUIPlugin
2024-06-01 16:49:35,556 [INFO] PluginManager:220 - loadIPPluginJar : add mdma
2024-06-01 16:49:35,562 [INFO] IPUIPlugin:80 - create IPUIPlugin
2024-06-01 16:49:35,562 [INFO] PluginManager:220 - loadIPPluginJar : add nvic
2024-06-01 16:49:35,576 [INFO] IPUIPlugin:80 - create IPUIPlugin
2024-06-01 16:49:35,576 [INFO] PluginManager:220 - loadIPPluginJar : add opamp
2024-06-01 16:49:35,584 [INFO] IPUIPlugin:80 - create IPUIPlugin
2024-06-01 16:49:35,585 [INFO] PluginManager:220 - loadIPPluginJar : add openamp
2024-06-01 16:49:35,597 [INFO] IPUIPlugin:80 - create IPUIPlugin
2024-06-01 16:49:35,597 [INFO] PluginManager:220 - loadIPPluginJar : add pdm2pcm
2024-06-01 16:49:35,609 [INFO] IPUIPlugin:80 - create IPUIPlugin
2024-06-01 16:49:35,613 [INFO] PluginManager:220 - loadIPPluginJar : add plateformsettings
2024-06-01 16:49:35,629 [INFO] IPUIPlugin:80 - create IPUIPlugin
2024-06-01 16:49:35,629 [INFO] PluginManager:220 - loadIPPluginJar : add quadspi
2024-06-01 16:49:35,637 [INFO] IPUIPlugin:80 - create IPUIPlugin
2024-06-01 16:49:35,637 [INFO] PluginManager:220 - loadIPPluginJar : add resmgrutility
2024-06-01 16:49:35,647 [INFO] IPUIPlugin:80 - create IPUIPlugin
2024-06-01 16:49:35,647 [INFO] PluginManager:220 - loadIPPluginJar : add sai
2024-06-01 16:49:35,658 [INFO] IPUIPlugin:80 - create IPUIPlugin
2024-06-01 16:49:35,658 [INFO] PluginManager:220 - loadIPPluginJar : add spi
2024-06-01 16:49:35,670 [INFO] IPUIPlugin:80 - create IPUIPlugin
2024-06-01 16:49:35,670 [INFO] PluginManager:220 - loadIPPluginJar : add stm32_wpan
2024-06-01 16:49:35,684 [INFO] IPUIPlugin:80 - create IPUIPlugin
2024-06-01 16:49:35,684 [INFO] PluginManager:220 - loadIPPluginJar : add tim
2024-06-01 16:49:35,703 [INFO] IPUIPlugin:80 - create IPUIPlugin
2024-06-01 16:49:35,704 [INFO] PluginManager:220 - loadIPPluginJar : add touchsensing
2024-06-01 16:49:35,716 [INFO] IPUIPlugin:80 - create IPUIPlugin
2024-06-01 16:49:35,716 [INFO] PluginManager:220 - loadIPPluginJar : add tracer_emb
2024-06-01 16:49:35,733 [INFO] IPUIPlugin:80 - create IPUIPlugin
2024-06-01 16:49:35,733 [INFO] PluginManager:220 - loadIPPluginJar : add ts
2024-06-01 16:49:35,736 [INFO] IPUIPlugin:80 - create IPUIPlugin
2024-06-01 16:49:35,736 [INFO] PluginManager:220 - loadIPPluginJar : add tsc
2024-06-01 16:49:35,739 [INFO] IPUIPlugin:80 - create IPUIPlugin
2024-06-01 16:49:35,739 [INFO] PluginManager:220 - loadIPPluginJar : add ucpd
2024-06-01 16:49:35,757 [INFO] IPUIPlugin:80 - create IPUIPlugin
2024-06-01 16:49:35,757 [INFO] PluginManager:220 - loadIPPluginJar : add usart
2024-06-01 16:49:35,771 [INFO] IPUIPlugin:80 - create IPUIPlugin
2024-06-01 16:49:35,772 [INFO] PluginManager:220 - loadIPPluginJar : add usbx
2024-06-01 16:49:35,923 [INFO] CADModel:165 - CPN selected for project level
2024-06-01 16:49:35,923 [INFO] CADModel:114 - Register for checkConnection events
2024-06-01 16:49:35,924 [FATAL] Updater:308 - Updater called before beeing initialized
2024-06-01 16:49:35,925 [ERROR] CADModel:125 - Updater not yet initialized, retry later 
2024-06-01 16:49:36,429 [INFO] ThirdPartyUpdaterWithRetryManager:70 - Updater plugin not ready yet. [2/15]
2024-06-01 16:49:36,439 [INFO] CADModel:165 - CPN selected for project level
2024-06-01 16:49:36,439 [INFO] CADModel:114 - Register for checkConnection events
2024-06-01 16:49:36,439 [FATAL] Updater:308 - Updater called before beeing initialized
2024-06-01 16:49:36,440 [ERROR] CADModel:125 - Updater not yet initialized, retry later 
2024-06-01 16:49:36,457 [FATAL] Updater:308 - Updater called before beeing initialized
2024-06-01 16:49:36,641 [FATAL] Updater:308 - Updater called before beeing initialized
2024-06-01 16:49:36,659 [INFO] DbMcusAds:53 - JSON generation date=Wed Nov 29 05:52:27 PET 2023 (1701255147349)
2024-06-01 16:49:36,659 [FATAL] Updater:308 - Updater called before beeing initialized
2024-06-01 16:49:36,814 [WARN] DetailPanel:346 - Failed to get advertising image, set to default
2024-06-01 16:49:36,983 [FATAL] Updater:308 - Updater called before beeing initialized
2024-06-01 16:49:36,986 [FATAL] Updater:308 - Updater called before beeing initialized
2024-06-01 16:49:36,987 [FATAL] Updater:308 - Updater called before beeing initialized
2024-06-01 16:49:36,987 [WARN] DetailPanel:346 - Failed to get advertising image, set to default
2024-06-01 16:49:36,990 [FATAL] Updater:308 - Updater called before beeing initialized
2024-06-01 16:49:37,193 [ERROR] Updater:1120 - MainUpdater not yet initialized. External WinMGr cannot be set.
2024-06-01 16:49:37,222 [INFO] Updater:1056 - Updater Version found : 6.9.2
2024-06-01 16:49:37,257 [INFO] ApplicationProperties:184 - Using Application install path: F:\Program Files\STM32CubeIDE_1.13.2\STM32CubeIDE\plugins\com.st.stm32cube.common.mx_6.9.2.202309101412
2024-06-01 16:49:38,803 [INFO] MainUpdater:2868 - connection check result : 10
2024-06-01 16:49:38,806 [INFO] MainUpdater:285 - Updater Check For Update Now.
2024-06-01 16:49:38,807 [INFO] MicroXplorer:498 - Change Database Version : DB.6.0.92
2024-06-01 16:49:38,851 [INFO] McuFinderGlobals:63 - Set McuFinder mode to 2 (CubeIDE integrated)
2024-06-01 16:49:39,271 [INFO] CheckServerUpdateThread:120 - End of CheckServer Thread
2024-06-01 16:49:43,137 [ERROR] LogOutputStream:75 - [STDERR_REDIRECT] Jun 01, 2024 4:49:43 PM org.glassfish.grizzly.http.server.NetworkListener start
2024-06-01 16:49:43,138 [ERROR] LogOutputStream:75 - [STDERR_REDIRECT] INFO: Started listener bound to [localhost:1595]
2024-06-01 16:49:43,139 [ERROR] LogOutputStream:75 - [STDERR_REDIRECT] 
2024-06-01 16:49:43,141 [ERROR] LogOutputStream:75 - [STDERR_REDIRECT] Jun 01, 2024 4:49:43 PM org.glassfish.grizzly.http.server.HttpServer start
2024-06-01 16:49:43,142 [ERROR] LogOutputStream:75 - [STDERR_REDIRECT] INFO: [HttpServer] Started.
2024-06-01 16:49:43,142 [ERROR] LogOutputStream:75 - [STDERR_REDIRECT] 
2024-06-01 16:49:43,159 [WARN] PackLoader:240 - Cannot read IP mode file for STMicroelectronics.FP-SNS-MOTENVWB1.1.4.0
2024-06-01 16:49:43,206 [WARN] PackLoader:240 - Cannot read IP mode file for STMicroelectronics.X-CUBE-SMBUS.2.1.0
2024-06-01 16:49:43,471 [WARN] PackLoader:240 - Cannot read IP mode file for STMicroelectronics.X-CUBE-TOUCHGFX.4.23.0
2024-06-01 16:49:43,504 [WARN] PackLoader:240 - Cannot read IP mode file for STMicroelectronics.X-CUBE-TOUCHGFX.4.23.2
2024-06-01 16:49:43,602 [WARN] PackLoader:240 - Cannot read IP mode file for STMicroelectronics.X-CUBE-AZRTOS-F7.1.1.0
2024-06-01 16:49:43,660 [ERROR] RealEvaluatedCondition:428 - Found unsupported composite condition: GROUP='STM32_MetaDataManager' CLASS='Data Exchange'
2024-06-01 16:49:43,660 [ERROR] RealEvaluatedCondition:428 - Found unsupported composite condition: GROUP='STM32_MetaDataManager' CLASS='Data Exchange'
2024-06-01 16:49:43,663 [WARN] PackLoader:240 - Cannot read IP mode file for STMicroelectronics.FP-SNS-MOTENV1.4.3.0
2024-06-01 16:49:43,695 [WARN] PackLoader:240 - Cannot read IP mode file for STMicroelectronics.FP-SNS-MOTENV1.4.3.2
2024-06-01 16:49:43,726 [WARN] PackLoader:240 - Cannot read IP mode file for STMicroelectronics.FP-SNS-FLIGHT1.5.0.0
2024-06-01 16:49:43,760 [ERROR] RealEvaluatedCondition:428 - Found unsupported composite condition: GROUP='STM32_MetaDataManager' CLASS='Data Exchange'
2024-06-01 16:49:43,760 [ERROR] RealEvaluatedCondition:428 - Found unsupported composite condition: CLASS='Data Exchange' GROUP='STM32_MetaDataManager'
2024-06-01 16:49:43,762 [WARN] PackLoader:240 - Cannot read IP mode file for STMicroelectronics.FP-SNS-MOTENV1.4.3.1
2024-06-01 16:49:43,790 [WARN] PackLoader:240 - Cannot read IP mode file for STMicroelectronics.FP-SNS-FLIGHT1.5.0.1
2024-06-01 16:49:43,821 [WARN] PackLoader:240 - Cannot read IP mode file for STMicroelectronics.X-CUBE-BLE1.6.2.4
2024-06-01 16:49:43,854 [WARN] PackLoader:240 - Cannot read IP mode file for STMicroelectronics.FP-SNS-FLIGHT1.5.0.2
2024-06-01 16:49:43,885 [WARN] PackLoader:240 - Cannot read IP mode file for STMicroelectronics.X-CUBE-DISPLAY.3.0.0
2024-06-01 16:49:43,945 [WARN] PackLoader:240 - Cannot read IP mode file for STMicroelectronics.X-CUBE-BLE1.7.0.0
2024-06-01 16:49:43,973 [WARN] PackLoader:240 - Cannot read IP mode file for STMicroelectronics.X-CUBE-TOUCHGFX.4.22.0
2024-06-01 16:49:43,998 [WARN] PackLoader:240 - Cannot read IP mode file for STMicroelectronics.X-CUBE-TOUCHGFX.4.22.1
2024-06-01 16:49:44,032 [WARN] PackLoader:240 - Cannot read IP mode file for STMicroelectronics.X-CUBE-BLEMGR.3.1.0
2024-06-01 16:49:44,059 [WARN] PackLoader:240 - Cannot read IP mode file for STMicroelectronics.FP-SNS-SMARTAG2.1.2.0
2024-06-01 16:49:44,102 [INFO] LogOutputStream:77 - [STDOUT_REDIRECT] 1 : Invalid condition id : UX_CORESTACK_Condition cause : null
2024-06-01 16:49:44,103 [INFO] LogOutputStream:77 - [STDOUT_REDIRECT] 1 : Invalid condition id : UX_CORESTACK_Condition cause : null
2024-06-01 16:49:44,105 [INFO] LogOutputStream:77 - [STDOUT_REDIRECT] 1 : Invalid condition id : UX_CORESTACK_Condition cause : null
2024-06-01 16:49:44,106 [INFO] LogOutputStream:77 - [STDOUT_REDIRECT] 1 : Invalid condition id : UX_CORESTACK_Condition cause : null
2024-06-01 16:49:44,108 [INFO] LogOutputStream:77 - [STDOUT_REDIRECT] 1 : Invalid condition id : UX_CORESTACK_Condition cause : null
2024-06-01 16:49:44,112 [WARN] PackLoader:240 - Cannot read IP mode file for STMicroelectronics.X-CUBE-AZRTOS-WL.2.0.0
2024-06-01 16:49:44,142 [WARN] PackLoader:240 - Cannot read IP mode file for STMicroelectronics.FP-SNS-MOTENV1.5.0.0
2024-06-01 16:49:44,171 [WARN] PackLoader:240 - Cannot read IP mode file for WES.I-CUBE-Cesium.1.3.0
2024-06-01 16:49:44,190 [WARN] PackLoader:240 - Cannot read IP mode file for STMicroelectronics.X-CUBE-BLE2.3.3.0
2024-06-01 16:49:44,213 [WARN] PackLoader:240 - Cannot read IP mode file for STMicroelectronics.X-CUBE-DISPLAY.2.2.0
2024-06-01 16:49:44,252 [WARN] PackLoader:240 - Cannot read IP mode file for STMicroelectronics.X-CUBE-TOF1.3.2.0
2024-06-01 16:49:44,293 [WARN] PackLoader:240 - Cannot read IP mode file for STMicroelectronics.X-CUBE-TCPP.4.1.0
2024-06-01 16:49:44,325 [WARN] PackLoader:240 - Cannot read IP mode file for STMicroelectronics.X-CUBE-TOUCHGFX.4.21.1
2024-06-01 16:49:44,346 [WARN] PackLoader:240 - Cannot read IP mode file for STMicroelectronics.X-CUBE-TOUCHGFX.4.21.0
2024-06-01 16:49:44,369 [WARN] PackLoader:240 - Cannot read IP mode file for STMicroelectronics.X-CUBE-TOUCHGFX.4.21.3
2024-06-01 16:49:44,397 [WARN] PackLoader:240 - Cannot read IP mode file for STMicroelectronics.X-CUBE-TOUCHGFX.4.21.4
2024-06-01 16:49:44,489 [WARN] PackLoader:240 - Cannot read IP mode file for STMicroelectronics.X-CUBE-MEMS1.9.4.0
2024-06-01 16:49:44,873 [WARN] PackLoader:240 - Cannot read IP mode file for STMicroelectronics.X-CUBE-AI.7.3.0
2024-06-01 16:49:44,901 [WARN] PackLoader:240 - Cannot read IP mode file for STMicroelectronics.X-CUBE-ALGOBUILD.1.3.0
2024-06-01 16:49:44,981 [WARN] PackLoader:240 - Cannot read IP mode file for STMicroelectronics.X-CUBE-AZRTOS-G0.1.1.0
2024-06-01 16:49:45,021 [WARN] PackLoader:240 - Cannot read IP mode file for STMicroelectronics.X-CUBE-SAFEA1.1.2.2
2024-06-01 16:49:45,055 [WARN] PackLoader:240 - Cannot read IP mode file for STMicroelectronics.X-CUBE-NFC4.3.0.0
2024-06-01 16:49:45,089 [WARN] PackLoader:240 - Cannot read IP mode file for STMicroelectronics.X-CUBE-BLEMGR.3.0.0
2024-06-01 16:49:45,120 [WARN] PackLoader:240 - Cannot read IP mode file for STMicroelectronics.X-CUBE-BLEMGR.1.3.0
2024-06-01 16:49:45,162 [WARN] PackLoader:240 - Cannot read IP mode file for STMicroelectronics.FP-ATR-SIGFOX1.3.2.0
2024-06-01 16:49:45,196 [WARN] PackLoader:240 - Cannot read IP mode file for STMicroelectronics.X-CUBE-EEPRMA1.5.1.0
2024-06-01 16:49:45,293 [WARN] PackLoader:240 - Cannot read IP mode file for STMicroelectronics.X-CUBE-MEMS1.9.5.0
2024-06-01 16:49:45,569 [WARN] PackLoader:240 - Cannot read IP mode file for SEGGER.I-CUBE-embOS.1.3.1
2024-06-01 16:49:45,651 [WARN] PackLoader:240 - Cannot read IP mode file for STMicroelectronics.X-CUBE-ALGOBUILD.1.4.0
2024-06-01 16:49:45,719 [WARN] PackLoader:240 - Cannot read IP mode file for SEGGER.I-CUBE-embOS.1.3.0
2024-06-01 16:49:45,797 [WARN] PackLoader:240 - Cannot read IP mode file for STMicroelectronics.X-CUBE-GNSS1.6.0.0
2024-06-01 16:49:45,850 [WARN] PackLoader:240 - Cannot read IP mode file for STMicroelectronics.X-CUBE-AZRTOS-F4.1.1.0
2024-06-01 16:49:45,876 [WARN] PackLoader:240 - Cannot read IP mode file for STMicroelectronics.X-CUBE-FREERTOS.1.2.0
2024-06-01 16:49:45,930 [WARN] PackLoader:240 - Cannot read IP mode file for STMicroelectronics.X-CUBE-AZRTOS-L5.2.0.0
2024-06-01 16:49:46,036 [WARN] PackLoader:240 - Cannot read IP mode file for STMicroelectronics.X-CUBE-MEMS1.9.6.0
2024-06-01 16:49:46,262 [WARN] PackLoader:240 - Cannot read IP mode file for STMicroelectronics.X-CUBE-EEPRMA1.4.2.0
2024-06-01 16:49:46,302 [WARN] PackLoader:240 - Cannot read IP mode file for STMicroelectronics.X-CUBE-NFC6.3.1.0
2024-06-01 16:49:46,434 [WARN] PackLoader:240 - Cannot read IP mode file for ITTIA_DB.I-CUBE-ITTIADB.8.8.0
2024-06-01 16:49:46,464 [WARN] PackLoader:240 - Cannot read IP mode file for emotas.I-CUBE-CANOPEN.1.1.3
2024-06-01 16:49:46,490 [WARN] PackLoader:240 - Cannot read IP mode file for STMicroelectronics.X-CUBE-BLEMGR.2.0.0
2024-06-01 16:49:46,510 [WARN] PackLoader:240 - Cannot read IP mode file for STMicroelectronics.X-CUBE-NFC4.2.0.5
2024-06-01 16:49:46,541 [WARN] PackLoader:240 - Cannot read IP mode file for STMicroelectronics.X-CUBE-AI.9.0.0
2024-06-01 16:49:46,587 [WARN] ConditionMgr:438 - getConditionDescription Invalid condition id : UX DEVICE CLASS RTOS Condition cause : null
2024-06-01 16:49:46,588 [WARN] ConditionMgr:438 - getConditionDescription Invalid condition id : UX DEVICE CLASS RTOS Condition cause : null
2024-06-01 16:49:46,592 [WARN] PackLoader:240 - Cannot read IP mode file for STMicroelectronics.X-CUBE-AZRTOS-H7.3.1.0
2024-06-01 16:49:46,594 [WARN] ConditionMgr:1039 - genDependencies : Invalid condition id : UX DEVICE CLASS RTOS Condition cause : null
2024-06-01 16:49:46,594 [WARN] ConditionMgr:1039 - genDependencies : Invalid condition id : UX DEVICE CLASS RTOS Condition cause : null
2024-06-01 16:49:46,595 [WARN] ConditionMgr:1039 - genDependencies : Invalid condition id : UX DEVICE CLASS RTOS Condition cause : null
2024-06-01 16:49:46,595 [WARN] ConditionMgr:1039 - genDependencies : Invalid condition id : UX DEVICE CLASS RTOS Condition cause : null
2024-06-01 16:49:46,595 [WARN] ConditionMgr:1039 - genDependencies : Invalid condition id : UX DEVICE CLASS RTOS Condition cause : null
2024-06-01 16:49:46,624 [WARN] PackLoader:240 - Cannot read IP mode file for wolfSSL.I-CUBE-wolfSSL.5.5.3
2024-06-01 16:49:46,651 [WARN] PackLoader:240 - Cannot read IP mode file for STMicroelectronics.X-CUBE-NFC7.1.0.1
2024-06-01 16:49:46,698 [WARN] PackLoader:240 - Cannot read IP mode file for STMicroelectronics.X-CUBE-NFC7.1.0.0
2024-06-01 16:49:46,729 [WARN] PackLoader:240 - Cannot read IP mode file for STMicroelectronics.X-CUBE-NFC6.3.0.0
2024-06-01 16:49:46,761 [WARN] PackLoader:240 - Cannot read IP mode file for STMicroelectronics.X-CUBE-EEPRMA1.4.1.0
2024-06-01 16:49:46,791 [WARN] PackLoader:240 - Cannot read IP mode file for STMicroelectronics.X-CUBE-AI.8.1.0
2024-06-01 16:49:46,865 [WARN] ConditionMgr:438 - getConditionDescription Invalid condition id : LAN8742 Phy interface Condition cause : null
2024-06-01 16:49:46,866 [WARN] PackLoader:240 - Cannot read IP mode file for STMicroelectronics.X-CUBE-AZRTOS-L4.2.0.0
2024-06-01 16:49:46,868 [WARN] ConditionMgr:1039 - genDependencies : Invalid condition id : LAN8742 Phy interface Condition cause : null
2024-06-01 16:49:46,868 [WARN] ConditionMgr:1039 - genDependencies : Invalid condition id : LAN8742 Phy interface Condition cause : null
2024-06-01 16:49:46,869 [WARN] ConditionMgr:1039 - genDependencies : Invalid condition id : LAN8742 Phy interface Condition cause : null
2024-06-01 16:49:46,903 [WARN] PackLoader:240 - Cannot read IP mode file for STMicroelectronics.X-CUBE-SFXS2LP1.4.0.0
2024-06-01 16:49:46,953 [WARN] PackLoader:240 - Cannot read IP mode file for STMicroelectronics.X-CUBE-AZRTOS-H7.3.0.0
2024-06-01 16:49:46,981 [WARN] PackLoader:240 - Cannot read IP mode file for STMicroelectronics.X-CUBE-ISPU.1.1.0
2024-06-01 16:49:47,015 [WARN] PackLoader:240 - Cannot read IP mode file for RoweBots.I-CUBE-UNISONRTOS.5.5.0-4
2024-06-01 16:49:47,041 [WARN] PackLoader:240 - Cannot read IP mode file for STMicroelectronics.X-CUBE-AI.8.0.0
2024-06-01 16:49:47,083 [WARN] ConditionMgr:438 - getConditionDescription Invalid condition id : UX DEVICE CLASS RTOS Condition cause : null
2024-06-01 16:49:47,083 [WARN] ConditionMgr:438 - getConditionDescription Invalid condition id : UX DEVICE CLASS RTOS Condition cause : null
2024-06-01 16:49:47,086 [WARN] PackLoader:240 - Cannot read IP mode file for STMicroelectronics.X-CUBE-AZRTOS-WB.2.0.0
2024-06-01 16:49:47,087 [WARN] ConditionMgr:1039 - genDependencies : Invalid condition id : UX DEVICE CLASS RTOS Condition cause : null
2024-06-01 16:49:47,087 [WARN] ConditionMgr:1039 - genDependencies : Invalid condition id : UX DEVICE CLASS RTOS Condition cause : null
2024-06-01 16:49:47,087 [WARN] ConditionMgr:1039 - genDependencies : Invalid condition id : UX DEVICE CLASS RTOS Condition cause : null
2024-06-01 16:49:47,088 [WARN] ConditionMgr:1039 - genDependencies : Invalid condition id : UX DEVICE CLASS RTOS Condition cause : null
2024-06-01 16:49:47,088 [WARN] ConditionMgr:1039 - genDependencies : Invalid condition id : UX DEVICE CLASS RTOS Condition cause : null
2024-06-01 16:49:47,109 [WARN] PackLoader:240 - Cannot read IP mode file for STMicroelectronics.X-CUBE-FREERTOS.1.0.0
2024-06-01 16:49:47,163 [WARN] PackLoader:240 - Cannot read IP mode file for STMicroelectronics.X-CUBE-FREERTOS.1.0.1
2024-06-01 16:49:47,211 [WARN] PackLoader:240 - Cannot read IP mode file for STMicroelectronics.X-CUBE-AZRTOS-L5.1.1.0
2024-06-01 16:49:47,261 [WARN] PackLoader:240 - Cannot read IP mode file for STMicroelectronics.X-CUBE-AI.8.0.1
2024-06-01 16:49:47,298 [WARN] PackLoader:240 - Cannot read IP mode file for STMicroelectronics.X-CUBE-SUBG2.5.0.0
2024-06-01 16:49:47,329 [WARN] PackLoader:240 - Cannot read IP mode file for Cesanta.I-CUBE-Mongoose.7.13.0
2024-06-01 16:49:47,361 [WARN] PackLoader:240 - Cannot read IP mode file for STMicroelectronics.X-CUBE-TOF1.3.3.1
2024-06-01 16:49:47,410 [WARN] PackLoader:240 - Cannot read IP mode file for STMicroelectronics.X-CUBE-AZRTOS-G4.2.0.0
2024-06-01 16:49:47,444 [WARN] PackLoader:240 - Cannot read IP mode file for STMicroelectronics.X-CUBE-TOF1.3.3.0
2024-06-01 16:49:47,484 [WARN] PackLoader:240 - Cannot read IP mode file for STMicroelectronics.FP-ATR-ASTRA1.1.1.1
2024-06-01 16:49:47,517 [WARN] PackLoader:240 - Cannot read IP mode file for Infineon.AIROC-Wi-Fi-Bluetooth-STM32.1.5.1
2024-06-01 16:49:47,549 [WARN] PackLoader:240 - Cannot read IP mode file for STMicroelectronics.FP-SNS-MOTENVWB1.1.3.0
2024-06-01 16:49:47,576 [WARN] PackLoader:240 - Cannot read IP mode file for STMicroelectronics.FP-SNS-MOTENVWB1.1.3.1
2024-06-01 16:49:47,616 [WARN] PackLoader:240 - Cannot read IP mode file for STMicroelectronics.X-CUBE-AZRTOS-G4.1.0.0
2024-06-01 16:49:47,666 [WARN] PackLoader:240 - Cannot read IP mode file for STMicroelectronics.X-CUBE-AZRTOS-L4.1.0.0
2024-06-01 16:49:47,796 [WARN] PackLoader:240 - Cannot read IP mode file for STMicroelectronics.X-CUBE-ISPU.2.0.0
2024-06-01 16:49:47,828 [WARN] PackLoader:240 - Cannot read IP mode file for STMicroelectronics.X-CUBE-ALS.1.0.2
2024-06-01 16:49:47,897 [WARN] PackLoader:240 - Cannot read IP mode file for STMicroelectronics.X-CUBE-MEMS1.10.0.0
2024-06-01 16:49:48,114 [WARN] PackLoader:240 - Cannot read IP mode file for STMicroelectronics.X-CUBE-FREERTOS.1.1.0
2024-06-01 16:49:48,147 [WARN] PackLoader:240 - Cannot read IP mode file for STMicroelectronics.X-CUBE-AZRTOS-WL.1.0.0
2024-06-01 16:49:48,167 [WARN] PackLoader:240 - Cannot read IP mode file for portGmbH.I-Cube-SoM-uGOAL.1.1.0
2024-06-01 16:49:48,193 [WARN] PackLoader:240 - Cannot read IP mode file for STMicroelectronics.X-CUBE-ALS.1.0.1
2024-06-01 16:49:48,247 [WARN] PackLoader:240 - Cannot read IP mode file for STMicroelectronics.X-CUBE-AZRTOS-WB.1.1.0
2024-06-01 16:49:48,310 [WARN] PackLoader:240 - Cannot read IP mode file for STMicroelectronics.X-CUBE-AZRTOS-H7RS.1.0.0
2024-06-01 16:49:48,343 [WARN] PackLoader:240 - Cannot read IP mode file for STMicroelectronics.FP-ATR-ASTRA1.2.0.0
2024-06-01 16:49:48,405 [WARN] PackLoader:240 - Cannot read IP mode file for STMicroelectronics.X-CUBE-TOF1.3.4.0
2024-06-01 16:49:48,456 [WARN] PackLoader:240 - Cannot read IP mode file for STMicroelectronics.X-CUBE-TOF1.3.4.1
2024-06-01 16:49:48,547 [WARN] PackLoader:240 - Cannot read IP mode file for STMicroelectronics.X-CUBE-AZRTOS-H7.3.2.0
2024-06-01 16:49:48,551 [INFO] ThirdParty:978 - Integrity check success = true
2024-06-01 16:49:48,552 [INFO] IntegrityCheckThread:100 - exiting critical section [integrity check]
2024-06-01 16:49:48,552 [INFO] IntegrityCheckThread:103 - End integrity checks thread
