2024-10-26 18:03:06,696 [INFO] Activator:176 - 


2024-10-26 18:03:06,727 [INFO] Activator:177 - !SESSION log4j initialized
2024-10-26 18:03:25,609 [INFO] LogOutputStream:77 - [STDOUT_REDIRECT] 
2024-10-26 18:03:33,667 [INFO] ApplicationProperties:184 - Using Application install path: F:\Program Files\STM32CubeIDE_1.13.2\STM32CubeIDE\plugins\com.st.stm32cube.common.mx_6.9.2.202309101412
2024-10-26 18:03:33,695 [INFO] DbMcusXml:78 - Set database path to: F:\Program Files\STM32CubeIDE_1.13.2\STM32CubeIDE\plugins\com.st.stm32cube.common.mx_6.9.2.202309101412\\db\/mcu/
2024-10-26 18:03:33,696 [INFO] ApiDb:274 - Set plugin database path to: F:\Program Files\STM32CubeIDE_1.13.2\STM32CubeIDE\plugins\com.st.stm32cube.common.mx_6.9.2.202309101412\\db\/plugins/boardmanager/
2024-10-26 18:03:33,697 [WARN] ApiDb:259 - Overriding images path with different value:  => F:\Program Files\STM32CubeIDE_1.13.2\STM32CubeIDE\plugins\com.st.stm32cube.common.mx_6.9.2.202309101412\\db\/plugins/mcufinder/images/
2024-10-26 18:03:33,717 [INFO] ApiDb:250 - Set database path to: C:\Users\PC\.stmcufinder\plugins\mcufinder//mcu/
2024-10-26 18:03:33,719 [INFO] DbMcusAds:125 - Set database path to: C:\Users\PC\.stmcufinder\plugins\mcufinder//mcu/
2024-10-26 18:03:33,722 [INFO] CrossReferenceDbSqlite:203 - Set database path to: C:\Users\PC\.stmcufinder\plugins\mcufinder//mcu/cs/
2024-10-26 18:03:33,907 [INFO] RulesReader:64 - Compatibility file has been processed (293 Rules)
2024-10-26 18:03:34,018 [INFO] DbMcusXml:78 - Set database path to: F:\Program Files\STM32CubeIDE_1.13.2\STM32CubeIDE\plugins\com.st.stm32cube.common.mx_6.9.2.202309101412\\db\/mcu/
2024-10-26 18:03:34,018 [INFO] ApiDb:274 - Set plugin database path to: F:\Program Files\STM32CubeIDE_1.13.2\STM32CubeIDE\plugins\com.st.stm32cube.common.mx_6.9.2.202309101412\\db\/plugins/boardmanager/
2024-10-26 18:03:34,019 [INFO] ApiDb:261 - Set plugin images path to: F:\Program Files\STM32CubeIDE_1.13.2\STM32CubeIDE\plugins\com.st.stm32cube.common.mx_6.9.2.202309101412\\db\/plugins/mcufinder/images/
2024-10-26 18:03:34,019 [WARN] DbFile:41 - Overriding database path with different value: C:\Users\PC\.stmcufinder\plugins\mcufinder/ => C:\Users\PC\.stmcufinder\plugins\mcufinder
2024-10-26 18:03:34,019 [INFO] ApiDb:250 - Set database path to: C:\Users\PC\.stmcufinder\plugins\mcufinder//mcu/
2024-10-26 18:03:34,019 [WARN] DbFile:41 - Overriding database path with different value: C:\Users\PC\.stmcufinder\plugins\mcufinder/ => C:\Users\PC\.stmcufinder\plugins\mcufinder
2024-10-26 18:03:34,019 [INFO] DbMcusAds:125 - Set database path to: C:\Users\PC\.stmcufinder\plugins\mcufinder//mcu/
2024-10-26 18:03:34,020 [WARN] DbFile:41 - Overriding database path with different value: C:\Users\PC\.stmcufinder\plugins\mcufinder/ => C:\Users\PC\.stmcufinder\plugins\mcufinder
2024-10-26 18:03:34,020 [WARN] DbFile:41 - Overriding database path with different value: C:\Users\PC\.stmcufinder\plugins\mcufinder/ => C:\Users\PC\.stmcufinder\plugins\mcufinder
2024-10-26 18:03:34,020 [INFO] CrossReferenceDbSqlite:203 - Set database path to: C:\Users\PC\.stmcufinder\plugins\mcufinder//mcu/cs/
2024-10-26 18:03:34,157 [INFO] MainPanel:262 - HeapMemory: 268435456
2024-10-26 18:03:34,341 [INFO] DbMcusXml:78 - Set database path to: F:\Program Files\STM32CubeIDE_1.13.2\STM32CubeIDE\plugins\com.st.stm32cube.common.mx_6.9.2.202309101412\\db\/mcu/
2024-10-26 18:03:34,341 [INFO] ApiDb:274 - Set plugin database path to: F:\Program Files\STM32CubeIDE_1.13.2\STM32CubeIDE\plugins\com.st.stm32cube.common.mx_6.9.2.202309101412\\db\/plugins/boardmanager/
2024-10-26 18:03:34,342 [INFO] ApiDb:261 - Set plugin images path to: F:\Program Files\STM32CubeIDE_1.13.2\STM32CubeIDE\plugins\com.st.stm32cube.common.mx_6.9.2.202309101412\\db\/plugins/mcufinder/images/
2024-10-26 18:03:34,343 [WARN] DbFile:41 - Overriding database path with different value: C:\Users\PC\.stmcufinder\plugins\mcufinder/ => C:\Users\PC\.stmcufinder\plugins\mcufinder
2024-10-26 18:03:34,343 [INFO] ApiDb:250 - Set database path to: C:\Users\PC\.stmcufinder\plugins\mcufinder//mcu/
2024-10-26 18:03:34,343 [WARN] DbFile:41 - Overriding database path with different value: C:\Users\PC\.stmcufinder\plugins\mcufinder/ => C:\Users\PC\.stmcufinder\plugins\mcufinder
2024-10-26 18:03:34,343 [INFO] DbMcusAds:125 - Set database path to: C:\Users\PC\.stmcufinder\plugins\mcufinder//mcu/
2024-10-26 18:03:34,343 [WARN] DbFile:41 - Overriding database path with different value: C:\Users\PC\.stmcufinder\plugins\mcufinder/ => C:\Users\PC\.stmcufinder\plugins\mcufinder
2024-10-26 18:03:34,343 [WARN] DbFile:41 - Overriding database path with different value: C:\Users\PC\.stmcufinder\plugins\mcufinder/ => C:\Users\PC\.stmcufinder\plugins\mcufinder
2024-10-26 18:03:34,343 [INFO] CrossReferenceDbSqlite:203 - Set database path to: C:\Users\PC\.stmcufinder\plugins\mcufinder//mcu/cs/
2024-10-26 18:03:34,379 [INFO] ApplicationProperties:184 - Using Application install path: F:\Program Files\STM32CubeIDE_1.13.2\STM32CubeIDE\plugins\com.st.stm32cube.common.mx_6.9.2.202309101412
2024-10-26 18:03:34,382 [INFO] PluginManage:196 - Search for loadable plugins [exclusion list=, ]
2024-10-26 18:03:34,385 [INFO] PluginManage:310 - Check plugin analytics
2024-10-26 18:03:39,306 [INFO] AnalyticsPlugin:253 - Accepted Software Licenses: 
2024-10-26 18:03:39,306 [INFO] AnalyticsPlugin:255 - Accepted CMSIS Pack Licenses: 
2024-10-26 18:03:39,307 [INFO] AnalyticsPlugin:257 - Accepted Firmware Licenses: 
2024-10-26 18:03:39,310 [INFO] PluginManage:359 - Loaded plugin analytics (category:tool,tabindex:-1)
2024-10-26 18:03:39,311 [INFO] PluginManage:310 - Check plugin cadmodel
2024-10-26 18:03:39,323 [INFO] CADModel:105 - Init CAD model plugin
2024-10-26 18:03:39,323 [INFO] PluginManage:359 - Loaded plugin cadmodel (category:power,tabindex:5)
2024-10-26 18:03:39,323 [INFO] PluginManage:310 - Check plugin clock
2024-10-26 18:03:39,340 [INFO] PluginManage:359 - Loaded plugin clock (category:base,tabindex:2)
2024-10-26 18:03:39,340 [INFO] PluginManage:310 - Check plugin ddr
2024-10-26 18:03:39,344 [INFO] PluginManage:359 - Loaded plugin ddr (category:tool,tabindex:6)
2024-10-26 18:03:39,344 [INFO] PluginManage:310 - Check plugin filemanager
2024-10-26 18:03:39,554 [INFO] PluginManage:359 - Loaded plugin filemanager (category:base,tabindex:10)
2024-10-26 18:03:39,554 [INFO] PluginManage:310 - Check plugin ipmanager
2024-10-26 18:03:39,566 [INFO] PluginManage:359 - Loaded plugin ipmanager (category:base,tabindex:5)
2024-10-26 18:03:39,566 [INFO] PluginManage:310 - Check plugin lpbam
2024-10-26 18:03:39,581 [INFO] PluginManage:359 - Loaded plugin lpbam (category:base,tabindex:0)
2024-10-26 18:03:39,582 [INFO] PluginManage:310 - Check plugin memorymap
2024-10-26 18:03:39,606 [INFO] PluginManage:359 - Loaded plugin memorymap (category:base,tabindex:4)
2024-10-26 18:03:39,606 [INFO] PluginManage:310 - Check plugin pinoutandconfiguration
2024-10-26 18:03:39,630 [INFO] PluginManage:359 - Loaded plugin pinoutandconfiguration (category:base,tabindex:1)
2024-10-26 18:03:39,631 [INFO] PluginManage:310 - Check plugin pinoutconfig
2024-10-26 18:03:39,779 [WARN] SupportedApi:132 - Cannot load RTOS API schema: s4s-elt-must-match.1: The content of 'definitions' must match (annotation?, (simpleType | complexType)?, (unique | key | keyref)*)). A problem was found starting at: attribute.
2024-10-26 18:03:40,036 [INFO] PluginManage:359 - Loaded plugin pinoutconfig (category:base,tabindex:0)
2024-10-26 18:03:40,036 [INFO] PluginManage:310 - Check plugin power
2024-10-26 18:03:40,074 [INFO] PluginManage:359 - Loaded plugin power (category:power,tabindex:4)
2024-10-26 18:03:40,075 [INFO] PluginManage:310 - Check plugin projectmanager
2024-10-26 18:03:40,111 [INFO] PluginManage:359 - Loaded plugin projectmanager (category:projectmanager,tabindex:3)
2024-10-26 18:03:40,111 [INFO] PluginManage:310 - Check plugin thirdparty
2024-10-26 18:03:40,338 [INFO] PluginManage:359 - Loaded plugin thirdparty (category:base,tabindex:-1)
2024-10-26 18:03:40,338 [WARN] IntegrityCheckThread:84 - waiting for thirdparty lock release [integrity check]
2024-10-26 18:03:40,338 [INFO] PluginManage:310 - Check plugin tools
2024-10-26 18:03:40,339 [INFO] IntegrityCheckThread:86 - entering critical section [integrity check]
2024-10-26 18:03:40,340 [INFO] ThirdPartyUpdaterWithRetryManager:70 - Updater plugin not ready yet. [1/15]
2024-10-26 18:03:40,342 [INFO] PluginManage:359 - Loaded plugin tools (category:base,tabindex:7)
2024-10-26 18:03:40,343 [INFO] PluginManage:310 - Check plugin tutovideos
2024-10-26 18:03:40,694 [INFO] PluginManage:359 - Loaded plugin tutovideos (category:base,tabindex:-1)
2024-10-26 18:03:40,695 [INFO] PluginManage:310 - Check plugin updater
2024-10-26 18:03:40,715 [INFO] PluginManage:359 - Loaded plugin updater (category:base,tabindex:12)
2024-10-26 18:03:40,715 [INFO] PluginManage:310 - Check plugin userauth
2024-10-26 18:03:40,723 [INFO] UserAuth:113 - Init User Auth plugin
2024-10-26 18:03:40,724 [INFO] PluginManage:359 - Loaded plugin userauth (category:base,tabindex:14)
2024-10-26 18:03:40,725 [INFO] PluginManage:283 - PluginManage : Loaded plugins [17]
2024-10-26 18:03:41,070 [INFO] PinOutPanel:1499 - setPackage(No Configuration,No Configuration)
2024-10-26 18:03:41,232 [INFO] CADModel:165 - CPN selected for project level
2024-10-26 18:03:41,232 [INFO] CADModel:114 - Register for checkConnection events
2024-10-26 18:03:41,259 [INFO] IPUIPlugin:80 - create IPUIPlugin
2024-10-26 18:03:41,260 [INFO] PluginManager:220 - loadIPPluginJar : add adc
2024-10-26 18:03:41,264 [INFO] IPUIPlugin:80 - create IPUIPlugin
2024-10-26 18:03:41,264 [INFO] PluginManager:220 - loadIPPluginJar : add aes
2024-10-26 18:03:41,269 [INFO] IPUIPlugin:80 - create IPUIPlugin
2024-10-26 18:03:41,269 [INFO] PluginManager:220 - loadIPPluginJar : add can
2024-10-26 18:03:41,272 [INFO] IPUIPlugin:80 - create IPUIPlugin
2024-10-26 18:03:41,272 [INFO] PluginManager:220 - loadIPPluginJar : add comp
2024-10-26 18:03:41,277 [INFO] IPUIPlugin:80 - create IPUIPlugin
2024-10-26 18:03:41,278 [INFO] PluginManager:220 - loadIPPluginJar : add cryp
2024-10-26 18:03:41,284 [INFO] IPUIPlugin:80 - create IPUIPlugin
2024-10-26 18:03:41,284 [INFO] PluginManager:220 - loadIPPluginJar : add dfsdm
2024-10-26 18:03:41,297 [INFO] IPUIPlugin:80 - create IPUIPlugin
2024-10-26 18:03:41,298 [INFO] PluginManager:220 - loadIPPluginJar : add dma
2024-10-26 18:03:41,302 [INFO] IPUIPlugin:80 - create IPUIPlugin
2024-10-26 18:03:41,302 [INFO] PluginManager:220 - loadIPPluginJar : add dma3
2024-10-26 18:03:41,304 [INFO] IPUIPlugin:80 - create IPUIPlugin
2024-10-26 18:03:41,305 [INFO] PluginManager:220 - loadIPPluginJar : add fatfs
2024-10-26 18:03:41,311 [INFO] IPUIPlugin:80 - create IPUIPlugin
2024-10-26 18:03:41,311 [INFO] PluginManager:220 - loadIPPluginJar : add fmc
2024-10-26 18:03:41,322 [INFO] IPUIPlugin:80 - create IPUIPlugin
2024-10-26 18:03:41,323 [INFO] PluginManager:220 - loadIPPluginJar : add freertos
2024-10-26 18:03:41,325 [INFO] IPUIPlugin:80 - create IPUIPlugin
2024-10-26 18:03:41,325 [INFO] PluginManager:220 - loadIPPluginJar : add genericplugin
2024-10-26 18:03:41,329 [INFO] IPUIPlugin:80 - create IPUIPlugin
2024-10-26 18:03:41,329 [INFO] PluginManager:220 - loadIPPluginJar : add gfxmmu
2024-10-26 18:03:41,336 [INFO] IPUIPlugin:80 - create IPUIPlugin
2024-10-26 18:03:41,337 [INFO] PluginManager:220 - loadIPPluginJar : add gic
2024-10-26 18:03:41,343 [INFO] IPUIPlugin:80 - create IPUIPlugin
2024-10-26 18:03:41,344 [INFO] PluginManager:220 - loadIPPluginJar : add gpio
2024-10-26 18:03:41,348 [INFO] IPUIPlugin:80 - create IPUIPlugin
2024-10-26 18:03:41,348 [INFO] PluginManager:220 - loadIPPluginJar : add gtzc
2024-10-26 18:03:41,352 [INFO] IPUIPlugin:80 - create IPUIPlugin
2024-10-26 18:03:41,352 [INFO] PluginManager:220 - loadIPPluginJar : add hash
2024-10-26 18:03:41,356 [INFO] IPUIPlugin:80 - create IPUIPlugin
2024-10-26 18:03:41,356 [INFO] PluginManager:220 - loadIPPluginJar : add i2c
2024-10-26 18:03:41,362 [INFO] IPUIPlugin:80 - create IPUIPlugin
2024-10-26 18:03:41,362 [INFO] PluginManager:220 - loadIPPluginJar : add i2s
2024-10-26 18:03:41,367 [INFO] IPUIPlugin:80 - create IPUIPlugin
2024-10-26 18:03:41,367 [INFO] PluginManager:220 - loadIPPluginJar : add i3c
2024-10-26 18:03:41,372 [INFO] IPUIPlugin:80 - create IPUIPlugin
2024-10-26 18:03:41,372 [INFO] PluginManager:220 - loadIPPluginJar : add ipddr
2024-10-26 18:03:41,383 [INFO] IPUIPlugin:80 - create IPUIPlugin
2024-10-26 18:03:41,383 [INFO] PluginManager:220 - loadIPPluginJar : add linkedlist
2024-10-26 18:03:41,388 [INFO] IPUIPlugin:80 - create IPUIPlugin
2024-10-26 18:03:41,388 [INFO] PluginManager:220 - loadIPPluginJar : add lorawan
2024-10-26 18:03:41,391 [INFO] IPUIPlugin:80 - create IPUIPlugin
2024-10-26 18:03:41,391 [INFO] PluginManager:220 - loadIPPluginJar : add ltdc
2024-10-26 18:03:41,401 [INFO] IPUIPlugin:80 - create IPUIPlugin
2024-10-26 18:03:41,402 [INFO] PluginManager:220 - loadIPPluginJar : add mdma
2024-10-26 18:03:41,408 [INFO] IPUIPlugin:80 - create IPUIPlugin
2024-10-26 18:03:41,408 [INFO] PluginManager:220 - loadIPPluginJar : add nvic
2024-10-26 18:03:41,413 [INFO] IPUIPlugin:80 - create IPUIPlugin
2024-10-26 18:03:41,413 [INFO] PluginManager:220 - loadIPPluginJar : add opamp
2024-10-26 18:03:41,418 [INFO] IPUIPlugin:80 - create IPUIPlugin
2024-10-26 18:03:41,418 [INFO] PluginManager:220 - loadIPPluginJar : add openamp
2024-10-26 18:03:41,424 [INFO] IPUIPlugin:80 - create IPUIPlugin
2024-10-26 18:03:41,424 [INFO] PluginManager:220 - loadIPPluginJar : add pdm2pcm
2024-10-26 18:03:41,433 [INFO] IPUIPlugin:80 - create IPUIPlugin
2024-10-26 18:03:41,437 [INFO] PluginManager:220 - loadIPPluginJar : add plateformsettings
2024-10-26 18:03:41,441 [INFO] IPUIPlugin:80 - create IPUIPlugin
2024-10-26 18:03:41,441 [INFO] PluginManager:220 - loadIPPluginJar : add quadspi
2024-10-26 18:03:41,449 [INFO] IPUIPlugin:80 - create IPUIPlugin
2024-10-26 18:03:41,449 [INFO] PluginManager:220 - loadIPPluginJar : add resmgrutility
2024-10-26 18:03:41,453 [INFO] IPUIPlugin:80 - create IPUIPlugin
2024-10-26 18:03:41,453 [INFO] PluginManager:220 - loadIPPluginJar : add sai
2024-10-26 18:03:41,458 [INFO] IPUIPlugin:80 - create IPUIPlugin
2024-10-26 18:03:41,458 [INFO] PluginManager:220 - loadIPPluginJar : add spi
2024-10-26 18:03:41,466 [INFO] IPUIPlugin:80 - create IPUIPlugin
2024-10-26 18:03:41,466 [INFO] PluginManager:220 - loadIPPluginJar : add stm32_wpan
2024-10-26 18:03:41,470 [INFO] IPUIPlugin:80 - create IPUIPlugin
2024-10-26 18:03:41,470 [INFO] PluginManager:220 - loadIPPluginJar : add tim
2024-10-26 18:03:41,475 [INFO] IPUIPlugin:80 - create IPUIPlugin
2024-10-26 18:03:41,475 [INFO] PluginManager:220 - loadIPPluginJar : add touchsensing
2024-10-26 18:03:41,479 [INFO] IPUIPlugin:80 - create IPUIPlugin
2024-10-26 18:03:41,479 [INFO] PluginManager:220 - loadIPPluginJar : add tracer_emb
2024-10-26 18:03:41,483 [INFO] IPUIPlugin:80 - create IPUIPlugin
2024-10-26 18:03:41,483 [INFO] PluginManager:220 - loadIPPluginJar : add ts
2024-10-26 18:03:41,485 [INFO] IPUIPlugin:80 - create IPUIPlugin
2024-10-26 18:03:41,486 [INFO] PluginManager:220 - loadIPPluginJar : add tsc
2024-10-26 18:03:41,488 [INFO] IPUIPlugin:80 - create IPUIPlugin
2024-10-26 18:03:41,489 [INFO] PluginManager:220 - loadIPPluginJar : add ucpd
2024-10-26 18:03:41,493 [INFO] IPUIPlugin:80 - create IPUIPlugin
2024-10-26 18:03:41,493 [INFO] PluginManager:220 - loadIPPluginJar : add usart
2024-10-26 18:03:41,498 [INFO] IPUIPlugin:80 - create IPUIPlugin
2024-10-26 18:03:41,499 [INFO] PluginManager:220 - loadIPPluginJar : add usbx
2024-10-26 18:03:41,643 [INFO] CADModel:165 - CPN selected for project level
2024-10-26 18:03:41,643 [INFO] CADModel:114 - Register for checkConnection events
2024-10-26 18:03:41,643 [FATAL] Updater:308 - Updater called before beeing initialized
2024-10-26 18:03:41,643 [ERROR] CADModel:125 - Updater not yet initialized, retry later 
2024-10-26 18:03:41,935 [INFO] CADModel:165 - CPN selected for project level
2024-10-26 18:03:41,936 [INFO] CADModel:114 - Register for checkConnection events
2024-10-26 18:03:41,936 [FATAL] Updater:308 - Updater called before beeing initialized
2024-10-26 18:03:41,936 [ERROR] CADModel:125 - Updater not yet initialized, retry later 
2024-10-26 18:03:41,942 [FATAL] Updater:308 - Updater called before beeing initialized
2024-10-26 18:03:42,248 [FATAL] Updater:308 - Updater called before beeing initialized
2024-10-26 18:03:42,268 [INFO] DbMcusAds:53 - JSON generation date=Fri Sep 20 08:04:38 PET 2024 (1726837478367)
2024-10-26 18:03:42,268 [FATAL] Updater:308 - Updater called before beeing initialized
2024-10-26 18:03:42,473 [WARN] DetailPanel:346 - Failed to get advertising image, set to default
2024-10-26 18:03:42,648 [FATAL] Updater:308 - Updater called before beeing initialized
2024-10-26 18:03:42,654 [FATAL] Updater:308 - Updater called before beeing initialized
2024-10-26 18:03:42,654 [FATAL] Updater:308 - Updater called before beeing initialized
2024-10-26 18:03:42,654 [WARN] DetailPanel:346 - Failed to get advertising image, set to default
2024-10-26 18:03:42,655 [FATAL] Updater:308 - Updater called before beeing initialized
2024-10-26 18:03:42,753 [ERROR] Updater:1120 - MainUpdater not yet initialized. External WinMGr cannot be set.
2024-10-26 18:03:42,764 [INFO] Updater:1056 - Updater Version found : 6.9.2
2024-10-26 18:03:42,815 [INFO] ApplicationProperties:184 - Using Application install path: F:\Program Files\STM32CubeIDE_1.13.2\STM32CubeIDE\plugins\com.st.stm32cube.common.mx_6.9.2.202309101412
2024-10-26 18:03:43,342 [INFO] ThirdPartyUpdaterWithRetryManager:70 - Updater plugin not ready yet. [2/15]
2024-10-26 18:03:45,143 [INFO] MainUpdater:2868 - connection check result : 10
2024-10-26 18:03:45,145 [INFO] MainUpdater:3562 - Updater definition file requires update
2024-10-26 18:03:45,149 [INFO] MainUpdater:285 - Updater Check For Update Now.
2024-10-26 18:03:45,150 [INFO] MicroXplorer:498 - Change Database Version : DB.6.0.92
2024-10-26 18:03:45,175 [INFO] McuFinderGlobals:63 - Set McuFinder mode to 2 (CubeIDE integrated)
2024-10-26 18:03:45,264 [INFO] ServerAccessManage:473 - Download File updaters.zip
2024-10-26 18:03:45,528 [INFO] FileExtend:240 - Unzip File : updaters.zip
2024-10-26 18:03:45,529 [INFO] FileExtend:255 - Standard Zip Deflate
2024-10-26 18:03:46,347 [WARN] MainUpdater:1189 - Updater busy. Cannot search thirdparties
2024-10-26 18:03:46,347 [INFO] ThirdPartyUpdaterWithRetryManager:96 - Updater plugin is busy. [1/15]
2024-10-26 18:03:46,905 [ERROR] LogOutputStream:75 - [STDERR_REDIRECT] Oct 26, 2024 6:03:46 PM org.glassfish.grizzly.http.server.NetworkListener start
2024-10-26 18:03:46,907 [ERROR] LogOutputStream:75 - [STDERR_REDIRECT] INFO: Started listener bound to [localhost:1597]
2024-10-26 18:03:46,907 [ERROR] LogOutputStream:75 - [STDERR_REDIRECT] 
2024-10-26 18:03:46,910 [ERROR] LogOutputStream:75 - [STDERR_REDIRECT] Oct 26, 2024 6:03:46 PM org.glassfish.grizzly.http.server.HttpServer start
2024-10-26 18:03:46,911 [ERROR] LogOutputStream:75 - [STDERR_REDIRECT] INFO: [HttpServer] Started.
2024-10-26 18:03:46,911 [ERROR] LogOutputStream:75 - [STDERR_REDIRECT] 
2024-10-26 18:03:47,136 [INFO] ServerAccessManage:473 - Download File PacksControlFlags.xml
2024-10-26 18:03:47,434 [INFO] ServerAccessManage:473 - Download File cubemx.pidx
2024-10-26 18:03:47,769 [INFO] LoadServerUpdatesThread:373 - End of LoadServerUpdate Thread
2024-10-26 18:03:48,236 [INFO] CheckServerUpdateThread:120 - End of CheckServer Thread
2024-10-26 18:03:49,937 [WARN] PackLoader:240 - Cannot read IP mode file for STMicroelectronics.FP-SNS-MOTENVWB1.1.4.0
2024-10-26 18:03:49,962 [WARN] PackLoader:240 - Cannot read IP mode file for STMicroelectronics.X-CUBE-SMBUS.2.1.0
2024-10-26 18:03:49,989 [WARN] PackLoader:240 - Cannot read IP mode file for STMicroelectronics.X-CUBE-WB05N.1.1.0
2024-10-26 18:03:50,010 [WARN] PackLoader:240 - Cannot read IP mode file for STMicroelectronics.X-CUBE-TOUCHGFX.4.23.0
2024-10-26 18:03:50,028 [WARN] PackLoader:240 - Cannot read IP mode file for STMicroelectronics.X-CUBE-TOUCHGFX.4.23.2
2024-10-26 18:03:50,088 [WARN] PackLoader:240 - Cannot read IP mode file for STMicroelectronics.X-CUBE-AZRTOS-F7.1.1.0
2024-10-26 18:03:50,143 [ERROR] RealEvaluatedCondition:428 - Found unsupported composite condition: CLASS='Data Exchange' GROUP='STM32_MetaDataManager'
2024-10-26 18:03:50,143 [ERROR] RealEvaluatedCondition:428 - Found unsupported composite condition: CLASS='Data Exchange' GROUP='STM32_MetaDataManager'
2024-10-26 18:03:50,146 [WARN] PackLoader:240 - Cannot read IP mode file for STMicroelectronics.FP-SNS-MOTENV1.4.3.0
2024-10-26 18:03:50,172 [WARN] PackLoader:240 - Cannot read IP mode file for STMicroelectronics.FP-SNS-MOTENV1.4.3.2
2024-10-26 18:03:50,193 [WARN] PackLoader:240 - Cannot read IP mode file for STMicroelectronics.FP-SNS-FLIGHT1.5.0.0
2024-10-26 18:03:50,213 [ERROR] RealEvaluatedCondition:428 - Found unsupported composite condition: GROUP='STM32_MetaDataManager' CLASS='Data Exchange'
2024-10-26 18:03:50,213 [ERROR] RealEvaluatedCondition:428 - Found unsupported composite condition: GROUP='STM32_MetaDataManager' CLASS='Data Exchange'
2024-10-26 18:03:50,216 [WARN] PackLoader:240 - Cannot read IP mode file for STMicroelectronics.FP-SNS-MOTENV1.4.3.1
2024-10-26 18:03:50,237 [WARN] PackLoader:240 - Cannot read IP mode file for STMicroelectronics.FP-SNS-FLIGHT1.5.0.1
2024-10-26 18:03:50,356 [WARN] PackLoader:240 - Cannot read IP mode file for STMicroelectronics.X-CUBE-MEMS1.11.0.0
2024-10-26 18:03:50,609 [WARN] PackLoader:240 - Cannot read IP mode file for STMicroelectronics.X-CUBE-BLE1.6.2.4
2024-10-26 18:03:50,642 [WARN] PackLoader:240 - Cannot read IP mode file for STMicroelectronics.FP-SNS-FLIGHT1.5.0.2
2024-10-26 18:03:50,667 [WARN] PackLoader:240 - Cannot read IP mode file for STMicroelectronics.X-CUBE-DISPLAY.3.0.0
2024-10-26 18:03:50,699 [WARN] PackLoader:240 - Cannot read IP mode file for STMicroelectronics.X-CUBE-BLE1.7.0.0
2024-10-26 18:03:50,723 [WARN] PackLoader:240 - Cannot read IP mode file for STMicroelectronics.X-CUBE-NFC10.1.0.0
2024-10-26 18:03:50,744 [WARN] PackLoader:240 - Cannot read IP mode file for STMicroelectronics.X-CUBE-TOUCHGFX.4.22.0
2024-10-26 18:03:50,762 [WARN] PackLoader:240 - Cannot read IP mode file for STMicroelectronics.X-CUBE-TOUCHGFX.4.22.1
2024-10-26 18:03:50,788 [WARN] PackLoader:240 - Cannot read IP mode file for STMicroelectronics.X-CUBE-BLEMGR.3.1.0
2024-10-26 18:03:50,820 [WARN] PackLoader:240 - Cannot read IP mode file for STMicroelectronics.FP-SNS-SMARTAG2.1.2.0
2024-10-26 18:03:50,865 [INFO] LogOutputStream:77 - [STDOUT_REDIRECT] 1 : Invalid condition id : UX_CORESTACK_Condition cause : null
2024-10-26 18:03:50,865 [INFO] LogOutputStream:77 - [STDOUT_REDIRECT] 1 : Invalid condition id : UX_CORESTACK_Condition cause : null
2024-10-26 18:03:50,867 [INFO] LogOutputStream:77 - [STDOUT_REDIRECT] 1 : Invalid condition id : UX_CORESTACK_Condition cause : null
2024-10-26 18:03:50,869 [INFO] LogOutputStream:77 - [STDOUT_REDIRECT] 1 : Invalid condition id : UX_CORESTACK_Condition cause : null
2024-10-26 18:03:50,871 [INFO] LogOutputStream:77 - [STDOUT_REDIRECT] 1 : Invalid condition id : UX_CORESTACK_Condition cause : null
2024-10-26 18:03:50,877 [WARN] PackLoader:240 - Cannot read IP mode file for STMicroelectronics.X-CUBE-AZRTOS-WL.2.0.0
2024-10-26 18:03:50,908 [WARN] PackLoader:240 - Cannot read IP mode file for STMicroelectronics.FP-SNS-MOTENV1.5.0.0
2024-10-26 18:03:50,939 [WARN] PackLoader:240 - Cannot read IP mode file for wolfSSL.I-CUBE-wolfMQTT.1.19.0
2024-10-26 18:03:50,961 [WARN] PackLoader:240 - Cannot read IP mode file for WES.I-CUBE-Cesium.1.3.0
2024-10-26 18:03:50,996 [WARN] PackLoader:240 - Cannot read IP mode file for STMicroelectronics.X-CUBE-BLE2.3.3.0
2024-10-26 18:03:51,032 [WARN] PackLoader:240 - Cannot read IP mode file for STMicroelectronics.X-CUBE-DISPLAY.2.2.0
2024-10-26 18:03:51,077 [WARN] PackLoader:240 - Cannot read IP mode file for STMicroelectronics.X-CUBE-TOF1.3.2.0
2024-10-26 18:03:51,108 [WARN] PackLoader:240 - Cannot read IP mode file for STMicroelectronics.X-CUBE-NFC9.1.0.0
2024-10-26 18:03:51,143 [WARN] PackLoader:240 - Cannot read IP mode file for STMicroelectronics.X-CUBE-TCPP.4.1.0
2024-10-26 18:03:51,165 [WARN] PackLoader:240 - Cannot read IP mode file for STMicroelectronics.X-CUBE-TOUCHGFX.4.21.1
2024-10-26 18:03:51,183 [WARN] PackLoader:240 - Cannot read IP mode file for STMicroelectronics.X-CUBE-TOUCHGFX.4.21.0
2024-10-26 18:03:51,202 [WARN] PackLoader:240 - Cannot read IP mode file for STMicroelectronics.X-CUBE-TOUCHGFX.4.21.3
2024-10-26 18:03:51,224 [WARN] PackLoader:240 - Cannot read IP mode file for STMicroelectronics.X-CUBE-TOUCHGFX.4.21.4
2024-10-26 18:03:51,311 [WARN] PackLoader:240 - Cannot read IP mode file for STMicroelectronics.X-CUBE-MEMS1.9.4.0
2024-10-26 18:03:51,501 [WARN] PackLoader:240 - Cannot read IP mode file for STMicroelectronics.X-CUBE-AI.7.3.0
2024-10-26 18:03:51,523 [WARN] PackLoader:240 - Cannot read IP mode file for STMicroelectronics.X-CUBE-ALGOBUILD.1.3.0
2024-10-26 18:03:51,576 [WARN] PackLoader:240 - Cannot read IP mode file for STMicroelectronics.X-CUBE-AZRTOS-G0.1.1.0
2024-10-26 18:03:51,604 [WARN] PackLoader:240 - Cannot read IP mode file for STMicroelectronics.X-CUBE-SAFEA1.1.2.2
2024-10-26 18:03:51,637 [WARN] PackLoader:240 - Cannot read IP mode file for STMicroelectronics.X-CUBE-NFC4.3.0.0
2024-10-26 18:03:51,672 [ERROR] Engine:466 - C:\Users\PC\.stm32cubemx\thirdparties\pdsc\EmbeddedOffice.I-CUBE-FS-RTOS.1.0.1.pdsc: PDSC version is not supported
2024-10-26 18:03:51,695 [WARN] PackLoader:240 - Cannot read IP mode file for STMicroelectronics.X-CUBE-BLEMGR.3.0.0
2024-10-26 18:03:51,729 [WARN] PackLoader:240 - Cannot read IP mode file for STMicroelectronics.X-CUBE-BLEMGR.1.3.0
2024-10-26 18:03:51,749 [ERROR] Engine:466 - C:\Users\PC\.stm32cubemx\thirdparties\pdsc\RealThread.X-CUBE-RT-Thread_Nano.4.1.1.pdsc: PDSC version is not supported
2024-10-26 18:03:51,771 [WARN] PackLoader:240 - Cannot read IP mode file for STMicroelectronics.FP-ATR-SIGFOX1.3.2.0
2024-10-26 18:03:51,793 [WARN] PackLoader:240 - Cannot read IP mode file for STMicroelectronics.X-CUBE-EEPRMA1.5.1.0
2024-10-26 18:03:51,895 [WARN] PackLoader:240 - Cannot read IP mode file for STMicroelectronics.X-CUBE-MEMS1.9.5.0
2024-10-26 18:03:52,123 [WARN] PackLoader:240 - Cannot read IP mode file for SEGGER.I-CUBE-embOS.1.3.1
2024-10-26 18:03:52,216 [WARN] PackLoader:240 - Cannot read IP mode file for STMicroelectronics.X-CUBE-ALGOBUILD.1.4.0
2024-10-26 18:03:52,286 [WARN] PackLoader:240 - Cannot read IP mode file for SEGGER.I-CUBE-embOS.1.3.0
2024-10-26 18:03:52,362 [WARN] PackLoader:240 - Cannot read IP mode file for STMicroelectronics.X-CUBE-AI.9.1.0
2024-10-26 18:03:52,395 [WARN] PackLoader:240 - Cannot read IP mode file for STMicroelectronics.X-CUBE-GNSS1.6.0.0
2024-10-26 18:03:52,461 [WARN] PackLoader:240 - Cannot read IP mode file for STMicroelectronics.X-CUBE-AZRTOS-F4.1.1.0
2024-10-26 18:03:52,498 [WARN] PackLoader:240 - Cannot read IP mode file for STMicroelectronics.X-CUBE-ISPU.2.1.0
2024-10-26 18:03:52,518 [WARN] PackLoader:240 - Cannot read IP mode file for STMicroelectronics.X-CUBE-FREERTOS.1.2.0
2024-10-26 18:03:52,563 [WARN] PackLoader:240 - Cannot read IP mode file for STMicroelectronics.X-CUBE-AZRTOS-L5.2.0.0
2024-10-26 18:03:52,660 [WARN] PackLoader:240 - Cannot read IP mode file for STMicroelectronics.X-CUBE-MEMS1.9.6.0
2024-10-26 18:03:52,855 [WARN] PackLoader:240 - Cannot read IP mode file for STMicroelectronics.X-CUBE-EEPRMA1.4.2.0
2024-10-26 18:03:52,881 [WARN] PackLoader:240 - Cannot read IP mode file for STMicroelectronics.X-CUBE-NFC6.3.1.0
2024-10-26 18:03:52,905 [WARN] PackLoader:240 - Cannot read IP mode file for ITTIA_DB.I-CUBE-ITTIADB.8.8.0
2024-10-26 18:03:52,939 [WARN] PackLoader:240 - Cannot read IP mode file for emotas.I-CUBE-CANOPEN.1.1.3
2024-10-26 18:03:52,986 [WARN] PackLoader:240 - Cannot read IP mode file for STMicroelectronics.X-CUBE-BLEMGR.2.0.0
2024-10-26 18:03:53,020 [ERROR] Engine:466 - C:\Users\PC\.stm32cubemx\thirdparties\pdsc\STMicroelectronics.X-CUBE-DPower.1.2.0.pdsc: PDSC version is not supported
2024-10-26 18:03:53,043 [WARN] PackLoader:240 - Cannot read IP mode file for STMicroelectronics.X-CUBE-NFC4.2.0.5
2024-10-26 18:03:53,077 [WARN] PackLoader:240 - Cannot read IP mode file for STMicroelectronics.X-CUBE-AI.9.0.0
2024-10-26 18:03:53,129 [WARN] ConditionMgr:438 - getConditionDescription Invalid condition id : UX DEVICE CLASS RTOS Condition cause : null
2024-10-26 18:03:53,130 [WARN] ConditionMgr:438 - getConditionDescription Invalid condition id : UX DEVICE CLASS RTOS Condition cause : null
2024-10-26 18:03:53,134 [WARN] PackLoader:240 - Cannot read IP mode file for STMicroelectronics.X-CUBE-AZRTOS-H7.3.1.0
2024-10-26 18:03:53,136 [WARN] ConditionMgr:1039 - genDependencies : Invalid condition id : UX DEVICE CLASS RTOS Condition cause : null
2024-10-26 18:03:53,136 [WARN] ConditionMgr:1039 - genDependencies : Invalid condition id : UX DEVICE CLASS RTOS Condition cause : null
2024-10-26 18:03:53,137 [WARN] ConditionMgr:1039 - genDependencies : Invalid condition id : UX DEVICE CLASS RTOS Condition cause : null
2024-10-26 18:03:53,137 [WARN] ConditionMgr:1039 - genDependencies : Invalid condition id : UX DEVICE CLASS RTOS Condition cause : null
2024-10-26 18:03:53,137 [WARN] ConditionMgr:1039 - genDependencies : Invalid condition id : UX DEVICE CLASS RTOS Condition cause : null
2024-10-26 18:03:53,158 [WARN] PackLoader:240 - Cannot read IP mode file for wolfSSL.I-CUBE-wolfSSL.5.5.3
2024-10-26 18:03:53,181 [WARN] PackLoader:240 - Cannot read IP mode file for STMicroelectronics.X-CUBE-NFC7.1.0.1
2024-10-26 18:03:53,216 [WARN] PackLoader:240 - Cannot read IP mode file for STMicroelectronics.X-CUBE-NFC7.1.0.0
2024-10-26 18:03:53,250 [WARN] PackLoader:240 - Cannot read IP mode file for wolfSSL.I-CUBE-wolfTPM.3.2.0
2024-10-26 18:03:53,274 [WARN] PackLoader:240 - Cannot read IP mode file for STMicroelectronics.X-CUBE-NFC6.3.0.0
2024-10-26 18:03:53,308 [WARN] PackLoader:240 - Cannot read IP mode file for STMicroelectronics.X-CUBE-EEPRMA1.4.1.0
2024-10-26 18:03:53,331 [WARN] PackLoader:240 - Cannot read IP mode file for STMicroelectronics.X-CUBE-AI.8.1.0
2024-10-26 18:03:53,378 [WARN] ConditionMgr:438 - getConditionDescription Invalid condition id : LAN8742 Phy interface Condition cause : null
2024-10-26 18:03:53,379 [WARN] PackLoader:240 - Cannot read IP mode file for STMicroelectronics.X-CUBE-AZRTOS-L4.2.0.0
2024-10-26 18:03:53,380 [WARN] ConditionMgr:1039 - genDependencies : Invalid condition id : LAN8742 Phy interface Condition cause : null
2024-10-26 18:03:53,381 [WARN] ConditionMgr:1039 - genDependencies : Invalid condition id : LAN8742 Phy interface Condition cause : null
2024-10-26 18:03:53,381 [WARN] ConditionMgr:1039 - genDependencies : Invalid condition id : LAN8742 Phy interface Condition cause : null
2024-10-26 18:03:53,405 [WARN] PackLoader:240 - Cannot read IP mode file for STMicroelectronics.X-CUBE-SFXS2LP1.4.0.0
2024-10-26 18:03:53,465 [WARN] PackLoader:240 - Cannot read IP mode file for STMicroelectronics.X-CUBE-AZRTOS-H7.3.0.0
2024-10-26 18:03:53,506 [WARN] PackLoader:240 - Cannot read IP mode file for STMicroelectronics.X-CUBE-ISPU.1.1.0
2024-10-26 18:03:53,552 [WARN] PackLoader:240 - Cannot read IP mode file for STMicroelectronics.X-CUBE-AZRTOS-H7.3.3.0
2024-10-26 18:03:53,579 [WARN] PackLoader:240 - Cannot read IP mode file for RoweBots.I-CUBE-UNISONRTOS.5.5.0-4
2024-10-26 18:03:53,599 [WARN] PackLoader:240 - Cannot read IP mode file for STMicroelectronics.X-CUBE-AI.8.0.0
2024-10-26 18:03:53,619 [ERROR] Engine:466 - C:\Users\PC\.stm32cubemx\thirdparties\pdsc\STMicroelectronics.X-CUBE-IPS.3.0.0.pdsc: PDSC version is not supported
2024-10-26 18:03:53,654 [WARN] ConditionMgr:438 - getConditionDescription Invalid condition id : UX DEVICE CLASS RTOS Condition cause : null
2024-10-26 18:03:53,654 [WARN] ConditionMgr:438 - getConditionDescription Invalid condition id : UX DEVICE CLASS RTOS Condition cause : null
2024-10-26 18:03:53,657 [WARN] PackLoader:240 - Cannot read IP mode file for STMicroelectronics.X-CUBE-AZRTOS-WB.2.0.0
2024-10-26 18:03:53,658 [WARN] ConditionMgr:1039 - genDependencies : Invalid condition id : UX DEVICE CLASS RTOS Condition cause : null
2024-10-26 18:03:53,658 [WARN] ConditionMgr:1039 - genDependencies : Invalid condition id : UX DEVICE CLASS RTOS Condition cause : null
2024-10-26 18:03:53,659 [WARN] ConditionMgr:1039 - genDependencies : Invalid condition id : UX DEVICE CLASS RTOS Condition cause : null
2024-10-26 18:03:53,659 [WARN] ConditionMgr:1039 - genDependencies : Invalid condition id : UX DEVICE CLASS RTOS Condition cause : null
2024-10-26 18:03:53,659 [WARN] ConditionMgr:1039 - genDependencies : Invalid condition id : UX DEVICE CLASS RTOS Condition cause : null
2024-10-26 18:03:53,689 [WARN] PackLoader:240 - Cannot read IP mode file for STMicroelectronics.X-CUBE-FREERTOS.1.0.0
2024-10-26 18:03:53,707 [WARN] PackLoader:240 - Cannot read IP mode file for STMicroelectronics.X-CUBE-FREERTOS.1.0.1
2024-10-26 18:03:53,728 [WARN] PackLoader:240 - Cannot read IP mode file for STMicroelectronics.X-CUBE-GNSS1.7.0.0
2024-10-26 18:03:53,747 [ERROR] Engine:466 - C:\Users\PC\.stm32cubemx\thirdparties\pdsc\STMicroelectronics.FP-SNS-STBOX1.2.0.0.pdsc: PDSC version is not supported
2024-10-26 18:03:53,783 [WARN] PackLoader:240 - Cannot read IP mode file for STMicroelectronics.X-CUBE-AZRTOS-L5.1.1.0
2024-10-26 18:03:53,810 [WARN] PackLoader:240 - Cannot read IP mode file for STMicroelectronics.X-CUBE-AI.8.0.1
2024-10-26 18:03:53,836 [WARN] PackLoader:240 - Cannot read IP mode file for STMicroelectronics.X-CUBE-SUBG2.5.0.0
2024-10-26 18:03:53,858 [WARN] PackLoader:240 - Cannot read IP mode file for Cesanta.I-CUBE-Mongoose.7.13.0
2024-10-26 18:03:53,884 [WARN] PackLoader:240 - Cannot read IP mode file for STMicroelectronics.X-CUBE-TOF1.3.3.1
2024-10-26 18:03:53,940 [WARN] PackLoader:240 - Cannot read IP mode file for STMicroelectronics.X-CUBE-AZRTOS-G4.2.0.0
2024-10-26 18:03:53,983 [WARN] PackLoader:240 - Cannot read IP mode file for STMicroelectronics.X-CUBE-TOF1.3.3.0
2024-10-26 18:03:54,008 [WARN] PackLoader:240 - Cannot read IP mode file for STMicroelectronics.FP-ATR-ASTRA1.1.1.1
2024-10-26 18:03:54,047 [WARN] PackLoader:240 - Cannot read IP mode file for Infineon.AIROC-Wi-Fi-Bluetooth-STM32.1.5.1
2024-10-26 18:03:54,069 [WARN] PackLoader:240 - Cannot read IP mode file for STMicroelectronics.FP-SNS-MOTENVWB1.1.3.0
2024-10-26 18:03:54,088 [WARN] PackLoader:240 - Cannot read IP mode file for STMicroelectronics.FP-SNS-MOTENVWB1.1.3.1
2024-10-26 18:03:54,121 [WARN] PackLoader:240 - Cannot read IP mode file for STMicroelectronics.X-CUBE-AZRTOS-G4.1.0.0
2024-10-26 18:03:54,162 [WARN] PackLoader:240 - Cannot read IP mode file for STMicroelectronics.X-CUBE-AZRTOS-L4.1.0.0
2024-10-26 18:03:54,183 [WARN] PackLoader:240 - Cannot read IP mode file for STMicroelectronics.X-CUBE-ISPU.2.0.0
2024-10-26 18:03:54,203 [WARN] PackLoader:240 - Cannot read IP mode file for STMicroelectronics.X-CUBE-ALS.1.0.2
2024-10-26 18:03:54,282 [WARN] PackLoader:240 - Cannot read IP mode file for STMicroelectronics.X-CUBE-MEMS1.10.0.0
2024-10-26 18:03:54,448 [WARN] PackLoader:240 - Cannot read IP mode file for STMicroelectronics.X-CUBE-FREERTOS.1.1.0
2024-10-26 18:03:54,466 [WARN] PackLoader:240 - Cannot read IP mode file for STMicroelectronics.X-CUBE-TOUCHGFX.4.24.0
2024-10-26 18:03:54,496 [WARN] PackLoader:240 - Cannot read IP mode file for STMicroelectronics.X-CUBE-AZRTOS-WL.1.0.0
2024-10-26 18:03:54,516 [WARN] PackLoader:240 - Cannot read IP mode file for STMicroelectronics.X-CUBE-TOUCHGFX.4.24.1
2024-10-26 18:03:54,536 [WARN] PackLoader:240 - Cannot read IP mode file for portGmbH.I-Cube-SoM-uGOAL.1.1.0
2024-10-26 18:03:54,553 [WARN] PackLoader:240 - Cannot read IP mode file for STMicroelectronics.X-CUBE-ALS.1.0.1
2024-10-26 18:03:54,587 [WARN] PackLoader:240 - Cannot read IP mode file for STMicroelectronics.X-CUBE-AZRTOS-WB.1.1.0
2024-10-26 18:03:54,631 [WARN] PackLoader:240 - Cannot read IP mode file for STMicroelectronics.X-CUBE-AZRTOS-H7RS.1.0.0
2024-10-26 18:03:54,659 [WARN] PackLoader:240 - Cannot read IP mode file for STMicroelectronics.FP-ATR-ASTRA1.2.0.0
2024-10-26 18:03:54,681 [ERROR] Engine:466 - C:\Users\PC\.stm32cubemx\thirdparties\pdsc\STMicroelectronics.X-CUBE-TOF1.3.4.2.pdsc: PDSC version is not supported
2024-10-26 18:03:54,707 [WARN] PackLoader:240 - Cannot read IP mode file for STMicroelectronics.X-CUBE-TOF1.3.4.0
2024-10-26 18:03:54,757 [WARN] PackLoader:240 - Cannot read IP mode file for STMicroelectronics.X-CUBE-TOF1.3.4.1
2024-10-26 18:03:54,821 [WARN] PackLoader:240 - Cannot read IP mode file for STMicroelectronics.X-CUBE-AZRTOS-H7.3.2.0
2024-10-26 18:03:54,851 [WARN] PackLoader:240 - Cannot read IP mode file for wolfSSL.I-CUBE-wolfSSH.1.4.17
2024-10-26 18:03:54,852 [INFO] ThirdParty:978 - Integrity check success = true
2024-10-26 18:03:54,852 [INFO] IntegrityCheckThread:100 - exiting critical section [integrity check]
2024-10-26 18:03:54,852 [INFO] IntegrityCheckThread:103 - End integrity checks thread
