2024-05-19 13:05:29,186 [INFO] Activator:176 - 


2024-05-19 13:05:29,194 [INFO] Activator:177 - !SESSION log4j initialized
2024-05-19 13:05:47,414 [INFO] LogOutputStream:77 - [STDOUT_REDIRECT] 
2024-05-19 13:06:00,678 [INFO] ApplicationProperties:184 - Using Application install path: F:\Program Files\STM32CubeIDE_1.13.2\STM32CubeIDE\plugins\com.st.stm32cube.common.mx_6.9.2.202309101412
2024-05-19 13:06:00,728 [INFO] DbMcusXml:78 - Set database path to: F:\Program Files\STM32CubeIDE_1.13.2\STM32CubeIDE\plugins\com.st.stm32cube.common.mx_6.9.2.202309101412\\db\/mcu/
2024-05-19 13:06:00,729 [INFO] ApiDb:274 - Set plugin database path to: F:\Program Files\STM32CubeIDE_1.13.2\STM32CubeIDE\plugins\com.st.stm32cube.common.mx_6.9.2.202309101412\\db\/plugins/boardmanager/
2024-05-19 13:06:00,730 [WARN] ApiDb:259 - Overriding images path with different value:  => F:\Program Files\STM32CubeIDE_1.13.2\STM32CubeIDE\plugins\com.st.stm32cube.common.mx_6.9.2.202309101412\\db\/plugins/mcufinder/images/
2024-05-19 13:06:00,872 [INFO] ApiDb:250 - Set database path to: C:\Users\PC\.stmcufinder\plugins\mcufinder//mcu/
2024-05-19 13:06:00,876 [INFO] DbMcusAds:125 - Set database path to: C:\Users\PC\.stmcufinder\plugins\mcufinder//mcu/
2024-05-19 13:06:00,894 [INFO] CrossReferenceDbSqlite:203 - Set database path to: C:\Users\PC\.stmcufinder\plugins\mcufinder//mcu/cs/
2024-05-19 13:06:01,333 [INFO] RulesReader:64 - Compatibility file has been processed (293 Rules)
2024-05-19 13:06:01,833 [INFO] DbMcusXml:78 - Set database path to: F:\Program Files\STM32CubeIDE_1.13.2\STM32CubeIDE\plugins\com.st.stm32cube.common.mx_6.9.2.202309101412\\db\/mcu/
2024-05-19 13:06:01,833 [INFO] ApiDb:274 - Set plugin database path to: F:\Program Files\STM32CubeIDE_1.13.2\STM32CubeIDE\plugins\com.st.stm32cube.common.mx_6.9.2.202309101412\\db\/plugins/boardmanager/
2024-05-19 13:06:01,834 [INFO] ApiDb:261 - Set plugin images path to: F:\Program Files\STM32CubeIDE_1.13.2\STM32CubeIDE\plugins\com.st.stm32cube.common.mx_6.9.2.202309101412\\db\/plugins/mcufinder/images/
2024-05-19 13:06:01,834 [WARN] DbFile:41 - Overriding database path with different value: C:\Users\PC\.stmcufinder\plugins\mcufinder/ => C:\Users\PC\.stmcufinder\plugins\mcufinder
2024-05-19 13:06:01,834 [INFO] ApiDb:250 - Set database path to: C:\Users\PC\.stmcufinder\plugins\mcufinder//mcu/
2024-05-19 13:06:01,834 [WARN] DbFile:41 - Overriding database path with different value: C:\Users\PC\.stmcufinder\plugins\mcufinder/ => C:\Users\PC\.stmcufinder\plugins\mcufinder
2024-05-19 13:06:01,835 [INFO] DbMcusAds:125 - Set database path to: C:\Users\PC\.stmcufinder\plugins\mcufinder//mcu/
2024-05-19 13:06:01,835 [WARN] DbFile:41 - Overriding database path with different value: C:\Users\PC\.stmcufinder\plugins\mcufinder/ => C:\Users\PC\.stmcufinder\plugins\mcufinder
2024-05-19 13:06:01,835 [WARN] DbFile:41 - Overriding database path with different value: C:\Users\PC\.stmcufinder\plugins\mcufinder/ => C:\Users\PC\.stmcufinder\plugins\mcufinder
2024-05-19 13:06:01,835 [INFO] CrossReferenceDbSqlite:203 - Set database path to: C:\Users\PC\.stmcufinder\plugins\mcufinder//mcu/cs/
2024-05-19 13:06:02,303 [INFO] MainPanel:262 - HeapMemory: 300941312
2024-05-19 13:06:02,877 [INFO] DbMcusXml:78 - Set database path to: F:\Program Files\STM32CubeIDE_1.13.2\STM32CubeIDE\plugins\com.st.stm32cube.common.mx_6.9.2.202309101412\\db\/mcu/
2024-05-19 13:06:02,877 [INFO] ApiDb:274 - Set plugin database path to: F:\Program Files\STM32CubeIDE_1.13.2\STM32CubeIDE\plugins\com.st.stm32cube.common.mx_6.9.2.202309101412\\db\/plugins/boardmanager/
2024-05-19 13:06:02,877 [INFO] ApiDb:261 - Set plugin images path to: F:\Program Files\STM32CubeIDE_1.13.2\STM32CubeIDE\plugins\com.st.stm32cube.common.mx_6.9.2.202309101412\\db\/plugins/mcufinder/images/
2024-05-19 13:06:02,879 [WARN] DbFile:41 - Overriding database path with different value: C:\Users\PC\.stmcufinder\plugins\mcufinder/ => C:\Users\PC\.stmcufinder\plugins\mcufinder
2024-05-19 13:06:02,879 [INFO] ApiDb:250 - Set database path to: C:\Users\PC\.stmcufinder\plugins\mcufinder//mcu/
2024-05-19 13:06:02,879 [WARN] DbFile:41 - Overriding database path with different value: C:\Users\PC\.stmcufinder\plugins\mcufinder/ => C:\Users\PC\.stmcufinder\plugins\mcufinder
2024-05-19 13:06:02,880 [INFO] DbMcusAds:125 - Set database path to: C:\Users\PC\.stmcufinder\plugins\mcufinder//mcu/
2024-05-19 13:06:02,880 [WARN] DbFile:41 - Overriding database path with different value: C:\Users\PC\.stmcufinder\plugins\mcufinder/ => C:\Users\PC\.stmcufinder\plugins\mcufinder
2024-05-19 13:06:02,880 [WARN] DbFile:41 - Overriding database path with different value: C:\Users\PC\.stmcufinder\plugins\mcufinder/ => C:\Users\PC\.stmcufinder\plugins\mcufinder
2024-05-19 13:06:02,880 [INFO] CrossReferenceDbSqlite:203 - Set database path to: C:\Users\PC\.stmcufinder\plugins\mcufinder//mcu/cs/
2024-05-19 13:06:02,954 [INFO] ApplicationProperties:184 - Using Application install path: F:\Program Files\STM32CubeIDE_1.13.2\STM32CubeIDE\plugins\com.st.stm32cube.common.mx_6.9.2.202309101412
2024-05-19 13:06:02,956 [INFO] PluginManage:196 - Search for loadable plugins [exclusion list=, ]
2024-05-19 13:06:02,958 [INFO] PluginManage:310 - Check plugin analytics
2024-05-19 13:06:07,949 [INFO] AnalyticsPlugin:253 - Accepted Software Licenses: 
2024-05-19 13:06:07,949 [INFO] AnalyticsPlugin:255 - Accepted CMSIS Pack Licenses: 
2024-05-19 13:06:07,950 [INFO] AnalyticsPlugin:257 - Accepted Firmware Licenses: 
2024-05-19 13:06:07,956 [INFO] PluginManage:359 - Loaded plugin analytics (category:tool,tabindex:-1)
2024-05-19 13:06:07,957 [INFO] PluginManage:310 - Check plugin cadmodel
2024-05-19 13:06:08,006 [INFO] CADModel:105 - Init CAD model plugin
2024-05-19 13:06:08,007 [INFO] PluginManage:359 - Loaded plugin cadmodel (category:power,tabindex:5)
2024-05-19 13:06:08,007 [INFO] PluginManage:310 - Check plugin clock
2024-05-19 13:06:08,049 [INFO] PluginManage:359 - Loaded plugin clock (category:base,tabindex:2)
2024-05-19 13:06:08,050 [INFO] PluginManage:310 - Check plugin ddr
2024-05-19 13:06:08,074 [INFO] PluginManage:359 - Loaded plugin ddr (category:tool,tabindex:6)
2024-05-19 13:06:08,074 [INFO] PluginManage:310 - Check plugin filemanager
2024-05-19 13:06:08,500 [INFO] PluginManage:359 - Loaded plugin filemanager (category:base,tabindex:10)
2024-05-19 13:06:08,500 [INFO] PluginManage:310 - Check plugin ipmanager
2024-05-19 13:06:08,518 [INFO] PluginManage:359 - Loaded plugin ipmanager (category:base,tabindex:5)
2024-05-19 13:06:08,518 [INFO] PluginManage:310 - Check plugin lpbam
2024-05-19 13:06:08,549 [INFO] PluginManage:359 - Loaded plugin lpbam (category:base,tabindex:0)
2024-05-19 13:06:08,549 [INFO] PluginManage:310 - Check plugin memorymap
2024-05-19 13:06:08,607 [INFO] PluginManage:359 - Loaded plugin memorymap (category:base,tabindex:4)
2024-05-19 13:06:08,607 [INFO] PluginManage:310 - Check plugin pinoutandconfiguration
2024-05-19 13:06:08,638 [INFO] PluginManage:359 - Loaded plugin pinoutandconfiguration (category:base,tabindex:1)
2024-05-19 13:06:08,638 [INFO] PluginManage:310 - Check plugin pinoutconfig
2024-05-19 13:06:08,939 [WARN] SupportedApi:132 - Cannot load RTOS API schema: s4s-elt-must-match.1: The content of 'definitions' must match (annotation?, (simpleType | complexType)?, (unique | key | keyref)*)). A problem was found starting at: attribute.
2024-05-19 13:06:09,255 [INFO] PluginManage:359 - Loaded plugin pinoutconfig (category:base,tabindex:0)
2024-05-19 13:06:09,255 [INFO] PluginManage:310 - Check plugin power
2024-05-19 13:06:09,303 [INFO] PluginManage:359 - Loaded plugin power (category:power,tabindex:4)
2024-05-19 13:06:09,303 [INFO] PluginManage:310 - Check plugin projectmanager
2024-05-19 13:06:09,352 [INFO] PluginManage:359 - Loaded plugin projectmanager (category:projectmanager,tabindex:3)
2024-05-19 13:06:09,352 [INFO] PluginManage:310 - Check plugin thirdparty
2024-05-19 13:06:10,422 [INFO] PluginManage:359 - Loaded plugin thirdparty (category:base,tabindex:-1)
2024-05-19 13:06:10,422 [INFO] PluginManage:310 - Check plugin tools
2024-05-19 13:06:10,425 [WARN] IntegrityCheckThread:84 - waiting for thirdparty lock release [integrity check]
2024-05-19 13:06:10,426 [INFO] IntegrityCheckThread:86 - entering critical section [integrity check]
2024-05-19 13:06:10,426 [INFO] ThirdPartyUpdaterWithRetryManager:70 - Updater plugin not ready yet. [1/15]
2024-05-19 13:06:10,441 [INFO] PluginManage:359 - Loaded plugin tools (category:base,tabindex:7)
2024-05-19 13:06:10,442 [INFO] PluginManage:310 - Check plugin tutovideos
2024-05-19 13:06:10,936 [INFO] PluginManage:359 - Loaded plugin tutovideos (category:base,tabindex:-1)
2024-05-19 13:06:10,937 [INFO] PluginManage:310 - Check plugin updater
2024-05-19 13:06:10,982 [INFO] PluginManage:359 - Loaded plugin updater (category:base,tabindex:12)
2024-05-19 13:06:10,982 [INFO] PluginManage:310 - Check plugin userauth
2024-05-19 13:06:11,014 [INFO] UserAuth:113 - Init User Auth plugin
2024-05-19 13:06:11,014 [INFO] PluginManage:359 - Loaded plugin userauth (category:base,tabindex:14)
2024-05-19 13:06:11,015 [INFO] PluginManage:283 - PluginManage : Loaded plugins [17]
2024-05-19 13:06:11,955 [INFO] PinOutPanel:1499 - setPackage(No Configuration,No Configuration)
2024-05-19 13:06:12,392 [INFO] CADModel:165 - CPN selected for project level
2024-05-19 13:06:12,393 [INFO] CADModel:114 - Register for checkConnection events
2024-05-19 13:06:12,489 [INFO] IPUIPlugin:80 - create IPUIPlugin
2024-05-19 13:06:12,490 [INFO] PluginManager:220 - loadIPPluginJar : add adc
2024-05-19 13:06:12,509 [INFO] IPUIPlugin:80 - create IPUIPlugin
2024-05-19 13:06:12,509 [INFO] PluginManager:220 - loadIPPluginJar : add aes
2024-05-19 13:06:12,530 [INFO] IPUIPlugin:80 - create IPUIPlugin
2024-05-19 13:06:12,530 [INFO] PluginManager:220 - loadIPPluginJar : add can
2024-05-19 13:06:12,548 [INFO] IPUIPlugin:80 - create IPUIPlugin
2024-05-19 13:06:12,548 [INFO] PluginManager:220 - loadIPPluginJar : add comp
2024-05-19 13:06:12,564 [INFO] IPUIPlugin:80 - create IPUIPlugin
2024-05-19 13:06:12,564 [INFO] PluginManager:220 - loadIPPluginJar : add cryp
2024-05-19 13:06:12,576 [INFO] IPUIPlugin:80 - create IPUIPlugin
2024-05-19 13:06:12,576 [INFO] PluginManager:220 - loadIPPluginJar : add dfsdm
2024-05-19 13:06:12,603 [INFO] IPUIPlugin:80 - create IPUIPlugin
2024-05-19 13:06:12,603 [INFO] PluginManager:220 - loadIPPluginJar : add dma
2024-05-19 13:06:12,618 [INFO] IPUIPlugin:80 - create IPUIPlugin
2024-05-19 13:06:12,618 [INFO] PluginManager:220 - loadIPPluginJar : add dma3
2024-05-19 13:06:12,629 [INFO] IPUIPlugin:80 - create IPUIPlugin
2024-05-19 13:06:12,629 [INFO] PluginManager:220 - loadIPPluginJar : add fatfs
2024-05-19 13:06:12,645 [INFO] IPUIPlugin:80 - create IPUIPlugin
2024-05-19 13:06:12,645 [INFO] PluginManager:220 - loadIPPluginJar : add fmc
2024-05-19 13:06:12,673 [INFO] IPUIPlugin:80 - create IPUIPlugin
2024-05-19 13:06:12,673 [INFO] PluginManager:220 - loadIPPluginJar : add freertos
2024-05-19 13:06:12,691 [INFO] IPUIPlugin:80 - create IPUIPlugin
2024-05-19 13:06:12,692 [INFO] PluginManager:220 - loadIPPluginJar : add genericplugin
2024-05-19 13:06:12,710 [INFO] IPUIPlugin:80 - create IPUIPlugin
2024-05-19 13:06:12,710 [INFO] PluginManager:220 - loadIPPluginJar : add gfxmmu
2024-05-19 13:06:12,728 [INFO] IPUIPlugin:80 - create IPUIPlugin
2024-05-19 13:06:12,729 [INFO] PluginManager:220 - loadIPPluginJar : add gic
2024-05-19 13:06:12,845 [INFO] IPUIPlugin:80 - create IPUIPlugin
2024-05-19 13:06:12,845 [INFO] PluginManager:220 - loadIPPluginJar : add gpio
2024-05-19 13:06:12,872 [INFO] IPUIPlugin:80 - create IPUIPlugin
2024-05-19 13:06:12,872 [INFO] PluginManager:220 - loadIPPluginJar : add gtzc
2024-05-19 13:06:12,892 [INFO] IPUIPlugin:80 - create IPUIPlugin
2024-05-19 13:06:12,892 [INFO] PluginManager:220 - loadIPPluginJar : add hash
2024-05-19 13:06:12,918 [INFO] IPUIPlugin:80 - create IPUIPlugin
2024-05-19 13:06:12,918 [INFO] PluginManager:220 - loadIPPluginJar : add i2c
2024-05-19 13:06:12,929 [INFO] IPUIPlugin:80 - create IPUIPlugin
2024-05-19 13:06:12,930 [INFO] PluginManager:220 - loadIPPluginJar : add i2s
2024-05-19 13:06:12,951 [INFO] IPUIPlugin:80 - create IPUIPlugin
2024-05-19 13:06:12,951 [INFO] PluginManager:220 - loadIPPluginJar : add i3c
2024-05-19 13:06:12,972 [INFO] IPUIPlugin:80 - create IPUIPlugin
2024-05-19 13:06:12,972 [INFO] PluginManager:220 - loadIPPluginJar : add ipddr
2024-05-19 13:06:13,024 [INFO] IPUIPlugin:80 - create IPUIPlugin
2024-05-19 13:06:13,025 [INFO] PluginManager:220 - loadIPPluginJar : add linkedlist
2024-05-19 13:06:13,032 [INFO] IPUIPlugin:80 - create IPUIPlugin
2024-05-19 13:06:13,032 [INFO] PluginManager:220 - loadIPPluginJar : add lorawan
2024-05-19 13:06:13,050 [INFO] IPUIPlugin:80 - create IPUIPlugin
2024-05-19 13:06:13,052 [INFO] PluginManager:220 - loadIPPluginJar : add ltdc
2024-05-19 13:06:13,078 [INFO] IPUIPlugin:80 - create IPUIPlugin
2024-05-19 13:06:13,078 [INFO] PluginManager:220 - loadIPPluginJar : add mdma
2024-05-19 13:06:13,084 [INFO] IPUIPlugin:80 - create IPUIPlugin
2024-05-19 13:06:13,084 [INFO] PluginManager:220 - loadIPPluginJar : add nvic
2024-05-19 13:06:13,103 [INFO] IPUIPlugin:80 - create IPUIPlugin
2024-05-19 13:06:13,103 [INFO] PluginManager:220 - loadIPPluginJar : add opamp
2024-05-19 13:06:13,111 [INFO] IPUIPlugin:80 - create IPUIPlugin
2024-05-19 13:06:13,111 [INFO] PluginManager:220 - loadIPPluginJar : add openamp
2024-05-19 13:06:13,124 [INFO] IPUIPlugin:80 - create IPUIPlugin
2024-05-19 13:06:13,125 [INFO] PluginManager:220 - loadIPPluginJar : add pdm2pcm
2024-05-19 13:06:13,136 [INFO] IPUIPlugin:80 - create IPUIPlugin
2024-05-19 13:06:13,140 [INFO] PluginManager:220 - loadIPPluginJar : add plateformsettings
2024-05-19 13:06:13,148 [INFO] IPUIPlugin:80 - create IPUIPlugin
2024-05-19 13:06:13,148 [INFO] PluginManager:220 - loadIPPluginJar : add quadspi
2024-05-19 13:06:13,175 [INFO] IPUIPlugin:80 - create IPUIPlugin
2024-05-19 13:06:13,176 [INFO] PluginManager:220 - loadIPPluginJar : add resmgrutility
2024-05-19 13:06:13,184 [INFO] IPUIPlugin:80 - create IPUIPlugin
2024-05-19 13:06:13,184 [INFO] PluginManager:220 - loadIPPluginJar : add sai
2024-05-19 13:06:13,195 [INFO] IPUIPlugin:80 - create IPUIPlugin
2024-05-19 13:06:13,195 [INFO] PluginManager:220 - loadIPPluginJar : add spi
2024-05-19 13:06:13,206 [INFO] IPUIPlugin:80 - create IPUIPlugin
2024-05-19 13:06:13,206 [INFO] PluginManager:220 - loadIPPluginJar : add stm32_wpan
2024-05-19 13:06:13,220 [INFO] IPUIPlugin:80 - create IPUIPlugin
2024-05-19 13:06:13,220 [INFO] PluginManager:220 - loadIPPluginJar : add tim
2024-05-19 13:06:13,239 [INFO] IPUIPlugin:80 - create IPUIPlugin
2024-05-19 13:06:13,239 [INFO] PluginManager:220 - loadIPPluginJar : add touchsensing
2024-05-19 13:06:13,254 [INFO] IPUIPlugin:80 - create IPUIPlugin
2024-05-19 13:06:13,254 [INFO] PluginManager:220 - loadIPPluginJar : add tracer_emb
2024-05-19 13:06:13,284 [INFO] IPUIPlugin:80 - create IPUIPlugin
2024-05-19 13:06:13,284 [INFO] PluginManager:220 - loadIPPluginJar : add ts
2024-05-19 13:06:13,296 [INFO] IPUIPlugin:80 - create IPUIPlugin
2024-05-19 13:06:13,296 [INFO] PluginManager:220 - loadIPPluginJar : add tsc
2024-05-19 13:06:13,308 [INFO] IPUIPlugin:80 - create IPUIPlugin
2024-05-19 13:06:13,308 [INFO] PluginManager:220 - loadIPPluginJar : add ucpd
2024-05-19 13:06:13,327 [INFO] IPUIPlugin:80 - create IPUIPlugin
2024-05-19 13:06:13,327 [INFO] PluginManager:220 - loadIPPluginJar : add usart
2024-05-19 13:06:13,348 [INFO] IPUIPlugin:80 - create IPUIPlugin
2024-05-19 13:06:13,349 [INFO] PluginManager:220 - loadIPPluginJar : add usbx
2024-05-19 13:06:13,428 [INFO] ThirdPartyUpdaterWithRetryManager:70 - Updater plugin not ready yet. [2/15]
2024-05-19 13:06:13,548 [INFO] CADModel:165 - CPN selected for project level
2024-05-19 13:06:13,548 [INFO] CADModel:114 - Register for checkConnection events
2024-05-19 13:06:13,548 [FATAL] Updater:308 - Updater called before beeing initialized
2024-05-19 13:06:13,549 [ERROR] CADModel:125 - Updater not yet initialized, retry later 
2024-05-19 13:06:14,005 [INFO] CADModel:165 - CPN selected for project level
2024-05-19 13:06:14,006 [INFO] CADModel:114 - Register for checkConnection events
2024-05-19 13:06:14,006 [FATAL] Updater:308 - Updater called before beeing initialized
2024-05-19 13:06:14,006 [ERROR] CADModel:125 - Updater not yet initialized, retry later 
2024-05-19 13:06:14,031 [FATAL] Updater:308 - Updater called before beeing initialized
2024-05-19 13:06:14,213 [FATAL] Updater:308 - Updater called before beeing initialized
2024-05-19 13:06:14,277 [INFO] DbMcusAds:53 - JSON generation date=Wed Nov 29 05:52:27 PET 2023 (1701255147349)
2024-05-19 13:06:14,277 [FATAL] Updater:308 - Updater called before beeing initialized
2024-05-19 13:06:14,409 [WARN] DetailPanel:346 - Failed to get advertising image, set to default
2024-05-19 13:06:14,599 [FATAL] Updater:308 - Updater called before beeing initialized
2024-05-19 13:06:14,602 [FATAL] Updater:308 - Updater called before beeing initialized
2024-05-19 13:06:14,603 [FATAL] Updater:308 - Updater called before beeing initialized
2024-05-19 13:06:14,603 [WARN] DetailPanel:346 - Failed to get advertising image, set to default
2024-05-19 13:06:14,604 [FATAL] Updater:308 - Updater called before beeing initialized
2024-05-19 13:06:14,728 [ERROR] Updater:1120 - MainUpdater not yet initialized. External WinMGr cannot be set.
2024-05-19 13:06:14,759 [INFO] Updater:1056 - Updater Version found : 6.9.2
2024-05-19 13:06:14,842 [INFO] ApplicationProperties:184 - Using Application install path: F:\Program Files\STM32CubeIDE_1.13.2\STM32CubeIDE\plugins\com.st.stm32cube.common.mx_6.9.2.202309101412
2024-05-19 13:06:16,442 [FATAL] Updater:308 - Updater called before beeing initialized
2024-05-19 13:06:16,443 [ERROR] IntegrityCheckThread:130 - Cannot retrieve database content from updater: error 21
2024-05-19 13:06:16,443 [INFO] ThirdParty:978 - Integrity check success = false
2024-05-19 13:06:16,443 [INFO] IntegrityCheckThread:100 - exiting critical section [integrity check]
2024-05-19 13:06:16,443 [INFO] IntegrityCheckThread:103 - End integrity checks thread
2024-05-19 13:06:17,223 [INFO] MainUpdater:2868 - connection check result : 10
2024-05-19 13:06:17,225 [INFO] MainUpdater:285 - Updater Check For Update Now.
2024-05-19 13:06:17,225 [INFO] MicroXplorer:498 - Change Database Version : DB.6.0.92
2024-05-19 13:06:17,263 [INFO] McuFinderGlobals:63 - Set McuFinder mode to 2 (CubeIDE integrated)
2024-05-19 13:06:17,972 [INFO] CheckServerUpdateThread:120 - End of CheckServer Thread
2024-05-19 13:06:20,248 [ERROR] LogOutputStream:75 - [STDERR_REDIRECT] May 19, 2024 1:06:20 PM org.glassfish.grizzly.http.server.NetworkListener start
2024-05-19 13:06:20,250 [ERROR] LogOutputStream:75 - [STDERR_REDIRECT] INFO: Started listener bound to [localhost:1594]
2024-05-19 13:06:20,250 [ERROR] LogOutputStream:75 - [STDERR_REDIRECT] 
2024-05-19 13:06:20,252 [ERROR] LogOutputStream:75 - [STDERR_REDIRECT] May 19, 2024 1:06:20 PM org.glassfish.grizzly.http.server.HttpServer start
2024-05-19 13:06:20,253 [ERROR] LogOutputStream:75 - [STDERR_REDIRECT] INFO: [HttpServer] Started.
2024-05-19 13:06:20,253 [ERROR] LogOutputStream:75 - [STDERR_REDIRECT] 
