2024-12-09 17:46:17,768 [INFO] Activator:176 - 


2024-12-09 17:46:17,775 [INFO] Activator:177 - !SESSION log4j initialized
2024-12-09 17:46:59,701 [INFO] LogOutputStream:77 - [STDOUT_REDIRECT] 
2024-12-09 17:47:07,996 [INFO] ApplicationProperties:184 - Using Application install path: F:\Program Files\STM32CubeIDE_1.13.2\STM32CubeIDE\plugins\com.st.stm32cube.common.mx_6.9.2.202309101412
2024-12-09 17:47:08,143 [INFO] DbMcusXml:78 - Set database path to: F:\Program Files\STM32CubeIDE_1.13.2\STM32CubeIDE\plugins\com.st.stm32cube.common.mx_6.9.2.202309101412\\db\/mcu/
2024-12-09 17:47:08,143 [INFO] ApiDb:274 - Set plugin database path to: F:\Program Files\STM32CubeIDE_1.13.2\STM32CubeIDE\plugins\com.st.stm32cube.common.mx_6.9.2.202309101412\\db\/plugins/boardmanager/
2024-12-09 17:47:08,151 [WARN] ApiDb:259 - Overriding images path with different value:  => F:\Program Files\STM32CubeIDE_1.13.2\STM32CubeIDE\plugins\com.st.stm32cube.common.mx_6.9.2.202309101412\\db\/plugins/mcufinder/images/
2024-12-09 17:47:08,395 [INFO] ApiDb:250 - Set database path to: C:\Users\PC\.stmcufinder\plugins\mcufinder//mcu/
2024-12-09 17:47:08,396 [INFO] DbMcusAds:125 - Set database path to: C:\Users\PC\.stmcufinder\plugins\mcufinder//mcu/
2024-12-09 17:47:08,399 [INFO] CrossReferenceDbSqlite:203 - Set database path to: C:\Users\PC\.stmcufinder\plugins\mcufinder//mcu/cs/
2024-12-09 17:47:08,914 [INFO] RulesReader:64 - Compatibility file has been processed (293 Rules)
2024-12-09 17:47:09,163 [INFO] DbMcusXml:78 - Set database path to: F:\Program Files\STM32CubeIDE_1.13.2\STM32CubeIDE\plugins\com.st.stm32cube.common.mx_6.9.2.202309101412\\db\/mcu/
2024-12-09 17:47:09,163 [INFO] ApiDb:274 - Set plugin database path to: F:\Program Files\STM32CubeIDE_1.13.2\STM32CubeIDE\plugins\com.st.stm32cube.common.mx_6.9.2.202309101412\\db\/plugins/boardmanager/
2024-12-09 17:47:09,163 [INFO] ApiDb:261 - Set plugin images path to: F:\Program Files\STM32CubeIDE_1.13.2\STM32CubeIDE\plugins\com.st.stm32cube.common.mx_6.9.2.202309101412\\db\/plugins/mcufinder/images/
2024-12-09 17:47:09,164 [WARN] DbFile:41 - Overriding database path with different value: C:\Users\PC\.stmcufinder\plugins\mcufinder/ => C:\Users\PC\.stmcufinder\plugins\mcufinder
2024-12-09 17:47:09,164 [INFO] ApiDb:250 - Set database path to: C:\Users\PC\.stmcufinder\plugins\mcufinder//mcu/
2024-12-09 17:47:09,164 [WARN] DbFile:41 - Overriding database path with different value: C:\Users\PC\.stmcufinder\plugins\mcufinder/ => C:\Users\PC\.stmcufinder\plugins\mcufinder
2024-12-09 17:47:09,164 [INFO] DbMcusAds:125 - Set database path to: C:\Users\PC\.stmcufinder\plugins\mcufinder//mcu/
2024-12-09 17:47:09,164 [WARN] DbFile:41 - Overriding database path with different value: C:\Users\PC\.stmcufinder\plugins\mcufinder/ => C:\Users\PC\.stmcufinder\plugins\mcufinder
2024-12-09 17:47:09,164 [WARN] DbFile:41 - Overriding database path with different value: C:\Users\PC\.stmcufinder\plugins\mcufinder/ => C:\Users\PC\.stmcufinder\plugins\mcufinder
2024-12-09 17:47:09,164 [INFO] CrossReferenceDbSqlite:203 - Set database path to: C:\Users\PC\.stmcufinder\plugins\mcufinder//mcu/cs/
2024-12-09 17:47:09,686 [INFO] MainPanel:262 - HeapMemory: 293601280
2024-12-09 17:47:10,452 [INFO] DbMcusXml:78 - Set database path to: F:\Program Files\STM32CubeIDE_1.13.2\STM32CubeIDE\plugins\com.st.stm32cube.common.mx_6.9.2.202309101412\\db\/mcu/
2024-12-09 17:47:10,452 [INFO] ApiDb:274 - Set plugin database path to: F:\Program Files\STM32CubeIDE_1.13.2\STM32CubeIDE\plugins\com.st.stm32cube.common.mx_6.9.2.202309101412\\db\/plugins/boardmanager/
2024-12-09 17:47:10,452 [INFO] ApiDb:261 - Set plugin images path to: F:\Program Files\STM32CubeIDE_1.13.2\STM32CubeIDE\plugins\com.st.stm32cube.common.mx_6.9.2.202309101412\\db\/plugins/mcufinder/images/
2024-12-09 17:47:10,455 [WARN] DbFile:41 - Overriding database path with different value: C:\Users\PC\.stmcufinder\plugins\mcufinder/ => C:\Users\PC\.stmcufinder\plugins\mcufinder
2024-12-09 17:47:10,455 [INFO] ApiDb:250 - Set database path to: C:\Users\PC\.stmcufinder\plugins\mcufinder//mcu/
2024-12-09 17:47:10,456 [WARN] DbFile:41 - Overriding database path with different value: C:\Users\PC\.stmcufinder\plugins\mcufinder/ => C:\Users\PC\.stmcufinder\plugins\mcufinder
2024-12-09 17:47:10,456 [INFO] DbMcusAds:125 - Set database path to: C:\Users\PC\.stmcufinder\plugins\mcufinder//mcu/
2024-12-09 17:47:10,456 [WARN] DbFile:41 - Overriding database path with different value: C:\Users\PC\.stmcufinder\plugins\mcufinder/ => C:\Users\PC\.stmcufinder\plugins\mcufinder
2024-12-09 17:47:10,456 [WARN] DbFile:41 - Overriding database path with different value: C:\Users\PC\.stmcufinder\plugins\mcufinder/ => C:\Users\PC\.stmcufinder\plugins\mcufinder
2024-12-09 17:47:10,456 [INFO] CrossReferenceDbSqlite:203 - Set database path to: C:\Users\PC\.stmcufinder\plugins\mcufinder//mcu/cs/
2024-12-09 17:47:10,561 [INFO] ApplicationProperties:184 - Using Application install path: F:\Program Files\STM32CubeIDE_1.13.2\STM32CubeIDE\plugins\com.st.stm32cube.common.mx_6.9.2.202309101412
2024-12-09 17:47:10,564 [INFO] PluginManage:196 - Search for loadable plugins [exclusion list=, ]
2024-12-09 17:47:10,573 [INFO] PluginManage:310 - Check plugin analytics
2024-12-09 17:47:10,906 [INFO] AnalyticsPlugin:253 - Accepted Software Licenses: 
2024-12-09 17:47:10,907 [INFO] AnalyticsPlugin:255 - Accepted CMSIS Pack Licenses: 
2024-12-09 17:47:10,907 [INFO] AnalyticsPlugin:257 - Accepted Firmware Licenses: 
2024-12-09 17:47:10,911 [INFO] PluginManage:359 - Loaded plugin analytics (category:tool,tabindex:-1)
2024-12-09 17:47:10,912 [INFO] PluginManage:310 - Check plugin cadmodel
2024-12-09 17:47:11,007 [INFO] CADModel:105 - Init CAD model plugin
2024-12-09 17:47:11,007 [INFO] PluginManage:359 - Loaded plugin cadmodel (category:power,tabindex:5)
2024-12-09 17:47:11,007 [INFO] PluginManage:310 - Check plugin clock
2024-12-09 17:47:11,040 [INFO] PluginManage:359 - Loaded plugin clock (category:base,tabindex:2)
2024-12-09 17:47:11,040 [INFO] PluginManage:310 - Check plugin ddr
2024-12-09 17:47:11,045 [INFO] PluginManage:359 - Loaded plugin ddr (category:tool,tabindex:6)
2024-12-09 17:47:11,045 [INFO] PluginManage:310 - Check plugin filemanager
2024-12-09 17:47:11,636 [INFO] PluginManage:359 - Loaded plugin filemanager (category:base,tabindex:10)
2024-12-09 17:47:11,636 [INFO] PluginManage:310 - Check plugin ipmanager
2024-12-09 17:47:11,656 [INFO] PluginManage:359 - Loaded plugin ipmanager (category:base,tabindex:5)
2024-12-09 17:47:11,656 [INFO] PluginManage:310 - Check plugin lpbam
2024-12-09 17:47:11,677 [INFO] PluginManage:359 - Loaded plugin lpbam (category:base,tabindex:0)
2024-12-09 17:47:11,678 [INFO] PluginManage:310 - Check plugin memorymap
2024-12-09 17:47:11,772 [INFO] PluginManage:359 - Loaded plugin memorymap (category:base,tabindex:4)
2024-12-09 17:47:11,772 [INFO] PluginManage:310 - Check plugin pinoutandconfiguration
2024-12-09 17:47:11,796 [INFO] PluginManage:359 - Loaded plugin pinoutandconfiguration (category:base,tabindex:1)
2024-12-09 17:47:11,796 [INFO] PluginManage:310 - Check plugin pinoutconfig
2024-12-09 17:47:12,030 [WARN] SupportedApi:132 - Cannot load RTOS API schema: s4s-elt-must-match.1: The content of 'definitions' must match (annotation?, (simpleType | complexType)?, (unique | key | keyref)*)). A problem was found starting at: attribute.
2024-12-09 17:47:12,581 [INFO] PluginManage:359 - Loaded plugin pinoutconfig (category:base,tabindex:0)
2024-12-09 17:47:12,581 [INFO] PluginManage:310 - Check plugin power
2024-12-09 17:47:12,632 [INFO] PluginManage:359 - Loaded plugin power (category:power,tabindex:4)
2024-12-09 17:47:12,632 [INFO] PluginManage:310 - Check plugin projectmanager
2024-12-09 17:47:12,670 [INFO] PluginManage:359 - Loaded plugin projectmanager (category:projectmanager,tabindex:3)
2024-12-09 17:47:12,671 [INFO] PluginManage:310 - Check plugin thirdparty
2024-12-09 17:47:13,185 [INFO] PluginManage:359 - Loaded plugin thirdparty (category:base,tabindex:-1)
2024-12-09 17:47:13,185 [WARN] IntegrityCheckThread:84 - waiting for thirdparty lock release [integrity check]
2024-12-09 17:47:13,185 [INFO] PluginManage:310 - Check plugin tools
2024-12-09 17:47:13,186 [INFO] IntegrityCheckThread:86 - entering critical section [integrity check]
2024-12-09 17:47:13,186 [INFO] ThirdPartyUpdaterWithRetryManager:70 - Updater plugin not ready yet. [1/15]
2024-12-09 17:47:13,190 [INFO] PluginManage:359 - Loaded plugin tools (category:base,tabindex:7)
2024-12-09 17:47:13,191 [INFO] PluginManage:310 - Check plugin tutovideos
2024-12-09 17:47:14,087 [INFO] PluginManage:359 - Loaded plugin tutovideos (category:base,tabindex:-1)
2024-12-09 17:47:14,087 [INFO] PluginManage:310 - Check plugin updater
2024-12-09 17:47:14,136 [INFO] PluginManage:359 - Loaded plugin updater (category:base,tabindex:12)
2024-12-09 17:47:14,136 [INFO] PluginManage:310 - Check plugin userauth
2024-12-09 17:47:14,148 [INFO] UserAuth:113 - Init User Auth plugin
2024-12-09 17:47:14,148 [INFO] PluginManage:359 - Loaded plugin userauth (category:base,tabindex:14)
2024-12-09 17:47:14,149 [INFO] PluginManage:283 - PluginManage : Loaded plugins [17]
2024-12-09 17:47:15,431 [INFO] PinOutPanel:1499 - setPackage(No Configuration,No Configuration)
2024-12-09 17:47:15,745 [INFO] CADModel:165 - CPN selected for project level
2024-12-09 17:47:15,745 [INFO] CADModel:114 - Register for checkConnection events
2024-12-09 17:47:15,775 [INFO] IPUIPlugin:80 - create IPUIPlugin
2024-12-09 17:47:15,775 [INFO] PluginManager:220 - loadIPPluginJar : add adc
2024-12-09 17:47:15,779 [INFO] IPUIPlugin:80 - create IPUIPlugin
2024-12-09 17:47:15,780 [INFO] PluginManager:220 - loadIPPluginJar : add aes
2024-12-09 17:47:15,787 [INFO] IPUIPlugin:80 - create IPUIPlugin
2024-12-09 17:47:15,787 [INFO] PluginManager:220 - loadIPPluginJar : add can
2024-12-09 17:47:15,791 [INFO] IPUIPlugin:80 - create IPUIPlugin
2024-12-09 17:47:15,791 [INFO] PluginManager:220 - loadIPPluginJar : add comp
2024-12-09 17:47:15,795 [INFO] IPUIPlugin:80 - create IPUIPlugin
2024-12-09 17:47:15,795 [INFO] PluginManager:220 - loadIPPluginJar : add cryp
2024-12-09 17:47:15,799 [INFO] IPUIPlugin:80 - create IPUIPlugin
2024-12-09 17:47:15,799 [INFO] PluginManager:220 - loadIPPluginJar : add dfsdm
2024-12-09 17:47:15,809 [INFO] IPUIPlugin:80 - create IPUIPlugin
2024-12-09 17:47:15,810 [INFO] PluginManager:220 - loadIPPluginJar : add dma
2024-12-09 17:47:15,814 [INFO] IPUIPlugin:80 - create IPUIPlugin
2024-12-09 17:47:15,815 [INFO] PluginManager:220 - loadIPPluginJar : add dma3
2024-12-09 17:47:15,818 [INFO] IPUIPlugin:80 - create IPUIPlugin
2024-12-09 17:47:15,818 [INFO] PluginManager:220 - loadIPPluginJar : add fatfs
2024-12-09 17:47:15,826 [INFO] IPUIPlugin:80 - create IPUIPlugin
2024-12-09 17:47:15,827 [INFO] PluginManager:220 - loadIPPluginJar : add fmc
2024-12-09 17:47:15,875 [INFO] IPUIPlugin:80 - create IPUIPlugin
2024-12-09 17:47:15,875 [INFO] PluginManager:220 - loadIPPluginJar : add freertos
2024-12-09 17:47:15,878 [INFO] IPUIPlugin:80 - create IPUIPlugin
2024-12-09 17:47:15,878 [INFO] PluginManager:220 - loadIPPluginJar : add genericplugin
2024-12-09 17:47:15,883 [INFO] IPUIPlugin:80 - create IPUIPlugin
2024-12-09 17:47:15,883 [INFO] PluginManager:220 - loadIPPluginJar : add gfxmmu
2024-12-09 17:47:15,893 [INFO] IPUIPlugin:80 - create IPUIPlugin
2024-12-09 17:47:15,893 [INFO] PluginManager:220 - loadIPPluginJar : add gic
2024-12-09 17:47:15,901 [INFO] IPUIPlugin:80 - create IPUIPlugin
2024-12-09 17:47:15,902 [INFO] PluginManager:220 - loadIPPluginJar : add gpio
2024-12-09 17:47:15,905 [INFO] IPUIPlugin:80 - create IPUIPlugin
2024-12-09 17:47:15,905 [INFO] PluginManager:220 - loadIPPluginJar : add gtzc
2024-12-09 17:47:15,908 [INFO] IPUIPlugin:80 - create IPUIPlugin
2024-12-09 17:47:15,909 [INFO] PluginManager:220 - loadIPPluginJar : add hash
2024-12-09 17:47:15,912 [INFO] IPUIPlugin:80 - create IPUIPlugin
2024-12-09 17:47:15,912 [INFO] PluginManager:220 - loadIPPluginJar : add i2c
2024-12-09 17:47:15,917 [INFO] IPUIPlugin:80 - create IPUIPlugin
2024-12-09 17:47:15,917 [INFO] PluginManager:220 - loadIPPluginJar : add i2s
2024-12-09 17:47:15,940 [INFO] IPUIPlugin:80 - create IPUIPlugin
2024-12-09 17:47:15,940 [INFO] PluginManager:220 - loadIPPluginJar : add i3c
2024-12-09 17:47:15,967 [INFO] IPUIPlugin:80 - create IPUIPlugin
2024-12-09 17:47:15,967 [INFO] PluginManager:220 - loadIPPluginJar : add ipddr
2024-12-09 17:47:16,021 [INFO] IPUIPlugin:80 - create IPUIPlugin
2024-12-09 17:47:16,021 [INFO] PluginManager:220 - loadIPPluginJar : add linkedlist
2024-12-09 17:47:16,038 [INFO] IPUIPlugin:80 - create IPUIPlugin
2024-12-09 17:47:16,038 [INFO] PluginManager:220 - loadIPPluginJar : add lorawan
2024-12-09 17:47:16,047 [INFO] IPUIPlugin:80 - create IPUIPlugin
2024-12-09 17:47:16,048 [INFO] PluginManager:220 - loadIPPluginJar : add ltdc
2024-12-09 17:47:16,098 [INFO] IPUIPlugin:80 - create IPUIPlugin
2024-12-09 17:47:16,099 [INFO] PluginManager:220 - loadIPPluginJar : add mdma
2024-12-09 17:47:16,112 [INFO] IPUIPlugin:80 - create IPUIPlugin
2024-12-09 17:47:16,112 [INFO] PluginManager:220 - loadIPPluginJar : add nvic
2024-12-09 17:47:16,140 [INFO] IPUIPlugin:80 - create IPUIPlugin
2024-12-09 17:47:16,140 [INFO] PluginManager:220 - loadIPPluginJar : add opamp
2024-12-09 17:47:16,146 [INFO] IPUIPlugin:80 - create IPUIPlugin
2024-12-09 17:47:16,147 [INFO] PluginManager:220 - loadIPPluginJar : add openamp
2024-12-09 17:47:16,156 [INFO] IPUIPlugin:80 - create IPUIPlugin
2024-12-09 17:47:16,157 [INFO] PluginManager:220 - loadIPPluginJar : add pdm2pcm
2024-12-09 17:47:16,167 [INFO] IPUIPlugin:80 - create IPUIPlugin
2024-12-09 17:47:16,171 [INFO] PluginManager:220 - loadIPPluginJar : add plateformsettings
2024-12-09 17:47:16,188 [INFO] ThirdPartyUpdaterWithRetryManager:70 - Updater plugin not ready yet. [2/15]
2024-12-09 17:47:16,191 [INFO] IPUIPlugin:80 - create IPUIPlugin
2024-12-09 17:47:16,192 [INFO] PluginManager:220 - loadIPPluginJar : add quadspi
2024-12-09 17:47:16,213 [INFO] IPUIPlugin:80 - create IPUIPlugin
2024-12-09 17:47:16,213 [INFO] PluginManager:220 - loadIPPluginJar : add resmgrutility
2024-12-09 17:47:16,225 [INFO] IPUIPlugin:80 - create IPUIPlugin
2024-12-09 17:47:16,225 [INFO] PluginManager:220 - loadIPPluginJar : add sai
2024-12-09 17:47:16,239 [INFO] IPUIPlugin:80 - create IPUIPlugin
2024-12-09 17:47:16,239 [INFO] PluginManager:220 - loadIPPluginJar : add spi
2024-12-09 17:47:16,272 [INFO] IPUIPlugin:80 - create IPUIPlugin
2024-12-09 17:47:16,273 [INFO] PluginManager:220 - loadIPPluginJar : add stm32_wpan
2024-12-09 17:47:16,281 [INFO] IPUIPlugin:80 - create IPUIPlugin
2024-12-09 17:47:16,282 [INFO] PluginManager:220 - loadIPPluginJar : add tim
2024-12-09 17:47:16,294 [INFO] IPUIPlugin:80 - create IPUIPlugin
2024-12-09 17:47:16,294 [INFO] PluginManager:220 - loadIPPluginJar : add touchsensing
2024-12-09 17:47:16,300 [INFO] IPUIPlugin:80 - create IPUIPlugin
2024-12-09 17:47:16,301 [INFO] PluginManager:220 - loadIPPluginJar : add tracer_emb
2024-12-09 17:47:16,316 [INFO] IPUIPlugin:80 - create IPUIPlugin
2024-12-09 17:47:16,316 [INFO] PluginManager:220 - loadIPPluginJar : add ts
2024-12-09 17:47:16,329 [INFO] IPUIPlugin:80 - create IPUIPlugin
2024-12-09 17:47:16,329 [INFO] PluginManager:220 - loadIPPluginJar : add tsc
2024-12-09 17:47:16,334 [INFO] IPUIPlugin:80 - create IPUIPlugin
2024-12-09 17:47:16,334 [INFO] PluginManager:220 - loadIPPluginJar : add ucpd
2024-12-09 17:47:16,349 [INFO] IPUIPlugin:80 - create IPUIPlugin
2024-12-09 17:47:16,349 [INFO] PluginManager:220 - loadIPPluginJar : add usart
2024-12-09 17:47:16,362 [INFO] IPUIPlugin:80 - create IPUIPlugin
2024-12-09 17:47:16,362 [INFO] PluginManager:220 - loadIPPluginJar : add usbx
2024-12-09 17:47:16,516 [INFO] CADModel:165 - CPN selected for project level
2024-12-09 17:47:16,516 [INFO] CADModel:114 - Register for checkConnection events
2024-12-09 17:47:16,516 [FATAL] Updater:308 - Updater called before beeing initialized
2024-12-09 17:47:16,516 [ERROR] CADModel:125 - Updater not yet initialized, retry later 
2024-12-09 17:47:17,559 [INFO] CADModel:165 - CPN selected for project level
2024-12-09 17:47:17,560 [INFO] CADModel:114 - Register for checkConnection events
2024-12-09 17:47:17,560 [FATAL] Updater:308 - Updater called before beeing initialized
2024-12-09 17:47:17,560 [ERROR] CADModel:125 - Updater not yet initialized, retry later 
2024-12-09 17:47:17,567 [FATAL] Updater:308 - Updater called before beeing initialized
2024-12-09 17:47:17,848 [FATAL] Updater:308 - Updater called before beeing initialized
2024-12-09 17:47:17,872 [INFO] DbMcusAds:53 - JSON generation date=Fri Sep 20 08:04:38 PET 2024 (1726837478367)
2024-12-09 17:47:17,872 [FATAL] Updater:308 - Updater called before beeing initialized
2024-12-09 17:47:17,971 [WARN] DetailPanel:346 - Failed to get advertising image, set to default
2024-12-09 17:47:18,158 [FATAL] Updater:308 - Updater called before beeing initialized
2024-12-09 17:47:18,163 [FATAL] Updater:308 - Updater called before beeing initialized
2024-12-09 17:47:18,163 [FATAL] Updater:308 - Updater called before beeing initialized
2024-12-09 17:47:18,163 [WARN] DetailPanel:346 - Failed to get advertising image, set to default
2024-12-09 17:47:18,165 [FATAL] Updater:308 - Updater called before beeing initialized
2024-12-09 17:47:18,245 [ERROR] Updater:1120 - MainUpdater not yet initialized. External WinMGr cannot be set.
2024-12-09 17:47:18,251 [INFO] Updater:1056 - Updater Version found : 6.9.2
2024-12-09 17:47:18,301 [INFO] ApplicationProperties:184 - Using Application install path: F:\Program Files\STM32CubeIDE_1.13.2\STM32CubeIDE\plugins\com.st.stm32cube.common.mx_6.9.2.202309101412
2024-12-09 17:47:19,189 [INFO] ThirdPartyUpdaterWithRetryManager:70 - Updater plugin not ready yet. [3/15]
2024-12-09 17:47:19,460 [INFO] MainUpdater:2868 - connection check result : 10
2024-12-09 17:47:19,460 [INFO] MainUpdater:3562 - Updater definition file requires update
2024-12-09 17:47:19,462 [INFO] MainUpdater:285 - Updater Check For Update Now.
2024-12-09 17:47:19,462 [INFO] MicroXplorer:498 - Change Database Version : DB.6.0.92
2024-12-09 17:47:19,477 [INFO] McuFinderGlobals:63 - Set McuFinder mode to 2 (CubeIDE integrated)
2024-12-09 17:47:19,578 [INFO] ServerAccessManage:473 - Download File updaters.zip
2024-12-09 17:47:19,801 [INFO] FileExtend:240 - Unzip File : updaters.zip
2024-12-09 17:47:19,802 [INFO] FileExtend:255 - Standard Zip Deflate
2024-12-09 17:47:21,381 [ERROR] LogOutputStream:75 - [STDERR_REDIRECT] Dec 09, 2024 5:47:21 PM org.glassfish.grizzly.http.server.NetworkListener start
2024-12-09 17:47:21,383 [ERROR] LogOutputStream:75 - [STDERR_REDIRECT] INFO: Started listener bound to [localhost:1598]
2024-12-09 17:47:21,384 [ERROR] LogOutputStream:75 - [STDERR_REDIRECT] 
2024-12-09 17:47:21,386 [ERROR] LogOutputStream:75 - [STDERR_REDIRECT] Dec 09, 2024 5:47:21 PM org.glassfish.grizzly.http.server.HttpServer start
2024-12-09 17:47:21,388 [ERROR] LogOutputStream:75 - [STDERR_REDIRECT] INFO: [HttpServer] Started.
2024-12-09 17:47:21,388 [ERROR] LogOutputStream:75 - [STDERR_REDIRECT] 
2024-12-09 17:47:21,610 [INFO] ServerAccessManage:473 - Download File PacksControlFlags.xml
2024-12-09 17:47:21,912 [INFO] ServerAccessManage:473 - Download File cubemx.pidx
2024-12-09 17:47:22,192 [WARN] MainUpdater:1189 - Updater busy. Cannot search thirdparties
2024-12-09 17:47:22,192 [INFO] ThirdPartyUpdaterWithRetryManager:96 - Updater plugin is busy. [1/15]
2024-12-09 17:47:23,320 [INFO] ServerAccessManage:473 - Download File STMicroelectronics.X-CUBE-BLEMGR.pdsc
2024-12-09 17:47:24,930 [ERROR] ServerAccessManage:1089 - Problem, file not found on Server
2024-12-09 17:47:25,194 [WARN] MainUpdater:1189 - Updater busy. Cannot search thirdparties
2024-12-09 17:47:25,194 [INFO] ThirdPartyUpdaterWithRetryManager:96 - Updater plugin is busy. [2/15]
2024-12-09 17:47:28,196 [WARN] MainUpdater:1189 - Updater busy. Cannot search thirdparties
2024-12-09 17:47:28,196 [INFO] ThirdPartyUpdaterWithRetryManager:96 - Updater plugin is busy. [3/15]
2024-12-09 17:47:31,078 [WARN] PopulateThirdPartyThread:106 - Error when creating pack: C:/Users/PC/.stm32cubemx/thirdparties/pdsc/STMicroelectronics.X-CUBE-BLEMGR.pdsc
2024-12-09 17:47:31,078 [INFO] PopulateThirdPartyThread:66 - Ending populate Thread
2024-12-09 17:47:31,078 [INFO] LoadServerUpdatesThread:373 - End of LoadServerUpdate Thread
2024-12-09 17:47:31,197 [WARN] MainUpdater:1189 - Updater busy. Cannot search thirdparties
2024-12-09 17:47:31,197 [INFO] ThirdPartyUpdaterWithRetryManager:96 - Updater plugin is busy. [4/15]
2024-12-09 17:47:31,343 [INFO] CheckServerUpdateThread:120 - End of CheckServer Thread
2024-12-09 17:47:35,991 [WARN] PackLoader:240 - Cannot read IP mode file for STMicroelectronics.FP-SNS-MOTENVWB1.1.4.0
2024-12-09 17:47:36,011 [WARN] PackLoader:240 - Cannot read IP mode file for STMicroelectronics.FP-ATR-ASTRA1.2.0.1
2024-12-09 17:47:36,037 [WARN] PackLoader:240 - Cannot read IP mode file for STMicroelectronics.X-CUBE-SMBUS.2.1.0
2024-12-09 17:47:36,064 [WARN] PackLoader:240 - Cannot read IP mode file for STMicroelectronics.X-CUBE-WB05N.1.1.0
2024-12-09 17:47:36,110 [WARN] PackLoader:240 - Cannot read IP mode file for STMicroelectronics.X-CUBE-TOUCHGFX.4.23.0
2024-12-09 17:47:36,132 [WARN] PackLoader:240 - Cannot read IP mode file for STMicroelectronics.X-CUBE-TOUCHGFX.4.23.2
2024-12-09 17:47:36,202 [WARN] PackLoader:240 - Cannot read IP mode file for STMicroelectronics.X-CUBE-AZRTOS-F7.1.1.0
2024-12-09 17:47:36,244 [ERROR] RealEvaluatedCondition:428 - Found unsupported composite condition: CLASS='Data Exchange' GROUP='STM32_MetaDataManager'
2024-12-09 17:47:36,244 [ERROR] RealEvaluatedCondition:428 - Found unsupported composite condition: GROUP='STM32_MetaDataManager' CLASS='Data Exchange'
2024-12-09 17:47:36,247 [WARN] PackLoader:240 - Cannot read IP mode file for STMicroelectronics.FP-SNS-MOTENV1.4.3.0
2024-12-09 17:47:36,275 [WARN] PackLoader:240 - Cannot read IP mode file for STMicroelectronics.FP-SNS-MOTENV1.4.3.2
2024-12-09 17:47:36,305 [WARN] PackLoader:240 - Cannot read IP mode file for STMicroelectronics.FP-SNS-FLIGHT1.5.0.0
2024-12-09 17:47:36,328 [ERROR] RealEvaluatedCondition:428 - Found unsupported composite condition: GROUP='STM32_MetaDataManager' CLASS='Data Exchange'
2024-12-09 17:47:36,328 [ERROR] RealEvaluatedCondition:428 - Found unsupported composite condition: CLASS='Data Exchange' GROUP='STM32_MetaDataManager'
2024-12-09 17:47:36,330 [WARN] PackLoader:240 - Cannot read IP mode file for STMicroelectronics.FP-SNS-MOTENV1.4.3.1
2024-12-09 17:47:36,354 [WARN] PackLoader:240 - Cannot read IP mode file for STMicroelectronics.FP-SNS-FLIGHT1.5.0.1
2024-12-09 17:47:36,484 [WARN] PackLoader:240 - Cannot read IP mode file for STMicroelectronics.X-CUBE-MEMS1.11.0.0
2024-12-09 17:47:36,746 [WARN] PackLoader:240 - Cannot read IP mode file for STMicroelectronics.X-CUBE-BLE1.6.2.4
2024-12-09 17:47:36,758 [WARN] PackLoader:240 - Cannot read IP mode file for STMicroelectronics.FP-SNS-FLIGHT1.5.0.2
2024-12-09 17:47:36,786 [WARN] PackLoader:240 - Cannot read IP mode file for STMicroelectronics.X-CUBE-DISPLAY.3.0.0
2024-12-09 17:47:36,829 [WARN] PackLoader:240 - Cannot read IP mode file for STMicroelectronics.X-CUBE-BLE1.7.0.0
2024-12-09 17:47:36,857 [WARN] PackLoader:240 - Cannot read IP mode file for STMicroelectronics.X-CUBE-NFC10.1.0.0
2024-12-09 17:47:36,865 [ERROR] Engine:466 - C:\Users\PC\.stm32cubemx\thirdparties\pdsc\STMicroelectronics.X-CUBE-BLEMGR.4.0.0.pdsc: PDSC version is not supported
2024-12-09 17:47:36,893 [WARN] PackLoader:240 - Cannot read IP mode file for STMicroelectronics.X-CUBE-TOUCHGFX.4.22.0
2024-12-09 17:47:36,915 [WARN] PackLoader:240 - Cannot read IP mode file for STMicroelectronics.X-CUBE-TOUCHGFX.4.22.1
2024-12-09 17:47:36,948 [WARN] PackLoader:240 - Cannot read IP mode file for STMicroelectronics.X-CUBE-BLEMGR.3.1.0
2024-12-09 17:47:36,984 [WARN] PackLoader:240 - Cannot read IP mode file for STMicroelectronics.FP-SNS-SMARTAG2.1.2.0
2024-12-09 17:47:37,048 [INFO] LogOutputStream:77 - [STDOUT_REDIRECT] 1 : Invalid condition id : UX_CORESTACK_Condition cause : null
2024-12-09 17:47:37,049 [INFO] LogOutputStream:77 - [STDOUT_REDIRECT] 1 : Invalid condition id : UX_CORESTACK_Condition cause : null
2024-12-09 17:47:37,050 [INFO] LogOutputStream:77 - [STDOUT_REDIRECT] 1 : Invalid condition id : UX_CORESTACK_Condition cause : null
2024-12-09 17:47:37,052 [INFO] LogOutputStream:77 - [STDOUT_REDIRECT] 1 : Invalid condition id : UX_CORESTACK_Condition cause : null
2024-12-09 17:47:37,054 [INFO] LogOutputStream:77 - [STDOUT_REDIRECT] 1 : Invalid condition id : UX_CORESTACK_Condition cause : null
2024-12-09 17:47:37,059 [WARN] PackLoader:240 - Cannot read IP mode file for STMicroelectronics.X-CUBE-AZRTOS-WL.2.0.0
2024-12-09 17:47:37,101 [WARN] PackLoader:240 - Cannot read IP mode file for STMicroelectronics.FP-SNS-MOTENV1.5.0.0
2024-12-09 17:47:37,113 [WARN] PackLoader:240 - Cannot read IP mode file for wolfSSL.I-CUBE-wolfMQTT.1.19.0
2024-12-09 17:47:37,147 [WARN] PackLoader:240 - Cannot read IP mode file for WES.I-CUBE-Cesium.1.3.0
2024-12-09 17:47:37,176 [WARN] PackLoader:240 - Cannot read IP mode file for STMicroelectronics.X-CUBE-BLE2.3.3.0
2024-12-09 17:47:37,225 [WARN] PackLoader:240 - Cannot read IP mode file for STMicroelectronics.X-CUBE-DISPLAY.2.2.0
2024-12-09 17:47:37,284 [WARN] PackLoader:240 - Cannot read IP mode file for STMicroelectronics.X-CUBE-TOF1.3.2.0
2024-12-09 17:47:37,356 [WARN] PackLoader:240 - Cannot read IP mode file for STMicroelectronics.X-CUBE-NFC9.1.0.0
2024-12-09 17:47:37,386 [WARN] PackLoader:240 - Cannot read IP mode file for STMicroelectronics.X-CUBE-TCPP.4.1.0
2024-12-09 17:47:37,417 [WARN] PackLoader:240 - Cannot read IP mode file for STMicroelectronics.X-CUBE-TOUCHGFX.4.21.1
2024-12-09 17:47:37,440 [WARN] PackLoader:240 - Cannot read IP mode file for STMicroelectronics.X-CUBE-TOUCHGFX.4.21.0
2024-12-09 17:47:37,460 [WARN] PackLoader:240 - Cannot read IP mode file for STMicroelectronics.X-CUBE-TOUCHGFX.4.21.3
2024-12-09 17:47:37,484 [WARN] PackLoader:240 - Cannot read IP mode file for STMicroelectronics.X-CUBE-TOUCHGFX.4.21.4
2024-12-09 17:47:37,613 [WARN] PackLoader:240 - Cannot read IP mode file for STMicroelectronics.X-CUBE-MEMS1.9.4.0
2024-12-09 17:47:37,837 [WARN] PackLoader:240 - Cannot read IP mode file for STMicroelectronics.X-CUBE-AI.7.3.0
2024-12-09 17:47:37,868 [WARN] PackLoader:240 - Cannot read IP mode file for STMicroelectronics.X-CUBE-ALGOBUILD.1.3.0
2024-12-09 17:47:38,145 [WARN] PackLoader:240 - Cannot read IP mode file for STMicroelectronics.X-CUBE-AZRTOS-G0.1.1.0
2024-12-09 17:47:38,204 [WARN] PackLoader:240 - Cannot read IP mode file for STMicroelectronics.X-CUBE-SAFEA1.1.2.2
2024-12-09 17:47:38,240 [WARN] PackLoader:240 - Cannot read IP mode file for STMicroelectronics.X-CUBE-NFC4.3.0.0
2024-12-09 17:47:38,268 [ERROR] Engine:466 - C:\Users\PC\.stm32cubemx\thirdparties\pdsc\EmbeddedOffice.I-CUBE-FS-RTOS.1.0.1.pdsc: PDSC version is not supported
2024-12-09 17:47:38,371 [WARN] PackLoader:240 - Cannot read IP mode file for STMicroelectronics.X-CUBE-BLEMGR.3.0.0
2024-12-09 17:47:38,411 [WARN] PackLoader:240 - Cannot read IP mode file for STMicroelectronics.X-CUBE-BLEMGR.1.3.0
2024-12-09 17:47:38,440 [ERROR] Engine:466 - C:\Users\PC\.stm32cubemx\thirdparties\pdsc\RealThread.X-CUBE-RT-Thread_Nano.4.1.1.pdsc: PDSC version is not supported
2024-12-09 17:47:38,462 [WARN] PackLoader:240 - Cannot read IP mode file for STMicroelectronics.FP-ATR-SIGFOX1.3.2.0
2024-12-09 17:47:38,480 [ERROR] Engine:466 - C:\Users\PC\.stm32cubemx\thirdparties\pdsc\quantropi.X-CUBE-qispace-sdk-base.1.9.3.pdsc: PDSC version is not supported
2024-12-09 17:47:38,509 [WARN] PackLoader:240 - Cannot read IP mode file for STMicroelectronics.X-CUBE-EEPRMA1.5.1.0
2024-12-09 17:47:38,638 [WARN] PackLoader:240 - Cannot read IP mode file for STMicroelectronics.X-CUBE-MEMS1.9.5.0
2024-12-09 17:47:38,887 [WARN] PackLoader:240 - Cannot read IP mode file for SEGGER.I-CUBE-embOS.1.3.1
2024-12-09 17:47:38,961 [WARN] PackLoader:240 - Cannot read IP mode file for STMicroelectronics.X-CUBE-ALGOBUILD.1.4.0
2024-12-09 17:47:39,041 [WARN] PackLoader:240 - Cannot read IP mode file for SEGGER.I-CUBE-embOS.1.3.0
2024-12-09 17:47:39,109 [WARN] PackLoader:240 - Cannot read IP mode file for STMicroelectronics.X-CUBE-AI.9.1.0
2024-12-09 17:47:39,139 [WARN] PackLoader:240 - Cannot read IP mode file for STMicroelectronics.X-CUBE-GNSS1.6.0.0
2024-12-09 17:47:39,469 [WARN] PackLoader:240 - Cannot read IP mode file for STMicroelectronics.X-CUBE-AZRTOS-F4.1.1.0
2024-12-09 17:47:39,511 [WARN] PackLoader:240 - Cannot read IP mode file for STMicroelectronics.X-CUBE-ISPU.2.1.0
2024-12-09 17:47:39,536 [WARN] PackLoader:240 - Cannot read IP mode file for STMicroelectronics.X-CUBE-FREERTOS.1.2.0
2024-12-09 17:47:39,756 [WARN] PackLoader:240 - Cannot read IP mode file for STMicroelectronics.X-CUBE-AZRTOS-L5.2.0.0
2024-12-09 17:47:39,916 [WARN] PackLoader:240 - Cannot read IP mode file for STMicroelectronics.X-CUBE-MEMS1.9.6.0
2024-12-09 17:47:40,112 [WARN] PackLoader:240 - Cannot read IP mode file for STMicroelectronics.X-CUBE-EEPRMA1.4.2.0
2024-12-09 17:47:40,147 [WARN] PackLoader:240 - Cannot read IP mode file for STMicroelectronics.X-CUBE-NFC6.3.1.0
2024-12-09 17:47:40,177 [WARN] PackLoader:240 - Cannot read IP mode file for ITTIA_DB.I-CUBE-ITTIADB.8.8.0
2024-12-09 17:47:40,276 [WARN] PackLoader:240 - Cannot read IP mode file for emotas.I-CUBE-CANOPEN.1.1.3
2024-12-09 17:47:40,323 [WARN] PackLoader:240 - Cannot read IP mode file for STMicroelectronics.X-CUBE-BLEMGR.2.0.0
2024-12-09 17:47:40,347 [ERROR] Engine:466 - C:\Users\PC\.stm32cubemx\thirdparties\pdsc\STMicroelectronics.X-CUBE-DPower.1.2.0.pdsc: PDSC version is not supported
2024-12-09 17:47:40,376 [WARN] PackLoader:240 - Cannot read IP mode file for STMicroelectronics.X-CUBE-NFC4.2.0.5
2024-12-09 17:47:40,426 [WARN] PackLoader:240 - Cannot read IP mode file for STMicroelectronics.X-CUBE-AI.9.0.0
2024-12-09 17:47:40,647 [WARN] ConditionMgr:438 - getConditionDescription Invalid condition id : UX DEVICE CLASS RTOS Condition cause : null
2024-12-09 17:47:40,647 [WARN] ConditionMgr:438 - getConditionDescription Invalid condition id : UX DEVICE CLASS RTOS Condition cause : null
2024-12-09 17:47:40,650 [WARN] PackLoader:240 - Cannot read IP mode file for STMicroelectronics.X-CUBE-AZRTOS-H7.3.1.0
2024-12-09 17:47:40,652 [WARN] ConditionMgr:1039 - genDependencies : Invalid condition id : UX DEVICE CLASS RTOS Condition cause : null
2024-12-09 17:47:40,652 [WARN] ConditionMgr:1039 - genDependencies : Invalid condition id : UX DEVICE CLASS RTOS Condition cause : null
2024-12-09 17:47:40,653 [WARN] ConditionMgr:1039 - genDependencies : Invalid condition id : UX DEVICE CLASS RTOS Condition cause : null
2024-12-09 17:47:40,653 [WARN] ConditionMgr:1039 - genDependencies : Invalid condition id : UX DEVICE CLASS RTOS Condition cause : null
2024-12-09 17:47:40,653 [WARN] ConditionMgr:1039 - genDependencies : Invalid condition id : UX DEVICE CLASS RTOS Condition cause : null
2024-12-09 17:47:40,685 [WARN] PackLoader:240 - Cannot read IP mode file for wolfSSL.I-CUBE-wolfSSL.5.5.3
2024-12-09 17:47:40,714 [WARN] PackLoader:240 - Cannot read IP mode file for STMicroelectronics.X-CUBE-NFC7.1.0.1
2024-12-09 17:47:40,743 [WARN] PackLoader:240 - Cannot read IP mode file for STMicroelectronics.X-CUBE-NFC7.1.0.0
2024-12-09 17:47:40,752 [WARN] PackLoader:240 - Cannot read IP mode file for wolfSSL.I-CUBE-wolfTPM.3.2.0
2024-12-09 17:47:40,790 [WARN] PackLoader:240 - Cannot read IP mode file for STMicroelectronics.X-CUBE-NFC6.3.0.0
2024-12-09 17:47:40,815 [WARN] PackLoader:240 - Cannot read IP mode file for STMicroelectronics.X-CUBE-EEPRMA1.4.1.0
2024-12-09 17:47:40,845 [WARN] PackLoader:240 - Cannot read IP mode file for STMicroelectronics.X-CUBE-AI.8.1.0
2024-12-09 17:47:40,945 [WARN] ConditionMgr:438 - getConditionDescription Invalid condition id : LAN8742 Phy interface Condition cause : null
2024-12-09 17:47:40,945 [WARN] PackLoader:240 - Cannot read IP mode file for STMicroelectronics.X-CUBE-AZRTOS-L4.2.0.0
2024-12-09 17:47:40,947 [WARN] ConditionMgr:1039 - genDependencies : Invalid condition id : LAN8742 Phy interface Condition cause : null
2024-12-09 17:47:40,947 [WARN] ConditionMgr:1039 - genDependencies : Invalid condition id : LAN8742 Phy interface Condition cause : null
2024-12-09 17:47:40,948 [WARN] ConditionMgr:1039 - genDependencies : Invalid condition id : LAN8742 Phy interface Condition cause : null
2024-12-09 17:47:41,025 [WARN] PackLoader:240 - Cannot read IP mode file for STMicroelectronics.X-CUBE-SFXS2LP1.4.0.0
2024-12-09 17:47:41,082 [WARN] PackLoader:240 - Cannot read IP mode file for STMicroelectronics.X-CUBE-AZRTOS-H7.3.0.0
2024-12-09 17:47:41,107 [WARN] PackLoader:240 - Cannot read IP mode file for STMicroelectronics.X-CUBE-ISPU.1.1.0
2024-12-09 17:47:41,210 [WARN] PackLoader:240 - Cannot read IP mode file for STMicroelectronics.X-CUBE-AZRTOS-H7.3.3.0
2024-12-09 17:47:41,238 [WARN] PackLoader:240 - Cannot read IP mode file for RoweBots.I-CUBE-UNISONRTOS.5.5.0-4
2024-12-09 17:47:41,288 [WARN] PackLoader:240 - Cannot read IP mode file for STMicroelectronics.X-CUBE-AI.8.0.0
2024-12-09 17:47:41,339 [ERROR] Engine:466 - C:\Users\PC\.stm32cubemx\thirdparties\pdsc\STMicroelectronics.X-CUBE-IPS.3.0.0.pdsc: PDSC version is not supported
2024-12-09 17:47:41,397 [WARN] ConditionMgr:438 - getConditionDescription Invalid condition id : UX DEVICE CLASS RTOS Condition cause : null
2024-12-09 17:47:41,397 [WARN] ConditionMgr:438 - getConditionDescription Invalid condition id : UX DEVICE CLASS RTOS Condition cause : null
2024-12-09 17:47:41,399 [WARN] PackLoader:240 - Cannot read IP mode file for STMicroelectronics.X-CUBE-AZRTOS-WB.2.0.0
2024-12-09 17:47:41,400 [WARN] ConditionMgr:1039 - genDependencies : Invalid condition id : UX DEVICE CLASS RTOS Condition cause : null
2024-12-09 17:47:41,400 [WARN] ConditionMgr:1039 - genDependencies : Invalid condition id : UX DEVICE CLASS RTOS Condition cause : null
2024-12-09 17:47:41,401 [WARN] ConditionMgr:1039 - genDependencies : Invalid condition id : UX DEVICE CLASS RTOS Condition cause : null
2024-12-09 17:47:41,401 [WARN] ConditionMgr:1039 - genDependencies : Invalid condition id : UX DEVICE CLASS RTOS Condition cause : null
2024-12-09 17:47:41,401 [WARN] ConditionMgr:1039 - genDependencies : Invalid condition id : UX DEVICE CLASS RTOS Condition cause : null
2024-12-09 17:47:41,425 [WARN] PackLoader:240 - Cannot read IP mode file for STMicroelectronics.X-CUBE-FREERTOS.1.0.0
2024-12-09 17:47:41,449 [WARN] PackLoader:240 - Cannot read IP mode file for STMicroelectronics.X-CUBE-FREERTOS.1.0.1
2024-12-09 17:47:41,481 [WARN] PackLoader:240 - Cannot read IP mode file for STMicroelectronics.X-CUBE-GNSS1.7.0.0
2024-12-09 17:47:41,518 [ERROR] Engine:466 - C:\Users\PC\.stm32cubemx\thirdparties\pdsc\STMicroelectronics.FP-SNS-STBOX1.2.0.0.pdsc: PDSC version is not supported
2024-12-09 17:47:41,580 [WARN] PackLoader:240 - Cannot read IP mode file for STMicroelectronics.X-CUBE-AZRTOS-L5.1.1.0
2024-12-09 17:47:41,610 [WARN] PackLoader:240 - Cannot read IP mode file for STMicroelectronics.X-CUBE-AI.8.0.1
2024-12-09 17:47:41,649 [WARN] PackLoader:240 - Cannot read IP mode file for STMicroelectronics.X-CUBE-SUBG2.5.0.0
2024-12-09 17:47:41,659 [WARN] PackLoader:240 - Cannot read IP mode file for Cesanta.I-CUBE-Mongoose.7.13.0
2024-12-09 17:47:41,690 [WARN] PackLoader:240 - Cannot read IP mode file for STMicroelectronics.X-CUBE-TOF1.3.3.1
2024-12-09 17:47:41,742 [WARN] PackLoader:240 - Cannot read IP mode file for STMicroelectronics.X-CUBE-AZRTOS-G4.2.0.0
2024-12-09 17:47:41,776 [WARN] PackLoader:240 - Cannot read IP mode file for STMicroelectronics.X-CUBE-TOF1.3.3.0
2024-12-09 17:47:41,801 [WARN] PackLoader:240 - Cannot read IP mode file for STMicroelectronics.FP-ATR-ASTRA1.1.1.1
2024-12-09 17:47:41,847 [WARN] PackLoader:240 - Cannot read IP mode file for Infineon.AIROC-Wi-Fi-Bluetooth-STM32.1.5.1
2024-12-09 17:47:41,871 [WARN] PackLoader:240 - Cannot read IP mode file for STMicroelectronics.FP-SNS-MOTENVWB1.1.3.0
2024-12-09 17:47:41,898 [WARN] PackLoader:240 - Cannot read IP mode file for STMicroelectronics.FP-SNS-MOTENVWB1.1.3.1
2024-12-09 17:47:41,940 [WARN] PackLoader:240 - Cannot read IP mode file for STMicroelectronics.X-CUBE-AZRTOS-G4.1.0.0
2024-12-09 17:47:41,985 [WARN] PackLoader:240 - Cannot read IP mode file for STMicroelectronics.X-CUBE-AZRTOS-L4.1.0.0
2024-12-09 17:47:42,006 [WARN] PackLoader:240 - Cannot read IP mode file for STMicroelectronics.X-CUBE-ISPU.2.0.0
2024-12-09 17:47:42,049 [WARN] PackLoader:240 - Cannot read IP mode file for STMicroelectronics.X-CUBE-ALS.1.0.2
2024-12-09 17:47:42,135 [WARN] PackLoader:240 - Cannot read IP mode file for STMicroelectronics.X-CUBE-MEMS1.10.0.0
2024-12-09 17:47:42,291 [WARN] PackLoader:240 - Cannot read IP mode file for STMicroelectronics.X-CUBE-FREERTOS.1.1.0
2024-12-09 17:47:42,312 [WARN] PackLoader:240 - Cannot read IP mode file for STMicroelectronics.X-CUBE-TOUCHGFX.4.24.0
2024-12-09 17:47:42,344 [WARN] PackLoader:240 - Cannot read IP mode file for STMicroelectronics.X-CUBE-AZRTOS-WL.1.0.0
2024-12-09 17:47:42,364 [WARN] PackLoader:240 - Cannot read IP mode file for STMicroelectronics.X-CUBE-TOUCHGFX.4.24.1
2024-12-09 17:47:42,385 [WARN] PackLoader:240 - Cannot read IP mode file for portGmbH.I-Cube-SoM-uGOAL.1.1.0
2024-12-09 17:47:42,407 [WARN] PackLoader:240 - Cannot read IP mode file for STMicroelectronics.X-CUBE-ALS.1.0.1
2024-12-09 17:47:42,451 [WARN] PackLoader:240 - Cannot read IP mode file for STMicroelectronics.X-CUBE-AZRTOS-WB.1.1.0
2024-12-09 17:47:42,499 [WARN] PackLoader:240 - Cannot read IP mode file for STMicroelectronics.X-CUBE-AZRTOS-H7RS.1.0.0
2024-12-09 17:47:42,531 [WARN] PackLoader:240 - Cannot read IP mode file for STMicroelectronics.FP-ATR-ASTRA1.2.0.0
2024-12-09 17:47:42,556 [ERROR] Engine:466 - C:\Users\PC\.stm32cubemx\thirdparties\pdsc\STMicroelectronics.X-CUBE-TOF1.3.4.2.pdsc: PDSC version is not supported
2024-12-09 17:47:42,583 [WARN] PackLoader:240 - Cannot read IP mode file for STMicroelectronics.X-CUBE-TOF1.3.4.0
2024-12-09 17:47:42,636 [WARN] PackLoader:240 - Cannot read IP mode file for STMicroelectronics.X-CUBE-TOF1.3.4.1
2024-12-09 17:47:42,706 [WARN] PackLoader:240 - Cannot read IP mode file for STMicroelectronics.X-CUBE-AZRTOS-H7.3.2.0
2024-12-09 17:47:42,715 [WARN] PackLoader:240 - Cannot read IP mode file for wolfSSL.I-CUBE-wolfSSH.1.4.17
2024-12-09 17:47:42,716 [INFO] ThirdParty:978 - Integrity check success = true
2024-12-09 17:47:42,716 [INFO] IntegrityCheckThread:100 - exiting critical section [integrity check]
2024-12-09 17:47:42,716 [INFO] IntegrityCheckThread:103 - End integrity checks thread
