2024-07-16 15:40:58,621 [INFO] Activator:176 - 


2024-07-16 15:40:58,629 [INFO] Activator:177 - !SESSION log4j initialized
2024-07-16 15:41:15,779 [INFO] LogOutputStream:77 - [STDOUT_REDIRECT] 
2024-07-16 15:41:26,733 [INFO] ApplicationProperties:184 - Using Application install path: F:\Program Files\STM32CubeIDE_1.13.2\STM32CubeIDE\plugins\com.st.stm32cube.common.mx_6.9.2.202309101412
2024-07-16 15:41:26,793 [INFO] DbMcusXml:78 - Set database path to: F:\Program Files\STM32CubeIDE_1.13.2\STM32CubeIDE\plugins\com.st.stm32cube.common.mx_6.9.2.202309101412\\db\/mcu/
2024-07-16 15:41:26,794 [INFO] ApiDb:274 - Set plugin database path to: F:\Program Files\STM32CubeIDE_1.13.2\STM32CubeIDE\plugins\com.st.stm32cube.common.mx_6.9.2.202309101412\\db\/plugins/boardmanager/
2024-07-16 15:41:26,795 [WARN] ApiDb:259 - Overriding images path with different value:  => F:\Program Files\STM32CubeIDE_1.13.2\STM32CubeIDE\plugins\com.st.stm32cube.common.mx_6.9.2.202309101412\\db\/plugins/mcufinder/images/
2024-07-16 15:41:26,878 [INFO] ApiDb:250 - Set database path to: C:\Users\PC\.stmcufinder\plugins\mcufinder//mcu/
2024-07-16 15:41:26,880 [INFO] DbMcusAds:125 - Set database path to: C:\Users\PC\.stmcufinder\plugins\mcufinder//mcu/
2024-07-16 15:41:26,884 [INFO] CrossReferenceDbSqlite:203 - Set database path to: C:\Users\PC\.stmcufinder\plugins\mcufinder//mcu/cs/
2024-07-16 15:41:27,076 [INFO] RulesReader:64 - Compatibility file has been processed (293 Rules)
2024-07-16 15:41:27,506 [INFO] DbMcusXml:78 - Set database path to: F:\Program Files\STM32CubeIDE_1.13.2\STM32CubeIDE\plugins\com.st.stm32cube.common.mx_6.9.2.202309101412\\db\/mcu/
2024-07-16 15:41:27,506 [INFO] ApiDb:274 - Set plugin database path to: F:\Program Files\STM32CubeIDE_1.13.2\STM32CubeIDE\plugins\com.st.stm32cube.common.mx_6.9.2.202309101412\\db\/plugins/boardmanager/
2024-07-16 15:41:27,507 [INFO] ApiDb:261 - Set plugin images path to: F:\Program Files\STM32CubeIDE_1.13.2\STM32CubeIDE\plugins\com.st.stm32cube.common.mx_6.9.2.202309101412\\db\/plugins/mcufinder/images/
2024-07-16 15:41:27,507 [WARN] DbFile:41 - Overriding database path with different value: C:\Users\PC\.stmcufinder\plugins\mcufinder/ => C:\Users\PC\.stmcufinder\plugins\mcufinder
2024-07-16 15:41:27,507 [INFO] ApiDb:250 - Set database path to: C:\Users\PC\.stmcufinder\plugins\mcufinder//mcu/
2024-07-16 15:41:27,508 [WARN] DbFile:41 - Overriding database path with different value: C:\Users\PC\.stmcufinder\plugins\mcufinder/ => C:\Users\PC\.stmcufinder\plugins\mcufinder
2024-07-16 15:41:27,508 [INFO] DbMcusAds:125 - Set database path to: C:\Users\PC\.stmcufinder\plugins\mcufinder//mcu/
2024-07-16 15:41:27,508 [WARN] DbFile:41 - Overriding database path with different value: C:\Users\PC\.stmcufinder\plugins\mcufinder/ => C:\Users\PC\.stmcufinder\plugins\mcufinder
2024-07-16 15:41:27,508 [WARN] DbFile:41 - Overriding database path with different value: C:\Users\PC\.stmcufinder\plugins\mcufinder/ => C:\Users\PC\.stmcufinder\plugins\mcufinder
2024-07-16 15:41:27,876 [INFO] CrossReferenceDbSqlite:203 - Set database path to: C:\Users\PC\.stmcufinder\plugins\mcufinder//mcu/cs/
2024-07-16 15:41:28,114 [INFO] MainPanel:262 - HeapMemory: 268435456
2024-07-16 15:41:28,398 [INFO] DbMcusXml:78 - Set database path to: F:\Program Files\STM32CubeIDE_1.13.2\STM32CubeIDE\plugins\com.st.stm32cube.common.mx_6.9.2.202309101412\\db\/mcu/
2024-07-16 15:41:28,398 [INFO] ApiDb:274 - Set plugin database path to: F:\Program Files\STM32CubeIDE_1.13.2\STM32CubeIDE\plugins\com.st.stm32cube.common.mx_6.9.2.202309101412\\db\/plugins/boardmanager/
2024-07-16 15:41:28,399 [INFO] ApiDb:261 - Set plugin images path to: F:\Program Files\STM32CubeIDE_1.13.2\STM32CubeIDE\plugins\com.st.stm32cube.common.mx_6.9.2.202309101412\\db\/plugins/mcufinder/images/
2024-07-16 15:41:28,427 [WARN] DbFile:41 - Overriding database path with different value: C:\Users\PC\.stmcufinder\plugins\mcufinder/ => C:\Users\PC\.stmcufinder\plugins\mcufinder
2024-07-16 15:41:28,428 [INFO] ApiDb:250 - Set database path to: C:\Users\PC\.stmcufinder\plugins\mcufinder//mcu/
2024-07-16 15:41:28,428 [WARN] DbFile:41 - Overriding database path with different value: C:\Users\PC\.stmcufinder\plugins\mcufinder/ => C:\Users\PC\.stmcufinder\plugins\mcufinder
2024-07-16 15:41:28,428 [INFO] DbMcusAds:125 - Set database path to: C:\Users\PC\.stmcufinder\plugins\mcufinder//mcu/
2024-07-16 15:41:28,428 [WARN] DbFile:41 - Overriding database path with different value: C:\Users\PC\.stmcufinder\plugins\mcufinder/ => C:\Users\PC\.stmcufinder\plugins\mcufinder
2024-07-16 15:41:28,428 [WARN] DbFile:41 - Overriding database path with different value: C:\Users\PC\.stmcufinder\plugins\mcufinder/ => C:\Users\PC\.stmcufinder\plugins\mcufinder
2024-07-16 15:41:28,428 [INFO] CrossReferenceDbSqlite:203 - Set database path to: C:\Users\PC\.stmcufinder\plugins\mcufinder//mcu/cs/
2024-07-16 15:41:28,488 [INFO] ApplicationProperties:184 - Using Application install path: F:\Program Files\STM32CubeIDE_1.13.2\STM32CubeIDE\plugins\com.st.stm32cube.common.mx_6.9.2.202309101412
2024-07-16 15:41:28,490 [INFO] PluginManage:196 - Search for loadable plugins [exclusion list=, ]
2024-07-16 15:41:28,602 [INFO] PluginManage:310 - Check plugin analytics
2024-07-16 15:41:33,647 [INFO] AnalyticsPlugin:253 - Accepted Software Licenses: 
2024-07-16 15:41:33,648 [INFO] AnalyticsPlugin:255 - Accepted CMSIS Pack Licenses: 
2024-07-16 15:41:33,648 [INFO] AnalyticsPlugin:257 - Accepted Firmware Licenses: 
2024-07-16 15:41:33,653 [INFO] PluginManage:359 - Loaded plugin analytics (category:tool,tabindex:-1)
2024-07-16 15:41:33,653 [INFO] PluginManage:310 - Check plugin cadmodel
2024-07-16 15:41:33,698 [INFO] CADModel:105 - Init CAD model plugin
2024-07-16 15:41:33,698 [INFO] PluginManage:359 - Loaded plugin cadmodel (category:power,tabindex:5)
2024-07-16 15:41:33,698 [INFO] PluginManage:310 - Check plugin clock
2024-07-16 15:41:33,738 [INFO] PluginManage:359 - Loaded plugin clock (category:base,tabindex:2)
2024-07-16 15:41:33,738 [INFO] PluginManage:310 - Check plugin ddr
2024-07-16 15:41:33,763 [INFO] PluginManage:359 - Loaded plugin ddr (category:tool,tabindex:6)
2024-07-16 15:41:33,764 [INFO] PluginManage:310 - Check plugin filemanager
2024-07-16 15:41:34,089 [INFO] PluginManage:359 - Loaded plugin filemanager (category:base,tabindex:10)
2024-07-16 15:41:34,090 [INFO] PluginManage:310 - Check plugin ipmanager
2024-07-16 15:41:34,107 [INFO] PluginManage:359 - Loaded plugin ipmanager (category:base,tabindex:5)
2024-07-16 15:41:34,108 [INFO] PluginManage:310 - Check plugin lpbam
2024-07-16 15:41:34,139 [INFO] PluginManage:359 - Loaded plugin lpbam (category:base,tabindex:0)
2024-07-16 15:41:34,139 [INFO] PluginManage:310 - Check plugin memorymap
2024-07-16 15:41:34,196 [INFO] PluginManage:359 - Loaded plugin memorymap (category:base,tabindex:4)
2024-07-16 15:41:34,196 [INFO] PluginManage:310 - Check plugin pinoutandconfiguration
2024-07-16 15:41:34,227 [INFO] PluginManage:359 - Loaded plugin pinoutandconfiguration (category:base,tabindex:1)
2024-07-16 15:41:34,227 [INFO] PluginManage:310 - Check plugin pinoutconfig
2024-07-16 15:41:34,488 [WARN] SupportedApi:132 - Cannot load RTOS API schema: s4s-elt-must-match.1: The content of 'definitions' must match (annotation?, (simpleType | complexType)?, (unique | key | keyref)*)). A problem was found starting at: attribute.
2024-07-16 15:41:34,861 [INFO] PluginManage:359 - Loaded plugin pinoutconfig (category:base,tabindex:0)
2024-07-16 15:41:34,861 [INFO] PluginManage:310 - Check plugin power
2024-07-16 15:41:34,918 [INFO] PluginManage:359 - Loaded plugin power (category:power,tabindex:4)
2024-07-16 15:41:34,918 [INFO] PluginManage:310 - Check plugin projectmanager
2024-07-16 15:41:34,962 [INFO] PluginManage:359 - Loaded plugin projectmanager (category:projectmanager,tabindex:3)
2024-07-16 15:41:34,962 [INFO] PluginManage:310 - Check plugin thirdparty
2024-07-16 15:41:35,536 [WARN] IntegrityCheckThread:84 - waiting for thirdparty lock release [integrity check]
2024-07-16 15:41:35,536 [INFO] PluginManage:359 - Loaded plugin thirdparty (category:base,tabindex:-1)
2024-07-16 15:41:35,537 [INFO] PluginManage:310 - Check plugin tools
2024-07-16 15:41:35,536 [INFO] IntegrityCheckThread:86 - entering critical section [integrity check]
2024-07-16 15:41:35,538 [INFO] ThirdPartyUpdaterWithRetryManager:70 - Updater plugin not ready yet. [1/15]
2024-07-16 15:41:35,547 [INFO] PluginManage:359 - Loaded plugin tools (category:base,tabindex:7)
2024-07-16 15:41:35,547 [INFO] PluginManage:310 - Check plugin tutovideos
2024-07-16 15:41:35,983 [INFO] PluginManage:359 - Loaded plugin tutovideos (category:base,tabindex:-1)
2024-07-16 15:41:35,984 [INFO] PluginManage:310 - Check plugin updater
2024-07-16 15:41:36,034 [INFO] PluginManage:359 - Loaded plugin updater (category:base,tabindex:12)
2024-07-16 15:41:36,034 [INFO] PluginManage:310 - Check plugin userauth
2024-07-16 15:41:36,061 [INFO] UserAuth:113 - Init User Auth plugin
2024-07-16 15:41:36,061 [INFO] PluginManage:359 - Loaded plugin userauth (category:base,tabindex:14)
2024-07-16 15:41:36,062 [INFO] PluginManage:283 - PluginManage : Loaded plugins [17]
2024-07-16 15:41:36,913 [INFO] PinOutPanel:1499 - setPackage(No Configuration,No Configuration)
2024-07-16 15:41:37,267 [INFO] CADModel:165 - CPN selected for project level
2024-07-16 15:41:37,267 [INFO] CADModel:114 - Register for checkConnection events
2024-07-16 15:41:37,336 [INFO] IPUIPlugin:80 - create IPUIPlugin
2024-07-16 15:41:37,337 [INFO] PluginManager:220 - loadIPPluginJar : add adc
2024-07-16 15:41:37,355 [INFO] IPUIPlugin:80 - create IPUIPlugin
2024-07-16 15:41:37,356 [INFO] PluginManager:220 - loadIPPluginJar : add aes
2024-07-16 15:41:37,378 [INFO] IPUIPlugin:80 - create IPUIPlugin
2024-07-16 15:41:37,378 [INFO] PluginManager:220 - loadIPPluginJar : add can
2024-07-16 15:41:37,395 [INFO] IPUIPlugin:80 - create IPUIPlugin
2024-07-16 15:41:37,396 [INFO] PluginManager:220 - loadIPPluginJar : add comp
2024-07-16 15:41:37,411 [INFO] IPUIPlugin:80 - create IPUIPlugin
2024-07-16 15:41:37,412 [INFO] PluginManager:220 - loadIPPluginJar : add cryp
2024-07-16 15:41:37,423 [INFO] IPUIPlugin:80 - create IPUIPlugin
2024-07-16 15:41:37,424 [INFO] PluginManager:220 - loadIPPluginJar : add dfsdm
2024-07-16 15:41:37,450 [INFO] IPUIPlugin:80 - create IPUIPlugin
2024-07-16 15:41:37,451 [INFO] PluginManager:220 - loadIPPluginJar : add dma
2024-07-16 15:41:37,463 [INFO] IPUIPlugin:80 - create IPUIPlugin
2024-07-16 15:41:37,464 [INFO] PluginManager:220 - loadIPPluginJar : add dma3
2024-07-16 15:41:37,475 [INFO] IPUIPlugin:80 - create IPUIPlugin
2024-07-16 15:41:37,475 [INFO] PluginManager:220 - loadIPPluginJar : add fatfs
2024-07-16 15:41:37,492 [INFO] IPUIPlugin:80 - create IPUIPlugin
2024-07-16 15:41:37,492 [INFO] PluginManager:220 - loadIPPluginJar : add fmc
2024-07-16 15:41:37,519 [INFO] IPUIPlugin:80 - create IPUIPlugin
2024-07-16 15:41:37,520 [INFO] PluginManager:220 - loadIPPluginJar : add freertos
2024-07-16 15:41:37,537 [INFO] IPUIPlugin:80 - create IPUIPlugin
2024-07-16 15:41:37,537 [INFO] PluginManager:220 - loadIPPluginJar : add genericplugin
2024-07-16 15:41:37,557 [INFO] IPUIPlugin:80 - create IPUIPlugin
2024-07-16 15:41:37,558 [INFO] PluginManager:220 - loadIPPluginJar : add gfxmmu
2024-07-16 15:41:37,576 [INFO] IPUIPlugin:80 - create IPUIPlugin
2024-07-16 15:41:37,576 [INFO] PluginManager:220 - loadIPPluginJar : add gic
2024-07-16 15:41:37,597 [INFO] IPUIPlugin:80 - create IPUIPlugin
2024-07-16 15:41:37,597 [INFO] PluginManager:220 - loadIPPluginJar : add gpio
2024-07-16 15:41:37,613 [INFO] IPUIPlugin:80 - create IPUIPlugin
2024-07-16 15:41:37,613 [INFO] PluginManager:220 - loadIPPluginJar : add gtzc
2024-07-16 15:41:37,626 [INFO] IPUIPlugin:80 - create IPUIPlugin
2024-07-16 15:41:37,626 [INFO] PluginManager:220 - loadIPPluginJar : add hash
2024-07-16 15:41:37,643 [INFO] IPUIPlugin:80 - create IPUIPlugin
2024-07-16 15:41:37,643 [INFO] PluginManager:220 - loadIPPluginJar : add i2c
2024-07-16 15:41:37,657 [INFO] IPUIPlugin:80 - create IPUIPlugin
2024-07-16 15:41:37,657 [INFO] PluginManager:220 - loadIPPluginJar : add i2s
2024-07-16 15:41:37,673 [INFO] IPUIPlugin:80 - create IPUIPlugin
2024-07-16 15:41:37,673 [INFO] PluginManager:220 - loadIPPluginJar : add i3c
2024-07-16 15:41:37,693 [INFO] IPUIPlugin:80 - create IPUIPlugin
2024-07-16 15:41:37,693 [INFO] PluginManager:220 - loadIPPluginJar : add ipddr
2024-07-16 15:41:37,732 [INFO] IPUIPlugin:80 - create IPUIPlugin
2024-07-16 15:41:37,732 [INFO] PluginManager:220 - loadIPPluginJar : add linkedlist
2024-07-16 15:41:37,737 [INFO] IPUIPlugin:80 - create IPUIPlugin
2024-07-16 15:41:37,737 [INFO] PluginManager:220 - loadIPPluginJar : add lorawan
2024-07-16 15:41:37,754 [INFO] IPUIPlugin:80 - create IPUIPlugin
2024-07-16 15:41:37,754 [INFO] PluginManager:220 - loadIPPluginJar : add ltdc
2024-07-16 15:41:37,785 [INFO] IPUIPlugin:80 - create IPUIPlugin
2024-07-16 15:41:37,786 [INFO] PluginManager:220 - loadIPPluginJar : add mdma
2024-07-16 15:41:37,792 [INFO] IPUIPlugin:80 - create IPUIPlugin
2024-07-16 15:41:37,792 [INFO] PluginManager:220 - loadIPPluginJar : add nvic
2024-07-16 15:41:37,809 [INFO] IPUIPlugin:80 - create IPUIPlugin
2024-07-16 15:41:37,809 [INFO] PluginManager:220 - loadIPPluginJar : add opamp
2024-07-16 15:41:37,817 [INFO] IPUIPlugin:80 - create IPUIPlugin
2024-07-16 15:41:37,817 [INFO] PluginManager:220 - loadIPPluginJar : add openamp
2024-07-16 15:41:37,830 [INFO] IPUIPlugin:80 - create IPUIPlugin
2024-07-16 15:41:37,830 [INFO] PluginManager:220 - loadIPPluginJar : add pdm2pcm
2024-07-16 15:41:37,840 [INFO] IPUIPlugin:80 - create IPUIPlugin
2024-07-16 15:41:37,845 [INFO] PluginManager:220 - loadIPPluginJar : add plateformsettings
2024-07-16 15:41:37,856 [INFO] IPUIPlugin:80 - create IPUIPlugin
2024-07-16 15:41:37,856 [INFO] PluginManager:220 - loadIPPluginJar : add quadspi
2024-07-16 15:41:37,863 [INFO] IPUIPlugin:80 - create IPUIPlugin
2024-07-16 15:41:37,864 [INFO] PluginManager:220 - loadIPPluginJar : add resmgrutility
2024-07-16 15:41:37,872 [INFO] IPUIPlugin:80 - create IPUIPlugin
2024-07-16 15:41:37,873 [INFO] PluginManager:220 - loadIPPluginJar : add sai
2024-07-16 15:41:37,886 [INFO] IPUIPlugin:80 - create IPUIPlugin
2024-07-16 15:41:37,886 [INFO] PluginManager:220 - loadIPPluginJar : add spi
2024-07-16 15:41:37,900 [INFO] IPUIPlugin:80 - create IPUIPlugin
2024-07-16 15:41:37,900 [INFO] PluginManager:220 - loadIPPluginJar : add stm32_wpan
2024-07-16 15:41:37,917 [INFO] IPUIPlugin:80 - create IPUIPlugin
2024-07-16 15:41:37,917 [INFO] PluginManager:220 - loadIPPluginJar : add tim
2024-07-16 15:41:37,937 [INFO] IPUIPlugin:80 - create IPUIPlugin
2024-07-16 15:41:37,938 [INFO] PluginManager:220 - loadIPPluginJar : add touchsensing
2024-07-16 15:41:37,961 [INFO] IPUIPlugin:80 - create IPUIPlugin
2024-07-16 15:41:37,961 [INFO] PluginManager:220 - loadIPPluginJar : add tracer_emb
2024-07-16 15:41:37,979 [INFO] IPUIPlugin:80 - create IPUIPlugin
2024-07-16 15:41:37,980 [INFO] PluginManager:220 - loadIPPluginJar : add ts
2024-07-16 15:41:37,987 [INFO] IPUIPlugin:80 - create IPUIPlugin
2024-07-16 15:41:37,987 [INFO] PluginManager:220 - loadIPPluginJar : add tsc
2024-07-16 15:41:37,991 [INFO] IPUIPlugin:80 - create IPUIPlugin
2024-07-16 15:41:37,992 [INFO] PluginManager:220 - loadIPPluginJar : add ucpd
2024-07-16 15:41:38,221 [INFO] IPUIPlugin:80 - create IPUIPlugin
2024-07-16 15:41:38,221 [INFO] PluginManager:220 - loadIPPluginJar : add usart
2024-07-16 15:41:38,239 [INFO] IPUIPlugin:80 - create IPUIPlugin
2024-07-16 15:41:38,239 [INFO] PluginManager:220 - loadIPPluginJar : add usbx
2024-07-16 15:41:38,436 [INFO] CADModel:165 - CPN selected for project level
2024-07-16 15:41:38,437 [INFO] CADModel:114 - Register for checkConnection events
2024-07-16 15:41:38,437 [FATAL] Updater:308 - Updater called before beeing initialized
2024-07-16 15:41:38,438 [ERROR] CADModel:125 - Updater not yet initialized, retry later 
2024-07-16 15:41:38,540 [INFO] ThirdPartyUpdaterWithRetryManager:70 - Updater plugin not ready yet. [2/15]
2024-07-16 15:41:39,006 [INFO] CADModel:165 - CPN selected for project level
2024-07-16 15:41:39,006 [INFO] CADModel:114 - Register for checkConnection events
2024-07-16 15:41:39,006 [FATAL] Updater:308 - Updater called before beeing initialized
2024-07-16 15:41:39,007 [ERROR] CADModel:125 - Updater not yet initialized, retry later 
2024-07-16 15:41:39,025 [FATAL] Updater:308 - Updater called before beeing initialized
2024-07-16 15:41:39,204 [FATAL] Updater:308 - Updater called before beeing initialized
2024-07-16 15:41:39,223 [INFO] DbMcusAds:53 - JSON generation date=Wed Nov 29 05:52:27 PET 2023 (1701255147349)
2024-07-16 15:41:39,223 [FATAL] Updater:308 - Updater called before beeing initialized
2024-07-16 15:41:39,424 [WARN] DetailPanel:346 - Failed to get advertising image, set to default
2024-07-16 15:41:39,587 [FATAL] Updater:308 - Updater called before beeing initialized
2024-07-16 15:41:39,614 [FATAL] Updater:308 - Updater called before beeing initialized
2024-07-16 15:41:39,615 [FATAL] Updater:308 - Updater called before beeing initialized
2024-07-16 15:41:39,615 [WARN] DetailPanel:346 - Failed to get advertising image, set to default
2024-07-16 15:41:39,616 [FATAL] Updater:308 - Updater called before beeing initialized
2024-07-16 15:41:39,726 [ERROR] Updater:1120 - MainUpdater not yet initialized. External WinMGr cannot be set.
2024-07-16 15:41:39,764 [INFO] Updater:1056 - Updater Version found : 6.9.2
2024-07-16 15:41:39,801 [INFO] ApplicationProperties:184 - Using Application install path: F:\Program Files\STM32CubeIDE_1.13.2\STM32CubeIDE\plugins\com.st.stm32cube.common.mx_6.9.2.202309101412
2024-07-16 15:41:41,383 [INFO] MainUpdater:2868 - connection check result : 10
2024-07-16 15:41:41,384 [INFO] MainUpdater:3562 - Updater definition file requires update
2024-07-16 15:41:41,386 [INFO] MainUpdater:285 - Updater Check For Update Now.
2024-07-16 15:41:41,386 [INFO] MicroXplorer:498 - Change Database Version : DB.6.0.92
2024-07-16 15:41:41,426 [INFO] McuFinderGlobals:63 - Set McuFinder mode to 2 (CubeIDE integrated)
2024-07-16 15:41:41,541 [WARN] MainUpdater:1189 - Updater busy. Cannot search thirdparties
2024-07-16 15:41:41,542 [INFO] ThirdPartyUpdaterWithRetryManager:96 - Updater plugin is busy. [1/15]
2024-07-16 15:41:43,565 [INFO] ServerAccessManage:473 - Download File updaters.zip
2024-07-16 15:41:43,908 [INFO] FileExtend:240 - Unzip File : updaters.zip
2024-07-16 15:41:43,908 [INFO] FileExtend:255 - Standard Zip Deflate
2024-07-16 15:41:44,322 [ERROR] LogOutputStream:75 - [STDERR_REDIRECT] Jul 16, 2024 3:41:44 PM org.glassfish.grizzly.http.server.NetworkListener start
2024-07-16 15:41:44,333 [ERROR] LogOutputStream:75 - [STDERR_REDIRECT] INFO: Started listener bound to [localhost:1598]
2024-07-16 15:41:44,333 [ERROR] LogOutputStream:75 - [STDERR_REDIRECT] 
2024-07-16 15:41:44,336 [ERROR] LogOutputStream:75 - [STDERR_REDIRECT] Jul 16, 2024 3:41:44 PM org.glassfish.grizzly.http.server.HttpServer start
2024-07-16 15:41:44,337 [ERROR] LogOutputStream:75 - [STDERR_REDIRECT] INFO: [HttpServer] Started.
2024-07-16 15:41:44,337 [ERROR] LogOutputStream:75 - [STDERR_REDIRECT] 
2024-07-16 15:41:44,543 [WARN] MainUpdater:1189 - Updater busy. Cannot search thirdparties
2024-07-16 15:41:44,543 [INFO] ThirdPartyUpdaterWithRetryManager:96 - Updater plugin is busy. [2/15]
2024-07-16 15:41:46,500 [INFO] ServerAccessManage:473 - Download File PacksControlFlags.xml
2024-07-16 15:41:47,544 [WARN] MainUpdater:1189 - Updater busy. Cannot search thirdparties
2024-07-16 15:41:47,544 [INFO] ThirdPartyUpdaterWithRetryManager:96 - Updater plugin is busy. [3/15]
2024-07-16 15:41:47,938 [INFO] ServerAccessManage:473 - Download File cubemx.pidx
2024-07-16 15:41:48,448 [INFO] LoadServerUpdatesThread:373 - End of LoadServerUpdate Thread
2024-07-16 15:41:48,689 [INFO] CheckServerUpdateThread:120 - End of CheckServer Thread
2024-07-16 15:41:51,643 [WARN] PackLoader:240 - Cannot read IP mode file for STMicroelectronics.FP-SNS-MOTENVWB1.1.4.0
2024-07-16 15:41:51,679 [WARN] PackLoader:240 - Cannot read IP mode file for STMicroelectronics.X-CUBE-SMBUS.2.1.0
2024-07-16 15:41:51,730 [WARN] PackLoader:240 - Cannot read IP mode file for STMicroelectronics.X-CUBE-TOUCHGFX.4.23.0
2024-07-16 15:41:51,776 [WARN] PackLoader:240 - Cannot read IP mode file for STMicroelectronics.X-CUBE-TOUCHGFX.4.23.2
2024-07-16 15:41:51,852 [WARN] PackLoader:240 - Cannot read IP mode file for STMicroelectronics.X-CUBE-AZRTOS-F7.1.1.0
2024-07-16 15:41:52,001 [ERROR] RealEvaluatedCondition:428 - Found unsupported composite condition: CLASS='Data Exchange' GROUP='STM32_MetaDataManager'
2024-07-16 15:41:52,001 [ERROR] RealEvaluatedCondition:428 - Found unsupported composite condition: CLASS='Data Exchange' GROUP='STM32_MetaDataManager'
2024-07-16 15:41:52,004 [WARN] PackLoader:240 - Cannot read IP mode file for STMicroelectronics.FP-SNS-MOTENV1.4.3.0
2024-07-16 15:41:52,038 [WARN] PackLoader:240 - Cannot read IP mode file for STMicroelectronics.FP-SNS-MOTENV1.4.3.2
2024-07-16 15:41:52,070 [WARN] PackLoader:240 - Cannot read IP mode file for STMicroelectronics.FP-SNS-FLIGHT1.5.0.0
2024-07-16 15:41:52,110 [ERROR] RealEvaluatedCondition:428 - Found unsupported composite condition: CLASS='Data Exchange' GROUP='STM32_MetaDataManager'
2024-07-16 15:41:52,110 [ERROR] RealEvaluatedCondition:428 - Found unsupported composite condition: CLASS='Data Exchange' GROUP='STM32_MetaDataManager'
2024-07-16 15:41:52,112 [WARN] PackLoader:240 - Cannot read IP mode file for STMicroelectronics.FP-SNS-MOTENV1.4.3.1
2024-07-16 15:41:52,150 [WARN] PackLoader:240 - Cannot read IP mode file for STMicroelectronics.FP-SNS-FLIGHT1.5.0.1
2024-07-16 15:41:52,190 [WARN] PackLoader:240 - Cannot read IP mode file for STMicroelectronics.X-CUBE-BLE1.6.2.4
2024-07-16 15:41:52,227 [WARN] PackLoader:240 - Cannot read IP mode file for STMicroelectronics.FP-SNS-FLIGHT1.5.0.2
2024-07-16 15:41:52,270 [WARN] PackLoader:240 - Cannot read IP mode file for STMicroelectronics.X-CUBE-DISPLAY.3.0.0
2024-07-16 15:41:52,311 [WARN] PackLoader:240 - Cannot read IP mode file for STMicroelectronics.X-CUBE-BLE1.7.0.0
2024-07-16 15:41:52,342 [WARN] PackLoader:240 - Cannot read IP mode file for STMicroelectronics.X-CUBE-TOUCHGFX.4.22.0
2024-07-16 15:41:52,379 [WARN] PackLoader:240 - Cannot read IP mode file for STMicroelectronics.X-CUBE-TOUCHGFX.4.22.1
2024-07-16 15:41:52,420 [WARN] PackLoader:240 - Cannot read IP mode file for STMicroelectronics.X-CUBE-BLEMGR.3.1.0
2024-07-16 15:41:52,459 [WARN] PackLoader:240 - Cannot read IP mode file for STMicroelectronics.FP-SNS-SMARTAG2.1.2.0
2024-07-16 15:41:52,506 [INFO] LogOutputStream:77 - [STDOUT_REDIRECT] 1 : Invalid condition id : UX_CORESTACK_Condition cause : null
2024-07-16 15:41:52,506 [INFO] LogOutputStream:77 - [STDOUT_REDIRECT] 1 : Invalid condition id : UX_CORESTACK_Condition cause : null
2024-07-16 15:41:52,508 [INFO] LogOutputStream:77 - [STDOUT_REDIRECT] 1 : Invalid condition id : UX_CORESTACK_Condition cause : null
2024-07-16 15:41:52,510 [INFO] LogOutputStream:77 - [STDOUT_REDIRECT] 1 : Invalid condition id : UX_CORESTACK_Condition cause : null
2024-07-16 15:41:52,512 [INFO] LogOutputStream:77 - [STDOUT_REDIRECT] 1 : Invalid condition id : UX_CORESTACK_Condition cause : null
2024-07-16 15:41:52,517 [WARN] PackLoader:240 - Cannot read IP mode file for STMicroelectronics.X-CUBE-AZRTOS-WL.2.0.0
2024-07-16 15:41:52,553 [WARN] PackLoader:240 - Cannot read IP mode file for STMicroelectronics.FP-SNS-MOTENV1.5.0.0
2024-07-16 15:41:52,583 [WARN] PackLoader:240 - Cannot read IP mode file for wolfSSL.I-CUBE-wolfMQTT.1.19.0
2024-07-16 15:41:52,615 [WARN] PackLoader:240 - Cannot read IP mode file for WES.I-CUBE-Cesium.1.3.0
2024-07-16 15:41:52,646 [WARN] PackLoader:240 - Cannot read IP mode file for STMicroelectronics.X-CUBE-BLE2.3.3.0
2024-07-16 15:41:52,681 [WARN] PackLoader:240 - Cannot read IP mode file for STMicroelectronics.X-CUBE-DISPLAY.2.2.0
2024-07-16 15:41:52,932 [WARN] PackLoader:240 - Cannot read IP mode file for STMicroelectronics.X-CUBE-TOF1.3.2.0
2024-07-16 15:41:52,985 [WARN] PackLoader:240 - Cannot read IP mode file for STMicroelectronics.X-CUBE-TCPP.4.1.0
2024-07-16 15:41:53,019 [WARN] PackLoader:240 - Cannot read IP mode file for STMicroelectronics.X-CUBE-TOUCHGFX.4.21.1
2024-07-16 15:41:53,072 [WARN] PackLoader:240 - Cannot read IP mode file for STMicroelectronics.X-CUBE-TOUCHGFX.4.21.0
2024-07-16 15:41:53,127 [WARN] PackLoader:240 - Cannot read IP mode file for STMicroelectronics.X-CUBE-TOUCHGFX.4.21.3
2024-07-16 15:41:53,159 [WARN] PackLoader:240 - Cannot read IP mode file for STMicroelectronics.X-CUBE-TOUCHGFX.4.21.4
2024-07-16 15:41:53,261 [WARN] PackLoader:240 - Cannot read IP mode file for STMicroelectronics.X-CUBE-MEMS1.9.4.0
2024-07-16 15:41:53,544 [WARN] PackLoader:240 - Cannot read IP mode file for STMicroelectronics.X-CUBE-AI.7.3.0
2024-07-16 15:41:53,580 [WARN] PackLoader:240 - Cannot read IP mode file for STMicroelectronics.X-CUBE-ALGOBUILD.1.3.0
2024-07-16 15:41:53,648 [WARN] PackLoader:240 - Cannot read IP mode file for STMicroelectronics.X-CUBE-AZRTOS-G0.1.1.0
2024-07-16 15:41:53,691 [WARN] PackLoader:240 - Cannot read IP mode file for STMicroelectronics.X-CUBE-SAFEA1.1.2.2
2024-07-16 15:41:53,721 [WARN] PackLoader:240 - Cannot read IP mode file for STMicroelectronics.X-CUBE-NFC4.3.0.0
2024-07-16 15:41:53,751 [ERROR] Engine:466 - C:\Users\PC\.stm32cubemx\thirdparties\pdsc\EmbeddedOffice.I-CUBE-FS-RTOS.1.0.1.pdsc: PDSC version is not supported
2024-07-16 15:41:53,783 [WARN] PackLoader:240 - Cannot read IP mode file for STMicroelectronics.X-CUBE-BLEMGR.3.0.0
2024-07-16 15:41:53,828 [WARN] PackLoader:240 - Cannot read IP mode file for STMicroelectronics.X-CUBE-BLEMGR.1.3.0
2024-07-16 15:41:53,858 [ERROR] Engine:466 - C:\Users\PC\.stm32cubemx\thirdparties\pdsc\RealThread.X-CUBE-RT-Thread_Nano.4.1.1.pdsc: PDSC version is not supported
2024-07-16 15:41:53,884 [WARN] PackLoader:240 - Cannot read IP mode file for STMicroelectronics.FP-ATR-SIGFOX1.3.2.0
2024-07-16 15:41:53,914 [WARN] PackLoader:240 - Cannot read IP mode file for STMicroelectronics.X-CUBE-EEPRMA1.5.1.0
2024-07-16 15:41:54,004 [WARN] PackLoader:240 - Cannot read IP mode file for STMicroelectronics.X-CUBE-MEMS1.9.5.0
2024-07-16 15:41:54,252 [WARN] PackLoader:240 - Cannot read IP mode file for SEGGER.I-CUBE-embOS.1.3.1
2024-07-16 15:41:54,347 [WARN] PackLoader:240 - Cannot read IP mode file for STMicroelectronics.X-CUBE-ALGOBUILD.1.4.0
2024-07-16 15:41:54,412 [WARN] PackLoader:240 - Cannot read IP mode file for SEGGER.I-CUBE-embOS.1.3.0
2024-07-16 15:41:54,481 [WARN] PackLoader:240 - Cannot read IP mode file for STMicroelectronics.X-CUBE-GNSS1.6.0.0
2024-07-16 15:41:54,535 [WARN] PackLoader:240 - Cannot read IP mode file for STMicroelectronics.X-CUBE-AZRTOS-F4.1.1.0
2024-07-16 15:41:54,562 [WARN] PackLoader:240 - Cannot read IP mode file for STMicroelectronics.X-CUBE-FREERTOS.1.2.0
2024-07-16 15:41:54,674 [WARN] PackLoader:240 - Cannot read IP mode file for STMicroelectronics.X-CUBE-AZRTOS-L5.2.0.0
2024-07-16 15:41:54,764 [WARN] PackLoader:240 - Cannot read IP mode file for STMicroelectronics.X-CUBE-MEMS1.9.6.0
2024-07-16 15:41:55,002 [WARN] PackLoader:240 - Cannot read IP mode file for STMicroelectronics.X-CUBE-EEPRMA1.4.2.0
2024-07-16 15:41:55,037 [WARN] PackLoader:240 - Cannot read IP mode file for STMicroelectronics.X-CUBE-NFC6.3.1.0
2024-07-16 15:41:55,071 [WARN] PackLoader:240 - Cannot read IP mode file for ITTIA_DB.I-CUBE-ITTIADB.8.8.0
2024-07-16 15:41:55,103 [WARN] PackLoader:240 - Cannot read IP mode file for emotas.I-CUBE-CANOPEN.1.1.3
2024-07-16 15:41:55,132 [WARN] PackLoader:240 - Cannot read IP mode file for STMicroelectronics.X-CUBE-BLEMGR.2.0.0
2024-07-16 15:41:55,157 [ERROR] Engine:466 - C:\Users\PC\.stm32cubemx\thirdparties\pdsc\STMicroelectronics.X-CUBE-DPower.1.2.0.pdsc: PDSC version is not supported
2024-07-16 15:41:55,175 [WARN] PackLoader:240 - Cannot read IP mode file for STMicroelectronics.X-CUBE-NFC4.2.0.5
2024-07-16 15:41:55,201 [WARN] PackLoader:240 - Cannot read IP mode file for STMicroelectronics.X-CUBE-AI.9.0.0
2024-07-16 15:41:55,257 [WARN] ConditionMgr:438 - getConditionDescription Invalid condition id : UX DEVICE CLASS RTOS Condition cause : null
2024-07-16 15:41:55,257 [WARN] ConditionMgr:438 - getConditionDescription Invalid condition id : UX DEVICE CLASS RTOS Condition cause : null
2024-07-16 15:41:55,261 [WARN] PackLoader:240 - Cannot read IP mode file for STMicroelectronics.X-CUBE-AZRTOS-H7.3.1.0
2024-07-16 15:41:55,263 [WARN] ConditionMgr:1039 - genDependencies : Invalid condition id : UX DEVICE CLASS RTOS Condition cause : null
2024-07-16 15:41:55,263 [WARN] ConditionMgr:1039 - genDependencies : Invalid condition id : UX DEVICE CLASS RTOS Condition cause : null
2024-07-16 15:41:55,264 [WARN] ConditionMgr:1039 - genDependencies : Invalid condition id : UX DEVICE CLASS RTOS Condition cause : null
2024-07-16 15:41:55,264 [WARN] ConditionMgr:1039 - genDependencies : Invalid condition id : UX DEVICE CLASS RTOS Condition cause : null
2024-07-16 15:41:55,265 [WARN] ConditionMgr:1039 - genDependencies : Invalid condition id : UX DEVICE CLASS RTOS Condition cause : null
2024-07-16 15:41:55,291 [WARN] PackLoader:240 - Cannot read IP mode file for wolfSSL.I-CUBE-wolfSSL.5.5.3
2024-07-16 15:41:55,321 [WARN] PackLoader:240 - Cannot read IP mode file for STMicroelectronics.X-CUBE-NFC7.1.0.1
2024-07-16 15:41:55,344 [WARN] PackLoader:240 - Cannot read IP mode file for STMicroelectronics.X-CUBE-NFC7.1.0.0
2024-07-16 15:41:55,377 [WARN] PackLoader:240 - Cannot read IP mode file for wolfSSL.I-CUBE-wolfTPM.3.2.0
2024-07-16 15:41:55,408 [WARN] PackLoader:240 - Cannot read IP mode file for STMicroelectronics.X-CUBE-NFC6.3.0.0
2024-07-16 15:41:55,439 [WARN] PackLoader:240 - Cannot read IP mode file for STMicroelectronics.X-CUBE-EEPRMA1.4.1.0
2024-07-16 15:41:55,466 [WARN] PackLoader:240 - Cannot read IP mode file for STMicroelectronics.X-CUBE-AI.8.1.0
2024-07-16 15:41:55,522 [WARN] ConditionMgr:438 - getConditionDescription Invalid condition id : LAN8742 Phy interface Condition cause : null
2024-07-16 15:41:55,523 [WARN] PackLoader:240 - Cannot read IP mode file for STMicroelectronics.X-CUBE-AZRTOS-L4.2.0.0
2024-07-16 15:41:55,525 [WARN] ConditionMgr:1039 - genDependencies : Invalid condition id : LAN8742 Phy interface Condition cause : null
2024-07-16 15:41:55,525 [WARN] ConditionMgr:1039 - genDependencies : Invalid condition id : LAN8742 Phy interface Condition cause : null
2024-07-16 15:41:55,526 [WARN] ConditionMgr:1039 - genDependencies : Invalid condition id : LAN8742 Phy interface Condition cause : null
2024-07-16 15:41:55,554 [WARN] PackLoader:240 - Cannot read IP mode file for STMicroelectronics.X-CUBE-SFXS2LP1.4.0.0
2024-07-16 15:41:55,608 [WARN] PackLoader:240 - Cannot read IP mode file for STMicroelectronics.X-CUBE-AZRTOS-H7.3.0.0
2024-07-16 15:41:55,642 [WARN] PackLoader:240 - Cannot read IP mode file for STMicroelectronics.X-CUBE-ISPU.1.1.0
2024-07-16 15:41:55,675 [WARN] PackLoader:240 - Cannot read IP mode file for RoweBots.I-CUBE-UNISONRTOS.5.5.0-4
2024-07-16 15:41:55,701 [WARN] PackLoader:240 - Cannot read IP mode file for STMicroelectronics.X-CUBE-AI.8.0.0
2024-07-16 15:41:55,744 [WARN] ConditionMgr:438 - getConditionDescription Invalid condition id : UX DEVICE CLASS RTOS Condition cause : null
2024-07-16 15:41:55,744 [WARN] ConditionMgr:438 - getConditionDescription Invalid condition id : UX DEVICE CLASS RTOS Condition cause : null
2024-07-16 15:41:55,747 [WARN] PackLoader:240 - Cannot read IP mode file for STMicroelectronics.X-CUBE-AZRTOS-WB.2.0.0
2024-07-16 15:41:55,748 [WARN] ConditionMgr:1039 - genDependencies : Invalid condition id : UX DEVICE CLASS RTOS Condition cause : null
2024-07-16 15:41:55,748 [WARN] ConditionMgr:1039 - genDependencies : Invalid condition id : UX DEVICE CLASS RTOS Condition cause : null
2024-07-16 15:41:55,749 [WARN] ConditionMgr:1039 - genDependencies : Invalid condition id : UX DEVICE CLASS RTOS Condition cause : null
2024-07-16 15:41:55,750 [WARN] ConditionMgr:1039 - genDependencies : Invalid condition id : UX DEVICE CLASS RTOS Condition cause : null
2024-07-16 15:41:55,750 [WARN] ConditionMgr:1039 - genDependencies : Invalid condition id : UX DEVICE CLASS RTOS Condition cause : null
2024-07-16 15:41:55,776 [WARN] PackLoader:240 - Cannot read IP mode file for STMicroelectronics.X-CUBE-FREERTOS.1.0.0
2024-07-16 15:41:55,805 [WARN] PackLoader:240 - Cannot read IP mode file for STMicroelectronics.X-CUBE-FREERTOS.1.0.1
2024-07-16 15:41:55,847 [WARN] PackLoader:240 - Cannot read IP mode file for STMicroelectronics.X-CUBE-AZRTOS-L5.1.1.0
2024-07-16 15:41:55,883 [WARN] PackLoader:240 - Cannot read IP mode file for STMicroelectronics.X-CUBE-AI.8.0.1
2024-07-16 15:41:55,961 [WARN] PackLoader:240 - Cannot read IP mode file for STMicroelectronics.X-CUBE-SUBG2.5.0.0
2024-07-16 15:41:55,999 [WARN] PackLoader:240 - Cannot read IP mode file for Cesanta.I-CUBE-Mongoose.7.13.0
2024-07-16 15:41:56,039 [WARN] PackLoader:240 - Cannot read IP mode file for STMicroelectronics.X-CUBE-TOF1.3.3.1
2024-07-16 15:41:56,090 [WARN] PackLoader:240 - Cannot read IP mode file for STMicroelectronics.X-CUBE-AZRTOS-G4.2.0.0
2024-07-16 15:41:56,136 [WARN] PackLoader:240 - Cannot read IP mode file for STMicroelectronics.X-CUBE-TOF1.3.3.0
2024-07-16 15:41:56,168 [WARN] PackLoader:240 - Cannot read IP mode file for STMicroelectronics.FP-ATR-ASTRA1.1.1.1
2024-07-16 15:41:56,213 [WARN] PackLoader:240 - Cannot read IP mode file for Infineon.AIROC-Wi-Fi-Bluetooth-STM32.1.5.1
2024-07-16 15:41:56,244 [WARN] PackLoader:240 - Cannot read IP mode file for STMicroelectronics.FP-SNS-MOTENVWB1.1.3.0
2024-07-16 15:41:56,273 [WARN] PackLoader:240 - Cannot read IP mode file for STMicroelectronics.FP-SNS-MOTENVWB1.1.3.1
2024-07-16 15:41:56,319 [WARN] PackLoader:240 - Cannot read IP mode file for STMicroelectronics.X-CUBE-AZRTOS-G4.1.0.0
2024-07-16 15:41:56,370 [WARN] PackLoader:240 - Cannot read IP mode file for STMicroelectronics.X-CUBE-AZRTOS-L4.1.0.0
2024-07-16 15:41:56,398 [WARN] PackLoader:240 - Cannot read IP mode file for STMicroelectronics.X-CUBE-ISPU.2.0.0
2024-07-16 15:41:56,425 [WARN] PackLoader:240 - Cannot read IP mode file for STMicroelectronics.X-CUBE-ALS.1.0.2
2024-07-16 15:41:56,501 [WARN] PackLoader:240 - Cannot read IP mode file for STMicroelectronics.X-CUBE-MEMS1.10.0.0
2024-07-16 15:41:56,683 [WARN] PackLoader:240 - Cannot read IP mode file for STMicroelectronics.X-CUBE-FREERTOS.1.1.0
2024-07-16 15:41:56,718 [WARN] PackLoader:240 - Cannot read IP mode file for STMicroelectronics.X-CUBE-TOUCHGFX.4.24.0
2024-07-16 15:41:56,756 [WARN] PackLoader:240 - Cannot read IP mode file for STMicroelectronics.X-CUBE-AZRTOS-WL.1.0.0
2024-07-16 15:41:56,784 [WARN] PackLoader:240 - Cannot read IP mode file for portGmbH.I-Cube-SoM-uGOAL.1.1.0
2024-07-16 15:41:56,812 [WARN] PackLoader:240 - Cannot read IP mode file for STMicroelectronics.X-CUBE-ALS.1.0.1
2024-07-16 15:41:56,851 [WARN] PackLoader:240 - Cannot read IP mode file for STMicroelectronics.X-CUBE-AZRTOS-WB.1.1.0
2024-07-16 15:41:56,899 [WARN] PackLoader:240 - Cannot read IP mode file for STMicroelectronics.X-CUBE-AZRTOS-H7RS.1.0.0
2024-07-16 15:41:56,927 [WARN] PackLoader:240 - Cannot read IP mode file for STMicroelectronics.FP-ATR-ASTRA1.2.0.0
2024-07-16 15:41:56,967 [WARN] PackLoader:240 - Cannot read IP mode file for STMicroelectronics.X-CUBE-TOF1.3.4.0
2024-07-16 15:41:57,016 [WARN] PackLoader:240 - Cannot read IP mode file for STMicroelectronics.X-CUBE-TOF1.3.4.1
2024-07-16 15:41:57,079 [WARN] PackLoader:240 - Cannot read IP mode file for STMicroelectronics.X-CUBE-AZRTOS-H7.3.2.0
2024-07-16 15:41:57,083 [INFO] ThirdParty:978 - Integrity check success = true
2024-07-16 15:41:57,083 [INFO] IntegrityCheckThread:100 - exiting critical section [integrity check]
2024-07-16 15:41:57,083 [INFO] IntegrityCheckThread:103 - End integrity checks thread
