2024-05-28 11:16:17,677 [INFO] Activator:176 - 


2024-05-28 11:16:17,684 [INFO] Activator:177 - !SESSION log4j initialized
2024-05-28 11:16:42,301 [INFO] LogOutputStream:77 - [STDOUT_REDIRECT] 
2024-05-28 11:16:53,864 [INFO] ApplicationProperties:184 - Using Application install path: F:\Program Files\STM32CubeIDE_1.13.2\STM32CubeIDE\plugins\com.st.stm32cube.common.mx_6.9.2.202309101412
2024-05-28 11:16:53,924 [INFO] DbMcusXml:78 - Set database path to: F:\Program Files\STM32CubeIDE_1.13.2\STM32CubeIDE\plugins\com.st.stm32cube.common.mx_6.9.2.202309101412\\db\/mcu/
2024-05-28 11:16:53,926 [INFO] ApiDb:274 - Set plugin database path to: F:\Program Files\STM32CubeIDE_1.13.2\STM32CubeIDE\plugins\com.st.stm32cube.common.mx_6.9.2.202309101412\\db\/plugins/boardmanager/
2024-05-28 11:16:53,927 [WARN] ApiDb:259 - Overriding images path with different value:  => F:\Program Files\STM32CubeIDE_1.13.2\STM32CubeIDE\plugins\com.st.stm32cube.common.mx_6.9.2.202309101412\\db\/plugins/mcufinder/images/
2024-05-28 11:16:54,237 [INFO] ApiDb:250 - Set database path to: C:\Users\PC\.stmcufinder\plugins\mcufinder//mcu/
2024-05-28 11:16:54,242 [INFO] DbMcusAds:125 - Set database path to: C:\Users\PC\.stmcufinder\plugins\mcufinder//mcu/
2024-05-28 11:16:54,273 [INFO] CrossReferenceDbSqlite:203 - Set database path to: C:\Users\PC\.stmcufinder\plugins\mcufinder//mcu/cs/
2024-05-28 11:16:54,618 [INFO] RulesReader:64 - Compatibility file has been processed (293 Rules)
2024-05-28 11:16:55,013 [INFO] DbMcusXml:78 - Set database path to: F:\Program Files\STM32CubeIDE_1.13.2\STM32CubeIDE\plugins\com.st.stm32cube.common.mx_6.9.2.202309101412\\db\/mcu/
2024-05-28 11:16:55,013 [INFO] ApiDb:274 - Set plugin database path to: F:\Program Files\STM32CubeIDE_1.13.2\STM32CubeIDE\plugins\com.st.stm32cube.common.mx_6.9.2.202309101412\\db\/plugins/boardmanager/
2024-05-28 11:16:55,013 [INFO] ApiDb:261 - Set plugin images path to: F:\Program Files\STM32CubeIDE_1.13.2\STM32CubeIDE\plugins\com.st.stm32cube.common.mx_6.9.2.202309101412\\db\/plugins/mcufinder/images/
2024-05-28 11:16:55,014 [WARN] DbFile:41 - Overriding database path with different value: C:\Users\PC\.stmcufinder\plugins\mcufinder/ => C:\Users\PC\.stmcufinder\plugins\mcufinder
2024-05-28 11:16:55,014 [INFO] ApiDb:250 - Set database path to: C:\Users\PC\.stmcufinder\plugins\mcufinder//mcu/
2024-05-28 11:16:55,014 [WARN] DbFile:41 - Overriding database path with different value: C:\Users\PC\.stmcufinder\plugins\mcufinder/ => C:\Users\PC\.stmcufinder\plugins\mcufinder
2024-05-28 11:16:55,014 [INFO] DbMcusAds:125 - Set database path to: C:\Users\PC\.stmcufinder\plugins\mcufinder//mcu/
2024-05-28 11:16:55,014 [WARN] DbFile:41 - Overriding database path with different value: C:\Users\PC\.stmcufinder\plugins\mcufinder/ => C:\Users\PC\.stmcufinder\plugins\mcufinder
2024-05-28 11:16:55,015 [WARN] DbFile:41 - Overriding database path with different value: C:\Users\PC\.stmcufinder\plugins\mcufinder/ => C:\Users\PC\.stmcufinder\plugins\mcufinder
2024-05-28 11:16:55,015 [INFO] CrossReferenceDbSqlite:203 - Set database path to: C:\Users\PC\.stmcufinder\plugins\mcufinder//mcu/cs/
2024-05-28 11:16:55,304 [INFO] MainPanel:262 - HeapMemory: 293601280
2024-05-28 11:16:56,128 [INFO] DbMcusXml:78 - Set database path to: F:\Program Files\STM32CubeIDE_1.13.2\STM32CubeIDE\plugins\com.st.stm32cube.common.mx_6.9.2.202309101412\\db\/mcu/
2024-05-28 11:16:56,128 [INFO] ApiDb:274 - Set plugin database path to: F:\Program Files\STM32CubeIDE_1.13.2\STM32CubeIDE\plugins\com.st.stm32cube.common.mx_6.9.2.202309101412\\db\/plugins/boardmanager/
2024-05-28 11:16:56,128 [INFO] ApiDb:261 - Set plugin images path to: F:\Program Files\STM32CubeIDE_1.13.2\STM32CubeIDE\plugins\com.st.stm32cube.common.mx_6.9.2.202309101412\\db\/plugins/mcufinder/images/
2024-05-28 11:16:56,129 [WARN] DbFile:41 - Overriding database path with different value: C:\Users\PC\.stmcufinder\plugins\mcufinder/ => C:\Users\PC\.stmcufinder\plugins\mcufinder
2024-05-28 11:16:56,130 [INFO] ApiDb:250 - Set database path to: C:\Users\PC\.stmcufinder\plugins\mcufinder//mcu/
2024-05-28 11:16:56,130 [WARN] DbFile:41 - Overriding database path with different value: C:\Users\PC\.stmcufinder\plugins\mcufinder/ => C:\Users\PC\.stmcufinder\plugins\mcufinder
2024-05-28 11:16:56,130 [INFO] DbMcusAds:125 - Set database path to: C:\Users\PC\.stmcufinder\plugins\mcufinder//mcu/
2024-05-28 11:16:56,130 [WARN] DbFile:41 - Overriding database path with different value: C:\Users\PC\.stmcufinder\plugins\mcufinder/ => C:\Users\PC\.stmcufinder\plugins\mcufinder
2024-05-28 11:16:56,130 [WARN] DbFile:41 - Overriding database path with different value: C:\Users\PC\.stmcufinder\plugins\mcufinder/ => C:\Users\PC\.stmcufinder\plugins\mcufinder
2024-05-28 11:16:56,130 [INFO] CrossReferenceDbSqlite:203 - Set database path to: C:\Users\PC\.stmcufinder\plugins\mcufinder//mcu/cs/
2024-05-28 11:16:56,182 [INFO] ApplicationProperties:184 - Using Application install path: F:\Program Files\STM32CubeIDE_1.13.2\STM32CubeIDE\plugins\com.st.stm32cube.common.mx_6.9.2.202309101412
2024-05-28 11:16:56,184 [INFO] PluginManage:196 - Search for loadable plugins [exclusion list=, ]
2024-05-28 11:16:56,186 [INFO] PluginManage:310 - Check plugin analytics
2024-05-28 11:17:01,062 [INFO] AnalyticsPlugin:253 - Accepted Software Licenses: 
2024-05-28 11:17:01,063 [INFO] AnalyticsPlugin:255 - Accepted CMSIS Pack Licenses: 
2024-05-28 11:17:01,063 [INFO] AnalyticsPlugin:257 - Accepted Firmware Licenses: 
2024-05-28 11:17:01,068 [INFO] PluginManage:359 - Loaded plugin analytics (category:tool,tabindex:-1)
2024-05-28 11:17:01,068 [INFO] PluginManage:310 - Check plugin cadmodel
2024-05-28 11:17:01,109 [INFO] CADModel:105 - Init CAD model plugin
2024-05-28 11:17:01,109 [INFO] PluginManage:359 - Loaded plugin cadmodel (category:power,tabindex:5)
2024-05-28 11:17:01,110 [INFO] PluginManage:310 - Check plugin clock
2024-05-28 11:17:01,178 [INFO] PluginManage:359 - Loaded plugin clock (category:base,tabindex:2)
2024-05-28 11:17:01,179 [INFO] PluginManage:310 - Check plugin ddr
2024-05-28 11:17:01,193 [INFO] PluginManage:359 - Loaded plugin ddr (category:tool,tabindex:6)
2024-05-28 11:17:01,194 [INFO] PluginManage:310 - Check plugin filemanager
2024-05-28 11:17:01,653 [INFO] PluginManage:359 - Loaded plugin filemanager (category:base,tabindex:10)
2024-05-28 11:17:01,654 [INFO] PluginManage:310 - Check plugin ipmanager
2024-05-28 11:17:01,671 [INFO] PluginManage:359 - Loaded plugin ipmanager (category:base,tabindex:5)
2024-05-28 11:17:01,672 [INFO] PluginManage:310 - Check plugin lpbam
2024-05-28 11:17:01,731 [INFO] PluginManage:359 - Loaded plugin lpbam (category:base,tabindex:0)
2024-05-28 11:17:01,731 [INFO] PluginManage:310 - Check plugin memorymap
2024-05-28 11:17:01,795 [INFO] PluginManage:359 - Loaded plugin memorymap (category:base,tabindex:4)
2024-05-28 11:17:01,795 [INFO] PluginManage:310 - Check plugin pinoutandconfiguration
2024-05-28 11:17:01,811 [INFO] PluginManage:359 - Loaded plugin pinoutandconfiguration (category:base,tabindex:1)
2024-05-28 11:17:01,811 [INFO] PluginManage:310 - Check plugin pinoutconfig
2024-05-28 11:17:02,036 [WARN] SupportedApi:132 - Cannot load RTOS API schema: s4s-elt-must-match.1: The content of 'definitions' must match (annotation?, (simpleType | complexType)?, (unique | key | keyref)*)). A problem was found starting at: attribute.
2024-05-28 11:17:02,362 [INFO] PluginManage:359 - Loaded plugin pinoutconfig (category:base,tabindex:0)
2024-05-28 11:17:02,362 [INFO] PluginManage:310 - Check plugin power
2024-05-28 11:17:02,424 [INFO] PluginManage:359 - Loaded plugin power (category:power,tabindex:4)
2024-05-28 11:17:02,424 [INFO] PluginManage:310 - Check plugin projectmanager
2024-05-28 11:17:02,467 [INFO] PluginManage:359 - Loaded plugin projectmanager (category:projectmanager,tabindex:3)
2024-05-28 11:17:02,467 [INFO] PluginManage:310 - Check plugin thirdparty
2024-05-28 11:17:03,016 [INFO] PluginManage:359 - Loaded plugin thirdparty (category:base,tabindex:-1)
2024-05-28 11:17:03,016 [INFO] PluginManage:310 - Check plugin tools
2024-05-28 11:17:03,016 [WARN] IntegrityCheckThread:84 - waiting for thirdparty lock release [integrity check]
2024-05-28 11:17:03,017 [INFO] IntegrityCheckThread:86 - entering critical section [integrity check]
2024-05-28 11:17:03,018 [INFO] ThirdPartyUpdaterWithRetryManager:70 - Updater plugin not ready yet. [1/15]
2024-05-28 11:17:03,027 [INFO] PluginManage:359 - Loaded plugin tools (category:base,tabindex:7)
2024-05-28 11:17:03,027 [INFO] PluginManage:310 - Check plugin tutovideos
2024-05-28 11:17:03,487 [INFO] PluginManage:359 - Loaded plugin tutovideos (category:base,tabindex:-1)
2024-05-28 11:17:03,487 [INFO] PluginManage:310 - Check plugin updater
2024-05-28 11:17:03,527 [INFO] PluginManage:359 - Loaded plugin updater (category:base,tabindex:12)
2024-05-28 11:17:03,527 [INFO] PluginManage:310 - Check plugin userauth
2024-05-28 11:17:03,572 [INFO] UserAuth:113 - Init User Auth plugin
2024-05-28 11:17:03,572 [INFO] PluginManage:359 - Loaded plugin userauth (category:base,tabindex:14)
2024-05-28 11:17:03,573 [INFO] PluginManage:283 - PluginManage : Loaded plugins [17]
2024-05-28 11:17:04,317 [INFO] PinOutPanel:1499 - setPackage(No Configuration,No Configuration)
2024-05-28 11:17:04,768 [INFO] CADModel:165 - CPN selected for project level
2024-05-28 11:17:04,769 [INFO] CADModel:114 - Register for checkConnection events
2024-05-28 11:17:04,842 [INFO] IPUIPlugin:80 - create IPUIPlugin
2024-05-28 11:17:04,842 [INFO] PluginManager:220 - loadIPPluginJar : add adc
2024-05-28 11:17:04,861 [INFO] IPUIPlugin:80 - create IPUIPlugin
2024-05-28 11:17:04,861 [INFO] PluginManager:220 - loadIPPluginJar : add aes
2024-05-28 11:17:04,883 [INFO] IPUIPlugin:80 - create IPUIPlugin
2024-05-28 11:17:04,883 [INFO] PluginManager:220 - loadIPPluginJar : add can
2024-05-28 11:17:04,901 [INFO] IPUIPlugin:80 - create IPUIPlugin
2024-05-28 11:17:04,901 [INFO] PluginManager:220 - loadIPPluginJar : add comp
2024-05-28 11:17:05,004 [INFO] IPUIPlugin:80 - create IPUIPlugin
2024-05-28 11:17:05,004 [INFO] PluginManager:220 - loadIPPluginJar : add cryp
2024-05-28 11:17:05,029 [INFO] IPUIPlugin:80 - create IPUIPlugin
2024-05-28 11:17:05,030 [INFO] PluginManager:220 - loadIPPluginJar : add dfsdm
2024-05-28 11:17:05,055 [INFO] IPUIPlugin:80 - create IPUIPlugin
2024-05-28 11:17:05,056 [INFO] PluginManager:220 - loadIPPluginJar : add dma
2024-05-28 11:17:05,069 [INFO] IPUIPlugin:80 - create IPUIPlugin
2024-05-28 11:17:05,069 [INFO] PluginManager:220 - loadIPPluginJar : add dma3
2024-05-28 11:17:05,080 [INFO] IPUIPlugin:80 - create IPUIPlugin
2024-05-28 11:17:05,081 [INFO] PluginManager:220 - loadIPPluginJar : add fatfs
2024-05-28 11:17:05,097 [INFO] IPUIPlugin:80 - create IPUIPlugin
2024-05-28 11:17:05,098 [INFO] PluginManager:220 - loadIPPluginJar : add fmc
2024-05-28 11:17:05,124 [INFO] IPUIPlugin:80 - create IPUIPlugin
2024-05-28 11:17:05,125 [INFO] PluginManager:220 - loadIPPluginJar : add freertos
2024-05-28 11:17:05,142 [INFO] IPUIPlugin:80 - create IPUIPlugin
2024-05-28 11:17:05,142 [INFO] PluginManager:220 - loadIPPluginJar : add genericplugin
2024-05-28 11:17:05,163 [INFO] IPUIPlugin:80 - create IPUIPlugin
2024-05-28 11:17:05,163 [INFO] PluginManager:220 - loadIPPluginJar : add gfxmmu
2024-05-28 11:17:05,179 [INFO] IPUIPlugin:80 - create IPUIPlugin
2024-05-28 11:17:05,180 [INFO] PluginManager:220 - loadIPPluginJar : add gic
2024-05-28 11:17:05,201 [INFO] IPUIPlugin:80 - create IPUIPlugin
2024-05-28 11:17:05,202 [INFO] PluginManager:220 - loadIPPluginJar : add gpio
2024-05-28 11:17:05,218 [INFO] IPUIPlugin:80 - create IPUIPlugin
2024-05-28 11:17:05,218 [INFO] PluginManager:220 - loadIPPluginJar : add gtzc
2024-05-28 11:17:05,230 [INFO] IPUIPlugin:80 - create IPUIPlugin
2024-05-28 11:17:05,230 [INFO] PluginManager:220 - loadIPPluginJar : add hash
2024-05-28 11:17:05,248 [INFO] IPUIPlugin:80 - create IPUIPlugin
2024-05-28 11:17:05,248 [INFO] PluginManager:220 - loadIPPluginJar : add i2c
2024-05-28 11:17:05,262 [INFO] IPUIPlugin:80 - create IPUIPlugin
2024-05-28 11:17:05,262 [INFO] PluginManager:220 - loadIPPluginJar : add i2s
2024-05-28 11:17:05,278 [INFO] IPUIPlugin:80 - create IPUIPlugin
2024-05-28 11:17:05,278 [INFO] PluginManager:220 - loadIPPluginJar : add i3c
2024-05-28 11:17:05,298 [INFO] IPUIPlugin:80 - create IPUIPlugin
2024-05-28 11:17:05,298 [INFO] PluginManager:220 - loadIPPluginJar : add ipddr
2024-05-28 11:17:05,329 [INFO] IPUIPlugin:80 - create IPUIPlugin
2024-05-28 11:17:05,329 [INFO] PluginManager:220 - loadIPPluginJar : add linkedlist
2024-05-28 11:17:05,347 [INFO] IPUIPlugin:80 - create IPUIPlugin
2024-05-28 11:17:05,348 [INFO] PluginManager:220 - loadIPPluginJar : add lorawan
2024-05-28 11:17:05,375 [INFO] IPUIPlugin:80 - create IPUIPlugin
2024-05-28 11:17:05,376 [INFO] PluginManager:220 - loadIPPluginJar : add ltdc
2024-05-28 11:17:05,405 [INFO] IPUIPlugin:80 - create IPUIPlugin
2024-05-28 11:17:05,405 [INFO] PluginManager:220 - loadIPPluginJar : add mdma
2024-05-28 11:17:05,411 [INFO] IPUIPlugin:80 - create IPUIPlugin
2024-05-28 11:17:05,411 [INFO] PluginManager:220 - loadIPPluginJar : add nvic
2024-05-28 11:17:05,431 [INFO] IPUIPlugin:80 - create IPUIPlugin
2024-05-28 11:17:05,431 [INFO] PluginManager:220 - loadIPPluginJar : add opamp
2024-05-28 11:17:05,439 [INFO] IPUIPlugin:80 - create IPUIPlugin
2024-05-28 11:17:05,440 [INFO] PluginManager:220 - loadIPPluginJar : add openamp
2024-05-28 11:17:05,452 [INFO] IPUIPlugin:80 - create IPUIPlugin
2024-05-28 11:17:05,452 [INFO] PluginManager:220 - loadIPPluginJar : add pdm2pcm
2024-05-28 11:17:05,462 [INFO] IPUIPlugin:80 - create IPUIPlugin
2024-05-28 11:17:05,465 [INFO] PluginManager:220 - loadIPPluginJar : add plateformsettings
2024-05-28 11:17:05,477 [INFO] IPUIPlugin:80 - create IPUIPlugin
2024-05-28 11:17:05,477 [INFO] PluginManager:220 - loadIPPluginJar : add quadspi
2024-05-28 11:17:05,484 [INFO] IPUIPlugin:80 - create IPUIPlugin
2024-05-28 11:17:05,485 [INFO] PluginManager:220 - loadIPPluginJar : add resmgrutility
2024-05-28 11:17:05,494 [INFO] IPUIPlugin:80 - create IPUIPlugin
2024-05-28 11:17:05,494 [INFO] PluginManager:220 - loadIPPluginJar : add sai
2024-05-28 11:17:05,505 [INFO] IPUIPlugin:80 - create IPUIPlugin
2024-05-28 11:17:05,505 [INFO] PluginManager:220 - loadIPPluginJar : add spi
2024-05-28 11:17:05,517 [INFO] IPUIPlugin:80 - create IPUIPlugin
2024-05-28 11:17:05,517 [INFO] PluginManager:220 - loadIPPluginJar : add stm32_wpan
2024-05-28 11:17:05,531 [INFO] IPUIPlugin:80 - create IPUIPlugin
2024-05-28 11:17:05,531 [INFO] PluginManager:220 - loadIPPluginJar : add tim
2024-05-28 11:17:05,550 [INFO] IPUIPlugin:80 - create IPUIPlugin
2024-05-28 11:17:05,551 [INFO] PluginManager:220 - loadIPPluginJar : add touchsensing
2024-05-28 11:17:05,563 [INFO] IPUIPlugin:80 - create IPUIPlugin
2024-05-28 11:17:05,563 [INFO] PluginManager:220 - loadIPPluginJar : add tracer_emb
2024-05-28 11:17:05,580 [INFO] IPUIPlugin:80 - create IPUIPlugin
2024-05-28 11:17:05,580 [INFO] PluginManager:220 - loadIPPluginJar : add ts
2024-05-28 11:17:05,583 [INFO] IPUIPlugin:80 - create IPUIPlugin
2024-05-28 11:17:05,583 [INFO] PluginManager:220 - loadIPPluginJar : add tsc
2024-05-28 11:17:05,586 [INFO] IPUIPlugin:80 - create IPUIPlugin
2024-05-28 11:17:05,586 [INFO] PluginManager:220 - loadIPPluginJar : add ucpd
2024-05-28 11:17:05,604 [INFO] IPUIPlugin:80 - create IPUIPlugin
2024-05-28 11:17:05,604 [INFO] PluginManager:220 - loadIPPluginJar : add usart
2024-05-28 11:17:05,609 [INFO] IPUIPlugin:80 - create IPUIPlugin
2024-05-28 11:17:05,609 [INFO] PluginManager:220 - loadIPPluginJar : add usbx
2024-05-28 11:17:05,766 [INFO] CADModel:165 - CPN selected for project level
2024-05-28 11:17:05,766 [INFO] CADModel:114 - Register for checkConnection events
2024-05-28 11:17:05,767 [FATAL] Updater:308 - Updater called before beeing initialized
2024-05-28 11:17:05,767 [ERROR] CADModel:125 - Updater not yet initialized, retry later 
2024-05-28 11:17:06,020 [INFO] ThirdPartyUpdaterWithRetryManager:70 - Updater plugin not ready yet. [2/15]
2024-05-28 11:17:06,447 [INFO] CADModel:165 - CPN selected for project level
2024-05-28 11:17:06,447 [INFO] CADModel:114 - Register for checkConnection events
2024-05-28 11:17:06,448 [FATAL] Updater:308 - Updater called before beeing initialized
2024-05-28 11:17:06,448 [ERROR] CADModel:125 - Updater not yet initialized, retry later 
2024-05-28 11:17:06,473 [FATAL] Updater:308 - Updater called before beeing initialized
2024-05-28 11:17:06,741 [FATAL] Updater:308 - Updater called before beeing initialized
2024-05-28 11:17:06,759 [INFO] DbMcusAds:53 - JSON generation date=Wed Nov 29 05:52:27 PET 2023 (1701255147349)
2024-05-28 11:17:06,759 [FATAL] Updater:308 - Updater called before beeing initialized
2024-05-28 11:17:06,902 [WARN] DetailPanel:346 - Failed to get advertising image, set to default
2024-05-28 11:17:07,109 [FATAL] Updater:308 - Updater called before beeing initialized
2024-05-28 11:17:07,112 [FATAL] Updater:308 - Updater called before beeing initialized
2024-05-28 11:17:07,112 [FATAL] Updater:308 - Updater called before beeing initialized
2024-05-28 11:17:07,112 [WARN] DetailPanel:346 - Failed to get advertising image, set to default
2024-05-28 11:17:07,114 [FATAL] Updater:308 - Updater called before beeing initialized
2024-05-28 11:17:07,357 [ERROR] Updater:1120 - MainUpdater not yet initialized. External WinMGr cannot be set.
2024-05-28 11:17:07,385 [INFO] Updater:1056 - Updater Version found : 6.9.2
2024-05-28 11:17:07,421 [INFO] ApplicationProperties:184 - Using Application install path: F:\Program Files\STM32CubeIDE_1.13.2\STM32CubeIDE\plugins\com.st.stm32cube.common.mx_6.9.2.202309101412
2024-05-28 11:17:09,022 [FATAL] Updater:308 - Updater called before beeing initialized
2024-05-28 11:17:09,024 [ERROR] IntegrityCheckThread:130 - Cannot retrieve database content from updater: error 21
2024-05-28 11:17:09,025 [INFO] ThirdParty:978 - Integrity check success = false
2024-05-28 11:17:09,025 [INFO] IntegrityCheckThread:100 - exiting critical section [integrity check]
2024-05-28 11:17:09,026 [INFO] IntegrityCheckThread:103 - End integrity checks thread
2024-05-28 11:17:11,210 [INFO] MainUpdater:2868 - connection check result : 10
2024-05-28 11:17:11,211 [INFO] MainUpdater:3562 - Updater definition file requires update
2024-05-28 11:17:11,215 [INFO] MainUpdater:285 - Updater Check For Update Now.
2024-05-28 11:17:11,216 [INFO] MicroXplorer:498 - Change Database Version : DB.6.0.92
2024-05-28 11:17:11,290 [INFO] McuFinderGlobals:63 - Set McuFinder mode to 2 (CubeIDE integrated)
2024-05-28 11:17:13,290 [INFO] ServerAccessManage:473 - Download File updaters.zip
2024-05-28 11:17:13,541 [INFO] FileExtend:240 - Unzip File : updaters.zip
2024-05-28 11:17:13,542 [INFO] FileExtend:255 - Standard Zip Deflate
2024-05-28 11:17:15,154 [ERROR] LogOutputStream:75 - [STDERR_REDIRECT] May 28, 2024 11:17:15 AM org.glassfish.grizzly.http.server.NetworkListener start
2024-05-28 11:17:15,156 [ERROR] LogOutputStream:75 - [STDERR_REDIRECT] INFO: Started listener bound to [localhost:1595]
2024-05-28 11:17:15,156 [ERROR] LogOutputStream:75 - [STDERR_REDIRECT] 
2024-05-28 11:17:15,159 [ERROR] LogOutputStream:75 - [STDERR_REDIRECT] May 28, 2024 11:17:15 AM org.glassfish.grizzly.http.server.HttpServer start
2024-05-28 11:17:15,160 [ERROR] LogOutputStream:75 - [STDERR_REDIRECT] INFO: [HttpServer] Started.
2024-05-28 11:17:15,160 [ERROR] LogOutputStream:75 - [STDERR_REDIRECT] 
2024-05-28 11:17:16,630 [INFO] ServerAccessManage:473 - Download File PacksControlFlags.xml
2024-05-28 11:17:18,174 [INFO] ServerAccessManage:473 - Download File cubemx.pidx
2024-05-28 11:17:20,707 [INFO] ServerAccessManage:473 - Download File STMicroelectronics.X-CUBE-ALS.pdsc
2024-05-28 11:17:26,065 [WARN] PackLoader:240 - Cannot read IP mode file for STMicroelectronics.X-CUBE-ALS.1.0.2
2024-05-28 11:17:26,069 [INFO] PopulateThirdPartyThread:66 - Ending populate Thread
2024-05-28 11:17:26,070 [INFO] ThirdParty:1030 - CMSIS Pack Vendor :STMicroelectronics X-CUBE-ALS 1.0.2
2024-05-28 11:17:26,070 [INFO] LoadServerUpdatesThread:373 - End of LoadServerUpdate Thread
2024-05-28 11:17:26,265 [INFO] CheckServerUpdateThread:120 - End of CheckServer Thread
