2024-09-04 10:20:13,985 [INFO] Activator:176 - 


2024-09-04 10:20:13,992 [INFO] Activator:177 - !SESSION log4j initialized
2024-09-04 10:20:35,759 [INFO] LogOutputStream:77 - [STDOUT_REDIRECT] 
2024-09-04 10:20:48,128 [INFO] ApplicationProperties:184 - Using Application install path: F:\Program Files\STM32CubeIDE_1.13.2\STM32CubeIDE\plugins\com.st.stm32cube.common.mx_6.9.2.202309101412
2024-09-04 10:20:48,178 [INFO] DbMcusXml:78 - Set database path to: F:\Program Files\STM32CubeIDE_1.13.2\STM32CubeIDE\plugins\com.st.stm32cube.common.mx_6.9.2.202309101412\\db\/mcu/
2024-09-04 10:20:48,179 [INFO] ApiDb:274 - Set plugin database path to: F:\Program Files\STM32CubeIDE_1.13.2\STM32CubeIDE\plugins\com.st.stm32cube.common.mx_6.9.2.202309101412\\db\/plugins/boardmanager/
2024-09-04 10:20:48,218 [WARN] ApiDb:259 - Overriding images path with different value:  => F:\Program Files\STM32CubeIDE_1.13.2\STM32CubeIDE\plugins\com.st.stm32cube.common.mx_6.9.2.202309101412\\db\/plugins/mcufinder/images/
2024-09-04 10:20:48,414 [INFO] ApiDb:250 - Set database path to: C:\Users\PC\.stmcufinder\plugins\mcufinder//mcu/
2024-09-04 10:20:48,416 [INFO] DbMcusAds:125 - Set database path to: C:\Users\PC\.stmcufinder\plugins\mcufinder//mcu/
2024-09-04 10:20:48,425 [INFO] CrossReferenceDbSqlite:203 - Set database path to: C:\Users\PC\.stmcufinder\plugins\mcufinder//mcu/cs/
2024-09-04 10:20:48,901 [INFO] RulesReader:64 - Compatibility file has been processed (293 Rules)
2024-09-04 10:20:49,194 [INFO] DbMcusXml:78 - Set database path to: F:\Program Files\STM32CubeIDE_1.13.2\STM32CubeIDE\plugins\com.st.stm32cube.common.mx_6.9.2.202309101412\\db\/mcu/
2024-09-04 10:20:49,194 [INFO] ApiDb:274 - Set plugin database path to: F:\Program Files\STM32CubeIDE_1.13.2\STM32CubeIDE\plugins\com.st.stm32cube.common.mx_6.9.2.202309101412\\db\/plugins/boardmanager/
2024-09-04 10:20:49,194 [INFO] ApiDb:261 - Set plugin images path to: F:\Program Files\STM32CubeIDE_1.13.2\STM32CubeIDE\plugins\com.st.stm32cube.common.mx_6.9.2.202309101412\\db\/plugins/mcufinder/images/
2024-09-04 10:20:49,194 [WARN] DbFile:41 - Overriding database path with different value: C:\Users\PC\.stmcufinder\plugins\mcufinder/ => C:\Users\PC\.stmcufinder\plugins\mcufinder
2024-09-04 10:20:49,195 [INFO] ApiDb:250 - Set database path to: C:\Users\PC\.stmcufinder\plugins\mcufinder//mcu/
2024-09-04 10:20:49,195 [WARN] DbFile:41 - Overriding database path with different value: C:\Users\PC\.stmcufinder\plugins\mcufinder/ => C:\Users\PC\.stmcufinder\plugins\mcufinder
2024-09-04 10:20:49,195 [INFO] DbMcusAds:125 - Set database path to: C:\Users\PC\.stmcufinder\plugins\mcufinder//mcu/
2024-09-04 10:20:49,195 [WARN] DbFile:41 - Overriding database path with different value: C:\Users\PC\.stmcufinder\plugins\mcufinder/ => C:\Users\PC\.stmcufinder\plugins\mcufinder
2024-09-04 10:20:49,195 [WARN] DbFile:41 - Overriding database path with different value: C:\Users\PC\.stmcufinder\plugins\mcufinder/ => C:\Users\PC\.stmcufinder\plugins\mcufinder
2024-09-04 10:20:49,195 [INFO] CrossReferenceDbSqlite:203 - Set database path to: C:\Users\PC\.stmcufinder\plugins\mcufinder//mcu/cs/
2024-09-04 10:20:49,758 [INFO] MainPanel:262 - HeapMemory: 300941312
2024-09-04 10:20:50,151 [INFO] DbMcusXml:78 - Set database path to: F:\Program Files\STM32CubeIDE_1.13.2\STM32CubeIDE\plugins\com.st.stm32cube.common.mx_6.9.2.202309101412\\db\/mcu/
2024-09-04 10:20:50,151 [INFO] ApiDb:274 - Set plugin database path to: F:\Program Files\STM32CubeIDE_1.13.2\STM32CubeIDE\plugins\com.st.stm32cube.common.mx_6.9.2.202309101412\\db\/plugins/boardmanager/
2024-09-04 10:20:50,151 [INFO] ApiDb:261 - Set plugin images path to: F:\Program Files\STM32CubeIDE_1.13.2\STM32CubeIDE\plugins\com.st.stm32cube.common.mx_6.9.2.202309101412\\db\/plugins/mcufinder/images/
2024-09-04 10:20:50,194 [WARN] DbFile:41 - Overriding database path with different value: C:\Users\PC\.stmcufinder\plugins\mcufinder/ => C:\Users\PC\.stmcufinder\plugins\mcufinder
2024-09-04 10:20:50,194 [INFO] ApiDb:250 - Set database path to: C:\Users\PC\.stmcufinder\plugins\mcufinder//mcu/
2024-09-04 10:20:50,194 [WARN] DbFile:41 - Overriding database path with different value: C:\Users\PC\.stmcufinder\plugins\mcufinder/ => C:\Users\PC\.stmcufinder\plugins\mcufinder
2024-09-04 10:20:50,194 [INFO] DbMcusAds:125 - Set database path to: C:\Users\PC\.stmcufinder\plugins\mcufinder//mcu/
2024-09-04 10:20:50,195 [WARN] DbFile:41 - Overriding database path with different value: C:\Users\PC\.stmcufinder\plugins\mcufinder/ => C:\Users\PC\.stmcufinder\plugins\mcufinder
2024-09-04 10:20:50,195 [WARN] DbFile:41 - Overriding database path with different value: C:\Users\PC\.stmcufinder\plugins\mcufinder/ => C:\Users\PC\.stmcufinder\plugins\mcufinder
2024-09-04 10:20:50,195 [INFO] CrossReferenceDbSqlite:203 - Set database path to: C:\Users\PC\.stmcufinder\plugins\mcufinder//mcu/cs/
2024-09-04 10:20:50,279 [INFO] ApplicationProperties:184 - Using Application install path: F:\Program Files\STM32CubeIDE_1.13.2\STM32CubeIDE\plugins\com.st.stm32cube.common.mx_6.9.2.202309101412
2024-09-04 10:20:50,281 [INFO] PluginManage:196 - Search for loadable plugins [exclusion list=, ]
2024-09-04 10:20:50,326 [INFO] PluginManage:310 - Check plugin analytics
2024-09-04 10:20:55,376 [INFO] AnalyticsPlugin:253 - Accepted Software Licenses: 
2024-09-04 10:20:55,377 [INFO] AnalyticsPlugin:255 - Accepted CMSIS Pack Licenses: 
2024-09-04 10:20:55,377 [INFO] AnalyticsPlugin:257 - Accepted Firmware Licenses: 
2024-09-04 10:20:55,384 [INFO] PluginManage:359 - Loaded plugin analytics (category:tool,tabindex:-1)
2024-09-04 10:20:55,385 [INFO] PluginManage:310 - Check plugin cadmodel
2024-09-04 10:20:55,467 [INFO] CADModel:105 - Init CAD model plugin
2024-09-04 10:20:55,468 [INFO] PluginManage:359 - Loaded plugin cadmodel (category:power,tabindex:5)
2024-09-04 10:20:55,468 [INFO] PluginManage:310 - Check plugin clock
2024-09-04 10:20:55,590 [INFO] PluginManage:359 - Loaded plugin clock (category:base,tabindex:2)
2024-09-04 10:20:55,590 [INFO] PluginManage:310 - Check plugin ddr
2024-09-04 10:20:55,633 [INFO] PluginManage:359 - Loaded plugin ddr (category:tool,tabindex:6)
2024-09-04 10:20:55,633 [INFO] PluginManage:310 - Check plugin filemanager
2024-09-04 10:20:56,156 [INFO] PluginManage:359 - Loaded plugin filemanager (category:base,tabindex:10)
2024-09-04 10:20:56,156 [INFO] PluginManage:310 - Check plugin ipmanager
2024-09-04 10:20:56,208 [INFO] PluginManage:359 - Loaded plugin ipmanager (category:base,tabindex:5)
2024-09-04 10:20:56,208 [INFO] PluginManage:310 - Check plugin lpbam
2024-09-04 10:20:56,239 [INFO] PluginManage:359 - Loaded plugin lpbam (category:base,tabindex:0)
2024-09-04 10:20:56,239 [INFO] PluginManage:310 - Check plugin memorymap
2024-09-04 10:20:56,440 [INFO] PluginManage:359 - Loaded plugin memorymap (category:base,tabindex:4)
2024-09-04 10:20:56,441 [INFO] PluginManage:310 - Check plugin pinoutandconfiguration
2024-09-04 10:20:56,471 [INFO] PluginManage:359 - Loaded plugin pinoutandconfiguration (category:base,tabindex:1)
2024-09-04 10:20:56,472 [INFO] PluginManage:310 - Check plugin pinoutconfig
2024-09-04 10:20:56,724 [WARN] SupportedApi:132 - Cannot load RTOS API schema: s4s-elt-must-match.1: The content of 'definitions' must match (annotation?, (simpleType | complexType)?, (unique | key | keyref)*)). A problem was found starting at: attribute.
2024-09-04 10:20:57,227 [INFO] PluginManage:359 - Loaded plugin pinoutconfig (category:base,tabindex:0)
2024-09-04 10:20:57,227 [INFO] PluginManage:310 - Check plugin power
2024-09-04 10:20:57,312 [INFO] PluginManage:359 - Loaded plugin power (category:power,tabindex:4)
2024-09-04 10:20:57,313 [INFO] PluginManage:310 - Check plugin projectmanager
2024-09-04 10:20:57,383 [INFO] PluginManage:359 - Loaded plugin projectmanager (category:projectmanager,tabindex:3)
2024-09-04 10:20:57,383 [INFO] PluginManage:310 - Check plugin thirdparty
2024-09-04 10:20:58,188 [INFO] PluginManage:359 - Loaded plugin thirdparty (category:base,tabindex:-1)
2024-09-04 10:20:58,188 [WARN] IntegrityCheckThread:84 - waiting for thirdparty lock release [integrity check]
2024-09-04 10:20:58,189 [INFO] PluginManage:310 - Check plugin tools
2024-09-04 10:20:58,189 [INFO] IntegrityCheckThread:86 - entering critical section [integrity check]
2024-09-04 10:20:58,190 [INFO] ThirdPartyUpdaterWithRetryManager:70 - Updater plugin not ready yet. [1/15]
2024-09-04 10:20:58,200 [INFO] PluginManage:359 - Loaded plugin tools (category:base,tabindex:7)
2024-09-04 10:20:58,200 [INFO] PluginManage:310 - Check plugin tutovideos
2024-09-04 10:20:58,997 [INFO] PluginManage:359 - Loaded plugin tutovideos (category:base,tabindex:-1)
2024-09-04 10:20:58,997 [INFO] PluginManage:310 - Check plugin updater
2024-09-04 10:20:59,125 [INFO] PluginManage:359 - Loaded plugin updater (category:base,tabindex:12)
2024-09-04 10:20:59,126 [INFO] PluginManage:310 - Check plugin userauth
2024-09-04 10:20:59,156 [INFO] UserAuth:113 - Init User Auth plugin
2024-09-04 10:20:59,156 [INFO] PluginManage:359 - Loaded plugin userauth (category:base,tabindex:14)
2024-09-04 10:20:59,156 [INFO] PluginManage:283 - PluginManage : Loaded plugins [17]
2024-09-04 10:21:00,615 [INFO] PinOutPanel:1499 - setPackage(No Configuration,No Configuration)
2024-09-04 10:21:01,072 [INFO] CADModel:165 - CPN selected for project level
2024-09-04 10:21:01,072 [INFO] CADModel:114 - Register for checkConnection events
2024-09-04 10:21:01,192 [INFO] ThirdPartyUpdaterWithRetryManager:70 - Updater plugin not ready yet. [2/15]
2024-09-04 10:21:01,215 [INFO] IPUIPlugin:80 - create IPUIPlugin
2024-09-04 10:21:01,215 [INFO] PluginManager:220 - loadIPPluginJar : add adc
2024-09-04 10:21:01,234 [INFO] IPUIPlugin:80 - create IPUIPlugin
2024-09-04 10:21:01,235 [INFO] PluginManager:220 - loadIPPluginJar : add aes
2024-09-04 10:21:01,282 [INFO] IPUIPlugin:80 - create IPUIPlugin
2024-09-04 10:21:01,282 [INFO] PluginManager:220 - loadIPPluginJar : add can
2024-09-04 10:21:01,299 [INFO] IPUIPlugin:80 - create IPUIPlugin
2024-09-04 10:21:01,299 [INFO] PluginManager:220 - loadIPPluginJar : add comp
2024-09-04 10:21:01,315 [INFO] IPUIPlugin:80 - create IPUIPlugin
2024-09-04 10:21:01,316 [INFO] PluginManager:220 - loadIPPluginJar : add cryp
2024-09-04 10:21:01,327 [INFO] IPUIPlugin:80 - create IPUIPlugin
2024-09-04 10:21:01,327 [INFO] PluginManager:220 - loadIPPluginJar : add dfsdm
2024-09-04 10:21:01,335 [INFO] IPUIPlugin:80 - create IPUIPlugin
2024-09-04 10:21:01,336 [INFO] PluginManager:220 - loadIPPluginJar : add dma
2024-09-04 10:21:01,350 [INFO] IPUIPlugin:80 - create IPUIPlugin
2024-09-04 10:21:01,351 [INFO] PluginManager:220 - loadIPPluginJar : add dma3
2024-09-04 10:21:01,361 [INFO] IPUIPlugin:80 - create IPUIPlugin
2024-09-04 10:21:01,362 [INFO] PluginManager:220 - loadIPPluginJar : add fatfs
2024-09-04 10:21:01,378 [INFO] IPUIPlugin:80 - create IPUIPlugin
2024-09-04 10:21:01,378 [INFO] PluginManager:220 - loadIPPluginJar : add fmc
2024-09-04 10:21:01,406 [INFO] IPUIPlugin:80 - create IPUIPlugin
2024-09-04 10:21:01,406 [INFO] PluginManager:220 - loadIPPluginJar : add freertos
2024-09-04 10:21:01,423 [INFO] IPUIPlugin:80 - create IPUIPlugin
2024-09-04 10:21:01,423 [INFO] PluginManager:220 - loadIPPluginJar : add genericplugin
2024-09-04 10:21:01,448 [INFO] IPUIPlugin:80 - create IPUIPlugin
2024-09-04 10:21:01,449 [INFO] PluginManager:220 - loadIPPluginJar : add gfxmmu
2024-09-04 10:21:01,484 [INFO] IPUIPlugin:80 - create IPUIPlugin
2024-09-04 10:21:01,485 [INFO] PluginManager:220 - loadIPPluginJar : add gic
2024-09-04 10:21:01,534 [INFO] IPUIPlugin:80 - create IPUIPlugin
2024-09-04 10:21:01,535 [INFO] PluginManager:220 - loadIPPluginJar : add gpio
2024-09-04 10:21:01,583 [INFO] IPUIPlugin:80 - create IPUIPlugin
2024-09-04 10:21:01,583 [INFO] PluginManager:220 - loadIPPluginJar : add gtzc
2024-09-04 10:21:01,595 [INFO] IPUIPlugin:80 - create IPUIPlugin
2024-09-04 10:21:01,595 [INFO] PluginManager:220 - loadIPPluginJar : add hash
2024-09-04 10:21:01,645 [INFO] IPUIPlugin:80 - create IPUIPlugin
2024-09-04 10:21:01,646 [INFO] PluginManager:220 - loadIPPluginJar : add i2c
2024-09-04 10:21:01,650 [INFO] IPUIPlugin:80 - create IPUIPlugin
2024-09-04 10:21:01,650 [INFO] PluginManager:220 - loadIPPluginJar : add i2s
2024-09-04 10:21:01,659 [INFO] IPUIPlugin:80 - create IPUIPlugin
2024-09-04 10:21:01,660 [INFO] PluginManager:220 - loadIPPluginJar : add i3c
2024-09-04 10:21:01,679 [INFO] IPUIPlugin:80 - create IPUIPlugin
2024-09-04 10:21:01,679 [INFO] PluginManager:220 - loadIPPluginJar : add ipddr
2024-09-04 10:21:01,745 [INFO] IPUIPlugin:80 - create IPUIPlugin
2024-09-04 10:21:01,747 [INFO] PluginManager:220 - loadIPPluginJar : add linkedlist
2024-09-04 10:21:01,795 [INFO] IPUIPlugin:80 - create IPUIPlugin
2024-09-04 10:21:01,795 [INFO] PluginManager:220 - loadIPPluginJar : add lorawan
2024-09-04 10:21:01,807 [INFO] IPUIPlugin:80 - create IPUIPlugin
2024-09-04 10:21:01,807 [INFO] PluginManager:220 - loadIPPluginJar : add ltdc
2024-09-04 10:21:01,846 [INFO] IPUIPlugin:80 - create IPUIPlugin
2024-09-04 10:21:01,847 [INFO] PluginManager:220 - loadIPPluginJar : add mdma
2024-09-04 10:21:01,893 [INFO] IPUIPlugin:80 - create IPUIPlugin
2024-09-04 10:21:01,893 [INFO] PluginManager:220 - loadIPPluginJar : add nvic
2024-09-04 10:21:01,913 [INFO] IPUIPlugin:80 - create IPUIPlugin
2024-09-04 10:21:01,913 [INFO] PluginManager:220 - loadIPPluginJar : add opamp
2024-09-04 10:21:01,963 [INFO] IPUIPlugin:80 - create IPUIPlugin
2024-09-04 10:21:01,963 [INFO] PluginManager:220 - loadIPPluginJar : add openamp
2024-09-04 10:21:01,975 [INFO] IPUIPlugin:80 - create IPUIPlugin
2024-09-04 10:21:01,975 [INFO] PluginManager:220 - loadIPPluginJar : add pdm2pcm
2024-09-04 10:21:01,986 [INFO] IPUIPlugin:80 - create IPUIPlugin
2024-09-04 10:21:01,990 [INFO] PluginManager:220 - loadIPPluginJar : add plateformsettings
2024-09-04 10:21:02,023 [INFO] IPUIPlugin:80 - create IPUIPlugin
2024-09-04 10:21:02,023 [INFO] PluginManager:220 - loadIPPluginJar : add quadspi
2024-09-04 10:21:02,031 [INFO] IPUIPlugin:80 - create IPUIPlugin
2024-09-04 10:21:02,031 [INFO] PluginManager:220 - loadIPPluginJar : add resmgrutility
2024-09-04 10:21:02,043 [INFO] IPUIPlugin:80 - create IPUIPlugin
2024-09-04 10:21:02,043 [INFO] PluginManager:220 - loadIPPluginJar : add sai
2024-09-04 10:21:02,305 [INFO] IPUIPlugin:80 - create IPUIPlugin
2024-09-04 10:21:02,305 [INFO] PluginManager:220 - loadIPPluginJar : add spi
2024-09-04 10:21:02,415 [INFO] IPUIPlugin:80 - create IPUIPlugin
2024-09-04 10:21:02,415 [INFO] PluginManager:220 - loadIPPluginJar : add stm32_wpan
2024-09-04 10:21:02,457 [INFO] IPUIPlugin:80 - create IPUIPlugin
2024-09-04 10:21:02,457 [INFO] PluginManager:220 - loadIPPluginJar : add tim
2024-09-04 10:21:02,482 [INFO] IPUIPlugin:80 - create IPUIPlugin
2024-09-04 10:21:02,483 [INFO] PluginManager:220 - loadIPPluginJar : add touchsensing
2024-09-04 10:21:02,530 [INFO] IPUIPlugin:80 - create IPUIPlugin
2024-09-04 10:21:02,531 [INFO] PluginManager:220 - loadIPPluginJar : add tracer_emb
2024-09-04 10:21:02,548 [INFO] IPUIPlugin:80 - create IPUIPlugin
2024-09-04 10:21:02,549 [INFO] PluginManager:220 - loadIPPluginJar : add ts
2024-09-04 10:21:02,555 [INFO] IPUIPlugin:80 - create IPUIPlugin
2024-09-04 10:21:02,556 [INFO] PluginManager:220 - loadIPPluginJar : add tsc
2024-09-04 10:21:02,564 [INFO] IPUIPlugin:80 - create IPUIPlugin
2024-09-04 10:21:02,564 [INFO] PluginManager:220 - loadIPPluginJar : add ucpd
2024-09-04 10:21:02,601 [INFO] IPUIPlugin:80 - create IPUIPlugin
2024-09-04 10:21:02,601 [INFO] PluginManager:220 - loadIPPluginJar : add usart
2024-09-04 10:21:02,665 [INFO] IPUIPlugin:80 - create IPUIPlugin
2024-09-04 10:21:02,665 [INFO] PluginManager:220 - loadIPPluginJar : add usbx
2024-09-04 10:21:02,924 [INFO] CADModel:165 - CPN selected for project level
2024-09-04 10:21:02,925 [INFO] CADModel:114 - Register for checkConnection events
2024-09-04 10:21:02,926 [FATAL] Updater:308 - Updater called before beeing initialized
2024-09-04 10:21:02,927 [ERROR] CADModel:125 - Updater not yet initialized, retry later 
2024-09-04 10:21:03,842 [INFO] CADModel:165 - CPN selected for project level
2024-09-04 10:21:03,842 [INFO] CADModel:114 - Register for checkConnection events
2024-09-04 10:21:03,843 [FATAL] Updater:308 - Updater called before beeing initialized
2024-09-04 10:21:03,843 [ERROR] CADModel:125 - Updater not yet initialized, retry later 
2024-09-04 10:21:03,860 [FATAL] Updater:308 - Updater called before beeing initialized
2024-09-04 10:21:04,051 [FATAL] Updater:308 - Updater called before beeing initialized
2024-09-04 10:21:04,069 [INFO] DbMcusAds:53 - JSON generation date=Thu May 16 04:22:00 PET 2024 (1715851320667)
2024-09-04 10:21:04,069 [FATAL] Updater:308 - Updater called before beeing initialized
2024-09-04 10:21:04,195 [INFO] ThirdPartyUpdaterWithRetryManager:70 - Updater plugin not ready yet. [3/15]
2024-09-04 10:21:04,326 [WARN] DetailPanel:346 - Failed to get advertising image, set to default
2024-09-04 10:21:04,705 [FATAL] Updater:308 - Updater called before beeing initialized
2024-09-04 10:21:04,734 [FATAL] Updater:308 - Updater called before beeing initialized
2024-09-04 10:21:04,735 [FATAL] Updater:308 - Updater called before beeing initialized
2024-09-04 10:21:04,735 [WARN] DetailPanel:346 - Failed to get advertising image, set to default
2024-09-04 10:21:04,738 [FATAL] Updater:308 - Updater called before beeing initialized
2024-09-04 10:21:04,929 [ERROR] Updater:1120 - MainUpdater not yet initialized. External WinMGr cannot be set.
2024-09-04 10:21:04,958 [INFO] Updater:1056 - Updater Version found : 6.9.2
2024-09-04 10:21:05,173 [INFO] ApplicationProperties:184 - Using Application install path: F:\Program Files\STM32CubeIDE_1.13.2\STM32CubeIDE\plugins\com.st.stm32cube.common.mx_6.9.2.202309101412
2024-09-04 10:21:07,196 [FATAL] Updater:308 - Updater called before beeing initialized
2024-09-04 10:21:07,198 [ERROR] IntegrityCheckThread:130 - Cannot retrieve database content from updater: error 21
2024-09-04 10:21:07,199 [INFO] ThirdParty:978 - Integrity check success = false
2024-09-04 10:21:07,199 [INFO] IntegrityCheckThread:100 - exiting critical section [integrity check]
2024-09-04 10:21:07,199 [INFO] IntegrityCheckThread:103 - End integrity checks thread
2024-09-04 10:21:07,517 [INFO] MainUpdater:2868 - connection check result : 10
2024-09-04 10:21:07,519 [INFO] MainUpdater:3562 - Updater definition file requires update
2024-09-04 10:21:07,521 [INFO] MainUpdater:285 - Updater Check For Update Now.
2024-09-04 10:21:07,521 [INFO] MicroXplorer:498 - Change Database Version : DB.6.0.92
2024-09-04 10:21:07,571 [INFO] McuFinderGlobals:63 - Set McuFinder mode to 2 (CubeIDE integrated)
2024-09-04 10:21:07,651 [INFO] ServerAccessManage:473 - Download File updaters.zip
2024-09-04 10:21:07,851 [INFO] FileExtend:240 - Unzip File : updaters.zip
2024-09-04 10:21:07,852 [INFO] FileExtend:255 - Standard Zip Deflate
2024-09-04 10:21:09,906 [INFO] ServerAccessManage:473 - Download File PacksControlFlags.xml
2024-09-04 10:21:10,156 [INFO] ServerAccessManage:473 - Download File cubemx.pidx
2024-09-04 10:21:11,624 [ERROR] LogOutputStream:75 - [STDERR_REDIRECT] Sep 04, 2024 10:21:11 AM org.glassfish.grizzly.http.server.NetworkListener start
2024-09-04 10:21:11,625 [ERROR] LogOutputStream:75 - [STDERR_REDIRECT] INFO: Started listener bound to [localhost:1595]
2024-09-04 10:21:11,626 [ERROR] LogOutputStream:75 - [STDERR_REDIRECT] 
2024-09-04 10:21:11,628 [ERROR] LogOutputStream:75 - [STDERR_REDIRECT] Sep 04, 2024 10:21:11 AM org.glassfish.grizzly.http.server.HttpServer start
2024-09-04 10:21:11,629 [ERROR] LogOutputStream:75 - [STDERR_REDIRECT] INFO: [HttpServer] Started.
2024-09-04 10:21:11,629 [ERROR] LogOutputStream:75 - [STDERR_REDIRECT] 
2024-09-04 10:21:15,476 [INFO] ServerAccessManage:473 - Download File STMicroelectronics.X-CUBE-MEMS1.pdsc
2024-09-04 10:21:44,658 [INFO] ServerAccessManage:473 - Download File STMicroelectronics.X-CUBE-AZRTOS-H7.pdsc
2024-09-04 10:21:55,611 [WARN] PackLoader:240 - Cannot read IP mode file for STMicroelectronics.X-CUBE-MEMS1.11.0.0
2024-09-04 10:21:55,634 [INFO] CheckServerUpdateThread:120 - End of CheckServer Thread
2024-09-04 10:21:55,949 [WARN] PackLoader:240 - Cannot read IP mode file for STMicroelectronics.X-CUBE-AZRTOS-H7.3.3.0
2024-09-04 10:21:55,956 [INFO] PopulateThirdPartyThread:66 - Ending populate Thread
2024-09-04 10:21:55,958 [INFO] ThirdParty:1030 - CMSIS Pack Vendor :STMicroelectronics X-CUBE-AZRTOS-H7 3.3.0
2024-09-04 10:21:55,958 [INFO] ThirdParty:1030 - CMSIS Pack Vendor :STMicroelectronics X-CUBE-MEMS1 11.0.0
2024-09-04 10:21:55,959 [INFO] LoadServerUpdatesThread:373 - End of LoadServerUpdate Thread
