2023-11-21 18:10:48,756 [INFO] Activator:176 - 


2023-11-21 18:10:48,796 [INFO] Activator:177 - !SESSION log4j initialized
2023-11-21 18:11:10,729 [INFO] LogOutputStream:77 - [STDOUT_REDIRECT] 
2023-11-21 18:11:18,061 [INFO] ApplicationProperties:184 - Using Application install path: F:\Program Files\STM32CubeIDE_1.13.2\STM32CubeIDE\plugins\com.st.stm32cube.common.mx_6.9.2.202309101412
2023-11-21 18:11:18,113 [INFO] DbMcusXml:78 - Set database path to: F:\Program Files\STM32CubeIDE_1.13.2\STM32CubeIDE\plugins\com.st.stm32cube.common.mx_6.9.2.202309101412\\db\/mcu/
2023-11-21 18:11:18,113 [INFO] ApiDb:274 - Set plugin database path to: F:\Program Files\STM32CubeIDE_1.13.2\STM32CubeIDE\plugins\com.st.stm32cube.common.mx_6.9.2.202309101412\\db\/plugins/boardmanager/
2023-11-21 18:11:18,114 [WARN] ApiDb:259 - Overriding images path with different value:  => F:\Program Files\STM32CubeIDE_1.13.2\STM32CubeIDE\plugins\com.st.stm32cube.common.mx_6.9.2.202309101412\\db\/plugins/mcufinder/images/
2023-11-21 18:11:18,310 [INFO] ApiDb:250 - Set database path to: C:\Users\PC\.stmcufinder\plugins\mcufinder//mcu/
2023-11-21 18:11:18,312 [INFO] DbMcusAds:125 - Set database path to: C:\Users\PC\.stmcufinder\plugins\mcufinder//mcu/
2023-11-21 18:11:18,315 [INFO] CrossReferenceDbSqlite:203 - Set database path to: C:\Users\PC\.stmcufinder\plugins\mcufinder//mcu/cs/
2023-11-21 18:11:18,582 [INFO] RulesReader:64 - Compatibility file has been processed (293 Rules)
2023-11-21 18:11:18,962 [INFO] DbMcusXml:78 - Set database path to: F:\Program Files\STM32CubeIDE_1.13.2\STM32CubeIDE\plugins\com.st.stm32cube.common.mx_6.9.2.202309101412\\db\/mcu/
2023-11-21 18:11:18,962 [INFO] ApiDb:274 - Set plugin database path to: F:\Program Files\STM32CubeIDE_1.13.2\STM32CubeIDE\plugins\com.st.stm32cube.common.mx_6.9.2.202309101412\\db\/plugins/boardmanager/
2023-11-21 18:11:18,963 [INFO] ApiDb:261 - Set plugin images path to: F:\Program Files\STM32CubeIDE_1.13.2\STM32CubeIDE\plugins\com.st.stm32cube.common.mx_6.9.2.202309101412\\db\/plugins/mcufinder/images/
2023-11-21 18:11:18,963 [WARN] DbFile:41 - Overriding database path with different value: C:\Users\PC\.stmcufinder\plugins\mcufinder/ => C:\Users\PC\.stmcufinder\plugins\mcufinder
2023-11-21 18:11:18,963 [INFO] ApiDb:250 - Set database path to: C:\Users\PC\.stmcufinder\plugins\mcufinder//mcu/
2023-11-21 18:11:18,963 [WARN] DbFile:41 - Overriding database path with different value: C:\Users\PC\.stmcufinder\plugins\mcufinder/ => C:\Users\PC\.stmcufinder\plugins\mcufinder
2023-11-21 18:11:18,963 [INFO] DbMcusAds:125 - Set database path to: C:\Users\PC\.stmcufinder\plugins\mcufinder//mcu/
2023-11-21 18:11:18,964 [WARN] DbFile:41 - Overriding database path with different value: C:\Users\PC\.stmcufinder\plugins\mcufinder/ => C:\Users\PC\.stmcufinder\plugins\mcufinder
2023-11-21 18:11:18,964 [WARN] DbFile:41 - Overriding database path with different value: C:\Users\PC\.stmcufinder\plugins\mcufinder/ => C:\Users\PC\.stmcufinder\plugins\mcufinder
2023-11-21 18:11:18,964 [INFO] CrossReferenceDbSqlite:203 - Set database path to: C:\Users\PC\.stmcufinder\plugins\mcufinder//mcu/cs/
2023-11-21 18:11:19,243 [INFO] MainPanel:262 - HeapMemory: 268435456
2023-11-21 18:11:19,625 [INFO] DbMcusXml:78 - Set database path to: F:\Program Files\STM32CubeIDE_1.13.2\STM32CubeIDE\plugins\com.st.stm32cube.common.mx_6.9.2.202309101412\\db\/mcu/
2023-11-21 18:11:19,625 [INFO] ApiDb:274 - Set plugin database path to: F:\Program Files\STM32CubeIDE_1.13.2\STM32CubeIDE\plugins\com.st.stm32cube.common.mx_6.9.2.202309101412\\db\/plugins/boardmanager/
2023-11-21 18:11:19,626 [INFO] ApiDb:261 - Set plugin images path to: F:\Program Files\STM32CubeIDE_1.13.2\STM32CubeIDE\plugins\com.st.stm32cube.common.mx_6.9.2.202309101412\\db\/plugins/mcufinder/images/
2023-11-21 18:11:19,646 [WARN] DbFile:41 - Overriding database path with different value: C:\Users\PC\.stmcufinder\plugins\mcufinder/ => C:\Users\PC\.stmcufinder\plugins\mcufinder
2023-11-21 18:11:19,646 [INFO] ApiDb:250 - Set database path to: C:\Users\PC\.stmcufinder\plugins\mcufinder//mcu/
2023-11-21 18:11:19,647 [WARN] DbFile:41 - Overriding database path with different value: C:\Users\PC\.stmcufinder\plugins\mcufinder/ => C:\Users\PC\.stmcufinder\plugins\mcufinder
2023-11-21 18:11:19,647 [INFO] DbMcusAds:125 - Set database path to: C:\Users\PC\.stmcufinder\plugins\mcufinder//mcu/
2023-11-21 18:11:19,647 [WARN] DbFile:41 - Overriding database path with different value: C:\Users\PC\.stmcufinder\plugins\mcufinder/ => C:\Users\PC\.stmcufinder\plugins\mcufinder
2023-11-21 18:11:19,647 [WARN] DbFile:41 - Overriding database path with different value: C:\Users\PC\.stmcufinder\plugins\mcufinder/ => C:\Users\PC\.stmcufinder\plugins\mcufinder
2023-11-21 18:11:19,647 [INFO] CrossReferenceDbSqlite:203 - Set database path to: C:\Users\PC\.stmcufinder\plugins\mcufinder//mcu/cs/
2023-11-21 18:11:19,695 [INFO] ApplicationProperties:184 - Using Application install path: F:\Program Files\STM32CubeIDE_1.13.2\STM32CubeIDE\plugins\com.st.stm32cube.common.mx_6.9.2.202309101412
2023-11-21 18:11:19,697 [INFO] PluginManage:196 - Search for loadable plugins [exclusion list=, ]
2023-11-21 18:11:19,725 [INFO] PluginManage:310 - Check plugin analytics
2023-11-21 18:11:20,219 [INFO] AnalyticsPlugin:253 - Accepted Software Licenses: 
2023-11-21 18:11:20,220 [INFO] AnalyticsPlugin:255 - Accepted CMSIS Pack Licenses: 
2023-11-21 18:11:20,221 [INFO] AnalyticsPlugin:257 - Accepted Firmware Licenses: FW.F4.1.27.0,FW.G0.1.6.0
2023-11-21 18:11:20,225 [INFO] PluginManage:359 - Loaded plugin analytics (category:tool,tabindex:-1)
2023-11-21 18:11:20,226 [INFO] PluginManage:310 - Check plugin cadmodel
2023-11-21 18:11:20,266 [INFO] CADModel:105 - Init CAD model plugin
2023-11-21 18:11:20,266 [INFO] PluginManage:359 - Loaded plugin cadmodel (category:power,tabindex:5)
2023-11-21 18:11:20,266 [INFO] PluginManage:310 - Check plugin clock
2023-11-21 18:11:20,314 [INFO] PluginManage:359 - Loaded plugin clock (category:base,tabindex:2)
2023-11-21 18:11:20,314 [INFO] PluginManage:310 - Check plugin ddr
2023-11-21 18:11:20,319 [INFO] PluginManage:359 - Loaded plugin ddr (category:tool,tabindex:6)
2023-11-21 18:11:20,319 [INFO] PluginManage:310 - Check plugin filemanager
2023-11-21 18:11:20,834 [INFO] PluginManage:359 - Loaded plugin filemanager (category:base,tabindex:10)
2023-11-21 18:11:20,834 [INFO] PluginManage:310 - Check plugin ipmanager
2023-11-21 18:11:20,866 [INFO] PluginManage:359 - Loaded plugin ipmanager (category:base,tabindex:5)
2023-11-21 18:11:20,866 [INFO] PluginManage:310 - Check plugin lpbam
2023-11-21 18:11:20,898 [INFO] PluginManage:359 - Loaded plugin lpbam (category:base,tabindex:0)
2023-11-21 18:11:20,898 [INFO] PluginManage:310 - Check plugin memorymap
2023-11-21 18:11:20,971 [INFO] PluginManage:359 - Loaded plugin memorymap (category:base,tabindex:4)
2023-11-21 18:11:20,971 [INFO] PluginManage:310 - Check plugin pinoutandconfiguration
2023-11-21 18:11:21,005 [INFO] PluginManage:359 - Loaded plugin pinoutandconfiguration (category:base,tabindex:1)
2023-11-21 18:11:21,005 [INFO] PluginManage:310 - Check plugin pinoutconfig
2023-11-21 18:11:21,204 [WARN] SupportedApi:132 - Cannot load RTOS API schema: s4s-elt-must-match.1: The content of 'definitions' must match (annotation?, (simpleType | complexType)?, (unique | key | keyref)*)). A problem was found starting at: attribute.
2023-11-21 18:11:21,592 [INFO] PluginManage:359 - Loaded plugin pinoutconfig (category:base,tabindex:0)
2023-11-21 18:11:21,593 [INFO] PluginManage:310 - Check plugin power
2023-11-21 18:11:21,703 [INFO] PluginManage:359 - Loaded plugin power (category:power,tabindex:4)
2023-11-21 18:11:21,703 [INFO] PluginManage:310 - Check plugin projectmanager
2023-11-21 18:11:21,774 [INFO] PluginManage:359 - Loaded plugin projectmanager (category:projectmanager,tabindex:3)
2023-11-21 18:11:21,775 [INFO] PluginManage:310 - Check plugin thirdparty
2023-11-21 18:11:22,396 [INFO] PluginManage:359 - Loaded plugin thirdparty (category:base,tabindex:-1)
2023-11-21 18:11:22,396 [INFO] PluginManage:310 - Check plugin tools
2023-11-21 18:11:22,407 [INFO] PluginManage:359 - Loaded plugin tools (category:base,tabindex:7)
2023-11-21 18:11:22,408 [INFO] PluginManage:310 - Check plugin tutovideos
2023-11-21 18:11:22,410 [WARN] IntegrityCheckThread:84 - waiting for thirdparty lock release [integrity check]
2023-11-21 18:11:22,413 [INFO] IntegrityCheckThread:86 - entering critical section [integrity check]
2023-11-21 18:11:22,414 [INFO] ThirdPartyUpdaterWithRetryManager:70 - Updater plugin not ready yet. [1/15]
2023-11-21 18:11:22,853 [INFO] PluginManage:359 - Loaded plugin tutovideos (category:base,tabindex:-1)
2023-11-21 18:11:22,853 [INFO] PluginManage:310 - Check plugin updater
2023-11-21 18:11:22,888 [INFO] PluginManage:359 - Loaded plugin updater (category:base,tabindex:12)
2023-11-21 18:11:22,888 [INFO] PluginManage:310 - Check plugin userauth
2023-11-21 18:11:22,913 [INFO] UserAuth:113 - Init User Auth plugin
2023-11-21 18:11:22,913 [INFO] PluginManage:359 - Loaded plugin userauth (category:base,tabindex:14)
2023-11-21 18:11:22,914 [INFO] PluginManage:283 - PluginManage : Loaded plugins [17]
2023-11-21 18:11:23,861 [INFO] PinOutPanel:1499 - setPackage(No Configuration,No Configuration)
2023-11-21 18:11:24,153 [INFO] CADModel:165 - CPN selected for project level
2023-11-21 18:11:24,154 [INFO] CADModel:114 - Register for checkConnection events
2023-11-21 18:11:24,230 [INFO] IPUIPlugin:80 - create IPUIPlugin
2023-11-21 18:11:24,230 [INFO] PluginManager:220 - loadIPPluginJar : add adc
2023-11-21 18:11:24,249 [INFO] IPUIPlugin:80 - create IPUIPlugin
2023-11-21 18:11:24,250 [INFO] PluginManager:220 - loadIPPluginJar : add aes
2023-11-21 18:11:24,263 [INFO] IPUIPlugin:80 - create IPUIPlugin
2023-11-21 18:11:24,264 [INFO] PluginManager:220 - loadIPPluginJar : add can
2023-11-21 18:11:24,281 [INFO] IPUIPlugin:80 - create IPUIPlugin
2023-11-21 18:11:24,281 [INFO] PluginManager:220 - loadIPPluginJar : add comp
2023-11-21 18:11:24,297 [INFO] IPUIPlugin:80 - create IPUIPlugin
2023-11-21 18:11:24,297 [INFO] PluginManager:220 - loadIPPluginJar : add cryp
2023-11-21 18:11:24,310 [INFO] IPUIPlugin:80 - create IPUIPlugin
2023-11-21 18:11:24,310 [INFO] PluginManager:220 - loadIPPluginJar : add dfsdm
2023-11-21 18:11:24,336 [INFO] IPUIPlugin:80 - create IPUIPlugin
2023-11-21 18:11:24,336 [INFO] PluginManager:220 - loadIPPluginJar : add dma
2023-11-21 18:11:24,358 [INFO] IPUIPlugin:80 - create IPUIPlugin
2023-11-21 18:11:24,358 [INFO] PluginManager:220 - loadIPPluginJar : add dma3
2023-11-21 18:11:24,369 [INFO] IPUIPlugin:80 - create IPUIPlugin
2023-11-21 18:11:24,369 [INFO] PluginManager:220 - loadIPPluginJar : add fatfs
2023-11-21 18:11:24,387 [INFO] IPUIPlugin:80 - create IPUIPlugin
2023-11-21 18:11:24,388 [INFO] PluginManager:220 - loadIPPluginJar : add fmc
2023-11-21 18:11:24,614 [INFO] IPUIPlugin:80 - create IPUIPlugin
2023-11-21 18:11:24,614 [INFO] PluginManager:220 - loadIPPluginJar : add freertos
2023-11-21 18:11:24,631 [INFO] IPUIPlugin:80 - create IPUIPlugin
2023-11-21 18:11:24,631 [INFO] PluginManager:220 - loadIPPluginJar : add genericplugin
2023-11-21 18:11:24,651 [INFO] IPUIPlugin:80 - create IPUIPlugin
2023-11-21 18:11:24,651 [INFO] PluginManager:220 - loadIPPluginJar : add gfxmmu
2023-11-21 18:11:24,701 [INFO] IPUIPlugin:80 - create IPUIPlugin
2023-11-21 18:11:24,702 [INFO] PluginManager:220 - loadIPPluginJar : add gic
2023-11-21 18:11:24,723 [INFO] IPUIPlugin:80 - create IPUIPlugin
2023-11-21 18:11:24,724 [INFO] PluginManager:220 - loadIPPluginJar : add gpio
2023-11-21 18:11:24,740 [INFO] IPUIPlugin:80 - create IPUIPlugin
2023-11-21 18:11:24,741 [INFO] PluginManager:220 - loadIPPluginJar : add gtzc
2023-11-21 18:11:24,752 [INFO] IPUIPlugin:80 - create IPUIPlugin
2023-11-21 18:11:24,752 [INFO] PluginManager:220 - loadIPPluginJar : add hash
2023-11-21 18:11:24,770 [INFO] IPUIPlugin:80 - create IPUIPlugin
2023-11-21 18:11:24,770 [INFO] PluginManager:220 - loadIPPluginJar : add i2c
2023-11-21 18:11:24,792 [INFO] IPUIPlugin:80 - create IPUIPlugin
2023-11-21 18:11:24,792 [INFO] PluginManager:220 - loadIPPluginJar : add i2s
2023-11-21 18:11:24,808 [INFO] IPUIPlugin:80 - create IPUIPlugin
2023-11-21 18:11:24,809 [INFO] PluginManager:220 - loadIPPluginJar : add i3c
2023-11-21 18:11:24,832 [INFO] IPUIPlugin:80 - create IPUIPlugin
2023-11-21 18:11:24,832 [INFO] PluginManager:220 - loadIPPluginJar : add ipddr
2023-11-21 18:11:24,852 [INFO] IPUIPlugin:80 - create IPUIPlugin
2023-11-21 18:11:24,853 [INFO] PluginManager:220 - loadIPPluginJar : add linkedlist
2023-11-21 18:11:24,858 [INFO] IPUIPlugin:80 - create IPUIPlugin
2023-11-21 18:11:24,858 [INFO] PluginManager:220 - loadIPPluginJar : add lorawan
2023-11-21 18:11:24,873 [INFO] IPUIPlugin:80 - create IPUIPlugin
2023-11-21 18:11:24,873 [INFO] PluginManager:220 - loadIPPluginJar : add ltdc
2023-11-21 18:11:24,903 [INFO] IPUIPlugin:80 - create IPUIPlugin
2023-11-21 18:11:24,903 [INFO] PluginManager:220 - loadIPPluginJar : add mdma
2023-11-21 18:11:24,910 [INFO] IPUIPlugin:80 - create IPUIPlugin
2023-11-21 18:11:24,910 [INFO] PluginManager:220 - loadIPPluginJar : add nvic
2023-11-21 18:11:24,928 [INFO] IPUIPlugin:80 - create IPUIPlugin
2023-11-21 18:11:24,928 [INFO] PluginManager:220 - loadIPPluginJar : add opamp
2023-11-21 18:11:24,945 [INFO] IPUIPlugin:80 - create IPUIPlugin
2023-11-21 18:11:24,945 [INFO] PluginManager:220 - loadIPPluginJar : add openamp
2023-11-21 18:11:24,957 [INFO] IPUIPlugin:80 - create IPUIPlugin
2023-11-21 18:11:24,957 [INFO] PluginManager:220 - loadIPPluginJar : add pdm2pcm
2023-11-21 18:11:24,969 [INFO] IPUIPlugin:80 - create IPUIPlugin
2023-11-21 18:11:24,973 [INFO] PluginManager:220 - loadIPPluginJar : add plateformsettings
2023-11-21 18:11:24,990 [INFO] IPUIPlugin:80 - create IPUIPlugin
2023-11-21 18:11:24,990 [INFO] PluginManager:220 - loadIPPluginJar : add quadspi
2023-11-21 18:11:25,000 [INFO] IPUIPlugin:80 - create IPUIPlugin
2023-11-21 18:11:25,000 [INFO] PluginManager:220 - loadIPPluginJar : add resmgrutility
2023-11-21 18:11:25,014 [INFO] IPUIPlugin:80 - create IPUIPlugin
2023-11-21 18:11:25,014 [INFO] PluginManager:220 - loadIPPluginJar : add sai
2023-11-21 18:11:25,027 [INFO] IPUIPlugin:80 - create IPUIPlugin
2023-11-21 18:11:25,027 [INFO] PluginManager:220 - loadIPPluginJar : add spi
2023-11-21 18:11:25,035 [INFO] IPUIPlugin:80 - create IPUIPlugin
2023-11-21 18:11:25,036 [INFO] PluginManager:220 - loadIPPluginJar : add stm32_wpan
2023-11-21 18:11:25,053 [INFO] IPUIPlugin:80 - create IPUIPlugin
2023-11-21 18:11:25,053 [INFO] PluginManager:220 - loadIPPluginJar : add tim
2023-11-21 18:11:25,070 [INFO] IPUIPlugin:80 - create IPUIPlugin
2023-11-21 18:11:25,070 [INFO] PluginManager:220 - loadIPPluginJar : add touchsensing
2023-11-21 18:11:25,084 [INFO] IPUIPlugin:80 - create IPUIPlugin
2023-11-21 18:11:25,085 [INFO] PluginManager:220 - loadIPPluginJar : add tracer_emb
2023-11-21 18:11:25,102 [INFO] IPUIPlugin:80 - create IPUIPlugin
2023-11-21 18:11:25,102 [INFO] PluginManager:220 - loadIPPluginJar : add ts
2023-11-21 18:11:25,106 [INFO] IPUIPlugin:80 - create IPUIPlugin
2023-11-21 18:11:25,106 [INFO] PluginManager:220 - loadIPPluginJar : add tsc
2023-11-21 18:11:25,110 [INFO] IPUIPlugin:80 - create IPUIPlugin
2023-11-21 18:11:25,110 [INFO] PluginManager:220 - loadIPPluginJar : add ucpd
2023-11-21 18:11:25,115 [INFO] IPUIPlugin:80 - create IPUIPlugin
2023-11-21 18:11:25,116 [INFO] PluginManager:220 - loadIPPluginJar : add usart
2023-11-21 18:11:25,132 [INFO] IPUIPlugin:80 - create IPUIPlugin
2023-11-21 18:11:25,132 [INFO] PluginManager:220 - loadIPPluginJar : add usbx
2023-11-21 18:11:25,343 [INFO] CADModel:165 - CPN selected for project level
2023-11-21 18:11:25,343 [INFO] CADModel:114 - Register for checkConnection events
2023-11-21 18:11:25,343 [FATAL] Updater:308 - Updater called before beeing initialized
2023-11-21 18:11:25,344 [ERROR] CADModel:125 - Updater not yet initialized, retry later 
2023-11-21 18:11:25,418 [INFO] ThirdPartyUpdaterWithRetryManager:70 - Updater plugin not ready yet. [2/15]
2023-11-21 18:11:25,774 [INFO] CADModel:165 - CPN selected for project level
2023-11-21 18:11:25,775 [INFO] CADModel:114 - Register for checkConnection events
2023-11-21 18:11:25,775 [FATAL] Updater:308 - Updater called before beeing initialized
2023-11-21 18:11:25,775 [ERROR] CADModel:125 - Updater not yet initialized, retry later 
2023-11-21 18:11:25,793 [FATAL] Updater:308 - Updater called before beeing initialized
2023-11-21 18:11:26,127 [FATAL] Updater:308 - Updater called before beeing initialized
2023-11-21 18:11:26,158 [INFO] DbMcusAds:53 - JSON generation date=Tue Mar 07 03:50:55 PET 2023 (1678179055335)
2023-11-21 18:11:26,159 [FATAL] Updater:308 - Updater called before beeing initialized
2023-11-21 18:11:26,306 [WARN] DetailPanel:346 - Failed to get advertising image, set to default
2023-11-21 18:11:26,478 [FATAL] Updater:308 - Updater called before beeing initialized
2023-11-21 18:11:26,481 [FATAL] Updater:308 - Updater called before beeing initialized
2023-11-21 18:11:26,482 [FATAL] Updater:308 - Updater called before beeing initialized
2023-11-21 18:11:26,482 [WARN] DetailPanel:346 - Failed to get advertising image, set to default
2023-11-21 18:11:26,483 [FATAL] Updater:308 - Updater called before beeing initialized
2023-11-21 18:11:26,662 [ERROR] Updater:1120 - MainUpdater not yet initialized. External WinMGr cannot be set.
2023-11-21 18:11:26,716 [INFO] Updater:1056 - Updater Version found : 6.9.2
2023-11-21 18:11:26,758 [INFO] ApplicationProperties:184 - Using Application install path: F:\Program Files\STM32CubeIDE_1.13.2\STM32CubeIDE\plugins\com.st.stm32cube.common.mx_6.9.2.202309101412
2023-11-21 18:11:27,998 [INFO] MainUpdater:2868 - connection check result : 10
2023-11-21 18:11:27,998 [INFO] MainUpdater:3562 - Updater definition file requires update
2023-11-21 18:11:27,999 [INFO] MainUpdater:285 - Updater Check For Update Now.
2023-11-21 18:11:28,000 [INFO] MicroXplorer:498 - Change Database Version : DB.6.0.92
2023-11-21 18:11:28,061 [INFO] McuFinderGlobals:63 - Set McuFinder mode to 2 (CubeIDE integrated)
2023-11-21 18:11:28,062 [INFO] UserAuth:179 - activating auth plugin
2023-11-21 18:11:28,078 [INFO] UserAuth:393 - Internet connection configuration mode: 1
2023-11-21 18:11:28,228 [INFO] JxBrowserEngine:151 - Initiate JxBrowser Engine with user profile folder
2023-11-21 18:11:28,305 [INFO] ServerAccessManage:473 - Download File updaters.zip
2023-11-21 18:11:28,419 [WARN] MainUpdater:1189 - Updater busy. Cannot search thirdparties
2023-11-21 18:11:28,419 [INFO] ThirdPartyUpdaterWithRetryManager:96 - Updater plugin is busy. [1/15]
2023-11-21 18:11:28,611 [INFO] FileExtend:240 - Unzip File : updaters.zip
2023-11-21 18:11:28,611 [INFO] FileExtend:255 - Standard Zip Deflate
2023-11-21 18:11:29,935 [INFO] ServerAccessManage:473 - Download File PacksControlFlags.xml
2023-11-21 18:11:30,184 [INFO] ServerAccessManage:473 - Download File cubemx.pidx
2023-11-21 18:11:31,421 [WARN] MainUpdater:1189 - Updater busy. Cannot search thirdparties
2023-11-21 18:11:31,421 [INFO] ThirdPartyUpdaterWithRetryManager:96 - Updater plugin is busy. [2/15]
2023-11-21 18:11:31,625 [INFO] ServerAccessManage:473 - Download File STMicroelectronics.FP-SNS-MOTENVWB1.pdsc
2023-11-21 18:11:33,740 [INFO] ServerAccessManage:473 - Download File STMicroelectronics.X-CUBE-TOF1.pdsc
2023-11-21 18:11:34,422 [WARN] MainUpdater:1189 - Updater busy. Cannot search thirdparties
2023-11-21 18:11:34,422 [INFO] ThirdPartyUpdaterWithRetryManager:96 - Updater plugin is busy. [3/15]
2023-11-21 18:11:36,209 [ERROR] ServerAccessManage:1089 - Problem, file not found on Server
2023-11-21 18:11:37,423 [WARN] MainUpdater:1189 - Updater busy. Cannot search thirdparties
2023-11-21 18:11:37,423 [INFO] ThirdPartyUpdaterWithRetryManager:96 - Updater plugin is busy. [4/15]
2023-11-21 18:11:37,891 [WARN] PackLoader:240 - Cannot read IP mode file for STMicroelectronics.FP-SNS-MOTENVWB1.1.3.0
2023-11-21 18:11:37,961 [WARN] PackLoader:240 - Cannot read IP mode file for STMicroelectronics.X-CUBE-TOF1.3.4.0
2023-11-21 18:11:37,988 [INFO] PopulateThirdPartyThread:66 - Ending populate Thread
2023-11-21 18:11:37,990 [INFO] ThirdParty:1030 - CMSIS Pack Vendor :STMicroelectronics FP-SNS-MOTENVWB1 1.3.0
2023-11-21 18:11:37,991 [INFO] ThirdParty:1030 - CMSIS Pack Vendor :STMicroelectronics X-CUBE-TOF1 3.4.0
2023-11-21 18:11:37,991 [INFO] LoadServerUpdatesThread:373 - End of LoadServerUpdate Thread
2023-11-21 18:11:38,288 [INFO] CheckServerUpdateThread:120 - End of CheckServer Thread
2023-11-21 18:11:44,246 [WARN] PackLoader:240 - Cannot read IP mode file for STMicroelectronics.X-CUBE-SMBUS.2.1.0
2023-11-21 18:11:44,392 [WARN] PackLoader:240 - Cannot read IP mode file for STMicroelectronics.X-CUBE-AZRTOS-F7.1.1.0
2023-11-21 18:11:44,440 [ERROR] RealEvaluatedCondition:428 - Found unsupported composite condition: CLASS='Data Exchange' GROUP='STM32_MetaDataManager'
2023-11-21 18:11:44,440 [ERROR] RealEvaluatedCondition:428 - Found unsupported composite condition: GROUP='STM32_MetaDataManager' CLASS='Data Exchange'
2023-11-21 18:11:44,450 [WARN] PackLoader:240 - Cannot read IP mode file for STMicroelectronics.FP-SNS-MOTENV1.4.3.0
2023-11-21 18:11:44,502 [WARN] PackLoader:240 - Cannot read IP mode file for STMicroelectronics.FP-SNS-MOTENV1.4.3.2
2023-11-21 18:11:44,612 [INFO] WebApp:157 - Instantiating new browser for Auth
2023-11-21 18:11:44,748 [WARN] PackLoader:240 - Cannot read IP mode file for STMicroelectronics.FP-SNS-FLIGHT1.5.0.0
2023-11-21 18:11:44,816 [ERROR] RealEvaluatedCondition:428 - Found unsupported composite condition: CLASS='Data Exchange' GROUP='STM32_MetaDataManager'
2023-11-21 18:11:44,817 [ERROR] RealEvaluatedCondition:428 - Found unsupported composite condition: GROUP='STM32_MetaDataManager' CLASS='Data Exchange'
2023-11-21 18:11:44,818 [WARN] PackLoader:240 - Cannot read IP mode file for STMicroelectronics.FP-SNS-MOTENV1.4.3.1
2023-11-21 18:11:44,875 [WARN] PackLoader:240 - Cannot read IP mode file for STMicroelectronics.FP-SNS-FLIGHT1.5.0.1
2023-11-21 18:11:44,950 [WARN] PackLoader:240 - Cannot read IP mode file for STMicroelectronics.X-CUBE-BLE1.6.2.4
2023-11-21 18:11:45,070 [WARN] PackLoader:240 - Cannot read IP mode file for STMicroelectronics.FP-SNS-FLIGHT1.5.0.2
2023-11-21 18:11:45,161 [WARN] PackLoader:240 - Cannot read IP mode file for STMicroelectronics.X-CUBE-DISPLAY.3.0.0
2023-11-21 18:11:45,276 [WARN] PackLoader:240 - Cannot read IP mode file for STMicroelectronics.X-CUBE-BLE1.7.0.0
2023-11-21 18:11:45,433 [WARN] PackLoader:240 - Cannot read IP mode file for STMicroelectronics.X-CUBE-TOUCHGFX.4.22.0
2023-11-21 18:11:45,584 [WARN] PackLoader:240 - Cannot read IP mode file for STMicroelectronics.X-CUBE-TOUCHGFX.4.22.1
2023-11-21 18:11:45,654 [WARN] PackLoader:240 - Cannot read IP mode file for STMicroelectronics.FP-SNS-SMARTAG2.1.2.0
2023-11-21 18:11:45,985 [INFO] LogOutputStream:77 - [STDOUT_REDIRECT] 1 : Invalid condition id : UX_CORESTACK_Condition cause : null
2023-11-21 18:11:45,985 [INFO] LogOutputStream:77 - [STDOUT_REDIRECT] 1 : Invalid condition id : UX_CORESTACK_Condition cause : null
2023-11-21 18:11:45,987 [INFO] LogOutputStream:77 - [STDOUT_REDIRECT] 1 : Invalid condition id : UX_CORESTACK_Condition cause : null
2023-11-21 18:11:45,989 [INFO] LogOutputStream:77 - [STDOUT_REDIRECT] 1 : Invalid condition id : UX_CORESTACK_Condition cause : null
2023-11-21 18:11:45,991 [INFO] LogOutputStream:77 - [STDOUT_REDIRECT] 1 : Invalid condition id : UX_CORESTACK_Condition cause : null
2023-11-21 18:11:45,999 [WARN] PackLoader:240 - Cannot read IP mode file for STMicroelectronics.X-CUBE-AZRTOS-WL.2.0.0
2023-11-21 18:11:46,178 [WARN] PackLoader:240 - Cannot read IP mode file for WES.I-CUBE-Cesium.1.3.0
2023-11-21 18:11:46,261 [WARN] PackLoader:240 - Cannot read IP mode file for STMicroelectronics.X-CUBE-BLE2.3.3.0
2023-11-21 18:11:46,294 [WARN] PackLoader:240 - Cannot read IP mode file for STMicroelectronics.X-CUBE-DISPLAY.2.2.0
2023-11-21 18:11:46,589 [WARN] PackLoader:240 - Cannot read IP mode file for STMicroelectronics.X-CUBE-TOF1.3.2.0
2023-11-21 18:11:46,755 [WARN] PackLoader:240 - Cannot read IP mode file for STMicroelectronics.X-CUBE-TOUCHGFX.4.21.1
2023-11-21 18:11:46,835 [WARN] PackLoader:240 - Cannot read IP mode file for STMicroelectronics.X-CUBE-TOUCHGFX.4.21.0
2023-11-21 18:11:46,911 [WARN] PackLoader:240 - Cannot read IP mode file for STMicroelectronics.X-CUBE-TOUCHGFX.4.21.3
2023-11-21 18:11:47,008 [WARN] PackLoader:240 - Cannot read IP mode file for STMicroelectronics.X-CUBE-TOUCHGFX.4.21.4
2023-11-21 18:11:47,245 [WARN] PackLoader:240 - Cannot read IP mode file for STMicroelectronics.X-CUBE-MEMS1.9.4.0
2023-11-21 18:11:47,868 [WARN] PackLoader:240 - Cannot read IP mode file for STMicroelectronics.X-CUBE-AI.7.3.0
2023-11-21 18:11:48,180 [WARN] PackLoader:240 - Cannot read IP mode file for STMicroelectronics.X-CUBE-ALGOBUILD.1.3.0
2023-11-21 18:11:48,411 [WARN] PackLoader:240 - Cannot read IP mode file for STMicroelectronics.X-CUBE-AZRTOS-G0.1.1.0
2023-11-21 18:11:48,521 [WARN] PackLoader:240 - Cannot read IP mode file for STMicroelectronics.X-CUBE-NFC4.3.0.0
2023-11-21 18:11:48,603 [WARN] PackLoader:240 - Cannot read IP mode file for STMicroelectronics.X-CUBE-BLEMGR.3.0.0
2023-11-21 18:11:48,635 [WARN] PackLoader:240 - Cannot read IP mode file for STMicroelectronics.X-CUBE-BLEMGR.1.3.0
2023-11-21 18:11:48,671 [WARN] PackLoader:240 - Cannot read IP mode file for STMicroelectronics.FP-ATR-SIGFOX1.3.2.0
2023-11-21 18:11:48,848 [WARN] PackLoader:240 - Cannot read IP mode file for STMicroelectronics.X-CUBE-MEMS1.9.5.0
2023-11-21 18:11:49,208 [WARN] PackLoader:240 - Cannot read IP mode file for SEGGER.I-CUBE-embOS.1.3.1
2023-11-21 18:11:49,418 [WARN] PackLoader:240 - Cannot read IP mode file for SEGGER.I-CUBE-embOS.1.3.0
2023-11-21 18:11:49,556 [WARN] PackLoader:240 - Cannot read IP mode file for STMicroelectronics.X-CUBE-GNSS1.6.0.0
2023-11-21 18:11:49,689 [WARN] PackLoader:240 - Cannot read IP mode file for STMicroelectronics.X-CUBE-AZRTOS-F4.1.1.0
2023-11-21 18:11:49,895 [WARN] PackLoader:240 - Cannot read IP mode file for STMicroelectronics.X-CUBE-AZRTOS-L5.2.0.0
2023-11-21 18:11:50,078 [INFO] WebApp:753 - Register for checkConnection events
2023-11-21 18:11:50,078 [INFO] WebApp:390 - Apply proxy settings
2023-11-21 18:11:50,078 [INFO] WebApp:475 - Chromium requires no authentication
2023-11-21 18:11:50,203 [INFO] WebApp:418 - Direct internet connection detected
2023-11-21 18:11:50,332 [WARN] PackLoader:240 - Cannot read IP mode file for STMicroelectronics.X-CUBE-MEMS1.9.6.0
2023-11-21 18:11:50,768 [INFO] WebApp:188 - Starting web application
2023-11-21 18:11:50,768 [INFO] WebApp:520 - Web application path used F:\Program Files\STM32CubeIDE_1.13.2\STM32CubeIDE\plugins\com.st.stm32cube.common.mx_6.9.2.202309101412\db\plugins\mcufinder\reactClient1\index.html
2023-11-21 18:11:50,958 [WARN] PackLoader:240 - Cannot read IP mode file for STMicroelectronics.X-CUBE-EEPRMA1.4.2.0
2023-11-21 18:11:50,983 [WARN] PackLoader:240 - Cannot read IP mode file for ITTIA_DB.I-CUBE-ITTIADB.8.8.0
2023-11-21 18:11:51,033 [WARN] PackLoader:240 - Cannot read IP mode file for emotas.I-CUBE-CANOPEN.1.1.3
2023-11-21 18:11:51,377 [WARN] PackLoader:240 - Cannot read IP mode file for STMicroelectronics.X-CUBE-BLEMGR.2.0.0
2023-11-21 18:11:51,433 [WARN] PackLoader:240 - Cannot read IP mode file for STMicroelectronics.X-CUBE-NFC4.2.0.5
2023-11-21 18:11:51,504 [WARN] ConditionMgr:438 - getConditionDescription Invalid condition id : UX DEVICE CLASS RTOS Condition cause : null
2023-11-21 18:11:51,505 [WARN] ConditionMgr:438 - getConditionDescription Invalid condition id : UX DEVICE CLASS RTOS Condition cause : null
2023-11-21 18:11:51,508 [WARN] PackLoader:240 - Cannot read IP mode file for STMicroelectronics.X-CUBE-AZRTOS-H7.3.1.0
2023-11-21 18:11:51,510 [WARN] ConditionMgr:1039 - genDependencies : Invalid condition id : UX DEVICE CLASS RTOS Condition cause : null
2023-11-21 18:11:51,510 [WARN] ConditionMgr:1039 - genDependencies : Invalid condition id : UX DEVICE CLASS RTOS Condition cause : null
2023-11-21 18:11:51,511 [WARN] ConditionMgr:1039 - genDependencies : Invalid condition id : UX DEVICE CLASS RTOS Condition cause : null
2023-11-21 18:11:51,512 [WARN] ConditionMgr:1039 - genDependencies : Invalid condition id : UX DEVICE CLASS RTOS Condition cause : null
2023-11-21 18:11:51,512 [WARN] ConditionMgr:1039 - genDependencies : Invalid condition id : UX DEVICE CLASS RTOS Condition cause : null
2023-11-21 18:11:51,574 [WARN] PackLoader:240 - Cannot read IP mode file for wolfSSL.I-CUBE-wolfSSL.5.5.3
2023-11-21 18:11:51,641 [WARN] PackLoader:240 - Cannot read IP mode file for STMicroelectronics.X-CUBE-NFC7.1.0.1
2023-11-21 18:11:51,680 [WARN] PackLoader:240 - Cannot read IP mode file for STMicroelectronics.X-CUBE-NFC7.1.0.0
2023-11-21 18:11:51,739 [WARN] PackLoader:240 - Cannot read IP mode file for STMicroelectronics.X-CUBE-NFC6.3.0.0
2023-11-21 18:11:51,786 [WARN] PackLoader:240 - Cannot read IP mode file for STMicroelectronics.X-CUBE-EEPRMA1.4.1.0
2023-11-21 18:11:51,828 [WARN] PackLoader:240 - Cannot read IP mode file for STMicroelectronics.X-CUBE-AI.8.1.0
2023-11-21 18:11:52,122 [WARN] ConditionMgr:438 - getConditionDescription Invalid condition id : LAN8742 Phy interface Condition cause : null
2023-11-21 18:11:52,123 [WARN] PackLoader:240 - Cannot read IP mode file for STMicroelectronics.X-CUBE-AZRTOS-L4.2.0.0
2023-11-21 18:11:52,125 [WARN] ConditionMgr:1039 - genDependencies : Invalid condition id : LAN8742 Phy interface Condition cause : null
2023-11-21 18:11:52,125 [WARN] ConditionMgr:1039 - genDependencies : Invalid condition id : LAN8742 Phy interface Condition cause : null
2023-11-21 18:11:52,127 [WARN] ConditionMgr:1039 - genDependencies : Invalid condition id : LAN8742 Phy interface Condition cause : null
2023-11-21 18:11:52,177 [WARN] PackLoader:240 - Cannot read IP mode file for STMicroelectronics.X-CUBE-SFXS2LP1.4.0.0
2023-11-21 18:11:52,273 [WARN] PackLoader:240 - Cannot read IP mode file for STMicroelectronics.X-CUBE-AZRTOS-H7.3.0.0
2023-11-21 18:11:52,329 [WARN] PackLoader:240 - Cannot read IP mode file for STMicroelectronics.X-CUBE-ISPU.1.1.0
2023-11-21 18:11:52,425 [WARN] PackLoader:240 - Cannot read IP mode file for RoweBots.I-CUBE-UNISONRTOS.5.5.0-4
2023-11-21 18:11:52,489 [WARN] PackLoader:240 - Cannot read IP mode file for STMicroelectronics.X-CUBE-AI.8.0.0
2023-11-21 18:11:52,587 [WARN] ConditionMgr:438 - getConditionDescription Invalid condition id : UX DEVICE CLASS RTOS Condition cause : null
2023-11-21 18:11:52,587 [WARN] ConditionMgr:438 - getConditionDescription Invalid condition id : UX DEVICE CLASS RTOS Condition cause : null
2023-11-21 18:11:52,590 [WARN] PackLoader:240 - Cannot read IP mode file for STMicroelectronics.X-CUBE-AZRTOS-WB.2.0.0
2023-11-21 18:11:52,591 [WARN] ConditionMgr:1039 - genDependencies : Invalid condition id : UX DEVICE CLASS RTOS Condition cause : null
2023-11-21 18:11:52,591 [WARN] ConditionMgr:1039 - genDependencies : Invalid condition id : UX DEVICE CLASS RTOS Condition cause : null
2023-11-21 18:11:52,591 [WARN] ConditionMgr:1039 - genDependencies : Invalid condition id : UX DEVICE CLASS RTOS Condition cause : null
2023-11-21 18:11:52,592 [WARN] ConditionMgr:1039 - genDependencies : Invalid condition id : UX DEVICE CLASS RTOS Condition cause : null
2023-11-21 18:11:52,592 [WARN] ConditionMgr:1039 - genDependencies : Invalid condition id : UX DEVICE CLASS RTOS Condition cause : null
2023-11-21 18:11:52,638 [WARN] PackLoader:240 - Cannot read IP mode file for STMicroelectronics.X-CUBE-FREERTOS.1.0.0
2023-11-21 18:11:52,702 [WARN] PackLoader:240 - Cannot read IP mode file for STMicroelectronics.X-CUBE-FREERTOS.1.0.1
2023-11-21 18:11:52,785 [WARN] PackLoader:240 - Cannot read IP mode file for STMicroelectronics.X-CUBE-AZRTOS-L5.1.1.0
2023-11-21 18:11:52,822 [WARN] PackLoader:240 - Cannot read IP mode file for STMicroelectronics.X-CUBE-AI.8.0.1
2023-11-21 18:11:52,876 [WARN] PackLoader:240 - Cannot read IP mode file for STMicroelectronics.X-CUBE-SUBG2.5.0.0
2023-11-21 18:11:52,933 [WARN] PackLoader:240 - Cannot read IP mode file for STMicroelectronics.X-CUBE-TOF1.3.3.1
2023-11-21 18:11:53,012 [WARN] PackLoader:240 - Cannot read IP mode file for STMicroelectronics.X-CUBE-AZRTOS-G4.2.0.0
2023-11-21 18:11:53,085 [WARN] PackLoader:240 - Cannot read IP mode file for STMicroelectronics.X-CUBE-TOF1.3.3.0
2023-11-21 18:11:53,126 [WARN] PackLoader:240 - Cannot read IP mode file for STMicroelectronics.FP-ATR-ASTRA1.1.1.1
2023-11-21 18:11:53,354 [WARN] PackLoader:240 - Cannot read IP mode file for Infineon.AIROC-Wi-Fi-Bluetooth-STM32.1.5.1
2023-11-21 18:11:53,368 [WARN] PackLoader:240 - Cannot read IP mode file for STMicroelectronics.FP-SNS-MOTENVWB1.1.3.0
2023-11-21 18:11:53,862 [WARN] PackLoader:240 - Cannot read IP mode file for STMicroelectronics.X-CUBE-AZRTOS-G4.1.0.0
2023-11-21 18:11:54,005 [WARN] PackLoader:240 - Cannot read IP mode file for STMicroelectronics.X-CUBE-AZRTOS-L4.1.0.0
2023-11-21 18:11:54,219 [WARN] PackLoader:240 - Cannot read IP mode file for STMicroelectronics.X-CUBE-MEMS1.10.0.0
2023-11-21 18:11:54,268 [ERROR] LogOutputStream:75 - [STDERR_REDIRECT] Nov 21, 2023 6:11:54 PM org.glassfish.grizzly.http.server.NetworkListener start
2023-11-21 18:11:54,270 [ERROR] LogOutputStream:75 - [STDERR_REDIRECT] INFO: Started listener bound to [localhost:1595]
2023-11-21 18:11:54,271 [ERROR] LogOutputStream:75 - [STDERR_REDIRECT] 
2023-11-21 18:11:54,273 [ERROR] LogOutputStream:75 - [STDERR_REDIRECT] Nov 21, 2023 6:11:54 PM org.glassfish.grizzly.http.server.HttpServer start
2023-11-21 18:11:54,274 [ERROR] LogOutputStream:75 - [STDERR_REDIRECT] INFO: [HttpServer] Started.
2023-11-21 18:11:54,274 [ERROR] LogOutputStream:75 - [STDERR_REDIRECT] 
2023-11-21 18:11:54,458 [WARN] PackLoader:240 - Cannot read IP mode file for STMicroelectronics.X-CUBE-FREERTOS.1.1.0
2023-11-21 18:11:54,493 [WARN] PackLoader:240 - Cannot read IP mode file for STMicroelectronics.X-CUBE-AZRTOS-WL.1.0.0
2023-11-21 18:11:54,529 [WARN] PackLoader:240 - Cannot read IP mode file for portGmbH.I-Cube-SoM-uGOAL.1.1.0
2023-11-21 18:11:54,553 [WARN] PackLoader:240 - Cannot read IP mode file for STMicroelectronics.X-CUBE-ALS.1.0.1
2023-11-21 18:11:54,758 [WARN] PackLoader:240 - Cannot read IP mode file for STMicroelectronics.X-CUBE-AZRTOS-WB.1.1.0
2023-11-21 18:11:54,786 [WARN] PackLoader:240 - Cannot read IP mode file for STMicroelectronics.FP-ATR-ASTRA1.2.0.0
2023-11-21 18:11:54,796 [WARN] PackLoader:240 - Cannot read IP mode file for STMicroelectronics.X-CUBE-TOF1.3.4.0
2023-11-21 18:11:54,806 [INFO] ThirdParty:978 - Integrity check success = true
2023-11-21 18:11:54,806 [INFO] IntegrityCheckThread:100 - exiting critical section [integrity check]
2023-11-21 18:11:54,807 [INFO] IntegrityCheckThread:103 - End integrity checks thread
