2024-07-29 16:03:25,860 [INFO] Activator:176 - 


2024-07-29 16:03:25,866 [INFO] Activator:177 - !SESSION log4j initialized
2024-07-29 16:03:44,104 [INFO] LogOutputStream:77 - [STDOUT_REDIRECT] 
2024-07-29 16:03:56,681 [INFO] ApplicationProperties:184 - Using Application install path: F:\Program Files\STM32CubeIDE_1.13.2\STM32CubeIDE\plugins\com.st.stm32cube.common.mx_6.9.2.202309101412
2024-07-29 16:03:56,732 [INFO] DbMcusXml:78 - Set database path to: F:\Program Files\STM32CubeIDE_1.13.2\STM32CubeIDE\plugins\com.st.stm32cube.common.mx_6.9.2.202309101412\\db\/mcu/
2024-07-29 16:03:56,732 [INFO] ApiDb:274 - Set plugin database path to: F:\Program Files\STM32CubeIDE_1.13.2\STM32CubeIDE\plugins\com.st.stm32cube.common.mx_6.9.2.202309101412\\db\/plugins/boardmanager/
2024-07-29 16:03:56,733 [WARN] ApiDb:259 - Overriding images path with different value:  => F:\Program Files\STM32CubeIDE_1.13.2\STM32CubeIDE\plugins\com.st.stm32cube.common.mx_6.9.2.202309101412\\db\/plugins/mcufinder/images/
2024-07-29 16:03:56,838 [INFO] ApiDb:250 - Set database path to: C:\Users\PC\.stmcufinder\plugins\mcufinder//mcu/
2024-07-29 16:03:56,840 [INFO] DbMcusAds:125 - Set database path to: C:\Users\PC\.stmcufinder\plugins\mcufinder//mcu/
2024-07-29 16:03:56,851 [INFO] CrossReferenceDbSqlite:203 - Set database path to: C:\Users\PC\.stmcufinder\plugins\mcufinder//mcu/cs/
2024-07-29 16:03:57,101 [INFO] RulesReader:64 - Compatibility file has been processed (293 Rules)
2024-07-29 16:03:57,521 [INFO] DbMcusXml:78 - Set database path to: F:\Program Files\STM32CubeIDE_1.13.2\STM32CubeIDE\plugins\com.st.stm32cube.common.mx_6.9.2.202309101412\\db\/mcu/
2024-07-29 16:03:57,521 [INFO] ApiDb:274 - Set plugin database path to: F:\Program Files\STM32CubeIDE_1.13.2\STM32CubeIDE\plugins\com.st.stm32cube.common.mx_6.9.2.202309101412\\db\/plugins/boardmanager/
2024-07-29 16:03:57,521 [INFO] ApiDb:261 - Set plugin images path to: F:\Program Files\STM32CubeIDE_1.13.2\STM32CubeIDE\plugins\com.st.stm32cube.common.mx_6.9.2.202309101412\\db\/plugins/mcufinder/images/
2024-07-29 16:03:57,522 [WARN] DbFile:41 - Overriding database path with different value: C:\Users\PC\.stmcufinder\plugins\mcufinder/ => C:\Users\PC\.stmcufinder\plugins\mcufinder
2024-07-29 16:03:57,522 [INFO] ApiDb:250 - Set database path to: C:\Users\PC\.stmcufinder\plugins\mcufinder//mcu/
2024-07-29 16:03:57,522 [WARN] DbFile:41 - Overriding database path with different value: C:\Users\PC\.stmcufinder\plugins\mcufinder/ => C:\Users\PC\.stmcufinder\plugins\mcufinder
2024-07-29 16:03:57,522 [INFO] DbMcusAds:125 - Set database path to: C:\Users\PC\.stmcufinder\plugins\mcufinder//mcu/
2024-07-29 16:03:57,522 [WARN] DbFile:41 - Overriding database path with different value: C:\Users\PC\.stmcufinder\plugins\mcufinder/ => C:\Users\PC\.stmcufinder\plugins\mcufinder
2024-07-29 16:03:57,522 [WARN] DbFile:41 - Overriding database path with different value: C:\Users\PC\.stmcufinder\plugins\mcufinder/ => C:\Users\PC\.stmcufinder\plugins\mcufinder
2024-07-29 16:03:57,522 [INFO] CrossReferenceDbSqlite:203 - Set database path to: C:\Users\PC\.stmcufinder\plugins\mcufinder//mcu/cs/
2024-07-29 16:03:57,788 [INFO] MainPanel:262 - HeapMemory: 268435456
2024-07-29 16:03:58,070 [INFO] DbMcusXml:78 - Set database path to: F:\Program Files\STM32CubeIDE_1.13.2\STM32CubeIDE\plugins\com.st.stm32cube.common.mx_6.9.2.202309101412\\db\/mcu/
2024-07-29 16:03:58,070 [INFO] ApiDb:274 - Set plugin database path to: F:\Program Files\STM32CubeIDE_1.13.2\STM32CubeIDE\plugins\com.st.stm32cube.common.mx_6.9.2.202309101412\\db\/plugins/boardmanager/
2024-07-29 16:03:58,070 [INFO] ApiDb:261 - Set plugin images path to: F:\Program Files\STM32CubeIDE_1.13.2\STM32CubeIDE\plugins\com.st.stm32cube.common.mx_6.9.2.202309101412\\db\/plugins/mcufinder/images/
2024-07-29 16:03:58,072 [WARN] DbFile:41 - Overriding database path with different value: C:\Users\PC\.stmcufinder\plugins\mcufinder/ => C:\Users\PC\.stmcufinder\plugins\mcufinder
2024-07-29 16:03:58,072 [INFO] ApiDb:250 - Set database path to: C:\Users\PC\.stmcufinder\plugins\mcufinder//mcu/
2024-07-29 16:03:58,072 [WARN] DbFile:41 - Overriding database path with different value: C:\Users\PC\.stmcufinder\plugins\mcufinder/ => C:\Users\PC\.stmcufinder\plugins\mcufinder
2024-07-29 16:03:58,072 [INFO] DbMcusAds:125 - Set database path to: C:\Users\PC\.stmcufinder\plugins\mcufinder//mcu/
2024-07-29 16:03:58,072 [WARN] DbFile:41 - Overriding database path with different value: C:\Users\PC\.stmcufinder\plugins\mcufinder/ => C:\Users\PC\.stmcufinder\plugins\mcufinder
2024-07-29 16:03:58,072 [WARN] DbFile:41 - Overriding database path with different value: C:\Users\PC\.stmcufinder\plugins\mcufinder/ => C:\Users\PC\.stmcufinder\plugins\mcufinder
2024-07-29 16:03:58,073 [INFO] CrossReferenceDbSqlite:203 - Set database path to: C:\Users\PC\.stmcufinder\plugins\mcufinder//mcu/cs/
2024-07-29 16:03:58,115 [INFO] ApplicationProperties:184 - Using Application install path: F:\Program Files\STM32CubeIDE_1.13.2\STM32CubeIDE\plugins\com.st.stm32cube.common.mx_6.9.2.202309101412
2024-07-29 16:03:58,118 [INFO] PluginManage:196 - Search for loadable plugins [exclusion list=, ]
2024-07-29 16:03:58,178 [INFO] PluginManage:310 - Check plugin analytics
2024-07-29 16:04:03,086 [INFO] AnalyticsPlugin:253 - Accepted Software Licenses: 
2024-07-29 16:04:03,086 [INFO] AnalyticsPlugin:255 - Accepted CMSIS Pack Licenses: 
2024-07-29 16:04:03,087 [INFO] AnalyticsPlugin:257 - Accepted Firmware Licenses: 
2024-07-29 16:04:03,090 [INFO] PluginManage:359 - Loaded plugin analytics (category:tool,tabindex:-1)
2024-07-29 16:04:03,091 [INFO] PluginManage:310 - Check plugin cadmodel
2024-07-29 16:04:03,142 [INFO] CADModel:105 - Init CAD model plugin
2024-07-29 16:04:03,143 [INFO] PluginManage:359 - Loaded plugin cadmodel (category:power,tabindex:5)
2024-07-29 16:04:03,143 [INFO] PluginManage:310 - Check plugin clock
2024-07-29 16:04:03,230 [INFO] PluginManage:359 - Loaded plugin clock (category:base,tabindex:2)
2024-07-29 16:04:03,231 [INFO] PluginManage:310 - Check plugin ddr
2024-07-29 16:04:03,267 [INFO] PluginManage:359 - Loaded plugin ddr (category:tool,tabindex:6)
2024-07-29 16:04:03,268 [INFO] PluginManage:310 - Check plugin filemanager
2024-07-29 16:04:03,679 [INFO] PluginManage:359 - Loaded plugin filemanager (category:base,tabindex:10)
2024-07-29 16:04:03,679 [INFO] PluginManage:310 - Check plugin ipmanager
2024-07-29 16:04:03,695 [INFO] PluginManage:359 - Loaded plugin ipmanager (category:base,tabindex:5)
2024-07-29 16:04:03,696 [INFO] PluginManage:310 - Check plugin lpbam
2024-07-29 16:04:03,726 [INFO] PluginManage:359 - Loaded plugin lpbam (category:base,tabindex:0)
2024-07-29 16:04:03,726 [INFO] PluginManage:310 - Check plugin memorymap
2024-07-29 16:04:03,784 [INFO] PluginManage:359 - Loaded plugin memorymap (category:base,tabindex:4)
2024-07-29 16:04:03,785 [INFO] PluginManage:310 - Check plugin pinoutandconfiguration
2024-07-29 16:04:03,814 [INFO] PluginManage:359 - Loaded plugin pinoutandconfiguration (category:base,tabindex:1)
2024-07-29 16:04:03,814 [INFO] PluginManage:310 - Check plugin pinoutconfig
2024-07-29 16:04:04,109 [WARN] SupportedApi:132 - Cannot load RTOS API schema: s4s-elt-must-match.1: The content of 'definitions' must match (annotation?, (simpleType | complexType)?, (unique | key | keyref)*)). A problem was found starting at: attribute.
2024-07-29 16:04:04,497 [INFO] PluginManage:359 - Loaded plugin pinoutconfig (category:base,tabindex:0)
2024-07-29 16:04:04,497 [INFO] PluginManage:310 - Check plugin power
2024-07-29 16:04:04,607 [INFO] PluginManage:359 - Loaded plugin power (category:power,tabindex:4)
2024-07-29 16:04:04,607 [INFO] PluginManage:310 - Check plugin projectmanager
2024-07-29 16:04:04,649 [INFO] PluginManage:359 - Loaded plugin projectmanager (category:projectmanager,tabindex:3)
2024-07-29 16:04:04,649 [INFO] PluginManage:310 - Check plugin thirdparty
2024-07-29 16:04:05,380 [INFO] PluginManage:359 - Loaded plugin thirdparty (category:base,tabindex:-1)
2024-07-29 16:04:05,380 [WARN] IntegrityCheckThread:84 - waiting for thirdparty lock release [integrity check]
2024-07-29 16:04:05,380 [INFO] PluginManage:310 - Check plugin tools
2024-07-29 16:04:05,380 [INFO] IntegrityCheckThread:86 - entering critical section [integrity check]
2024-07-29 16:04:05,381 [INFO] ThirdPartyUpdaterWithRetryManager:70 - Updater plugin not ready yet. [1/15]
2024-07-29 16:04:05,393 [INFO] PluginManage:359 - Loaded plugin tools (category:base,tabindex:7)
2024-07-29 16:04:05,393 [INFO] PluginManage:310 - Check plugin tutovideos
2024-07-29 16:04:05,781 [INFO] PluginManage:359 - Loaded plugin tutovideos (category:base,tabindex:-1)
2024-07-29 16:04:05,781 [INFO] PluginManage:310 - Check plugin updater
2024-07-29 16:04:05,819 [INFO] PluginManage:359 - Loaded plugin updater (category:base,tabindex:12)
2024-07-29 16:04:05,819 [INFO] PluginManage:310 - Check plugin userauth
2024-07-29 16:04:05,849 [INFO] UserAuth:113 - Init User Auth plugin
2024-07-29 16:04:05,850 [INFO] PluginManage:359 - Loaded plugin userauth (category:base,tabindex:14)
2024-07-29 16:04:05,850 [INFO] PluginManage:283 - PluginManage : Loaded plugins [17]
2024-07-29 16:04:06,924 [INFO] PinOutPanel:1499 - setPackage(No Configuration,No Configuration)
2024-07-29 16:04:08,096 [INFO] CADModel:165 - CPN selected for project level
2024-07-29 16:04:08,096 [INFO] CADModel:114 - Register for checkConnection events
2024-07-29 16:04:08,200 [INFO] IPUIPlugin:80 - create IPUIPlugin
2024-07-29 16:04:08,200 [INFO] PluginManager:220 - loadIPPluginJar : add adc
2024-07-29 16:04:08,225 [INFO] IPUIPlugin:80 - create IPUIPlugin
2024-07-29 16:04:08,226 [INFO] PluginManager:220 - loadIPPluginJar : add aes
2024-07-29 16:04:08,246 [INFO] IPUIPlugin:80 - create IPUIPlugin
2024-07-29 16:04:08,246 [INFO] PluginManager:220 - loadIPPluginJar : add can
2024-07-29 16:04:08,259 [INFO] IPUIPlugin:80 - create IPUIPlugin
2024-07-29 16:04:08,260 [INFO] PluginManager:220 - loadIPPluginJar : add comp
2024-07-29 16:04:08,276 [INFO] IPUIPlugin:80 - create IPUIPlugin
2024-07-29 16:04:08,276 [INFO] PluginManager:220 - loadIPPluginJar : add cryp
2024-07-29 16:04:08,288 [INFO] IPUIPlugin:80 - create IPUIPlugin
2024-07-29 16:04:08,288 [INFO] PluginManager:220 - loadIPPluginJar : add dfsdm
2024-07-29 16:04:08,315 [INFO] IPUIPlugin:80 - create IPUIPlugin
2024-07-29 16:04:08,316 [INFO] PluginManager:220 - loadIPPluginJar : add dma
2024-07-29 16:04:08,336 [INFO] IPUIPlugin:80 - create IPUIPlugin
2024-07-29 16:04:08,337 [INFO] PluginManager:220 - loadIPPluginJar : add dma3
2024-07-29 16:04:08,348 [INFO] IPUIPlugin:80 - create IPUIPlugin
2024-07-29 16:04:08,348 [INFO] PluginManager:220 - loadIPPluginJar : add fatfs
2024-07-29 16:04:08,365 [INFO] IPUIPlugin:80 - create IPUIPlugin
2024-07-29 16:04:08,366 [INFO] PluginManager:220 - loadIPPluginJar : add fmc
2024-07-29 16:04:08,383 [INFO] ThirdPartyUpdaterWithRetryManager:70 - Updater plugin not ready yet. [2/15]
2024-07-29 16:04:08,391 [INFO] IPUIPlugin:80 - create IPUIPlugin
2024-07-29 16:04:08,392 [INFO] PluginManager:220 - loadIPPluginJar : add freertos
2024-07-29 16:04:08,408 [INFO] IPUIPlugin:80 - create IPUIPlugin
2024-07-29 16:04:08,409 [INFO] PluginManager:220 - loadIPPluginJar : add genericplugin
2024-07-29 16:04:08,429 [INFO] IPUIPlugin:80 - create IPUIPlugin
2024-07-29 16:04:08,429 [INFO] PluginManager:220 - loadIPPluginJar : add gfxmmu
2024-07-29 16:04:08,446 [INFO] IPUIPlugin:80 - create IPUIPlugin
2024-07-29 16:04:08,446 [INFO] PluginManager:220 - loadIPPluginJar : add gic
2024-07-29 16:04:08,468 [INFO] IPUIPlugin:80 - create IPUIPlugin
2024-07-29 16:04:08,468 [INFO] PluginManager:220 - loadIPPluginJar : add gpio
2024-07-29 16:04:08,484 [INFO] IPUIPlugin:80 - create IPUIPlugin
2024-07-29 16:04:08,485 [INFO] PluginManager:220 - loadIPPluginJar : add gtzc
2024-07-29 16:04:08,497 [INFO] IPUIPlugin:80 - create IPUIPlugin
2024-07-29 16:04:08,497 [INFO] PluginManager:220 - loadIPPluginJar : add hash
2024-07-29 16:04:08,514 [INFO] IPUIPlugin:80 - create IPUIPlugin
2024-07-29 16:04:08,515 [INFO] PluginManager:220 - loadIPPluginJar : add i2c
2024-07-29 16:04:08,542 [INFO] IPUIPlugin:80 - create IPUIPlugin
2024-07-29 16:04:08,543 [INFO] PluginManager:220 - loadIPPluginJar : add i2s
2024-07-29 16:04:08,568 [INFO] IPUIPlugin:80 - create IPUIPlugin
2024-07-29 16:04:08,568 [INFO] PluginManager:220 - loadIPPluginJar : add i3c
2024-07-29 16:04:08,597 [INFO] IPUIPlugin:80 - create IPUIPlugin
2024-07-29 16:04:08,598 [INFO] PluginManager:220 - loadIPPluginJar : add ipddr
2024-07-29 16:04:08,639 [INFO] IPUIPlugin:80 - create IPUIPlugin
2024-07-29 16:04:08,639 [INFO] PluginManager:220 - loadIPPluginJar : add linkedlist
2024-07-29 16:04:08,657 [INFO] IPUIPlugin:80 - create IPUIPlugin
2024-07-29 16:04:08,657 [INFO] PluginManager:220 - loadIPPluginJar : add lorawan
2024-07-29 16:04:08,676 [INFO] IPUIPlugin:80 - create IPUIPlugin
2024-07-29 16:04:08,676 [INFO] PluginManager:220 - loadIPPluginJar : add ltdc
2024-07-29 16:04:08,707 [INFO] IPUIPlugin:80 - create IPUIPlugin
2024-07-29 16:04:08,707 [INFO] PluginManager:220 - loadIPPluginJar : add mdma
2024-07-29 16:04:08,712 [INFO] IPUIPlugin:80 - create IPUIPlugin
2024-07-29 16:04:08,712 [INFO] PluginManager:220 - loadIPPluginJar : add nvic
2024-07-29 16:04:08,731 [INFO] IPUIPlugin:80 - create IPUIPlugin
2024-07-29 16:04:08,731 [INFO] PluginManager:220 - loadIPPluginJar : add opamp
2024-07-29 16:04:08,739 [INFO] IPUIPlugin:80 - create IPUIPlugin
2024-07-29 16:04:08,740 [INFO] PluginManager:220 - loadIPPluginJar : add openamp
2024-07-29 16:04:08,751 [INFO] IPUIPlugin:80 - create IPUIPlugin
2024-07-29 16:04:08,751 [INFO] PluginManager:220 - loadIPPluginJar : add pdm2pcm
2024-07-29 16:04:08,762 [INFO] IPUIPlugin:80 - create IPUIPlugin
2024-07-29 16:04:08,766 [INFO] PluginManager:220 - loadIPPluginJar : add plateformsettings
2024-07-29 16:04:08,775 [INFO] IPUIPlugin:80 - create IPUIPlugin
2024-07-29 16:04:08,775 [INFO] PluginManager:220 - loadIPPluginJar : add quadspi
2024-07-29 16:04:08,782 [INFO] IPUIPlugin:80 - create IPUIPlugin
2024-07-29 16:04:08,783 [INFO] PluginManager:220 - loadIPPluginJar : add resmgrutility
2024-07-29 16:04:08,795 [INFO] IPUIPlugin:80 - create IPUIPlugin
2024-07-29 16:04:08,795 [INFO] PluginManager:220 - loadIPPluginJar : add sai
2024-07-29 16:04:08,808 [INFO] IPUIPlugin:80 - create IPUIPlugin
2024-07-29 16:04:08,808 [INFO] PluginManager:220 - loadIPPluginJar : add spi
2024-07-29 16:04:08,822 [INFO] IPUIPlugin:80 - create IPUIPlugin
2024-07-29 16:04:08,822 [INFO] PluginManager:220 - loadIPPluginJar : add stm32_wpan
2024-07-29 16:04:08,839 [INFO] IPUIPlugin:80 - create IPUIPlugin
2024-07-29 16:04:08,840 [INFO] PluginManager:220 - loadIPPluginJar : add tim
2024-07-29 16:04:08,853 [INFO] IPUIPlugin:80 - create IPUIPlugin
2024-07-29 16:04:08,853 [INFO] PluginManager:220 - loadIPPluginJar : add touchsensing
2024-07-29 16:04:08,871 [INFO] IPUIPlugin:80 - create IPUIPlugin
2024-07-29 16:04:08,871 [INFO] PluginManager:220 - loadIPPluginJar : add tracer_emb
2024-07-29 16:04:08,888 [INFO] IPUIPlugin:80 - create IPUIPlugin
2024-07-29 16:04:08,888 [INFO] PluginManager:220 - loadIPPluginJar : add ts
2024-07-29 16:04:08,891 [INFO] IPUIPlugin:80 - create IPUIPlugin
2024-07-29 16:04:08,891 [INFO] PluginManager:220 - loadIPPluginJar : add tsc
2024-07-29 16:04:08,894 [INFO] IPUIPlugin:80 - create IPUIPlugin
2024-07-29 16:04:08,894 [INFO] PluginManager:220 - loadIPPluginJar : add ucpd
2024-07-29 16:04:08,911 [INFO] IPUIPlugin:80 - create IPUIPlugin
2024-07-29 16:04:08,912 [INFO] PluginManager:220 - loadIPPluginJar : add usart
2024-07-29 16:04:08,927 [INFO] IPUIPlugin:80 - create IPUIPlugin
2024-07-29 16:04:08,927 [INFO] PluginManager:220 - loadIPPluginJar : add usbx
2024-07-29 16:04:09,108 [INFO] CADModel:165 - CPN selected for project level
2024-07-29 16:04:09,108 [INFO] CADModel:114 - Register for checkConnection events
2024-07-29 16:04:09,109 [FATAL] Updater:308 - Updater called before beeing initialized
2024-07-29 16:04:09,109 [ERROR] CADModel:125 - Updater not yet initialized, retry later 
2024-07-29 16:04:09,872 [INFO] CADModel:165 - CPN selected for project level
2024-07-29 16:04:09,874 [INFO] CADModel:114 - Register for checkConnection events
2024-07-29 16:04:09,875 [FATAL] Updater:308 - Updater called before beeing initialized
2024-07-29 16:04:09,876 [ERROR] CADModel:125 - Updater not yet initialized, retry later 
2024-07-29 16:04:09,899 [FATAL] Updater:308 - Updater called before beeing initialized
2024-07-29 16:04:10,425 [FATAL] Updater:308 - Updater called before beeing initialized
2024-07-29 16:04:10,444 [INFO] DbMcusAds:53 - JSON generation date=Thu May 16 04:22:00 PET 2024 (1715851320667)
2024-07-29 16:04:10,444 [FATAL] Updater:308 - Updater called before beeing initialized
2024-07-29 16:04:10,690 [WARN] DetailPanel:346 - Failed to get advertising image, set to default
2024-07-29 16:04:10,852 [FATAL] Updater:308 - Updater called before beeing initialized
2024-07-29 16:04:10,922 [FATAL] Updater:308 - Updater called before beeing initialized
2024-07-29 16:04:10,922 [FATAL] Updater:308 - Updater called before beeing initialized
2024-07-29 16:04:10,922 [WARN] DetailPanel:346 - Failed to get advertising image, set to default
2024-07-29 16:04:10,924 [FATAL] Updater:308 - Updater called before beeing initialized
2024-07-29 16:04:11,073 [ERROR] Updater:1120 - MainUpdater not yet initialized. External WinMGr cannot be set.
2024-07-29 16:04:11,086 [INFO] Updater:1056 - Updater Version found : 6.9.2
2024-07-29 16:04:11,131 [INFO] ApplicationProperties:184 - Using Application install path: F:\Program Files\STM32CubeIDE_1.13.2\STM32CubeIDE\plugins\com.st.stm32cube.common.mx_6.9.2.202309101412
2024-07-29 16:04:11,384 [INFO] ThirdPartyUpdaterWithRetryManager:70 - Updater plugin not ready yet. [3/15]
2024-07-29 16:04:13,433 [INFO] MainUpdater:2868 - connection check result : 10
2024-07-29 16:04:13,434 [INFO] MainUpdater:3562 - Updater definition file requires update
2024-07-29 16:04:13,436 [INFO] MainUpdater:285 - Updater Check For Update Now.
2024-07-29 16:04:13,437 [INFO] MicroXplorer:498 - Change Database Version : DB.6.0.92
2024-07-29 16:04:13,473 [INFO] McuFinderGlobals:63 - Set McuFinder mode to 2 (CubeIDE integrated)
2024-07-29 16:04:14,387 [WARN] MainUpdater:1189 - Updater busy. Cannot search thirdparties
2024-07-29 16:04:14,387 [INFO] ThirdPartyUpdaterWithRetryManager:96 - Updater plugin is busy. [1/15]
2024-07-29 16:04:15,461 [ERROR] LogOutputStream:75 - [STDERR_REDIRECT] Jul 29, 2024 4:04:15 PM org.glassfish.grizzly.http.server.NetworkListener start
2024-07-29 16:04:15,462 [ERROR] LogOutputStream:75 - [STDERR_REDIRECT] INFO: Started listener bound to [localhost:1596]
2024-07-29 16:04:15,463 [ERROR] LogOutputStream:75 - [STDERR_REDIRECT] 
2024-07-29 16:04:15,465 [ERROR] LogOutputStream:75 - [STDERR_REDIRECT] Jul 29, 2024 4:04:15 PM org.glassfish.grizzly.http.server.HttpServer start
2024-07-29 16:04:15,466 [ERROR] LogOutputStream:75 - [STDERR_REDIRECT] INFO: [HttpServer] Started.
2024-07-29 16:04:15,466 [ERROR] LogOutputStream:75 - [STDERR_REDIRECT] 
2024-07-29 16:04:15,577 [INFO] ServerAccessManage:473 - Download File updaters.zip
2024-07-29 16:04:15,740 [INFO] FileExtend:240 - Unzip File : updaters.zip
2024-07-29 16:04:15,741 [INFO] FileExtend:255 - Standard Zip Deflate
2024-07-29 16:04:17,389 [WARN] MainUpdater:1189 - Updater busy. Cannot search thirdparties
2024-07-29 16:04:17,389 [INFO] ThirdPartyUpdaterWithRetryManager:96 - Updater plugin is busy. [2/15]
2024-07-29 16:04:18,008 [INFO] ServerAccessManage:473 - Download File PacksControlFlags.xml
2024-07-29 16:04:19,203 [INFO] ServerAccessManage:473 - Download File cubemx.pidx
2024-07-29 16:04:20,392 [WARN] MainUpdater:1189 - Updater busy. Cannot search thirdparties
2024-07-29 16:04:20,392 [INFO] ThirdPartyUpdaterWithRetryManager:96 - Updater plugin is busy. [3/15]
2024-07-29 16:04:22,990 [INFO] ServerAccessManage:473 - Download File STMicroelectronics.X-CUBE-TOF1.pdsc
2024-07-29 16:04:23,393 [WARN] MainUpdater:1189 - Updater busy. Cannot search thirdparties
2024-07-29 16:04:23,393 [INFO] ThirdPartyUpdaterWithRetryManager:96 - Updater plugin is busy. [4/15]
2024-07-29 16:04:26,394 [WARN] MainUpdater:1189 - Updater busy. Cannot search thirdparties
2024-07-29 16:04:26,394 [INFO] ThirdPartyUpdaterWithRetryManager:96 - Updater plugin is busy. [5/15]
2024-07-29 16:04:29,396 [WARN] MainUpdater:1189 - Updater busy. Cannot search thirdparties
2024-07-29 16:04:29,397 [INFO] ThirdPartyUpdaterWithRetryManager:96 - Updater plugin is busy. [6/15]
2024-07-29 16:04:30,941 [ERROR] ServerAccessManage:1089 - Problem, file not found on Server
2024-07-29 16:04:32,398 [WARN] MainUpdater:1189 - Updater busy. Cannot search thirdparties
2024-07-29 16:04:32,398 [INFO] ThirdPartyUpdaterWithRetryManager:96 - Updater plugin is busy. [7/15]
2024-07-29 16:04:33,416 [WARN] PopulateThirdPartyThread:106 - Error when creating pack: C:/Users/PC/.stm32cubemx/thirdparties/pdsc/STMicroelectronics.X-CUBE-TOF1.pdsc
2024-07-29 16:04:33,416 [INFO] PopulateThirdPartyThread:66 - Ending populate Thread
2024-07-29 16:04:33,416 [INFO] LoadServerUpdatesThread:373 - End of LoadServerUpdate Thread
2024-07-29 16:04:33,657 [INFO] CheckServerUpdateThread:120 - End of CheckServer Thread
2024-07-29 16:04:35,895 [WARN] PackLoader:240 - Cannot read IP mode file for STMicroelectronics.FP-SNS-MOTENVWB1.1.4.0
2024-07-29 16:04:35,952 [WARN] PackLoader:240 - Cannot read IP mode file for STMicroelectronics.X-CUBE-SMBUS.2.1.0
2024-07-29 16:04:35,990 [WARN] PackLoader:240 - Cannot read IP mode file for STMicroelectronics.X-CUBE-TOUCHGFX.4.23.0
2024-07-29 16:04:36,012 [WARN] PackLoader:240 - Cannot read IP mode file for STMicroelectronics.X-CUBE-TOUCHGFX.4.23.2
2024-07-29 16:04:36,074 [WARN] PackLoader:240 - Cannot read IP mode file for STMicroelectronics.X-CUBE-AZRTOS-F7.1.1.0
2024-07-29 16:04:36,108 [ERROR] RealEvaluatedCondition:428 - Found unsupported composite condition: CLASS='Data Exchange' GROUP='STM32_MetaDataManager'
2024-07-29 16:04:36,109 [ERROR] RealEvaluatedCondition:428 - Found unsupported composite condition: CLASS='Data Exchange' GROUP='STM32_MetaDataManager'
2024-07-29 16:04:36,111 [WARN] PackLoader:240 - Cannot read IP mode file for STMicroelectronics.FP-SNS-MOTENV1.4.3.0
2024-07-29 16:04:36,144 [WARN] PackLoader:240 - Cannot read IP mode file for STMicroelectronics.FP-SNS-MOTENV1.4.3.2
2024-07-29 16:04:36,176 [WARN] PackLoader:240 - Cannot read IP mode file for STMicroelectronics.FP-SNS-FLIGHT1.5.0.0
2024-07-29 16:04:36,199 [ERROR] RealEvaluatedCondition:428 - Found unsupported composite condition: CLASS='Data Exchange' GROUP='STM32_MetaDataManager'
2024-07-29 16:04:36,200 [ERROR] RealEvaluatedCondition:428 - Found unsupported composite condition: CLASS='Data Exchange' GROUP='STM32_MetaDataManager'
2024-07-29 16:04:36,202 [WARN] PackLoader:240 - Cannot read IP mode file for STMicroelectronics.FP-SNS-MOTENV1.4.3.1
2024-07-29 16:04:36,231 [WARN] PackLoader:240 - Cannot read IP mode file for STMicroelectronics.FP-SNS-FLIGHT1.5.0.1
2024-07-29 16:04:36,261 [WARN] PackLoader:240 - Cannot read IP mode file for STMicroelectronics.X-CUBE-BLE1.6.2.4
2024-07-29 16:04:36,280 [WARN] PackLoader:240 - Cannot read IP mode file for STMicroelectronics.FP-SNS-FLIGHT1.5.0.2
2024-07-29 16:04:36,307 [WARN] PackLoader:240 - Cannot read IP mode file for STMicroelectronics.X-CUBE-DISPLAY.3.0.0
2024-07-29 16:04:36,343 [WARN] PackLoader:240 - Cannot read IP mode file for STMicroelectronics.X-CUBE-BLE1.7.0.0
2024-07-29 16:04:36,373 [WARN] PackLoader:240 - Cannot read IP mode file for STMicroelectronics.X-CUBE-TOUCHGFX.4.22.0
2024-07-29 16:04:36,402 [WARN] PackLoader:240 - Cannot read IP mode file for STMicroelectronics.X-CUBE-TOUCHGFX.4.22.1
2024-07-29 16:04:36,435 [WARN] PackLoader:240 - Cannot read IP mode file for STMicroelectronics.X-CUBE-BLEMGR.3.1.0
2024-07-29 16:04:36,470 [WARN] PackLoader:240 - Cannot read IP mode file for STMicroelectronics.FP-SNS-SMARTAG2.1.2.0
2024-07-29 16:04:36,531 [INFO] LogOutputStream:77 - [STDOUT_REDIRECT] 1 : Invalid condition id : UX_CORESTACK_Condition cause : null
2024-07-29 16:04:36,533 [INFO] LogOutputStream:77 - [STDOUT_REDIRECT] 1 : Invalid condition id : UX_CORESTACK_Condition cause : null
2024-07-29 16:04:36,536 [INFO] LogOutputStream:77 - [STDOUT_REDIRECT] 1 : Invalid condition id : UX_CORESTACK_Condition cause : null
2024-07-29 16:04:36,538 [INFO] LogOutputStream:77 - [STDOUT_REDIRECT] 1 : Invalid condition id : UX_CORESTACK_Condition cause : null
2024-07-29 16:04:36,540 [INFO] LogOutputStream:77 - [STDOUT_REDIRECT] 1 : Invalid condition id : UX_CORESTACK_Condition cause : null
2024-07-29 16:04:36,547 [WARN] PackLoader:240 - Cannot read IP mode file for STMicroelectronics.X-CUBE-AZRTOS-WL.2.0.0
2024-07-29 16:04:36,576 [WARN] PackLoader:240 - Cannot read IP mode file for STMicroelectronics.FP-SNS-MOTENV1.5.0.0
2024-07-29 16:04:36,597 [WARN] PackLoader:240 - Cannot read IP mode file for wolfSSL.I-CUBE-wolfMQTT.1.19.0
2024-07-29 16:04:36,629 [WARN] PackLoader:240 - Cannot read IP mode file for WES.I-CUBE-Cesium.1.3.0
2024-07-29 16:04:36,648 [WARN] PackLoader:240 - Cannot read IP mode file for STMicroelectronics.X-CUBE-BLE2.3.3.0
2024-07-29 16:04:36,678 [WARN] PackLoader:240 - Cannot read IP mode file for STMicroelectronics.X-CUBE-DISPLAY.2.2.0
2024-07-29 16:04:36,748 [WARN] PackLoader:240 - Cannot read IP mode file for STMicroelectronics.X-CUBE-TOF1.3.2.0
2024-07-29 16:04:36,800 [WARN] PackLoader:240 - Cannot read IP mode file for STMicroelectronics.X-CUBE-TCPP.4.1.0
2024-07-29 16:04:36,833 [WARN] PackLoader:240 - Cannot read IP mode file for STMicroelectronics.X-CUBE-TOUCHGFX.4.21.1
2024-07-29 16:04:36,854 [WARN] PackLoader:240 - Cannot read IP mode file for STMicroelectronics.X-CUBE-TOUCHGFX.4.21.0
2024-07-29 16:04:36,876 [WARN] PackLoader:240 - Cannot read IP mode file for STMicroelectronics.X-CUBE-TOUCHGFX.4.21.3
2024-07-29 16:04:36,900 [WARN] PackLoader:240 - Cannot read IP mode file for STMicroelectronics.X-CUBE-TOUCHGFX.4.21.4
2024-07-29 16:04:37,077 [WARN] PackLoader:240 - Cannot read IP mode file for STMicroelectronics.X-CUBE-MEMS1.9.4.0
2024-07-29 16:04:37,351 [WARN] PackLoader:240 - Cannot read IP mode file for STMicroelectronics.X-CUBE-AI.7.3.0
2024-07-29 16:04:37,384 [WARN] PackLoader:240 - Cannot read IP mode file for STMicroelectronics.X-CUBE-ALGOBUILD.1.3.0
2024-07-29 16:04:37,435 [WARN] PackLoader:240 - Cannot read IP mode file for STMicroelectronics.X-CUBE-AZRTOS-G0.1.1.0
2024-07-29 16:04:37,479 [WARN] PackLoader:240 - Cannot read IP mode file for STMicroelectronics.X-CUBE-SAFEA1.1.2.2
2024-07-29 16:04:37,513 [WARN] PackLoader:240 - Cannot read IP mode file for STMicroelectronics.X-CUBE-NFC4.3.0.0
2024-07-29 16:04:37,565 [ERROR] Engine:466 - C:\Users\PC\.stm32cubemx\thirdparties\pdsc\EmbeddedOffice.I-CUBE-FS-RTOS.1.0.1.pdsc: PDSC version is not supported
2024-07-29 16:04:37,730 [WARN] PackLoader:240 - Cannot read IP mode file for STMicroelectronics.X-CUBE-BLEMGR.3.0.0
2024-07-29 16:04:37,771 [WARN] PackLoader:240 - Cannot read IP mode file for STMicroelectronics.X-CUBE-BLEMGR.1.3.0
2024-07-29 16:04:37,810 [ERROR] Engine:466 - C:\Users\PC\.stm32cubemx\thirdparties\pdsc\RealThread.X-CUBE-RT-Thread_Nano.4.1.1.pdsc: PDSC version is not supported
2024-07-29 16:04:37,834 [WARN] PackLoader:240 - Cannot read IP mode file for STMicroelectronics.FP-ATR-SIGFOX1.3.2.0
2024-07-29 16:04:37,886 [WARN] PackLoader:240 - Cannot read IP mode file for STMicroelectronics.X-CUBE-EEPRMA1.5.1.0
2024-07-29 16:04:37,985 [WARN] PackLoader:240 - Cannot read IP mode file for STMicroelectronics.X-CUBE-MEMS1.9.5.0
2024-07-29 16:04:38,226 [WARN] PackLoader:240 - Cannot read IP mode file for SEGGER.I-CUBE-embOS.1.3.1
2024-07-29 16:04:38,334 [WARN] PackLoader:240 - Cannot read IP mode file for STMicroelectronics.X-CUBE-ALGOBUILD.1.4.0
2024-07-29 16:04:38,396 [WARN] PackLoader:240 - Cannot read IP mode file for SEGGER.I-CUBE-embOS.1.3.0
2024-07-29 16:04:38,546 [WARN] PackLoader:240 - Cannot read IP mode file for STMicroelectronics.X-CUBE-GNSS1.6.0.0
2024-07-29 16:04:38,597 [WARN] PackLoader:240 - Cannot read IP mode file for STMicroelectronics.X-CUBE-AZRTOS-F4.1.1.0
2024-07-29 16:04:38,625 [WARN] PackLoader:240 - Cannot read IP mode file for STMicroelectronics.X-CUBE-FREERTOS.1.2.0
2024-07-29 16:04:38,676 [WARN] PackLoader:240 - Cannot read IP mode file for STMicroelectronics.X-CUBE-AZRTOS-L5.2.0.0
2024-07-29 16:04:38,770 [WARN] PackLoader:240 - Cannot read IP mode file for STMicroelectronics.X-CUBE-MEMS1.9.6.0
2024-07-29 16:04:39,000 [WARN] PackLoader:240 - Cannot read IP mode file for STMicroelectronics.X-CUBE-EEPRMA1.4.2.0
2024-07-29 16:04:39,034 [WARN] PackLoader:240 - Cannot read IP mode file for STMicroelectronics.X-CUBE-NFC6.3.1.0
2024-07-29 16:04:39,066 [WARN] PackLoader:240 - Cannot read IP mode file for ITTIA_DB.I-CUBE-ITTIADB.8.8.0
2024-07-29 16:04:39,100 [WARN] PackLoader:240 - Cannot read IP mode file for emotas.I-CUBE-CANOPEN.1.1.3
2024-07-29 16:04:39,131 [WARN] PackLoader:240 - Cannot read IP mode file for STMicroelectronics.X-CUBE-BLEMGR.2.0.0
2024-07-29 16:04:39,154 [ERROR] Engine:466 - C:\Users\PC\.stm32cubemx\thirdparties\pdsc\STMicroelectronics.X-CUBE-DPower.1.2.0.pdsc: PDSC version is not supported
2024-07-29 16:04:39,171 [WARN] PackLoader:240 - Cannot read IP mode file for STMicroelectronics.X-CUBE-NFC4.2.0.5
2024-07-29 16:04:39,199 [WARN] PackLoader:240 - Cannot read IP mode file for STMicroelectronics.X-CUBE-AI.9.0.0
2024-07-29 16:04:39,248 [WARN] ConditionMgr:438 - getConditionDescription Invalid condition id : UX DEVICE CLASS RTOS Condition cause : null
2024-07-29 16:04:39,248 [WARN] ConditionMgr:438 - getConditionDescription Invalid condition id : UX DEVICE CLASS RTOS Condition cause : null
2024-07-29 16:04:39,252 [WARN] PackLoader:240 - Cannot read IP mode file for STMicroelectronics.X-CUBE-AZRTOS-H7.3.1.0
2024-07-29 16:04:39,254 [WARN] ConditionMgr:1039 - genDependencies : Invalid condition id : UX DEVICE CLASS RTOS Condition cause : null
2024-07-29 16:04:39,254 [WARN] ConditionMgr:1039 - genDependencies : Invalid condition id : UX DEVICE CLASS RTOS Condition cause : null
2024-07-29 16:04:39,255 [WARN] ConditionMgr:1039 - genDependencies : Invalid condition id : UX DEVICE CLASS RTOS Condition cause : null
2024-07-29 16:04:39,255 [WARN] ConditionMgr:1039 - genDependencies : Invalid condition id : UX DEVICE CLASS RTOS Condition cause : null
2024-07-29 16:04:39,255 [WARN] ConditionMgr:1039 - genDependencies : Invalid condition id : UX DEVICE CLASS RTOS Condition cause : null
2024-07-29 16:04:39,400 [WARN] PackLoader:240 - Cannot read IP mode file for wolfSSL.I-CUBE-wolfSSL.5.5.3
2024-07-29 16:04:39,459 [WARN] PackLoader:240 - Cannot read IP mode file for STMicroelectronics.X-CUBE-NFC7.1.0.1
2024-07-29 16:04:39,488 [WARN] PackLoader:240 - Cannot read IP mode file for STMicroelectronics.X-CUBE-NFC7.1.0.0
2024-07-29 16:04:39,506 [WARN] PackLoader:240 - Cannot read IP mode file for wolfSSL.I-CUBE-wolfTPM.3.2.0
2024-07-29 16:04:39,543 [WARN] PackLoader:240 - Cannot read IP mode file for STMicroelectronics.X-CUBE-NFC6.3.0.0
2024-07-29 16:04:39,572 [WARN] PackLoader:240 - Cannot read IP mode file for STMicroelectronics.X-CUBE-EEPRMA1.4.1.0
2024-07-29 16:04:39,605 [WARN] PackLoader:240 - Cannot read IP mode file for STMicroelectronics.X-CUBE-AI.8.1.0
2024-07-29 16:04:39,696 [WARN] ConditionMgr:438 - getConditionDescription Invalid condition id : LAN8742 Phy interface Condition cause : null
2024-07-29 16:04:39,697 [WARN] PackLoader:240 - Cannot read IP mode file for STMicroelectronics.X-CUBE-AZRTOS-L4.2.0.0
2024-07-29 16:04:39,698 [WARN] ConditionMgr:1039 - genDependencies : Invalid condition id : LAN8742 Phy interface Condition cause : null
2024-07-29 16:04:39,699 [WARN] ConditionMgr:1039 - genDependencies : Invalid condition id : LAN8742 Phy interface Condition cause : null
2024-07-29 16:04:39,699 [WARN] ConditionMgr:1039 - genDependencies : Invalid condition id : LAN8742 Phy interface Condition cause : null
2024-07-29 16:04:39,748 [WARN] PackLoader:240 - Cannot read IP mode file for STMicroelectronics.X-CUBE-SFXS2LP1.4.0.0
2024-07-29 16:04:39,811 [WARN] PackLoader:240 - Cannot read IP mode file for STMicroelectronics.X-CUBE-AZRTOS-H7.3.0.0
2024-07-29 16:04:39,851 [WARN] PackLoader:240 - Cannot read IP mode file for STMicroelectronics.X-CUBE-ISPU.1.1.0
2024-07-29 16:04:39,884 [WARN] PackLoader:240 - Cannot read IP mode file for RoweBots.I-CUBE-UNISONRTOS.5.5.0-4
2024-07-29 16:04:39,924 [WARN] PackLoader:240 - Cannot read IP mode file for STMicroelectronics.X-CUBE-AI.8.0.0
2024-07-29 16:04:39,987 [WARN] ConditionMgr:438 - getConditionDescription Invalid condition id : UX DEVICE CLASS RTOS Condition cause : null
2024-07-29 16:04:39,987 [WARN] ConditionMgr:438 - getConditionDescription Invalid condition id : UX DEVICE CLASS RTOS Condition cause : null
2024-07-29 16:04:39,990 [WARN] PackLoader:240 - Cannot read IP mode file for STMicroelectronics.X-CUBE-AZRTOS-WB.2.0.0
2024-07-29 16:04:39,992 [WARN] ConditionMgr:1039 - genDependencies : Invalid condition id : UX DEVICE CLASS RTOS Condition cause : null
2024-07-29 16:04:39,992 [WARN] ConditionMgr:1039 - genDependencies : Invalid condition id : UX DEVICE CLASS RTOS Condition cause : null
2024-07-29 16:04:39,993 [WARN] ConditionMgr:1039 - genDependencies : Invalid condition id : UX DEVICE CLASS RTOS Condition cause : null
2024-07-29 16:04:39,993 [WARN] ConditionMgr:1039 - genDependencies : Invalid condition id : UX DEVICE CLASS RTOS Condition cause : null
2024-07-29 16:04:39,993 [WARN] ConditionMgr:1039 - genDependencies : Invalid condition id : UX DEVICE CLASS RTOS Condition cause : null
2024-07-29 16:04:40,098 [WARN] PackLoader:240 - Cannot read IP mode file for STMicroelectronics.X-CUBE-FREERTOS.1.0.0
2024-07-29 16:04:40,142 [WARN] PackLoader:240 - Cannot read IP mode file for STMicroelectronics.X-CUBE-FREERTOS.1.0.1
2024-07-29 16:04:40,181 [ERROR] Engine:466 - C:\Users\PC\.stm32cubemx\thirdparties\pdsc\STMicroelectronics.FP-SNS-STBOX1.2.0.0.pdsc: PDSC version is not supported
2024-07-29 16:04:40,230 [WARN] PackLoader:240 - Cannot read IP mode file for STMicroelectronics.X-CUBE-AZRTOS-L5.1.1.0
2024-07-29 16:04:40,272 [WARN] PackLoader:240 - Cannot read IP mode file for STMicroelectronics.X-CUBE-AI.8.0.1
2024-07-29 16:04:40,330 [WARN] PackLoader:240 - Cannot read IP mode file for STMicroelectronics.X-CUBE-SUBG2.5.0.0
2024-07-29 16:04:40,355 [WARN] PackLoader:240 - Cannot read IP mode file for Cesanta.I-CUBE-Mongoose.7.13.0
2024-07-29 16:04:40,439 [WARN] PackLoader:240 - Cannot read IP mode file for STMicroelectronics.X-CUBE-TOF1.3.3.1
2024-07-29 16:04:40,506 [WARN] PackLoader:240 - Cannot read IP mode file for STMicroelectronics.X-CUBE-AZRTOS-G4.2.0.0
2024-07-29 16:04:40,559 [WARN] PackLoader:240 - Cannot read IP mode file for STMicroelectronics.X-CUBE-TOF1.3.3.0
2024-07-29 16:04:40,609 [WARN] PackLoader:240 - Cannot read IP mode file for STMicroelectronics.FP-ATR-ASTRA1.1.1.1
2024-07-29 16:04:40,682 [WARN] PackLoader:240 - Cannot read IP mode file for Infineon.AIROC-Wi-Fi-Bluetooth-STM32.1.5.1
2024-07-29 16:04:40,749 [WARN] PackLoader:240 - Cannot read IP mode file for STMicroelectronics.FP-SNS-MOTENVWB1.1.3.0
2024-07-29 16:04:40,794 [WARN] PackLoader:240 - Cannot read IP mode file for STMicroelectronics.FP-SNS-MOTENVWB1.1.3.1
2024-07-29 16:04:40,875 [WARN] PackLoader:240 - Cannot read IP mode file for STMicroelectronics.X-CUBE-AZRTOS-G4.1.0.0
2024-07-29 16:04:40,968 [WARN] PackLoader:240 - Cannot read IP mode file for STMicroelectronics.X-CUBE-AZRTOS-L4.1.0.0
2024-07-29 16:04:41,013 [WARN] PackLoader:240 - Cannot read IP mode file for STMicroelectronics.X-CUBE-ISPU.2.0.0
2024-07-29 16:04:41,091 [WARN] PackLoader:240 - Cannot read IP mode file for STMicroelectronics.X-CUBE-ALS.1.0.2
2024-07-29 16:04:41,204 [WARN] PackLoader:240 - Cannot read IP mode file for STMicroelectronics.X-CUBE-MEMS1.10.0.0
2024-07-29 16:04:41,516 [WARN] PackLoader:240 - Cannot read IP mode file for STMicroelectronics.X-CUBE-FREERTOS.1.1.0
2024-07-29 16:04:41,544 [WARN] PackLoader:240 - Cannot read IP mode file for STMicroelectronics.X-CUBE-TOUCHGFX.4.24.0
2024-07-29 16:04:42,615 [WARN] PackLoader:240 - Cannot read IP mode file for STMicroelectronics.X-CUBE-AZRTOS-WL.1.0.0
2024-07-29 16:04:42,657 [WARN] PackLoader:240 - Cannot read IP mode file for portGmbH.I-Cube-SoM-uGOAL.1.1.0
2024-07-29 16:04:42,695 [WARN] PackLoader:240 - Cannot read IP mode file for STMicroelectronics.X-CUBE-ALS.1.0.1
2024-07-29 16:04:42,778 [WARN] PackLoader:240 - Cannot read IP mode file for STMicroelectronics.X-CUBE-AZRTOS-WB.1.1.0
2024-07-29 16:04:42,874 [WARN] PackLoader:240 - Cannot read IP mode file for STMicroelectronics.X-CUBE-AZRTOS-H7RS.1.0.0
2024-07-29 16:04:42,899 [WARN] PackLoader:240 - Cannot read IP mode file for STMicroelectronics.FP-ATR-ASTRA1.2.0.0
2024-07-29 16:04:42,906 [ERROR] Engine:466 - C:\Users\PC\.stm32cubemx\thirdparties\pdsc\STMicroelectronics.X-CUBE-TOF1.3.4.2.pdsc: PDSC version is not supported
2024-07-29 16:04:43,070 [WARN] PackLoader:240 - Cannot read IP mode file for STMicroelectronics.X-CUBE-TOF1.3.4.0
2024-07-29 16:04:43,131 [WARN] PackLoader:240 - Cannot read IP mode file for STMicroelectronics.X-CUBE-TOF1.3.4.1
2024-07-29 16:04:43,270 [WARN] PackLoader:240 - Cannot read IP mode file for STMicroelectronics.X-CUBE-AZRTOS-H7.3.2.0
2024-07-29 16:04:43,307 [WARN] PackLoader:240 - Cannot read IP mode file for wolfSSL.I-CUBE-wolfSSH.1.4.17
2024-07-29 16:04:43,308 [INFO] ThirdParty:978 - Integrity check success = true
2024-07-29 16:04:43,308 [INFO] IntegrityCheckThread:100 - exiting critical section [integrity check]
2024-07-29 16:04:43,308 [INFO] IntegrityCheckThread:103 - End integrity checks thread
2024-07-29 17:32:36,549 [ERROR] LogOutputStream:75 - [STDERR_REDIRECT] 
