2024-11-25 15:58:16,703 [INFO] Activator:176 - 


2024-11-25 15:58:16,710 [INFO] Activator:177 - !SESSION log4j initialized
2024-11-25 15:58:30,458 [INFO] LogOutputStream:77 - [STDOUT_REDIRECT] 
2024-11-25 15:58:36,175 [INFO] ApplicationProperties:184 - Using Application install path: F:\Program Files\STM32CubeIDE_1.13.2\STM32CubeIDE\plugins\com.st.stm32cube.common.mx_6.9.2.202309101412
2024-11-25 15:58:36,320 [INFO] DbMcusXml:78 - Set database path to: F:\Program Files\STM32CubeIDE_1.13.2\STM32CubeIDE\plugins\com.st.stm32cube.common.mx_6.9.2.202309101412\\db\/mcu/
2024-11-25 15:58:36,320 [INFO] ApiDb:274 - Set plugin database path to: F:\Program Files\STM32CubeIDE_1.13.2\STM32CubeIDE\plugins\com.st.stm32cube.common.mx_6.9.2.202309101412\\db\/plugins/boardmanager/
2024-11-25 15:58:36,321 [WARN] ApiDb:259 - Overriding images path with different value:  => F:\Program Files\STM32CubeIDE_1.13.2\STM32CubeIDE\plugins\com.st.stm32cube.common.mx_6.9.2.202309101412\\db\/plugins/mcufinder/images/
2024-11-25 15:58:36,454 [INFO] ApiDb:250 - Set database path to: C:\Users\PC\.stmcufinder\plugins\mcufinder//mcu/
2024-11-25 15:58:36,457 [INFO] DbMcusAds:125 - Set database path to: C:\Users\PC\.stmcufinder\plugins\mcufinder//mcu/
2024-11-25 15:58:36,461 [INFO] CrossReferenceDbSqlite:203 - Set database path to: C:\Users\PC\.stmcufinder\plugins\mcufinder//mcu/cs/
2024-11-25 15:58:37,170 [INFO] RulesReader:64 - Compatibility file has been processed (293 Rules)
2024-11-25 15:58:37,832 [INFO] DbMcusXml:78 - Set database path to: F:\Program Files\STM32CubeIDE_1.13.2\STM32CubeIDE\plugins\com.st.stm32cube.common.mx_6.9.2.202309101412\\db\/mcu/
2024-11-25 15:58:37,832 [INFO] ApiDb:274 - Set plugin database path to: F:\Program Files\STM32CubeIDE_1.13.2\STM32CubeIDE\plugins\com.st.stm32cube.common.mx_6.9.2.202309101412\\db\/plugins/boardmanager/
2024-11-25 15:58:37,833 [INFO] ApiDb:261 - Set plugin images path to: F:\Program Files\STM32CubeIDE_1.13.2\STM32CubeIDE\plugins\com.st.stm32cube.common.mx_6.9.2.202309101412\\db\/plugins/mcufinder/images/
2024-11-25 15:58:37,833 [WARN] DbFile:41 - Overriding database path with different value: C:\Users\PC\.stmcufinder\plugins\mcufinder/ => C:\Users\PC\.stmcufinder\plugins\mcufinder
2024-11-25 15:58:37,833 [INFO] ApiDb:250 - Set database path to: C:\Users\PC\.stmcufinder\plugins\mcufinder//mcu/
2024-11-25 15:58:37,833 [WARN] DbFile:41 - Overriding database path with different value: C:\Users\PC\.stmcufinder\plugins\mcufinder/ => C:\Users\PC\.stmcufinder\plugins\mcufinder
2024-11-25 15:58:37,833 [INFO] DbMcusAds:125 - Set database path to: C:\Users\PC\.stmcufinder\plugins\mcufinder//mcu/
2024-11-25 15:58:37,833 [WARN] DbFile:41 - Overriding database path with different value: C:\Users\PC\.stmcufinder\plugins\mcufinder/ => C:\Users\PC\.stmcufinder\plugins\mcufinder
2024-11-25 15:58:37,833 [WARN] DbFile:41 - Overriding database path with different value: C:\Users\PC\.stmcufinder\plugins\mcufinder/ => C:\Users\PC\.stmcufinder\plugins\mcufinder
2024-11-25 15:58:37,834 [INFO] CrossReferenceDbSqlite:203 - Set database path to: C:\Users\PC\.stmcufinder\plugins\mcufinder//mcu/cs/
2024-11-25 15:58:38,437 [INFO] MainPanel:262 - HeapMemory: 268435456
2024-11-25 15:58:39,602 [INFO] DbMcusXml:78 - Set database path to: F:\Program Files\STM32CubeIDE_1.13.2\STM32CubeIDE\plugins\com.st.stm32cube.common.mx_6.9.2.202309101412\\db\/mcu/
2024-11-25 15:58:39,602 [INFO] ApiDb:274 - Set plugin database path to: F:\Program Files\STM32CubeIDE_1.13.2\STM32CubeIDE\plugins\com.st.stm32cube.common.mx_6.9.2.202309101412\\db\/plugins/boardmanager/
2024-11-25 15:58:39,602 [INFO] ApiDb:261 - Set plugin images path to: F:\Program Files\STM32CubeIDE_1.13.2\STM32CubeIDE\plugins\com.st.stm32cube.common.mx_6.9.2.202309101412\\db\/plugins/mcufinder/images/
2024-11-25 15:58:39,619 [WARN] DbFile:41 - Overriding database path with different value: C:\Users\PC\.stmcufinder\plugins\mcufinder/ => C:\Users\PC\.stmcufinder\plugins\mcufinder
2024-11-25 15:58:39,619 [INFO] ApiDb:250 - Set database path to: C:\Users\PC\.stmcufinder\plugins\mcufinder//mcu/
2024-11-25 15:58:39,620 [WARN] DbFile:41 - Overriding database path with different value: C:\Users\PC\.stmcufinder\plugins\mcufinder/ => C:\Users\PC\.stmcufinder\plugins\mcufinder
2024-11-25 15:58:39,620 [INFO] DbMcusAds:125 - Set database path to: C:\Users\PC\.stmcufinder\plugins\mcufinder//mcu/
2024-11-25 15:58:39,620 [WARN] DbFile:41 - Overriding database path with different value: C:\Users\PC\.stmcufinder\plugins\mcufinder/ => C:\Users\PC\.stmcufinder\plugins\mcufinder
2024-11-25 15:58:39,620 [WARN] DbFile:41 - Overriding database path with different value: C:\Users\PC\.stmcufinder\plugins\mcufinder/ => C:\Users\PC\.stmcufinder\plugins\mcufinder
2024-11-25 15:58:39,620 [INFO] CrossReferenceDbSqlite:203 - Set database path to: C:\Users\PC\.stmcufinder\plugins\mcufinder//mcu/cs/
2024-11-25 15:58:39,811 [INFO] ApplicationProperties:184 - Using Application install path: F:\Program Files\STM32CubeIDE_1.13.2\STM32CubeIDE\plugins\com.st.stm32cube.common.mx_6.9.2.202309101412
2024-11-25 15:58:39,813 [INFO] PluginManage:196 - Search for loadable plugins [exclusion list=, ]
2024-11-25 15:58:39,823 [INFO] PluginManage:310 - Check plugin analytics
2024-11-25 15:58:40,314 [INFO] AnalyticsPlugin:253 - Accepted Software Licenses: 
2024-11-25 15:58:40,314 [INFO] AnalyticsPlugin:255 - Accepted CMSIS Pack Licenses: 
2024-11-25 15:58:40,315 [INFO] AnalyticsPlugin:257 - Accepted Firmware Licenses: 
2024-11-25 15:58:40,320 [INFO] PluginManage:359 - Loaded plugin analytics (category:tool,tabindex:-1)
2024-11-25 15:58:40,320 [INFO] PluginManage:310 - Check plugin cadmodel
2024-11-25 15:58:40,370 [INFO] CADModel:105 - Init CAD model plugin
2024-11-25 15:58:40,370 [INFO] PluginManage:359 - Loaded plugin cadmodel (category:power,tabindex:5)
2024-11-25 15:58:40,371 [INFO] PluginManage:310 - Check plugin clock
2024-11-25 15:58:40,426 [INFO] PluginManage:359 - Loaded plugin clock (category:base,tabindex:2)
2024-11-25 15:58:40,427 [INFO] PluginManage:310 - Check plugin ddr
2024-11-25 15:58:40,440 [INFO] PluginManage:359 - Loaded plugin ddr (category:tool,tabindex:6)
2024-11-25 15:58:40,440 [INFO] PluginManage:310 - Check plugin filemanager
2024-11-25 15:58:41,109 [INFO] PluginManage:359 - Loaded plugin filemanager (category:base,tabindex:10)
2024-11-25 15:58:41,110 [INFO] PluginManage:310 - Check plugin ipmanager
2024-11-25 15:58:41,134 [INFO] PluginManage:359 - Loaded plugin ipmanager (category:base,tabindex:5)
2024-11-25 15:58:41,134 [INFO] PluginManage:310 - Check plugin lpbam
2024-11-25 15:58:41,244 [INFO] PluginManage:359 - Loaded plugin lpbam (category:base,tabindex:0)
2024-11-25 15:58:41,244 [INFO] PluginManage:310 - Check plugin memorymap
2024-11-25 15:58:41,364 [INFO] PluginManage:359 - Loaded plugin memorymap (category:base,tabindex:4)
2024-11-25 15:58:41,364 [INFO] PluginManage:310 - Check plugin pinoutandconfiguration
2024-11-25 15:58:41,413 [INFO] PluginManage:359 - Loaded plugin pinoutandconfiguration (category:base,tabindex:1)
2024-11-25 15:58:41,414 [INFO] PluginManage:310 - Check plugin pinoutconfig
2024-11-25 15:58:41,636 [WARN] SupportedApi:132 - Cannot load RTOS API schema: s4s-elt-must-match.1: The content of 'definitions' must match (annotation?, (simpleType | complexType)?, (unique | key | keyref)*)). A problem was found starting at: attribute.
2024-11-25 15:58:42,254 [INFO] PluginManage:359 - Loaded plugin pinoutconfig (category:base,tabindex:0)
2024-11-25 15:58:42,255 [INFO] PluginManage:310 - Check plugin power
2024-11-25 15:58:42,359 [INFO] PluginManage:359 - Loaded plugin power (category:power,tabindex:4)
2024-11-25 15:58:42,359 [INFO] PluginManage:310 - Check plugin projectmanager
2024-11-25 15:58:42,394 [INFO] PluginManage:359 - Loaded plugin projectmanager (category:projectmanager,tabindex:3)
2024-11-25 15:58:42,394 [INFO] PluginManage:310 - Check plugin thirdparty
2024-11-25 15:58:43,068 [INFO] PluginManage:359 - Loaded plugin thirdparty (category:base,tabindex:-1)
2024-11-25 15:58:43,068 [WARN] IntegrityCheckThread:84 - waiting for thirdparty lock release [integrity check]
2024-11-25 15:58:43,068 [INFO] PluginManage:310 - Check plugin tools
2024-11-25 15:58:43,069 [INFO] IntegrityCheckThread:86 - entering critical section [integrity check]
2024-11-25 15:58:43,070 [INFO] ThirdPartyUpdaterWithRetryManager:70 - Updater plugin not ready yet. [1/15]
2024-11-25 15:58:43,083 [INFO] PluginManage:359 - Loaded plugin tools (category:base,tabindex:7)
2024-11-25 15:58:43,084 [INFO] PluginManage:310 - Check plugin tutovideos
2024-11-25 15:58:43,863 [INFO] PluginManage:359 - Loaded plugin tutovideos (category:base,tabindex:-1)
2024-11-25 15:58:43,865 [INFO] PluginManage:310 - Check plugin updater
2024-11-25 15:58:43,925 [INFO] PluginManage:359 - Loaded plugin updater (category:base,tabindex:12)
2024-11-25 15:58:43,925 [INFO] PluginManage:310 - Check plugin userauth
2024-11-25 15:58:43,979 [INFO] UserAuth:113 - Init User Auth plugin
2024-11-25 15:58:43,979 [INFO] PluginManage:359 - Loaded plugin userauth (category:base,tabindex:14)
2024-11-25 15:58:43,979 [INFO] PluginManage:283 - PluginManage : Loaded plugins [17]
2024-11-25 15:58:45,507 [INFO] PinOutPanel:1499 - setPackage(No Configuration,No Configuration)
2024-11-25 15:58:46,071 [INFO] ThirdPartyUpdaterWithRetryManager:70 - Updater plugin not ready yet. [2/15]
2024-11-25 15:58:46,164 [INFO] CADModel:165 - CPN selected for project level
2024-11-25 15:58:46,164 [INFO] CADModel:114 - Register for checkConnection events
2024-11-25 15:58:46,394 [INFO] IPUIPlugin:80 - create IPUIPlugin
2024-11-25 15:58:46,395 [INFO] PluginManager:220 - loadIPPluginJar : add adc
2024-11-25 15:58:46,417 [INFO] IPUIPlugin:80 - create IPUIPlugin
2024-11-25 15:58:46,417 [INFO] PluginManager:220 - loadIPPluginJar : add aes
2024-11-25 15:58:46,454 [INFO] IPUIPlugin:80 - create IPUIPlugin
2024-11-25 15:58:46,455 [INFO] PluginManager:220 - loadIPPluginJar : add can
2024-11-25 15:58:46,471 [INFO] IPUIPlugin:80 - create IPUIPlugin
2024-11-25 15:58:46,472 [INFO] PluginManager:220 - loadIPPluginJar : add comp
2024-11-25 15:58:46,496 [INFO] IPUIPlugin:80 - create IPUIPlugin
2024-11-25 15:58:46,496 [INFO] PluginManager:220 - loadIPPluginJar : add cryp
2024-11-25 15:58:46,508 [INFO] IPUIPlugin:80 - create IPUIPlugin
2024-11-25 15:58:46,508 [INFO] PluginManager:220 - loadIPPluginJar : add dfsdm
2024-11-25 15:58:46,534 [INFO] IPUIPlugin:80 - create IPUIPlugin
2024-11-25 15:58:46,535 [INFO] PluginManager:220 - loadIPPluginJar : add dma
2024-11-25 15:58:46,553 [INFO] IPUIPlugin:80 - create IPUIPlugin
2024-11-25 15:58:46,553 [INFO] PluginManager:220 - loadIPPluginJar : add dma3
2024-11-25 15:58:46,572 [INFO] IPUIPlugin:80 - create IPUIPlugin
2024-11-25 15:58:46,572 [INFO] PluginManager:220 - loadIPPluginJar : add fatfs
2024-11-25 15:58:46,592 [INFO] IPUIPlugin:80 - create IPUIPlugin
2024-11-25 15:58:46,592 [INFO] PluginManager:220 - loadIPPluginJar : add fmc
2024-11-25 15:58:46,731 [INFO] IPUIPlugin:80 - create IPUIPlugin
2024-11-25 15:58:46,731 [INFO] PluginManager:220 - loadIPPluginJar : add freertos
2024-11-25 15:58:46,776 [INFO] IPUIPlugin:80 - create IPUIPlugin
2024-11-25 15:58:46,776 [INFO] PluginManager:220 - loadIPPluginJar : add genericplugin
2024-11-25 15:58:46,867 [INFO] IPUIPlugin:80 - create IPUIPlugin
2024-11-25 15:58:46,867 [INFO] PluginManager:220 - loadIPPluginJar : add gfxmmu
2024-11-25 15:58:46,950 [INFO] IPUIPlugin:80 - create IPUIPlugin
2024-11-25 15:58:46,951 [INFO] PluginManager:220 - loadIPPluginJar : add gic
2024-11-25 15:58:47,015 [INFO] IPUIPlugin:80 - create IPUIPlugin
2024-11-25 15:58:47,015 [INFO] PluginManager:220 - loadIPPluginJar : add gpio
2024-11-25 15:58:47,059 [INFO] IPUIPlugin:80 - create IPUIPlugin
2024-11-25 15:58:47,059 [INFO] PluginManager:220 - loadIPPluginJar : add gtzc
2024-11-25 15:58:47,067 [INFO] IPUIPlugin:80 - create IPUIPlugin
2024-11-25 15:58:47,067 [INFO] PluginManager:220 - loadIPPluginJar : add hash
2024-11-25 15:58:47,102 [INFO] IPUIPlugin:80 - create IPUIPlugin
2024-11-25 15:58:47,102 [INFO] PluginManager:220 - loadIPPluginJar : add i2c
2024-11-25 15:58:47,185 [INFO] IPUIPlugin:80 - create IPUIPlugin
2024-11-25 15:58:47,185 [INFO] PluginManager:220 - loadIPPluginJar : add i2s
2024-11-25 15:58:47,216 [INFO] IPUIPlugin:80 - create IPUIPlugin
2024-11-25 15:58:47,216 [INFO] PluginManager:220 - loadIPPluginJar : add i3c
2024-11-25 15:58:47,231 [INFO] IPUIPlugin:80 - create IPUIPlugin
2024-11-25 15:58:47,231 [INFO] PluginManager:220 - loadIPPluginJar : add ipddr
2024-11-25 15:58:47,389 [INFO] IPUIPlugin:80 - create IPUIPlugin
2024-11-25 15:58:47,389 [INFO] PluginManager:220 - loadIPPluginJar : add linkedlist
2024-11-25 15:58:47,439 [INFO] IPUIPlugin:80 - create IPUIPlugin
2024-11-25 15:58:47,439 [INFO] PluginManager:220 - loadIPPluginJar : add lorawan
2024-11-25 15:58:47,463 [INFO] IPUIPlugin:80 - create IPUIPlugin
2024-11-25 15:58:47,463 [INFO] PluginManager:220 - loadIPPluginJar : add ltdc
2024-11-25 15:58:47,525 [INFO] IPUIPlugin:80 - create IPUIPlugin
2024-11-25 15:58:47,525 [INFO] PluginManager:220 - loadIPPluginJar : add mdma
2024-11-25 15:58:47,600 [INFO] IPUIPlugin:80 - create IPUIPlugin
2024-11-25 15:58:47,600 [INFO] PluginManager:220 - loadIPPluginJar : add nvic
2024-11-25 15:58:47,837 [INFO] IPUIPlugin:80 - create IPUIPlugin
2024-11-25 15:58:47,842 [INFO] PluginManager:220 - loadIPPluginJar : add opamp
2024-11-25 15:58:47,914 [INFO] IPUIPlugin:80 - create IPUIPlugin
2024-11-25 15:58:47,914 [INFO] PluginManager:220 - loadIPPluginJar : add openamp
2024-11-25 15:58:47,934 [INFO] IPUIPlugin:80 - create IPUIPlugin
2024-11-25 15:58:47,934 [INFO] PluginManager:220 - loadIPPluginJar : add pdm2pcm
2024-11-25 15:58:47,991 [INFO] IPUIPlugin:80 - create IPUIPlugin
2024-11-25 15:58:47,995 [INFO] PluginManager:220 - loadIPPluginJar : add plateformsettings
2024-11-25 15:58:48,017 [INFO] IPUIPlugin:80 - create IPUIPlugin
2024-11-25 15:58:48,017 [INFO] PluginManager:220 - loadIPPluginJar : add quadspi
2024-11-25 15:58:48,071 [INFO] IPUIPlugin:80 - create IPUIPlugin
2024-11-25 15:58:48,071 [INFO] PluginManager:220 - loadIPPluginJar : add resmgrutility
2024-11-25 15:58:48,083 [INFO] IPUIPlugin:80 - create IPUIPlugin
2024-11-25 15:58:48,083 [INFO] PluginManager:220 - loadIPPluginJar : add sai
2024-11-25 15:58:48,132 [INFO] IPUIPlugin:80 - create IPUIPlugin
2024-11-25 15:58:48,132 [INFO] PluginManager:220 - loadIPPluginJar : add spi
2024-11-25 15:58:48,175 [INFO] IPUIPlugin:80 - create IPUIPlugin
2024-11-25 15:58:48,175 [INFO] PluginManager:220 - loadIPPluginJar : add stm32_wpan
2024-11-25 15:58:48,210 [INFO] IPUIPlugin:80 - create IPUIPlugin
2024-11-25 15:58:48,210 [INFO] PluginManager:220 - loadIPPluginJar : add tim
2024-11-25 15:58:48,245 [INFO] IPUIPlugin:80 - create IPUIPlugin
2024-11-25 15:58:48,245 [INFO] PluginManager:220 - loadIPPluginJar : add touchsensing
2024-11-25 15:58:48,263 [INFO] IPUIPlugin:80 - create IPUIPlugin
2024-11-25 15:58:48,263 [INFO] PluginManager:220 - loadIPPluginJar : add tracer_emb
2024-11-25 15:58:48,273 [INFO] IPUIPlugin:80 - create IPUIPlugin
2024-11-25 15:58:48,273 [INFO] PluginManager:220 - loadIPPluginJar : add ts
2024-11-25 15:58:48,328 [INFO] IPUIPlugin:80 - create IPUIPlugin
2024-11-25 15:58:48,328 [INFO] PluginManager:220 - loadIPPluginJar : add tsc
2024-11-25 15:58:48,354 [INFO] IPUIPlugin:80 - create IPUIPlugin
2024-11-25 15:58:48,354 [INFO] PluginManager:220 - loadIPPluginJar : add ucpd
2024-11-25 15:58:48,430 [INFO] IPUIPlugin:80 - create IPUIPlugin
2024-11-25 15:58:48,431 [INFO] PluginManager:220 - loadIPPluginJar : add usart
2024-11-25 15:58:48,486 [INFO] IPUIPlugin:80 - create IPUIPlugin
2024-11-25 15:58:48,486 [INFO] PluginManager:220 - loadIPPluginJar : add usbx
2024-11-25 15:58:48,721 [INFO] CADModel:165 - CPN selected for project level
2024-11-25 15:58:48,722 [INFO] CADModel:114 - Register for checkConnection events
2024-11-25 15:58:48,722 [FATAL] Updater:308 - Updater called before beeing initialized
2024-11-25 15:58:48,722 [ERROR] CADModel:125 - Updater not yet initialized, retry later 
2024-11-25 15:58:49,073 [INFO] ThirdPartyUpdaterWithRetryManager:70 - Updater plugin not ready yet. [3/15]
2024-11-25 15:58:52,072 [INFO] CADModel:165 - CPN selected for project level
2024-11-25 15:58:52,072 [INFO] CADModel:114 - Register for checkConnection events
2024-11-25 15:58:52,072 [FATAL] Updater:308 - Updater called before beeing initialized
2024-11-25 15:58:52,072 [ERROR] CADModel:125 - Updater not yet initialized, retry later 
2024-11-25 15:58:52,093 [FATAL] Updater:308 - Updater called before beeing initialized
2024-11-25 15:58:52,094 [ERROR] IntegrityCheckThread:130 - Cannot retrieve database content from updater: error 21
2024-11-25 15:58:52,094 [INFO] ThirdParty:978 - Integrity check success = false
2024-11-25 15:58:52,094 [INFO] IntegrityCheckThread:100 - exiting critical section [integrity check]
2024-11-25 15:58:52,094 [INFO] IntegrityCheckThread:103 - End integrity checks thread
2024-11-25 15:58:52,153 [FATAL] Updater:308 - Updater called before beeing initialized
2024-11-25 15:58:52,809 [FATAL] Updater:308 - Updater called before beeing initialized
2024-11-25 15:58:52,828 [INFO] DbMcusAds:53 - JSON generation date=Fri Sep 20 08:04:38 PET 2024 (1726837478367)
2024-11-25 15:58:52,829 [FATAL] Updater:308 - Updater called before beeing initialized
2024-11-25 15:58:53,434 [WARN] DetailPanel:346 - Failed to get advertising image, set to default
2024-11-25 15:58:54,028 [FATAL] Updater:308 - Updater called before beeing initialized
2024-11-25 15:58:54,135 [FATAL] Updater:308 - Updater called before beeing initialized
2024-11-25 15:58:54,135 [FATAL] Updater:308 - Updater called before beeing initialized
2024-11-25 15:58:54,135 [WARN] DetailPanel:346 - Failed to get advertising image, set to default
2024-11-25 15:58:54,136 [FATAL] Updater:308 - Updater called before beeing initialized
2024-11-25 15:58:54,400 [ERROR] Updater:1120 - MainUpdater not yet initialized. External WinMGr cannot be set.
2024-11-25 15:58:54,444 [INFO] Updater:1056 - Updater Version found : 6.9.2
2024-11-25 15:58:54,735 [INFO] ApplicationProperties:184 - Using Application install path: F:\Program Files\STM32CubeIDE_1.13.2\STM32CubeIDE\plugins\com.st.stm32cube.common.mx_6.9.2.202309101412
2024-11-25 15:58:57,955 [INFO] MainUpdater:2868 - connection check result : 10
2024-11-25 15:58:57,955 [INFO] MainUpdater:3562 - Updater definition file requires update
2024-11-25 15:58:57,957 [INFO] MainUpdater:285 - Updater Check For Update Now.
2024-11-25 15:58:57,957 [INFO] MicroXplorer:498 - Change Database Version : DB.6.0.92
2024-11-25 15:58:58,665 [INFO] ServerAccessManage:473 - Download File updaters.zip
2024-11-25 15:58:58,720 [INFO] McuFinderGlobals:63 - Set McuFinder mode to 2 (CubeIDE integrated)
2024-11-25 15:58:58,885 [INFO] FileExtend:240 - Unzip File : updaters.zip
2024-11-25 15:58:58,886 [INFO] FileExtend:255 - Standard Zip Deflate
2024-11-25 15:59:02,596 [INFO] ServerAccessManage:473 - Download File PacksControlFlags.xml
2024-11-25 15:59:02,990 [INFO] ServerAccessManage:473 - Download File cubemx.pidx
2024-11-25 15:59:03,195 [ERROR] LogOutputStream:75 - [STDERR_REDIRECT] Nov 25, 2024 3:59:03 PM org.glassfish.grizzly.http.server.NetworkListener start
2024-11-25 15:59:03,196 [ERROR] LogOutputStream:75 - [STDERR_REDIRECT] INFO: Started listener bound to [localhost:1593]
2024-11-25 15:59:03,197 [ERROR] LogOutputStream:75 - [STDERR_REDIRECT] 
2024-11-25 15:59:03,199 [ERROR] LogOutputStream:75 - [STDERR_REDIRECT] Nov 25, 2024 3:59:03 PM org.glassfish.grizzly.http.server.HttpServer start
2024-11-25 15:59:03,200 [ERROR] LogOutputStream:75 - [STDERR_REDIRECT] INFO: [HttpServer] Started.
2024-11-25 15:59:03,200 [ERROR] LogOutputStream:75 - [STDERR_REDIRECT] 
2024-11-25 15:59:03,488 [INFO] LoadServerUpdatesThread:373 - End of LoadServerUpdate Thread
2024-11-25 15:59:03,778 [INFO] CheckServerUpdateThread:120 - End of CheckServer Thread
