2024-10-09 15:51:22,133 [INFO] Activator:176 - 


2024-10-09 15:51:22,141 [INFO] Activator:177 - !SESSION log4j initialized
2024-10-09 15:51:33,010 [INFO] LogOutputStream:77 - [STDOUT_REDIRECT] 
2024-10-09 15:51:40,323 [INFO] ApplicationProperties:184 - Using Application install path: F:\Program Files\STM32CubeIDE_1.13.2\STM32CubeIDE\plugins\com.st.stm32cube.common.mx_6.9.2.202309101412
2024-10-09 15:51:40,351 [INFO] DbMcusXml:78 - Set database path to: F:\Program Files\STM32CubeIDE_1.13.2\STM32CubeIDE\plugins\com.st.stm32cube.common.mx_6.9.2.202309101412\\db\/mcu/
2024-10-09 15:51:40,351 [INFO] ApiDb:274 - Set plugin database path to: F:\Program Files\STM32CubeIDE_1.13.2\STM32CubeIDE\plugins\com.st.stm32cube.common.mx_6.9.2.202309101412\\db\/plugins/boardmanager/
2024-10-09 15:51:40,352 [WARN] ApiDb:259 - Overriding images path with different value:  => F:\Program Files\STM32CubeIDE_1.13.2\STM32CubeIDE\plugins\com.st.stm32cube.common.mx_6.9.2.202309101412\\db\/plugins/mcufinder/images/
2024-10-09 15:51:40,376 [INFO] ApiDb:250 - Set database path to: C:\Users\PC\.stmcufinder\plugins\mcufinder//mcu/
2024-10-09 15:51:40,378 [INFO] DbMcusAds:125 - Set database path to: C:\Users\PC\.stmcufinder\plugins\mcufinder//mcu/
2024-10-09 15:51:40,380 [INFO] CrossReferenceDbSqlite:203 - Set database path to: C:\Users\PC\.stmcufinder\plugins\mcufinder//mcu/cs/
2024-10-09 15:51:40,548 [INFO] RulesReader:64 - Compatibility file has been processed (293 Rules)
2024-10-09 15:51:40,651 [INFO] DbMcusXml:78 - Set database path to: F:\Program Files\STM32CubeIDE_1.13.2\STM32CubeIDE\plugins\com.st.stm32cube.common.mx_6.9.2.202309101412\\db\/mcu/
2024-10-09 15:51:40,652 [INFO] ApiDb:274 - Set plugin database path to: F:\Program Files\STM32CubeIDE_1.13.2\STM32CubeIDE\plugins\com.st.stm32cube.common.mx_6.9.2.202309101412\\db\/plugins/boardmanager/
2024-10-09 15:51:40,652 [INFO] ApiDb:261 - Set plugin images path to: F:\Program Files\STM32CubeIDE_1.13.2\STM32CubeIDE\plugins\com.st.stm32cube.common.mx_6.9.2.202309101412\\db\/plugins/mcufinder/images/
2024-10-09 15:51:40,652 [WARN] DbFile:41 - Overriding database path with different value: C:\Users\PC\.stmcufinder\plugins\mcufinder/ => C:\Users\PC\.stmcufinder\plugins\mcufinder
2024-10-09 15:51:40,652 [INFO] ApiDb:250 - Set database path to: C:\Users\PC\.stmcufinder\plugins\mcufinder//mcu/
2024-10-09 15:51:40,653 [WARN] DbFile:41 - Overriding database path with different value: C:\Users\PC\.stmcufinder\plugins\mcufinder/ => C:\Users\PC\.stmcufinder\plugins\mcufinder
2024-10-09 15:51:40,653 [INFO] DbMcusAds:125 - Set database path to: C:\Users\PC\.stmcufinder\plugins\mcufinder//mcu/
2024-10-09 15:51:40,653 [WARN] DbFile:41 - Overriding database path with different value: C:\Users\PC\.stmcufinder\plugins\mcufinder/ => C:\Users\PC\.stmcufinder\plugins\mcufinder
2024-10-09 15:51:40,653 [WARN] DbFile:41 - Overriding database path with different value: C:\Users\PC\.stmcufinder\plugins\mcufinder/ => C:\Users\PC\.stmcufinder\plugins\mcufinder
2024-10-09 15:51:40,653 [INFO] CrossReferenceDbSqlite:203 - Set database path to: C:\Users\PC\.stmcufinder\plugins\mcufinder//mcu/cs/
2024-10-09 15:51:40,783 [INFO] MainPanel:262 - HeapMemory: 268435456
2024-10-09 15:51:40,937 [INFO] DbMcusXml:78 - Set database path to: F:\Program Files\STM32CubeIDE_1.13.2\STM32CubeIDE\plugins\com.st.stm32cube.common.mx_6.9.2.202309101412\\db\/mcu/
2024-10-09 15:51:40,937 [INFO] ApiDb:274 - Set plugin database path to: F:\Program Files\STM32CubeIDE_1.13.2\STM32CubeIDE\plugins\com.st.stm32cube.common.mx_6.9.2.202309101412\\db\/plugins/boardmanager/
2024-10-09 15:51:40,937 [INFO] ApiDb:261 - Set plugin images path to: F:\Program Files\STM32CubeIDE_1.13.2\STM32CubeIDE\plugins\com.st.stm32cube.common.mx_6.9.2.202309101412\\db\/plugins/mcufinder/images/
2024-10-09 15:51:40,938 [WARN] DbFile:41 - Overriding database path with different value: C:\Users\PC\.stmcufinder\plugins\mcufinder/ => C:\Users\PC\.stmcufinder\plugins\mcufinder
2024-10-09 15:51:40,938 [INFO] ApiDb:250 - Set database path to: C:\Users\PC\.stmcufinder\plugins\mcufinder//mcu/
2024-10-09 15:51:40,939 [WARN] DbFile:41 - Overriding database path with different value: C:\Users\PC\.stmcufinder\plugins\mcufinder/ => C:\Users\PC\.stmcufinder\plugins\mcufinder
2024-10-09 15:51:40,939 [INFO] DbMcusAds:125 - Set database path to: C:\Users\PC\.stmcufinder\plugins\mcufinder//mcu/
2024-10-09 15:51:40,939 [WARN] DbFile:41 - Overriding database path with different value: C:\Users\PC\.stmcufinder\plugins\mcufinder/ => C:\Users\PC\.stmcufinder\plugins\mcufinder
2024-10-09 15:51:40,939 [WARN] DbFile:41 - Overriding database path with different value: C:\Users\PC\.stmcufinder\plugins\mcufinder/ => C:\Users\PC\.stmcufinder\plugins\mcufinder
2024-10-09 15:51:40,939 [INFO] CrossReferenceDbSqlite:203 - Set database path to: C:\Users\PC\.stmcufinder\plugins\mcufinder//mcu/cs/
2024-10-09 15:51:40,969 [INFO] ApplicationProperties:184 - Using Application install path: F:\Program Files\STM32CubeIDE_1.13.2\STM32CubeIDE\plugins\com.st.stm32cube.common.mx_6.9.2.202309101412
2024-10-09 15:51:40,971 [INFO] PluginManage:196 - Search for loadable plugins [exclusion list=, ]
2024-10-09 15:51:40,973 [INFO] PluginManage:310 - Check plugin analytics
2024-10-09 15:51:45,788 [INFO] AnalyticsPlugin:253 - Accepted Software Licenses: 
2024-10-09 15:51:45,788 [INFO] AnalyticsPlugin:255 - Accepted CMSIS Pack Licenses: 
2024-10-09 15:51:45,789 [INFO] AnalyticsPlugin:257 - Accepted Firmware Licenses: 
2024-10-09 15:51:45,793 [INFO] PluginManage:359 - Loaded plugin analytics (category:tool,tabindex:-1)
2024-10-09 15:51:45,794 [INFO] PluginManage:310 - Check plugin cadmodel
2024-10-09 15:51:45,802 [INFO] CADModel:105 - Init CAD model plugin
2024-10-09 15:51:45,803 [INFO] PluginManage:359 - Loaded plugin cadmodel (category:power,tabindex:5)
2024-10-09 15:51:45,803 [INFO] PluginManage:310 - Check plugin clock
2024-10-09 15:51:45,820 [INFO] PluginManage:359 - Loaded plugin clock (category:base,tabindex:2)
2024-10-09 15:51:45,820 [INFO] PluginManage:310 - Check plugin ddr
2024-10-09 15:51:45,826 [INFO] PluginManage:359 - Loaded plugin ddr (category:tool,tabindex:6)
2024-10-09 15:51:45,826 [INFO] PluginManage:310 - Check plugin filemanager
2024-10-09 15:51:46,027 [INFO] PluginManage:359 - Loaded plugin filemanager (category:base,tabindex:10)
2024-10-09 15:51:46,028 [INFO] PluginManage:310 - Check plugin ipmanager
2024-10-09 15:51:46,038 [INFO] PluginManage:359 - Loaded plugin ipmanager (category:base,tabindex:5)
2024-10-09 15:51:46,038 [INFO] PluginManage:310 - Check plugin lpbam
2024-10-09 15:51:46,052 [INFO] PluginManage:359 - Loaded plugin lpbam (category:base,tabindex:0)
2024-10-09 15:51:46,052 [INFO] PluginManage:310 - Check plugin memorymap
2024-10-09 15:51:46,072 [INFO] PluginManage:359 - Loaded plugin memorymap (category:base,tabindex:4)
2024-10-09 15:51:46,073 [INFO] PluginManage:310 - Check plugin pinoutandconfiguration
2024-10-09 15:51:46,085 [INFO] PluginManage:359 - Loaded plugin pinoutandconfiguration (category:base,tabindex:1)
2024-10-09 15:51:46,085 [INFO] PluginManage:310 - Check plugin pinoutconfig
2024-10-09 15:51:46,225 [WARN] SupportedApi:132 - Cannot load RTOS API schema: s4s-elt-must-match.1: The content of 'definitions' must match (annotation?, (simpleType | complexType)?, (unique | key | keyref)*)). A problem was found starting at: attribute.
2024-10-09 15:51:46,451 [INFO] PluginManage:359 - Loaded plugin pinoutconfig (category:base,tabindex:0)
2024-10-09 15:51:46,452 [INFO] PluginManage:310 - Check plugin power
2024-10-09 15:51:46,469 [INFO] PluginManage:359 - Loaded plugin power (category:power,tabindex:4)
2024-10-09 15:51:46,469 [INFO] PluginManage:310 - Check plugin projectmanager
2024-10-09 15:51:46,492 [INFO] PluginManage:359 - Loaded plugin projectmanager (category:projectmanager,tabindex:3)
2024-10-09 15:51:46,492 [INFO] PluginManage:310 - Check plugin thirdparty
2024-10-09 15:51:46,726 [INFO] PluginManage:359 - Loaded plugin thirdparty (category:base,tabindex:-1)
2024-10-09 15:51:46,726 [INFO] PluginManage:310 - Check plugin tools
2024-10-09 15:51:46,728 [WARN] IntegrityCheckThread:84 - waiting for thirdparty lock release [integrity check]
2024-10-09 15:51:46,730 [INFO] IntegrityCheckThread:86 - entering critical section [integrity check]
2024-10-09 15:51:46,730 [INFO] ThirdPartyUpdaterWithRetryManager:70 - Updater plugin not ready yet. [1/15]
2024-10-09 15:51:46,731 [INFO] PluginManage:359 - Loaded plugin tools (category:base,tabindex:7)
2024-10-09 15:51:46,731 [INFO] PluginManage:310 - Check plugin tutovideos
2024-10-09 15:51:47,027 [INFO] PluginManage:359 - Loaded plugin tutovideos (category:base,tabindex:-1)
2024-10-09 15:51:47,027 [INFO] PluginManage:310 - Check plugin updater
2024-10-09 15:51:47,043 [INFO] PluginManage:359 - Loaded plugin updater (category:base,tabindex:12)
2024-10-09 15:51:47,043 [INFO] PluginManage:310 - Check plugin userauth
2024-10-09 15:51:47,051 [INFO] UserAuth:113 - Init User Auth plugin
2024-10-09 15:51:47,051 [INFO] PluginManage:359 - Loaded plugin userauth (category:base,tabindex:14)
2024-10-09 15:51:47,052 [INFO] PluginManage:283 - PluginManage : Loaded plugins [17]
2024-10-09 15:51:47,417 [INFO] PinOutPanel:1499 - setPackage(No Configuration,No Configuration)
2024-10-09 15:51:47,591 [INFO] CADModel:165 - CPN selected for project level
2024-10-09 15:51:47,592 [INFO] CADModel:114 - Register for checkConnection events
2024-10-09 15:51:47,618 [INFO] IPUIPlugin:80 - create IPUIPlugin
2024-10-09 15:51:47,618 [INFO] PluginManager:220 - loadIPPluginJar : add adc
2024-10-09 15:51:47,622 [INFO] IPUIPlugin:80 - create IPUIPlugin
2024-10-09 15:51:47,622 [INFO] PluginManager:220 - loadIPPluginJar : add aes
2024-10-09 15:51:47,625 [INFO] IPUIPlugin:80 - create IPUIPlugin
2024-10-09 15:51:47,626 [INFO] PluginManager:220 - loadIPPluginJar : add can
2024-10-09 15:51:47,629 [INFO] IPUIPlugin:80 - create IPUIPlugin
2024-10-09 15:51:47,629 [INFO] PluginManager:220 - loadIPPluginJar : add comp
2024-10-09 15:51:47,633 [INFO] IPUIPlugin:80 - create IPUIPlugin
2024-10-09 15:51:47,634 [INFO] PluginManager:220 - loadIPPluginJar : add cryp
2024-10-09 15:51:47,638 [INFO] IPUIPlugin:80 - create IPUIPlugin
2024-10-09 15:51:47,638 [INFO] PluginManager:220 - loadIPPluginJar : add dfsdm
2024-10-09 15:51:47,648 [INFO] IPUIPlugin:80 - create IPUIPlugin
2024-10-09 15:51:47,649 [INFO] PluginManager:220 - loadIPPluginJar : add dma
2024-10-09 15:51:47,653 [INFO] IPUIPlugin:80 - create IPUIPlugin
2024-10-09 15:51:47,653 [INFO] PluginManager:220 - loadIPPluginJar : add dma3
2024-10-09 15:51:47,656 [INFO] IPUIPlugin:80 - create IPUIPlugin
2024-10-09 15:51:47,656 [INFO] PluginManager:220 - loadIPPluginJar : add fatfs
2024-10-09 15:51:47,664 [INFO] IPUIPlugin:80 - create IPUIPlugin
2024-10-09 15:51:47,664 [INFO] PluginManager:220 - loadIPPluginJar : add fmc
2024-10-09 15:51:47,673 [INFO] IPUIPlugin:80 - create IPUIPlugin
2024-10-09 15:51:47,674 [INFO] PluginManager:220 - loadIPPluginJar : add freertos
2024-10-09 15:51:47,677 [INFO] IPUIPlugin:80 - create IPUIPlugin
2024-10-09 15:51:47,677 [INFO] PluginManager:220 - loadIPPluginJar : add genericplugin
2024-10-09 15:51:47,681 [INFO] IPUIPlugin:80 - create IPUIPlugin
2024-10-09 15:51:47,681 [INFO] PluginManager:220 - loadIPPluginJar : add gfxmmu
2024-10-09 15:51:47,688 [INFO] IPUIPlugin:80 - create IPUIPlugin
2024-10-09 15:51:47,689 [INFO] PluginManager:220 - loadIPPluginJar : add gic
2024-10-09 15:51:47,696 [INFO] IPUIPlugin:80 - create IPUIPlugin
2024-10-09 15:51:47,696 [INFO] PluginManager:220 - loadIPPluginJar : add gpio
2024-10-09 15:51:47,700 [INFO] IPUIPlugin:80 - create IPUIPlugin
2024-10-09 15:51:47,700 [INFO] PluginManager:220 - loadIPPluginJar : add gtzc
2024-10-09 15:51:47,703 [INFO] IPUIPlugin:80 - create IPUIPlugin
2024-10-09 15:51:47,703 [INFO] PluginManager:220 - loadIPPluginJar : add hash
2024-10-09 15:51:47,707 [INFO] IPUIPlugin:80 - create IPUIPlugin
2024-10-09 15:51:47,708 [INFO] PluginManager:220 - loadIPPluginJar : add i2c
2024-10-09 15:51:47,711 [INFO] IPUIPlugin:80 - create IPUIPlugin
2024-10-09 15:51:47,711 [INFO] PluginManager:220 - loadIPPluginJar : add i2s
2024-10-09 15:51:47,715 [INFO] IPUIPlugin:80 - create IPUIPlugin
2024-10-09 15:51:47,715 [INFO] PluginManager:220 - loadIPPluginJar : add i3c
2024-10-09 15:51:47,720 [INFO] IPUIPlugin:80 - create IPUIPlugin
2024-10-09 15:51:47,720 [INFO] PluginManager:220 - loadIPPluginJar : add ipddr
2024-10-09 15:51:47,731 [INFO] IPUIPlugin:80 - create IPUIPlugin
2024-10-09 15:51:47,731 [INFO] PluginManager:220 - loadIPPluginJar : add linkedlist
2024-10-09 15:51:47,735 [INFO] IPUIPlugin:80 - create IPUIPlugin
2024-10-09 15:51:47,735 [INFO] PluginManager:220 - loadIPPluginJar : add lorawan
2024-10-09 15:51:47,737 [INFO] IPUIPlugin:80 - create IPUIPlugin
2024-10-09 15:51:47,737 [INFO] PluginManager:220 - loadIPPluginJar : add ltdc
2024-10-09 15:51:47,747 [INFO] IPUIPlugin:80 - create IPUIPlugin
2024-10-09 15:51:47,747 [INFO] PluginManager:220 - loadIPPluginJar : add mdma
2024-10-09 15:51:47,752 [INFO] IPUIPlugin:80 - create IPUIPlugin
2024-10-09 15:51:47,753 [INFO] PluginManager:220 - loadIPPluginJar : add nvic
2024-10-09 15:51:47,757 [INFO] IPUIPlugin:80 - create IPUIPlugin
2024-10-09 15:51:47,757 [INFO] PluginManager:220 - loadIPPluginJar : add opamp
2024-10-09 15:51:47,761 [INFO] IPUIPlugin:80 - create IPUIPlugin
2024-10-09 15:51:47,761 [INFO] PluginManager:220 - loadIPPluginJar : add openamp
2024-10-09 15:51:47,766 [INFO] IPUIPlugin:80 - create IPUIPlugin
2024-10-09 15:51:47,766 [INFO] PluginManager:220 - loadIPPluginJar : add pdm2pcm
2024-10-09 15:51:47,776 [INFO] IPUIPlugin:80 - create IPUIPlugin
2024-10-09 15:51:47,780 [INFO] PluginManager:220 - loadIPPluginJar : add plateformsettings
2024-10-09 15:51:47,783 [INFO] IPUIPlugin:80 - create IPUIPlugin
2024-10-09 15:51:47,783 [INFO] PluginManager:220 - loadIPPluginJar : add quadspi
2024-10-09 15:51:47,788 [INFO] IPUIPlugin:80 - create IPUIPlugin
2024-10-09 15:51:47,788 [INFO] PluginManager:220 - loadIPPluginJar : add resmgrutility
2024-10-09 15:51:47,792 [INFO] IPUIPlugin:80 - create IPUIPlugin
2024-10-09 15:51:47,792 [INFO] PluginManager:220 - loadIPPluginJar : add sai
2024-10-09 15:51:47,796 [INFO] IPUIPlugin:80 - create IPUIPlugin
2024-10-09 15:51:47,796 [INFO] PluginManager:220 - loadIPPluginJar : add spi
2024-10-09 15:51:47,803 [INFO] IPUIPlugin:80 - create IPUIPlugin
2024-10-09 15:51:47,803 [INFO] PluginManager:220 - loadIPPluginJar : add stm32_wpan
2024-10-09 15:51:47,807 [INFO] IPUIPlugin:80 - create IPUIPlugin
2024-10-09 15:51:47,807 [INFO] PluginManager:220 - loadIPPluginJar : add tim
2024-10-09 15:51:47,812 [INFO] IPUIPlugin:80 - create IPUIPlugin
2024-10-09 15:51:47,812 [INFO] PluginManager:220 - loadIPPluginJar : add touchsensing
2024-10-09 15:51:47,815 [INFO] IPUIPlugin:80 - create IPUIPlugin
2024-10-09 15:51:47,815 [INFO] PluginManager:220 - loadIPPluginJar : add tracer_emb
2024-10-09 15:51:47,818 [INFO] IPUIPlugin:80 - create IPUIPlugin
2024-10-09 15:51:47,818 [INFO] PluginManager:220 - loadIPPluginJar : add ts
2024-10-09 15:51:47,821 [INFO] IPUIPlugin:80 - create IPUIPlugin
2024-10-09 15:51:47,821 [INFO] PluginManager:220 - loadIPPluginJar : add tsc
2024-10-09 15:51:47,824 [INFO] IPUIPlugin:80 - create IPUIPlugin
2024-10-09 15:51:47,824 [INFO] PluginManager:220 - loadIPPluginJar : add ucpd
2024-10-09 15:51:47,828 [INFO] IPUIPlugin:80 - create IPUIPlugin
2024-10-09 15:51:47,828 [INFO] PluginManager:220 - loadIPPluginJar : add usart
2024-10-09 15:51:47,833 [INFO] IPUIPlugin:80 - create IPUIPlugin
2024-10-09 15:51:47,833 [INFO] PluginManager:220 - loadIPPluginJar : add usbx
2024-10-09 15:51:47,982 [INFO] CADModel:165 - CPN selected for project level
2024-10-09 15:51:47,983 [INFO] CADModel:114 - Register for checkConnection events
2024-10-09 15:51:47,983 [FATAL] Updater:308 - Updater called before beeing initialized
2024-10-09 15:51:47,983 [ERROR] CADModel:125 - Updater not yet initialized, retry later 
2024-10-09 15:51:48,233 [INFO] CADModel:165 - CPN selected for project level
2024-10-09 15:51:48,233 [INFO] CADModel:114 - Register for checkConnection events
2024-10-09 15:51:48,234 [FATAL] Updater:308 - Updater called before beeing initialized
2024-10-09 15:51:48,234 [ERROR] CADModel:125 - Updater not yet initialized, retry later 
2024-10-09 15:51:48,240 [FATAL] Updater:308 - Updater called before beeing initialized
2024-10-09 15:51:48,538 [FATAL] Updater:308 - Updater called before beeing initialized
2024-10-09 15:51:48,572 [INFO] DbMcusAds:53 - JSON generation date=Thu May 16 04:22:00 PET 2024 (1715851320667)
2024-10-09 15:51:48,572 [FATAL] Updater:308 - Updater called before beeing initialized
2024-10-09 15:51:48,642 [WARN] DetailPanel:346 - Failed to get advertising image, set to default
2024-10-09 15:51:48,798 [FATAL] Updater:308 - Updater called before beeing initialized
2024-10-09 15:51:48,801 [FATAL] Updater:308 - Updater called before beeing initialized
2024-10-09 15:51:48,801 [FATAL] Updater:308 - Updater called before beeing initialized
2024-10-09 15:51:48,802 [WARN] DetailPanel:346 - Failed to get advertising image, set to default
2024-10-09 15:51:48,803 [FATAL] Updater:308 - Updater called before beeing initialized
2024-10-09 15:51:48,865 [ERROR] Updater:1120 - MainUpdater not yet initialized. External WinMGr cannot be set.
2024-10-09 15:51:48,869 [INFO] Updater:1056 - Updater Version found : 6.9.2
2024-10-09 15:51:48,893 [INFO] ApplicationProperties:184 - Using Application install path: F:\Program Files\STM32CubeIDE_1.13.2\STM32CubeIDE\plugins\com.st.stm32cube.common.mx_6.9.2.202309101412
2024-10-09 15:51:49,733 [INFO] ThirdPartyUpdaterWithRetryManager:70 - Updater plugin not ready yet. [2/15]
2024-10-09 15:51:50,303 [INFO] MainUpdater:2868 - connection check result : 10
2024-10-09 15:51:50,304 [INFO] MainUpdater:3562 - Updater definition file requires update
2024-10-09 15:51:50,308 [INFO] MainUpdater:285 - Updater Check For Update Now.
2024-10-09 15:51:50,309 [INFO] MicroXplorer:498 - Change Database Version : DB.6.0.92
2024-10-09 15:51:50,325 [INFO] McuFinderGlobals:63 - Set McuFinder mode to 2 (CubeIDE integrated)
2024-10-09 15:51:50,444 [INFO] ServerAccessManage:473 - Download File updaters.zip
2024-10-09 15:51:50,817 [INFO] FileExtend:240 - Unzip File : updaters.zip
2024-10-09 15:51:50,817 [INFO] FileExtend:255 - Standard Zip Deflate
2024-10-09 15:51:50,845 [ERROR] LogOutputStream:75 - [STDERR_REDIRECT] Oct 09, 2024 3:51:50 PM org.glassfish.grizzly.http.server.NetworkListener start
2024-10-09 15:51:50,847 [ERROR] LogOutputStream:75 - [STDERR_REDIRECT] INFO: Started listener bound to [localhost:1596]
2024-10-09 15:51:50,847 [ERROR] LogOutputStream:75 - [STDERR_REDIRECT] 
2024-10-09 15:51:50,852 [ERROR] LogOutputStream:75 - [STDERR_REDIRECT] Oct 09, 2024 3:51:50 PM org.glassfish.grizzly.http.server.HttpServer start
2024-10-09 15:51:50,885 [ERROR] LogOutputStream:75 - [STDERR_REDIRECT] INFO: [HttpServer] Started.
2024-10-09 15:51:50,885 [ERROR] LogOutputStream:75 - [STDERR_REDIRECT] 
2024-10-09 15:51:51,585 [INFO] ServerAccessManage:473 - Download File PacksControlFlags.xml
2024-10-09 15:51:51,902 [INFO] ServerAccessManage:473 - Download File cubemx.pidx
2024-10-09 15:51:52,743 [WARN] MainUpdater:1189 - Updater busy. Cannot search thirdparties
2024-10-09 15:51:52,743 [INFO] ThirdPartyUpdaterWithRetryManager:96 - Updater plugin is busy. [1/15]
2024-10-09 15:51:52,947 [INFO] ServerAccessManage:473 - Download File STMicroelectronics.X-CUBE-AI.pdsc
2024-10-09 15:51:55,745 [WARN] MainUpdater:1189 - Updater busy. Cannot search thirdparties
2024-10-09 15:51:55,745 [INFO] ThirdPartyUpdaterWithRetryManager:96 - Updater plugin is busy. [2/15]
2024-10-09 15:51:57,805 [INFO] ServerAccessManage:473 - Download File STMicroelectronics.X-CUBE-ISPU.pdsc
2024-10-09 15:51:58,746 [WARN] MainUpdater:1189 - Updater busy. Cannot search thirdparties
2024-10-09 15:51:58,746 [INFO] ThirdPartyUpdaterWithRetryManager:96 - Updater plugin is busy. [3/15]
2024-10-09 15:52:01,210 [INFO] ServerAccessManage:473 - Download File STMicroelectronics.X-CUBE-IPS.pdsc
2024-10-09 15:52:01,749 [WARN] MainUpdater:1189 - Updater busy. Cannot search thirdparties
2024-10-09 15:52:01,749 [INFO] ThirdPartyUpdaterWithRetryManager:96 - Updater plugin is busy. [4/15]
2024-10-09 15:52:02,462 [INFO] ServerAccessManage:473 - Download File STMicroelectronics.X-CUBE-NFC9.pdsc
2024-10-09 15:52:04,074 [INFO] ServerAccessManage:473 - Download File STMicroelectronics.X-CUBE-NFC10.pdsc
2024-10-09 15:52:04,751 [WARN] MainUpdater:1189 - Updater busy. Cannot search thirdparties
2024-10-09 15:52:04,752 [INFO] ThirdPartyUpdaterWithRetryManager:96 - Updater plugin is busy. [5/15]
2024-10-09 15:52:05,967 [INFO] ServerAccessManage:473 - Download File STMicroelectronics.X-CUBE-TOUCHGFX.pdsc
2024-10-09 15:52:07,753 [WARN] MainUpdater:1189 - Updater busy. Cannot search thirdparties
2024-10-09 15:52:07,753 [INFO] ThirdPartyUpdaterWithRetryManager:96 - Updater plugin is busy. [6/15]
2024-10-09 15:52:10,755 [WARN] MainUpdater:1189 - Updater busy. Cannot search thirdparties
2024-10-09 15:52:10,755 [INFO] ThirdPartyUpdaterWithRetryManager:96 - Updater plugin is busy. [7/15]
2024-10-09 15:52:13,756 [WARN] MainUpdater:1189 - Updater busy. Cannot search thirdparties
2024-10-09 15:52:13,756 [INFO] ThirdPartyUpdaterWithRetryManager:96 - Updater plugin is busy. [8/15]
2024-10-09 15:52:16,758 [WARN] MainUpdater:1189 - Updater busy. Cannot search thirdparties
2024-10-09 15:52:16,759 [INFO] ThirdPartyUpdaterWithRetryManager:96 - Updater plugin is busy. [9/15]
2024-10-09 15:52:19,762 [WARN] MainUpdater:1189 - Updater busy. Cannot search thirdparties
2024-10-09 15:52:19,762 [INFO] ThirdPartyUpdaterWithRetryManager:96 - Updater plugin is busy. [10/15]
2024-10-09 15:52:22,765 [WARN] MainUpdater:1189 - Updater busy. Cannot search thirdparties
2024-10-09 15:52:22,766 [INFO] ThirdPartyUpdaterWithRetryManager:96 - Updater plugin is busy. [11/15]
2024-10-09 15:52:24,490 [INFO] ServerAccessManage:473 - Download File STMicroelectronics.X-CUBE-WB05N.pdsc
2024-10-09 15:52:25,316 [WARN] PackLoader:240 - Cannot read IP mode file for STMicroelectronics.X-CUBE-AI.9.1.0
2024-10-09 15:52:25,332 [WARN] PackLoader:240 - Cannot read IP mode file for STMicroelectronics.X-CUBE-ISPU.2.1.0
2024-10-09 15:52:25,345 [WARN] PopulateThirdPartyThread:106 - Error when creating pack: C:/Users/PC/.stm32cubemx/thirdparties/pdsc/STMicroelectronics.X-CUBE-IPS.pdsc
2024-10-09 15:52:25,359 [WARN] PackLoader:240 - Cannot read IP mode file for STMicroelectronics.X-CUBE-NFC9.1.0.0
2024-10-09 15:52:25,385 [WARN] PackLoader:240 - Cannot read IP mode file for STMicroelectronics.X-CUBE-NFC10.1.0.0
2024-10-09 15:52:25,399 [WARN] PackLoader:240 - Cannot read IP mode file for STMicroelectronics.X-CUBE-TOUCHGFX.4.24.1
2024-10-09 15:52:25,409 [WARN] PackLoader:240 - Cannot read IP mode file for STMicroelectronics.X-CUBE-WB05N.1.1.0
2024-10-09 15:52:25,411 [INFO] PopulateThirdPartyThread:66 - Ending populate Thread
2024-10-09 15:52:25,412 [INFO] ThirdParty:1030 - CMSIS Pack Vendor :STMicroelectronics X-CUBE-NFC9 1.0.0
2024-10-09 15:52:25,412 [INFO] ThirdParty:1030 - CMSIS Pack Vendor :STMicroelectronics X-CUBE-AI 9.1.0
2024-10-09 15:52:25,412 [INFO] ThirdParty:1030 - CMSIS Pack Vendor :STMicroelectronics X-CUBE-NFC10 1.0.0
2024-10-09 15:52:25,413 [INFO] ThirdParty:1030 - CMSIS Pack Vendor :STMicroelectronics X-CUBE-TOUCHGFX 4.24.1
2024-10-09 15:52:25,413 [INFO] ThirdParty:1030 - CMSIS Pack Vendor :STMicroelectronics X-CUBE-WB05N 1.1.0
2024-10-09 15:52:25,413 [INFO] ThirdParty:1030 - CMSIS Pack Vendor :STMicroelectronics X-CUBE-ISPU 2.1.0
2024-10-09 15:52:25,413 [INFO] LoadServerUpdatesThread:373 - End of LoadServerUpdate Thread
2024-10-09 15:52:25,561 [INFO] CheckServerUpdateThread:120 - End of CheckServer Thread
2024-10-09 15:52:26,180 [WARN] PackLoader:240 - Cannot read IP mode file for STMicroelectronics.FP-SNS-MOTENVWB1.1.4.0
2024-10-09 15:52:26,204 [WARN] PackLoader:240 - Cannot read IP mode file for STMicroelectronics.X-CUBE-SMBUS.2.1.0
2024-10-09 15:52:26,212 [WARN] PackLoader:240 - Cannot read IP mode file for STMicroelectronics.X-CUBE-WB05N.1.1.0
2024-10-09 15:52:26,235 [WARN] PackLoader:240 - Cannot read IP mode file for STMicroelectronics.X-CUBE-TOUCHGFX.4.23.0
2024-10-09 15:52:26,252 [WARN] PackLoader:240 - Cannot read IP mode file for STMicroelectronics.X-CUBE-TOUCHGFX.4.23.2
2024-10-09 15:52:26,305 [WARN] PackLoader:240 - Cannot read IP mode file for STMicroelectronics.X-CUBE-AZRTOS-F7.1.1.0
2024-10-09 15:52:26,333 [ERROR] RealEvaluatedCondition:428 - Found unsupported composite condition: CLASS='Data Exchange' GROUP='STM32_MetaDataManager'
2024-10-09 15:52:26,333 [ERROR] RealEvaluatedCondition:428 - Found unsupported composite condition: GROUP='STM32_MetaDataManager' CLASS='Data Exchange'
2024-10-09 15:52:26,335 [WARN] PackLoader:240 - Cannot read IP mode file for STMicroelectronics.FP-SNS-MOTENV1.4.3.0
2024-10-09 15:52:26,357 [WARN] PackLoader:240 - Cannot read IP mode file for STMicroelectronics.FP-SNS-MOTENV1.4.3.2
2024-10-09 15:52:26,378 [WARN] PackLoader:240 - Cannot read IP mode file for STMicroelectronics.FP-SNS-FLIGHT1.5.0.0
2024-10-09 15:52:26,395 [ERROR] RealEvaluatedCondition:428 - Found unsupported composite condition: GROUP='STM32_MetaDataManager' CLASS='Data Exchange'
2024-10-09 15:52:26,395 [ERROR] RealEvaluatedCondition:428 - Found unsupported composite condition: CLASS='Data Exchange' GROUP='STM32_MetaDataManager'
2024-10-09 15:52:26,397 [WARN] PackLoader:240 - Cannot read IP mode file for STMicroelectronics.FP-SNS-MOTENV1.4.3.1
2024-10-09 15:52:26,416 [WARN] PackLoader:240 - Cannot read IP mode file for STMicroelectronics.FP-SNS-FLIGHT1.5.0.1
2024-10-09 15:52:26,520 [WARN] PackLoader:240 - Cannot read IP mode file for STMicroelectronics.X-CUBE-MEMS1.11.0.0
2024-10-09 15:52:26,949 [WARN] PackLoader:240 - Cannot read IP mode file for STMicroelectronics.X-CUBE-BLE1.6.2.4
2024-10-09 15:52:26,964 [WARN] PackLoader:240 - Cannot read IP mode file for STMicroelectronics.FP-SNS-FLIGHT1.5.0.2
2024-10-09 15:52:27,035 [WARN] PackLoader:240 - Cannot read IP mode file for STMicroelectronics.X-CUBE-DISPLAY.3.0.0
2024-10-09 15:52:27,072 [WARN] PackLoader:240 - Cannot read IP mode file for STMicroelectronics.X-CUBE-BLE1.7.0.0
2024-10-09 15:52:27,087 [WARN] PackLoader:240 - Cannot read IP mode file for STMicroelectronics.X-CUBE-NFC10.1.0.0
2024-10-09 15:52:27,113 [WARN] PackLoader:240 - Cannot read IP mode file for STMicroelectronics.X-CUBE-TOUCHGFX.4.22.0
2024-10-09 15:52:27,132 [WARN] PackLoader:240 - Cannot read IP mode file for STMicroelectronics.X-CUBE-TOUCHGFX.4.22.1
2024-10-09 15:52:27,185 [WARN] PackLoader:240 - Cannot read IP mode file for STMicroelectronics.X-CUBE-BLEMGR.3.1.0
2024-10-09 15:52:27,211 [WARN] PackLoader:240 - Cannot read IP mode file for STMicroelectronics.FP-SNS-SMARTAG2.1.2.0
2024-10-09 15:52:27,248 [INFO] LogOutputStream:77 - [STDOUT_REDIRECT] 1 : Invalid condition id : UX_CORESTACK_Condition cause : null
2024-10-09 15:52:27,249 [INFO] LogOutputStream:77 - [STDOUT_REDIRECT] 1 : Invalid condition id : UX_CORESTACK_Condition cause : null
2024-10-09 15:52:27,251 [INFO] LogOutputStream:77 - [STDOUT_REDIRECT] 1 : Invalid condition id : UX_CORESTACK_Condition cause : null
2024-10-09 15:52:27,253 [INFO] LogOutputStream:77 - [STDOUT_REDIRECT] 1 : Invalid condition id : UX_CORESTACK_Condition cause : null
2024-10-09 15:52:27,254 [INFO] LogOutputStream:77 - [STDOUT_REDIRECT] 1 : Invalid condition id : UX_CORESTACK_Condition cause : null
2024-10-09 15:52:27,266 [WARN] PackLoader:240 - Cannot read IP mode file for STMicroelectronics.X-CUBE-AZRTOS-WL.2.0.0
2024-10-09 15:52:27,302 [WARN] PackLoader:240 - Cannot read IP mode file for STMicroelectronics.FP-SNS-MOTENV1.5.0.0
2024-10-09 15:52:27,318 [WARN] PackLoader:240 - Cannot read IP mode file for wolfSSL.I-CUBE-wolfMQTT.1.19.0
2024-10-09 15:52:27,348 [WARN] PackLoader:240 - Cannot read IP mode file for WES.I-CUBE-Cesium.1.3.0
2024-10-09 15:52:27,389 [WARN] PackLoader:240 - Cannot read IP mode file for STMicroelectronics.X-CUBE-BLE2.3.3.0
2024-10-09 15:52:27,412 [WARN] PackLoader:240 - Cannot read IP mode file for STMicroelectronics.X-CUBE-DISPLAY.2.2.0
2024-10-09 15:52:27,448 [WARN] PackLoader:240 - Cannot read IP mode file for STMicroelectronics.X-CUBE-TOF1.3.2.0
2024-10-09 15:52:27,464 [WARN] PackLoader:240 - Cannot read IP mode file for STMicroelectronics.X-CUBE-NFC9.1.0.0
2024-10-09 15:52:27,490 [WARN] PackLoader:240 - Cannot read IP mode file for STMicroelectronics.X-CUBE-TCPP.4.1.0
2024-10-09 15:52:27,511 [WARN] PackLoader:240 - Cannot read IP mode file for STMicroelectronics.X-CUBE-TOUCHGFX.4.21.1
2024-10-09 15:52:27,530 [WARN] PackLoader:240 - Cannot read IP mode file for STMicroelectronics.X-CUBE-TOUCHGFX.4.21.0
2024-10-09 15:52:27,549 [WARN] PackLoader:240 - Cannot read IP mode file for STMicroelectronics.X-CUBE-TOUCHGFX.4.21.3
2024-10-09 15:52:27,567 [WARN] PackLoader:240 - Cannot read IP mode file for STMicroelectronics.X-CUBE-TOUCHGFX.4.21.4
2024-10-09 15:52:27,669 [WARN] PackLoader:240 - Cannot read IP mode file for STMicroelectronics.X-CUBE-MEMS1.9.4.0
2024-10-09 15:52:28,050 [WARN] PackLoader:240 - Cannot read IP mode file for STMicroelectronics.X-CUBE-AI.7.3.0
2024-10-09 15:52:28,142 [WARN] PackLoader:240 - Cannot read IP mode file for STMicroelectronics.X-CUBE-ALGOBUILD.1.3.0
2024-10-09 15:52:28,199 [WARN] PackLoader:240 - Cannot read IP mode file for STMicroelectronics.X-CUBE-AZRTOS-G0.1.1.0
2024-10-09 15:52:28,341 [WARN] PackLoader:240 - Cannot read IP mode file for STMicroelectronics.X-CUBE-SAFEA1.1.2.2
2024-10-09 15:52:28,373 [WARN] PackLoader:240 - Cannot read IP mode file for STMicroelectronics.X-CUBE-NFC4.3.0.0
2024-10-09 15:52:28,395 [ERROR] Engine:466 - C:\Users\PC\.stm32cubemx\thirdparties\pdsc\EmbeddedOffice.I-CUBE-FS-RTOS.1.0.1.pdsc: PDSC version is not supported
2024-10-09 15:52:28,423 [WARN] PackLoader:240 - Cannot read IP mode file for STMicroelectronics.X-CUBE-BLEMGR.3.0.0
2024-10-09 15:52:28,450 [WARN] PackLoader:240 - Cannot read IP mode file for STMicroelectronics.X-CUBE-BLEMGR.1.3.0
2024-10-09 15:52:28,472 [ERROR] Engine:466 - C:\Users\PC\.stm32cubemx\thirdparties\pdsc\RealThread.X-CUBE-RT-Thread_Nano.4.1.1.pdsc: PDSC version is not supported
2024-10-09 15:52:28,479 [WARN] PackLoader:240 - Cannot read IP mode file for STMicroelectronics.FP-ATR-SIGFOX1.3.2.0
2024-10-09 15:52:28,503 [WARN] PackLoader:240 - Cannot read IP mode file for STMicroelectronics.X-CUBE-EEPRMA1.5.1.0
2024-10-09 15:52:28,601 [WARN] PackLoader:240 - Cannot read IP mode file for STMicroelectronics.X-CUBE-MEMS1.9.5.0
2024-10-09 15:52:28,908 [WARN] PackLoader:240 - Cannot read IP mode file for SEGGER.I-CUBE-embOS.1.3.1
2024-10-09 15:52:28,976 [WARN] PackLoader:240 - Cannot read IP mode file for STMicroelectronics.X-CUBE-ALGOBUILD.1.4.0
2024-10-09 15:52:29,027 [WARN] PackLoader:240 - Cannot read IP mode file for SEGGER.I-CUBE-embOS.1.3.0
2024-10-09 15:52:29,071 [WARN] PackLoader:240 - Cannot read IP mode file for STMicroelectronics.X-CUBE-AI.9.1.0
2024-10-09 15:52:29,094 [WARN] PackLoader:240 - Cannot read IP mode file for STMicroelectronics.X-CUBE-GNSS1.6.0.0
2024-10-09 15:52:29,134 [WARN] PackLoader:240 - Cannot read IP mode file for STMicroelectronics.X-CUBE-AZRTOS-F4.1.1.0
2024-10-09 15:52:29,142 [WARN] PackLoader:240 - Cannot read IP mode file for STMicroelectronics.X-CUBE-ISPU.2.1.0
2024-10-09 15:52:29,163 [WARN] PackLoader:240 - Cannot read IP mode file for STMicroelectronics.X-CUBE-FREERTOS.1.2.0
2024-10-09 15:52:29,205 [WARN] PackLoader:240 - Cannot read IP mode file for STMicroelectronics.X-CUBE-AZRTOS-L5.2.0.0
2024-10-09 15:52:29,315 [WARN] PackLoader:240 - Cannot read IP mode file for STMicroelectronics.X-CUBE-MEMS1.9.6.0
2024-10-09 15:52:29,690 [WARN] PackLoader:240 - Cannot read IP mode file for STMicroelectronics.X-CUBE-EEPRMA1.4.2.0
2024-10-09 15:52:29,727 [WARN] PackLoader:240 - Cannot read IP mode file for STMicroelectronics.X-CUBE-NFC6.3.1.0
2024-10-09 15:52:29,755 [WARN] PackLoader:240 - Cannot read IP mode file for ITTIA_DB.I-CUBE-ITTIADB.8.8.0
2024-10-09 15:52:29,784 [WARN] PackLoader:240 - Cannot read IP mode file for emotas.I-CUBE-CANOPEN.1.1.3
2024-10-09 15:52:29,817 [WARN] PackLoader:240 - Cannot read IP mode file for STMicroelectronics.X-CUBE-BLEMGR.2.0.0
2024-10-09 15:52:29,836 [ERROR] Engine:466 - C:\Users\PC\.stm32cubemx\thirdparties\pdsc\STMicroelectronics.X-CUBE-DPower.1.2.0.pdsc: PDSC version is not supported
2024-10-09 15:52:29,858 [WARN] PackLoader:240 - Cannot read IP mode file for STMicroelectronics.X-CUBE-NFC4.2.0.5
2024-10-09 15:52:29,879 [WARN] PackLoader:240 - Cannot read IP mode file for STMicroelectronics.X-CUBE-AI.9.0.0
2024-10-09 15:52:29,924 [WARN] ConditionMgr:438 - getConditionDescription Invalid condition id : UX DEVICE CLASS RTOS Condition cause : null
2024-10-09 15:52:29,925 [WARN] ConditionMgr:438 - getConditionDescription Invalid condition id : UX DEVICE CLASS RTOS Condition cause : null
2024-10-09 15:52:29,928 [WARN] PackLoader:240 - Cannot read IP mode file for STMicroelectronics.X-CUBE-AZRTOS-H7.3.1.0
2024-10-09 15:52:29,931 [WARN] ConditionMgr:1039 - genDependencies : Invalid condition id : UX DEVICE CLASS RTOS Condition cause : null
2024-10-09 15:52:29,931 [WARN] ConditionMgr:1039 - genDependencies : Invalid condition id : UX DEVICE CLASS RTOS Condition cause : null
2024-10-09 15:52:29,932 [WARN] ConditionMgr:1039 - genDependencies : Invalid condition id : UX DEVICE CLASS RTOS Condition cause : null
2024-10-09 15:52:29,932 [WARN] ConditionMgr:1039 - genDependencies : Invalid condition id : UX DEVICE CLASS RTOS Condition cause : null
2024-10-09 15:52:29,932 [WARN] ConditionMgr:1039 - genDependencies : Invalid condition id : UX DEVICE CLASS RTOS Condition cause : null
2024-10-09 15:52:29,953 [WARN] PackLoader:240 - Cannot read IP mode file for wolfSSL.I-CUBE-wolfSSL.5.5.3
2024-10-09 15:52:29,976 [WARN] PackLoader:240 - Cannot read IP mode file for STMicroelectronics.X-CUBE-NFC7.1.0.1
2024-10-09 15:52:29,998 [WARN] PackLoader:240 - Cannot read IP mode file for STMicroelectronics.X-CUBE-NFC7.1.0.0
2024-10-09 15:52:30,004 [WARN] PackLoader:240 - Cannot read IP mode file for wolfSSL.I-CUBE-wolfTPM.3.2.0
2024-10-09 15:52:30,028 [WARN] PackLoader:240 - Cannot read IP mode file for STMicroelectronics.X-CUBE-NFC6.3.0.0
2024-10-09 15:52:30,050 [WARN] PackLoader:240 - Cannot read IP mode file for STMicroelectronics.X-CUBE-EEPRMA1.4.1.0
2024-10-09 15:52:30,071 [WARN] PackLoader:240 - Cannot read IP mode file for STMicroelectronics.X-CUBE-AI.8.1.0
2024-10-09 15:52:30,116 [WARN] ConditionMgr:438 - getConditionDescription Invalid condition id : LAN8742 Phy interface Condition cause : null
2024-10-09 15:52:30,117 [WARN] PackLoader:240 - Cannot read IP mode file for STMicroelectronics.X-CUBE-AZRTOS-L4.2.0.0
2024-10-09 15:52:30,119 [WARN] ConditionMgr:1039 - genDependencies : Invalid condition id : LAN8742 Phy interface Condition cause : null
2024-10-09 15:52:30,119 [WARN] ConditionMgr:1039 - genDependencies : Invalid condition id : LAN8742 Phy interface Condition cause : null
2024-10-09 15:52:30,120 [WARN] ConditionMgr:1039 - genDependencies : Invalid condition id : LAN8742 Phy interface Condition cause : null
2024-10-09 15:52:30,144 [WARN] PackLoader:240 - Cannot read IP mode file for STMicroelectronics.X-CUBE-SFXS2LP1.4.0.0
2024-10-09 15:52:30,199 [WARN] PackLoader:240 - Cannot read IP mode file for STMicroelectronics.X-CUBE-AZRTOS-H7.3.0.0
2024-10-09 15:52:30,221 [WARN] PackLoader:240 - Cannot read IP mode file for STMicroelectronics.X-CUBE-ISPU.1.1.0
2024-10-09 15:52:30,278 [WARN] PackLoader:240 - Cannot read IP mode file for STMicroelectronics.X-CUBE-AZRTOS-H7.3.3.0
2024-10-09 15:52:30,303 [WARN] PackLoader:240 - Cannot read IP mode file for RoweBots.I-CUBE-UNISONRTOS.5.5.0-4
2024-10-09 15:52:30,321 [WARN] PackLoader:240 - Cannot read IP mode file for STMicroelectronics.X-CUBE-AI.8.0.0
2024-10-09 15:52:30,325 [ERROR] Engine:466 - C:\Users\PC\.stm32cubemx\thirdparties\pdsc\STMicroelectronics.X-CUBE-IPS.3.0.0.pdsc: PDSC version is not supported
2024-10-09 15:52:30,363 [WARN] ConditionMgr:438 - getConditionDescription Invalid condition id : UX DEVICE CLASS RTOS Condition cause : null
2024-10-09 15:52:30,364 [WARN] ConditionMgr:438 - getConditionDescription Invalid condition id : UX DEVICE CLASS RTOS Condition cause : null
2024-10-09 15:52:30,366 [WARN] PackLoader:240 - Cannot read IP mode file for STMicroelectronics.X-CUBE-AZRTOS-WB.2.0.0
2024-10-09 15:52:30,367 [WARN] ConditionMgr:1039 - genDependencies : Invalid condition id : UX DEVICE CLASS RTOS Condition cause : null
2024-10-09 15:52:30,367 [WARN] ConditionMgr:1039 - genDependencies : Invalid condition id : UX DEVICE CLASS RTOS Condition cause : null
2024-10-09 15:52:30,367 [WARN] ConditionMgr:1039 - genDependencies : Invalid condition id : UX DEVICE CLASS RTOS Condition cause : null
2024-10-09 15:52:30,368 [WARN] ConditionMgr:1039 - genDependencies : Invalid condition id : UX DEVICE CLASS RTOS Condition cause : null
2024-10-09 15:52:30,368 [WARN] ConditionMgr:1039 - genDependencies : Invalid condition id : UX DEVICE CLASS RTOS Condition cause : null
2024-10-09 15:52:30,386 [WARN] PackLoader:240 - Cannot read IP mode file for STMicroelectronics.X-CUBE-FREERTOS.1.0.0
2024-10-09 15:52:30,404 [WARN] PackLoader:240 - Cannot read IP mode file for STMicroelectronics.X-CUBE-FREERTOS.1.0.1
2024-10-09 15:52:30,425 [WARN] PackLoader:240 - Cannot read IP mode file for STMicroelectronics.X-CUBE-GNSS1.7.0.0
2024-10-09 15:52:30,443 [ERROR] Engine:466 - C:\Users\PC\.stm32cubemx\thirdparties\pdsc\STMicroelectronics.FP-SNS-STBOX1.2.0.0.pdsc: PDSC version is not supported
2024-10-09 15:52:30,495 [WARN] PackLoader:240 - Cannot read IP mode file for STMicroelectronics.X-CUBE-AZRTOS-L5.1.1.0
2024-10-09 15:52:30,619 [WARN] PackLoader:240 - Cannot read IP mode file for STMicroelectronics.X-CUBE-AI.8.0.1
2024-10-09 15:52:30,760 [WARN] PackLoader:240 - Cannot read IP mode file for STMicroelectronics.X-CUBE-SUBG2.5.0.0
2024-10-09 15:52:30,775 [WARN] PackLoader:240 - Cannot read IP mode file for Cesanta.I-CUBE-Mongoose.7.13.0
2024-10-09 15:52:30,835 [WARN] PackLoader:240 - Cannot read IP mode file for STMicroelectronics.X-CUBE-TOF1.3.3.1
2024-10-09 15:52:30,895 [WARN] PackLoader:240 - Cannot read IP mode file for STMicroelectronics.X-CUBE-AZRTOS-G4.2.0.0
2024-10-09 15:52:30,927 [WARN] PackLoader:240 - Cannot read IP mode file for STMicroelectronics.X-CUBE-TOF1.3.3.0
2024-10-09 15:52:31,006 [WARN] PackLoader:240 - Cannot read IP mode file for STMicroelectronics.FP-ATR-ASTRA1.1.1.1
2024-10-09 15:52:31,049 [WARN] PackLoader:240 - Cannot read IP mode file for Infineon.AIROC-Wi-Fi-Bluetooth-STM32.1.5.1
2024-10-09 15:52:31,071 [WARN] PackLoader:240 - Cannot read IP mode file for STMicroelectronics.FP-SNS-MOTENVWB1.1.3.0
2024-10-09 15:52:31,090 [WARN] PackLoader:240 - Cannot read IP mode file for STMicroelectronics.FP-SNS-MOTENVWB1.1.3.1
2024-10-09 15:52:31,130 [WARN] PackLoader:240 - Cannot read IP mode file for STMicroelectronics.X-CUBE-AZRTOS-G4.1.0.0
2024-10-09 15:52:31,176 [WARN] PackLoader:240 - Cannot read IP mode file for STMicroelectronics.X-CUBE-AZRTOS-L4.1.0.0
2024-10-09 15:52:31,205 [WARN] PackLoader:240 - Cannot read IP mode file for STMicroelectronics.X-CUBE-ISPU.2.0.0
2024-10-09 15:52:31,242 [WARN] PackLoader:240 - Cannot read IP mode file for STMicroelectronics.X-CUBE-ALS.1.0.2
2024-10-09 15:52:31,342 [WARN] PackLoader:240 - Cannot read IP mode file for STMicroelectronics.X-CUBE-MEMS1.10.0.0
2024-10-09 15:52:31,522 [WARN] PackLoader:240 - Cannot read IP mode file for STMicroelectronics.X-CUBE-FREERTOS.1.1.0
2024-10-09 15:52:31,541 [WARN] PackLoader:240 - Cannot read IP mode file for STMicroelectronics.X-CUBE-TOUCHGFX.4.24.0
2024-10-09 15:52:31,571 [WARN] PackLoader:240 - Cannot read IP mode file for STMicroelectronics.X-CUBE-AZRTOS-WL.1.0.0
2024-10-09 15:52:31,576 [WARN] PackLoader:240 - Cannot read IP mode file for STMicroelectronics.X-CUBE-TOUCHGFX.4.24.1
2024-10-09 15:52:31,597 [WARN] PackLoader:240 - Cannot read IP mode file for portGmbH.I-Cube-SoM-uGOAL.1.1.0
2024-10-09 15:52:31,614 [WARN] PackLoader:240 - Cannot read IP mode file for STMicroelectronics.X-CUBE-ALS.1.0.1
2024-10-09 15:52:31,649 [WARN] PackLoader:240 - Cannot read IP mode file for STMicroelectronics.X-CUBE-AZRTOS-WB.1.1.0
2024-10-09 15:52:31,691 [WARN] PackLoader:240 - Cannot read IP mode file for STMicroelectronics.X-CUBE-AZRTOS-H7RS.1.0.0
2024-10-09 15:52:31,699 [WARN] PackLoader:240 - Cannot read IP mode file for STMicroelectronics.FP-ATR-ASTRA1.2.0.0
2024-10-09 15:52:31,727 [ERROR] Engine:466 - C:\Users\PC\.stm32cubemx\thirdparties\pdsc\STMicroelectronics.X-CUBE-TOF1.3.4.2.pdsc: PDSC version is not supported
2024-10-09 15:52:31,758 [WARN] PackLoader:240 - Cannot read IP mode file for STMicroelectronics.X-CUBE-TOF1.3.4.0
2024-10-09 15:52:31,809 [WARN] PackLoader:240 - Cannot read IP mode file for STMicroelectronics.X-CUBE-TOF1.3.4.1
2024-10-09 15:52:31,879 [WARN] PackLoader:240 - Cannot read IP mode file for STMicroelectronics.X-CUBE-AZRTOS-H7.3.2.0
2024-10-09 15:52:31,889 [WARN] PackLoader:240 - Cannot read IP mode file for wolfSSL.I-CUBE-wolfSSH.1.4.17
2024-10-09 15:52:31,891 [INFO] ThirdParty:978 - Integrity check success = true
2024-10-09 15:52:31,891 [INFO] IntegrityCheckThread:100 - exiting critical section [integrity check]
2024-10-09 15:52:31,891 [INFO] IntegrityCheckThread:103 - End integrity checks thread
