2024-04-18 10:23:51,755 [INFO] Activator:176 - 


2024-04-18 10:23:51,762 [INFO] Activator:177 - !SESSION log4j initialized
2024-04-18 10:24:14,197 [INFO] LogOutputStream:77 - [STDOUT_REDIRECT] 
2024-04-18 10:24:26,973 [INFO] ApplicationProperties:184 - Using Application install path: F:\Program Files\STM32CubeIDE_1.13.2\STM32CubeIDE\plugins\com.st.stm32cube.common.mx_6.9.2.202309101412
2024-04-18 10:24:27,106 [INFO] DbMcusXml:78 - Set database path to: F:\Program Files\STM32CubeIDE_1.13.2\STM32CubeIDE\plugins\com.st.stm32cube.common.mx_6.9.2.202309101412\\db\/mcu/
2024-04-18 10:24:27,107 [INFO] ApiDb:274 - Set plugin database path to: F:\Program Files\STM32CubeIDE_1.13.2\STM32CubeIDE\plugins\com.st.stm32cube.common.mx_6.9.2.202309101412\\db\/plugins/boardmanager/
2024-04-18 10:24:27,108 [WARN] ApiDb:259 - Overriding images path with different value:  => F:\Program Files\STM32CubeIDE_1.13.2\STM32CubeIDE\plugins\com.st.stm32cube.common.mx_6.9.2.202309101412\\db\/plugins/mcufinder/images/
2024-04-18 10:24:27,431 [INFO] ApiDb:250 - Set database path to: C:\Users\PC\.stmcufinder\plugins\mcufinder//mcu/
2024-04-18 10:24:27,434 [INFO] DbMcusAds:125 - Set database path to: C:\Users\PC\.stmcufinder\plugins\mcufinder//mcu/
2024-04-18 10:24:27,445 [INFO] CrossReferenceDbSqlite:203 - Set database path to: C:\Users\PC\.stmcufinder\plugins\mcufinder//mcu/cs/
2024-04-18 10:24:27,749 [INFO] RulesReader:64 - Compatibility file has been processed (293 Rules)
2024-04-18 10:24:28,040 [INFO] DbMcusXml:78 - Set database path to: F:\Program Files\STM32CubeIDE_1.13.2\STM32CubeIDE\plugins\com.st.stm32cube.common.mx_6.9.2.202309101412\\db\/mcu/
2024-04-18 10:24:28,041 [INFO] ApiDb:274 - Set plugin database path to: F:\Program Files\STM32CubeIDE_1.13.2\STM32CubeIDE\plugins\com.st.stm32cube.common.mx_6.9.2.202309101412\\db\/plugins/boardmanager/
2024-04-18 10:24:28,041 [INFO] ApiDb:261 - Set plugin images path to: F:\Program Files\STM32CubeIDE_1.13.2\STM32CubeIDE\plugins\com.st.stm32cube.common.mx_6.9.2.202309101412\\db\/plugins/mcufinder/images/
2024-04-18 10:24:28,041 [WARN] DbFile:41 - Overriding database path with different value: C:\Users\PC\.stmcufinder\plugins\mcufinder/ => C:\Users\PC\.stmcufinder\plugins\mcufinder
2024-04-18 10:24:28,042 [INFO] ApiDb:250 - Set database path to: C:\Users\PC\.stmcufinder\plugins\mcufinder//mcu/
2024-04-18 10:24:28,042 [WARN] DbFile:41 - Overriding database path with different value: C:\Users\PC\.stmcufinder\plugins\mcufinder/ => C:\Users\PC\.stmcufinder\plugins\mcufinder
2024-04-18 10:24:28,042 [INFO] DbMcusAds:125 - Set database path to: C:\Users\PC\.stmcufinder\plugins\mcufinder//mcu/
2024-04-18 10:24:28,042 [WARN] DbFile:41 - Overriding database path with different value: C:\Users\PC\.stmcufinder\plugins\mcufinder/ => C:\Users\PC\.stmcufinder\plugins\mcufinder
2024-04-18 10:24:28,042 [WARN] DbFile:41 - Overriding database path with different value: C:\Users\PC\.stmcufinder\plugins\mcufinder/ => C:\Users\PC\.stmcufinder\plugins\mcufinder
2024-04-18 10:24:28,042 [INFO] CrossReferenceDbSqlite:203 - Set database path to: C:\Users\PC\.stmcufinder\plugins\mcufinder//mcu/cs/
2024-04-18 10:24:28,373 [INFO] MainPanel:262 - HeapMemory: 268435456
2024-04-18 10:24:28,864 [INFO] DbMcusXml:78 - Set database path to: F:\Program Files\STM32CubeIDE_1.13.2\STM32CubeIDE\plugins\com.st.stm32cube.common.mx_6.9.2.202309101412\\db\/mcu/
2024-04-18 10:24:28,865 [INFO] ApiDb:274 - Set plugin database path to: F:\Program Files\STM32CubeIDE_1.13.2\STM32CubeIDE\plugins\com.st.stm32cube.common.mx_6.9.2.202309101412\\db\/plugins/boardmanager/
2024-04-18 10:24:28,865 [INFO] ApiDb:261 - Set plugin images path to: F:\Program Files\STM32CubeIDE_1.13.2\STM32CubeIDE\plugins\com.st.stm32cube.common.mx_6.9.2.202309101412\\db\/plugins/mcufinder/images/
2024-04-18 10:24:28,868 [WARN] DbFile:41 - Overriding database path with different value: C:\Users\PC\.stmcufinder\plugins\mcufinder/ => C:\Users\PC\.stmcufinder\plugins\mcufinder
2024-04-18 10:24:28,868 [INFO] ApiDb:250 - Set database path to: C:\Users\PC\.stmcufinder\plugins\mcufinder//mcu/
2024-04-18 10:24:28,869 [WARN] DbFile:41 - Overriding database path with different value: C:\Users\PC\.stmcufinder\plugins\mcufinder/ => C:\Users\PC\.stmcufinder\plugins\mcufinder
2024-04-18 10:24:28,869 [INFO] DbMcusAds:125 - Set database path to: C:\Users\PC\.stmcufinder\plugins\mcufinder//mcu/
2024-04-18 10:24:28,870 [WARN] DbFile:41 - Overriding database path with different value: C:\Users\PC\.stmcufinder\plugins\mcufinder/ => C:\Users\PC\.stmcufinder\plugins\mcufinder
2024-04-18 10:24:28,870 [WARN] DbFile:41 - Overriding database path with different value: C:\Users\PC\.stmcufinder\plugins\mcufinder/ => C:\Users\PC\.stmcufinder\plugins\mcufinder
2024-04-18 10:24:28,871 [INFO] CrossReferenceDbSqlite:203 - Set database path to: C:\Users\PC\.stmcufinder\plugins\mcufinder//mcu/cs/
2024-04-18 10:24:29,112 [INFO] ApplicationProperties:184 - Using Application install path: F:\Program Files\STM32CubeIDE_1.13.2\STM32CubeIDE\plugins\com.st.stm32cube.common.mx_6.9.2.202309101412
2024-04-18 10:24:29,117 [INFO] PluginManage:196 - Search for loadable plugins [exclusion list=, ]
2024-04-18 10:24:29,139 [INFO] PluginManage:310 - Check plugin analytics
2024-04-18 10:24:34,922 [INFO] AnalyticsPlugin:253 - Accepted Software Licenses: 
2024-04-18 10:24:34,922 [INFO] AnalyticsPlugin:255 - Accepted CMSIS Pack Licenses: 
2024-04-18 10:24:34,922 [INFO] AnalyticsPlugin:257 - Accepted Firmware Licenses: 
2024-04-18 10:24:34,926 [INFO] PluginManage:359 - Loaded plugin analytics (category:tool,tabindex:-1)
2024-04-18 10:24:34,927 [INFO] PluginManage:310 - Check plugin cadmodel
2024-04-18 10:24:35,703 [INFO] CADModel:105 - Init CAD model plugin
2024-04-18 10:24:35,704 [INFO] PluginManage:359 - Loaded plugin cadmodel (category:power,tabindex:5)
2024-04-18 10:24:35,704 [INFO] PluginManage:310 - Check plugin clock
2024-04-18 10:24:35,811 [INFO] PluginManage:359 - Loaded plugin clock (category:base,tabindex:2)
2024-04-18 10:24:35,811 [INFO] PluginManage:310 - Check plugin ddr
2024-04-18 10:24:35,846 [INFO] PluginManage:359 - Loaded plugin ddr (category:tool,tabindex:6)
2024-04-18 10:24:35,846 [INFO] PluginManage:310 - Check plugin filemanager
2024-04-18 10:24:37,115 [INFO] PluginManage:359 - Loaded plugin filemanager (category:base,tabindex:10)
2024-04-18 10:24:37,115 [INFO] PluginManage:310 - Check plugin ipmanager
2024-04-18 10:24:37,157 [INFO] PluginManage:359 - Loaded plugin ipmanager (category:base,tabindex:5)
2024-04-18 10:24:37,158 [INFO] PluginManage:310 - Check plugin lpbam
2024-04-18 10:24:37,189 [INFO] PluginManage:359 - Loaded plugin lpbam (category:base,tabindex:0)
2024-04-18 10:24:37,189 [INFO] PluginManage:310 - Check plugin memorymap
2024-04-18 10:24:37,288 [INFO] PluginManage:359 - Loaded plugin memorymap (category:base,tabindex:4)
2024-04-18 10:24:37,289 [INFO] PluginManage:310 - Check plugin pinoutandconfiguration
2024-04-18 10:24:37,321 [INFO] PluginManage:359 - Loaded plugin pinoutandconfiguration (category:base,tabindex:1)
2024-04-18 10:24:37,321 [INFO] PluginManage:310 - Check plugin pinoutconfig
2024-04-18 10:24:37,662 [WARN] SupportedApi:132 - Cannot load RTOS API schema: s4s-elt-must-match.1: The content of 'definitions' must match (annotation?, (simpleType | complexType)?, (unique | key | keyref)*)). A problem was found starting at: attribute.
2024-04-18 10:24:38,014 [INFO] PluginManage:359 - Loaded plugin pinoutconfig (category:base,tabindex:0)
2024-04-18 10:24:38,014 [INFO] PluginManage:310 - Check plugin power
2024-04-18 10:24:38,092 [INFO] PluginManage:359 - Loaded plugin power (category:power,tabindex:4)
2024-04-18 10:24:38,092 [INFO] PluginManage:310 - Check plugin projectmanager
2024-04-18 10:24:38,160 [INFO] PluginManage:359 - Loaded plugin projectmanager (category:projectmanager,tabindex:3)
2024-04-18 10:24:38,160 [INFO] PluginManage:310 - Check plugin thirdparty
2024-04-18 10:24:38,911 [INFO] PluginManage:359 - Loaded plugin thirdparty (category:base,tabindex:-1)
2024-04-18 10:24:38,910 [WARN] IntegrityCheckThread:84 - waiting for thirdparty lock release [integrity check]
2024-04-18 10:24:38,911 [INFO] PluginManage:310 - Check plugin tools
2024-04-18 10:24:38,911 [INFO] IntegrityCheckThread:86 - entering critical section [integrity check]
2024-04-18 10:24:38,912 [INFO] ThirdPartyUpdaterWithRetryManager:70 - Updater plugin not ready yet. [1/15]
2024-04-18 10:24:38,923 [INFO] PluginManage:359 - Loaded plugin tools (category:base,tabindex:7)
2024-04-18 10:24:38,924 [INFO] PluginManage:310 - Check plugin tutovideos
2024-04-18 10:24:39,678 [INFO] PluginManage:359 - Loaded plugin tutovideos (category:base,tabindex:-1)
2024-04-18 10:24:39,678 [INFO] PluginManage:310 - Check plugin updater
2024-04-18 10:24:39,754 [INFO] PluginManage:359 - Loaded plugin updater (category:base,tabindex:12)
2024-04-18 10:24:39,754 [INFO] PluginManage:310 - Check plugin userauth
2024-04-18 10:24:39,803 [INFO] UserAuth:113 - Init User Auth plugin
2024-04-18 10:24:39,803 [INFO] PluginManage:359 - Loaded plugin userauth (category:base,tabindex:14)
2024-04-18 10:24:39,804 [INFO] PluginManage:283 - PluginManage : Loaded plugins [17]
2024-04-18 10:24:41,329 [INFO] PinOutPanel:1499 - setPackage(No Configuration,No Configuration)
2024-04-18 10:24:41,660 [INFO] CADModel:165 - CPN selected for project level
2024-04-18 10:24:41,661 [INFO] CADModel:114 - Register for checkConnection events
2024-04-18 10:24:41,820 [INFO] IPUIPlugin:80 - create IPUIPlugin
2024-04-18 10:24:41,820 [INFO] PluginManager:220 - loadIPPluginJar : add adc
2024-04-18 10:24:41,840 [INFO] IPUIPlugin:80 - create IPUIPlugin
2024-04-18 10:24:41,840 [INFO] PluginManager:220 - loadIPPluginJar : add aes
2024-04-18 10:24:41,862 [INFO] IPUIPlugin:80 - create IPUIPlugin
2024-04-18 10:24:41,862 [INFO] PluginManager:220 - loadIPPluginJar : add can
2024-04-18 10:24:41,879 [INFO] IPUIPlugin:80 - create IPUIPlugin
2024-04-18 10:24:41,879 [INFO] PluginManager:220 - loadIPPluginJar : add comp
2024-04-18 10:24:41,895 [INFO] IPUIPlugin:80 - create IPUIPlugin
2024-04-18 10:24:41,896 [INFO] PluginManager:220 - loadIPPluginJar : add cryp
2024-04-18 10:24:41,908 [INFO] IPUIPlugin:80 - create IPUIPlugin
2024-04-18 10:24:41,908 [INFO] PluginManager:220 - loadIPPluginJar : add dfsdm
2024-04-18 10:24:41,915 [INFO] ThirdPartyUpdaterWithRetryManager:70 - Updater plugin not ready yet. [2/15]
2024-04-18 10:24:41,935 [INFO] IPUIPlugin:80 - create IPUIPlugin
2024-04-18 10:24:41,936 [INFO] PluginManager:220 - loadIPPluginJar : add dma
2024-04-18 10:24:42,004 [INFO] IPUIPlugin:80 - create IPUIPlugin
2024-04-18 10:24:42,004 [INFO] PluginManager:220 - loadIPPluginJar : add dma3
2024-04-18 10:24:42,043 [INFO] IPUIPlugin:80 - create IPUIPlugin
2024-04-18 10:24:42,044 [INFO] PluginManager:220 - loadIPPluginJar : add fatfs
2024-04-18 10:24:42,059 [INFO] IPUIPlugin:80 - create IPUIPlugin
2024-04-18 10:24:42,059 [INFO] PluginManager:220 - loadIPPluginJar : add fmc
2024-04-18 10:24:42,097 [INFO] IPUIPlugin:80 - create IPUIPlugin
2024-04-18 10:24:42,098 [INFO] PluginManager:220 - loadIPPluginJar : add freertos
2024-04-18 10:24:42,111 [INFO] IPUIPlugin:80 - create IPUIPlugin
2024-04-18 10:24:42,112 [INFO] PluginManager:220 - loadIPPluginJar : add genericplugin
2024-04-18 10:24:42,132 [INFO] IPUIPlugin:80 - create IPUIPlugin
2024-04-18 10:24:42,132 [INFO] PluginManager:220 - loadIPPluginJar : add gfxmmu
2024-04-18 10:24:42,162 [INFO] IPUIPlugin:80 - create IPUIPlugin
2024-04-18 10:24:42,162 [INFO] PluginManager:220 - loadIPPluginJar : add gic
2024-04-18 10:24:42,189 [INFO] IPUIPlugin:80 - create IPUIPlugin
2024-04-18 10:24:42,189 [INFO] PluginManager:220 - loadIPPluginJar : add gpio
2024-04-18 10:24:42,205 [INFO] IPUIPlugin:80 - create IPUIPlugin
2024-04-18 10:24:42,205 [INFO] PluginManager:220 - loadIPPluginJar : add gtzc
2024-04-18 10:24:42,246 [INFO] IPUIPlugin:80 - create IPUIPlugin
2024-04-18 10:24:42,246 [INFO] PluginManager:220 - loadIPPluginJar : add hash
2024-04-18 10:24:42,276 [INFO] IPUIPlugin:80 - create IPUIPlugin
2024-04-18 10:24:42,276 [INFO] PluginManager:220 - loadIPPluginJar : add i2c
2024-04-18 10:24:42,290 [INFO] IPUIPlugin:80 - create IPUIPlugin
2024-04-18 10:24:42,290 [INFO] PluginManager:220 - loadIPPluginJar : add i2s
2024-04-18 10:24:42,306 [INFO] IPUIPlugin:80 - create IPUIPlugin
2024-04-18 10:24:42,307 [INFO] PluginManager:220 - loadIPPluginJar : add i3c
2024-04-18 10:24:42,326 [INFO] IPUIPlugin:80 - create IPUIPlugin
2024-04-18 10:24:42,327 [INFO] PluginManager:220 - loadIPPluginJar : add ipddr
2024-04-18 10:24:42,366 [INFO] IPUIPlugin:80 - create IPUIPlugin
2024-04-18 10:24:42,366 [INFO] PluginManager:220 - loadIPPluginJar : add linkedlist
2024-04-18 10:24:42,384 [INFO] IPUIPlugin:80 - create IPUIPlugin
2024-04-18 10:24:42,384 [INFO] PluginManager:220 - loadIPPluginJar : add lorawan
2024-04-18 10:24:42,396 [INFO] IPUIPlugin:80 - create IPUIPlugin
2024-04-18 10:24:42,396 [INFO] PluginManager:220 - loadIPPluginJar : add ltdc
2024-04-18 10:24:42,425 [INFO] IPUIPlugin:80 - create IPUIPlugin
2024-04-18 10:24:42,426 [INFO] PluginManager:220 - loadIPPluginJar : add mdma
2024-04-18 10:24:42,432 [INFO] IPUIPlugin:80 - create IPUIPlugin
2024-04-18 10:24:42,432 [INFO] PluginManager:220 - loadIPPluginJar : add nvic
2024-04-18 10:24:42,520 [INFO] IPUIPlugin:80 - create IPUIPlugin
2024-04-18 10:24:42,520 [INFO] PluginManager:220 - loadIPPluginJar : add opamp
2024-04-18 10:24:42,534 [INFO] IPUIPlugin:80 - create IPUIPlugin
2024-04-18 10:24:42,535 [INFO] PluginManager:220 - loadIPPluginJar : add openamp
2024-04-18 10:24:42,546 [INFO] IPUIPlugin:80 - create IPUIPlugin
2024-04-18 10:24:42,547 [INFO] PluginManager:220 - loadIPPluginJar : add pdm2pcm
2024-04-18 10:24:42,558 [INFO] IPUIPlugin:80 - create IPUIPlugin
2024-04-18 10:24:42,562 [INFO] PluginManager:220 - loadIPPluginJar : add plateformsettings
2024-04-18 10:24:42,613 [INFO] IPUIPlugin:80 - create IPUIPlugin
2024-04-18 10:24:42,613 [INFO] PluginManager:220 - loadIPPluginJar : add quadspi
2024-04-18 10:24:42,664 [INFO] IPUIPlugin:80 - create IPUIPlugin
2024-04-18 10:24:42,664 [INFO] PluginManager:220 - loadIPPluginJar : add resmgrutility
2024-04-18 10:24:42,680 [INFO] IPUIPlugin:80 - create IPUIPlugin
2024-04-18 10:24:42,681 [INFO] PluginManager:220 - loadIPPluginJar : add sai
2024-04-18 10:24:42,691 [INFO] IPUIPlugin:80 - create IPUIPlugin
2024-04-18 10:24:42,691 [INFO] PluginManager:220 - loadIPPluginJar : add spi
2024-04-18 10:24:42,703 [INFO] IPUIPlugin:80 - create IPUIPlugin
2024-04-18 10:24:42,703 [INFO] PluginManager:220 - loadIPPluginJar : add stm32_wpan
2024-04-18 10:24:42,750 [INFO] IPUIPlugin:80 - create IPUIPlugin
2024-04-18 10:24:42,750 [INFO] PluginManager:220 - loadIPPluginJar : add tim
2024-04-18 10:24:42,770 [INFO] IPUIPlugin:80 - create IPUIPlugin
2024-04-18 10:24:42,770 [INFO] PluginManager:220 - loadIPPluginJar : add touchsensing
2024-04-18 10:24:42,782 [INFO] IPUIPlugin:80 - create IPUIPlugin
2024-04-18 10:24:42,783 [INFO] PluginManager:220 - loadIPPluginJar : add tracer_emb
2024-04-18 10:24:42,799 [INFO] IPUIPlugin:80 - create IPUIPlugin
2024-04-18 10:24:42,799 [INFO] PluginManager:220 - loadIPPluginJar : add ts
2024-04-18 10:24:42,802 [INFO] IPUIPlugin:80 - create IPUIPlugin
2024-04-18 10:24:42,802 [INFO] PluginManager:220 - loadIPPluginJar : add tsc
2024-04-18 10:24:42,805 [INFO] IPUIPlugin:80 - create IPUIPlugin
2024-04-18 10:24:42,805 [INFO] PluginManager:220 - loadIPPluginJar : add ucpd
2024-04-18 10:24:42,822 [INFO] IPUIPlugin:80 - create IPUIPlugin
2024-04-18 10:24:42,822 [INFO] PluginManager:220 - loadIPPluginJar : add usart
2024-04-18 10:24:42,878 [INFO] IPUIPlugin:80 - create IPUIPlugin
2024-04-18 10:24:42,879 [INFO] PluginManager:220 - loadIPPluginJar : add usbx
2024-04-18 10:24:43,200 [INFO] CADModel:165 - CPN selected for project level
2024-04-18 10:24:43,200 [INFO] CADModel:114 - Register for checkConnection events
2024-04-18 10:24:43,200 [FATAL] Updater:308 - Updater called before beeing initialized
2024-04-18 10:24:43,200 [ERROR] CADModel:125 - Updater not yet initialized, retry later 
2024-04-18 10:24:43,631 [INFO] CADModel:165 - CPN selected for project level
2024-04-18 10:24:43,631 [INFO] CADModel:114 - Register for checkConnection events
2024-04-18 10:24:43,631 [FATAL] Updater:308 - Updater called before beeing initialized
2024-04-18 10:24:43,631 [ERROR] CADModel:125 - Updater not yet initialized, retry later 
2024-04-18 10:24:43,648 [FATAL] Updater:308 - Updater called before beeing initialized
2024-04-18 10:24:43,829 [FATAL] Updater:308 - Updater called before beeing initialized
2024-04-18 10:24:43,873 [INFO] DbMcusAds:53 - JSON generation date=Wed Nov 29 05:52:27 PET 2023 (1701255147349)
2024-04-18 10:24:43,873 [FATAL] Updater:308 - Updater called before beeing initialized
2024-04-18 10:24:44,013 [WARN] DetailPanel:346 - Failed to get advertising image, set to default
2024-04-18 10:24:44,170 [FATAL] Updater:308 - Updater called before beeing initialized
2024-04-18 10:24:44,206 [FATAL] Updater:308 - Updater called before beeing initialized
2024-04-18 10:24:44,206 [FATAL] Updater:308 - Updater called before beeing initialized
2024-04-18 10:24:44,206 [WARN] DetailPanel:346 - Failed to get advertising image, set to default
2024-04-18 10:24:44,208 [FATAL] Updater:308 - Updater called before beeing initialized
2024-04-18 10:24:44,403 [ERROR] Updater:1120 - MainUpdater not yet initialized. External WinMGr cannot be set.
2024-04-18 10:24:44,433 [INFO] Updater:1056 - Updater Version found : 6.9.2
2024-04-18 10:24:44,582 [INFO] ApplicationProperties:184 - Using Application install path: F:\Program Files\STM32CubeIDE_1.13.2\STM32CubeIDE\plugins\com.st.stm32cube.common.mx_6.9.2.202309101412
2024-04-18 10:24:44,916 [INFO] ThirdPartyUpdaterWithRetryManager:70 - Updater plugin not ready yet. [3/15]
2024-04-18 10:24:47,917 [FATAL] Updater:308 - Updater called before beeing initialized
2024-04-18 10:24:47,917 [ERROR] IntegrityCheckThread:130 - Cannot retrieve database content from updater: error 21
2024-04-18 10:24:47,918 [INFO] ThirdParty:978 - Integrity check success = false
2024-04-18 10:24:47,918 [INFO] IntegrityCheckThread:100 - exiting critical section [integrity check]
2024-04-18 10:24:47,918 [INFO] IntegrityCheckThread:103 - End integrity checks thread
2024-04-18 10:24:48,122 [INFO] MainUpdater:2868 - connection check result : 10
2024-04-18 10:24:48,123 [INFO] MainUpdater:3562 - Updater definition file requires update
2024-04-18 10:24:48,127 [INFO] MainUpdater:285 - Updater Check For Update Now.
2024-04-18 10:24:48,128 [INFO] MicroXplorer:498 - Change Database Version : DB.6.0.92
2024-04-18 10:24:48,176 [INFO] McuFinderGlobals:63 - Set McuFinder mode to 2 (CubeIDE integrated)
2024-04-18 10:24:51,252 [INFO] ServerAccessManage:473 - Download File updaters.zip
2024-04-18 10:24:52,497 [INFO] FileExtend:240 - Unzip File : updaters.zip
2024-04-18 10:24:52,497 [INFO] FileExtend:255 - Standard Zip Deflate
2024-04-18 10:24:53,730 [ERROR] LogOutputStream:75 - [STDERR_REDIRECT] Apr 18, 2024 10:24:53 AM org.glassfish.grizzly.http.server.NetworkListener start
2024-04-18 10:24:53,732 [ERROR] LogOutputStream:75 - [STDERR_REDIRECT] INFO: Started listener bound to [localhost:1597]
2024-04-18 10:24:53,732 [ERROR] LogOutputStream:75 - [STDERR_REDIRECT] 
2024-04-18 10:24:53,734 [ERROR] LogOutputStream:75 - [STDERR_REDIRECT] Apr 18, 2024 10:24:53 AM org.glassfish.grizzly.http.server.HttpServer start
2024-04-18 10:24:53,735 [ERROR] LogOutputStream:75 - [STDERR_REDIRECT] INFO: [HttpServer] Started.
2024-04-18 10:24:53,736 [ERROR] LogOutputStream:75 - [STDERR_REDIRECT] 
2024-04-18 10:24:55,266 [INFO] ServerAccessManage:473 - Download File PacksControlFlags.xml
2024-04-18 10:24:56,017 [INFO] ServerAccessManage:473 - Download File cubemx.pidx
2024-04-18 10:24:58,317 [INFO] ServerAccessManage:473 - Download File STMicroelectronics.FP-SNS-MOTENVWB1.pdsc
2024-04-18 10:25:05,531 [INFO] ServerAccessManage:473 - Download File STMicroelectronics.X-CUBE-AI.pdsc
2024-04-18 10:25:24,969 [INFO] ServerAccessManage:473 - Download File STMicroelectronics.X-CUBE-AZRTOS-H7RS.pdsc
2024-04-18 10:25:28,104 [WARN] PackLoader:240 - Cannot read IP mode file for STMicroelectronics.FP-SNS-MOTENVWB1.1.4.0
2024-04-18 10:25:28,158 [WARN] PackLoader:240 - Cannot read IP mode file for STMicroelectronics.X-CUBE-AI.9.0.0
2024-04-18 10:25:28,274 [WARN] PackLoader:240 - Cannot read IP mode file for STMicroelectronics.X-CUBE-AZRTOS-H7RS.1.0.0
2024-04-18 10:25:28,278 [INFO] CheckServerUpdateThread:120 - End of CheckServer Thread
2024-04-18 10:25:28,290 [INFO] PopulateThirdPartyThread:66 - Ending populate Thread
2024-04-18 10:25:28,292 [INFO] ThirdParty:1030 - CMSIS Pack Vendor :STMicroelectronics FP-SNS-MOTENVWB1 1.4.0
2024-04-18 10:25:28,292 [INFO] ThirdParty:1030 - CMSIS Pack Vendor :STMicroelectronics X-CUBE-AI 9.0.0
2024-04-18 10:25:28,292 [INFO] ThirdParty:1030 - CMSIS Pack Vendor :STMicroelectronics X-CUBE-AZRTOS-H7RS 1.0.0
2024-04-18 10:25:28,293 [INFO] LoadServerUpdatesThread:373 - End of LoadServerUpdate Thread
