2023-12-20 20:38:38,887 [INFO] Activator:176 - 


2023-12-20 20:38:38,894 [INFO] Activator:177 - !SESSION log4j initialized
2023-12-20 20:38:59,656 [INFO] LogOutputStream:77 - [STDOUT_REDIRECT] 
2023-12-20 20:39:05,468 [INFO] ApplicationProperties:184 - Using Application install path: F:\Program Files\STM32CubeIDE_1.13.2\STM32CubeIDE\plugins\com.st.stm32cube.common.mx_6.9.2.202309101412
2023-12-20 20:39:05,520 [INFO] DbMcusXml:78 - Set database path to: F:\Program Files\STM32CubeIDE_1.13.2\STM32CubeIDE\plugins\com.st.stm32cube.common.mx_6.9.2.202309101412\\db\/mcu/
2023-12-20 20:39:05,521 [INFO] ApiDb:274 - Set plugin database path to: F:\Program Files\STM32CubeIDE_1.13.2\STM32CubeIDE\plugins\com.st.stm32cube.common.mx_6.9.2.202309101412\\db\/plugins/boardmanager/
2023-12-20 20:39:05,549 [WARN] ApiDb:259 - Overriding images path with different value:  => F:\Program Files\STM32CubeIDE_1.13.2\STM32CubeIDE\plugins\com.st.stm32cube.common.mx_6.9.2.202309101412\\db\/plugins/mcufinder/images/
2023-12-20 20:39:05,706 [INFO] ApiDb:250 - Set database path to: C:\Users\PC\.stmcufinder\plugins\mcufinder//mcu/
2023-12-20 20:39:05,707 [INFO] DbMcusAds:125 - Set database path to: C:\Users\PC\.stmcufinder\plugins\mcufinder//mcu/
2023-12-20 20:39:05,710 [INFO] CrossReferenceDbSqlite:203 - Set database path to: C:\Users\PC\.stmcufinder\plugins\mcufinder//mcu/cs/
2023-12-20 20:39:05,999 [INFO] RulesReader:64 - Compatibility file has been processed (293 Rules)
2023-12-20 20:39:06,452 [INFO] DbMcusXml:78 - Set database path to: F:\Program Files\STM32CubeIDE_1.13.2\STM32CubeIDE\plugins\com.st.stm32cube.common.mx_6.9.2.202309101412\\db\/mcu/
2023-12-20 20:39:06,452 [INFO] ApiDb:274 - Set plugin database path to: F:\Program Files\STM32CubeIDE_1.13.2\STM32CubeIDE\plugins\com.st.stm32cube.common.mx_6.9.2.202309101412\\db\/plugins/boardmanager/
2023-12-20 20:39:06,453 [INFO] ApiDb:261 - Set plugin images path to: F:\Program Files\STM32CubeIDE_1.13.2\STM32CubeIDE\plugins\com.st.stm32cube.common.mx_6.9.2.202309101412\\db\/plugins/mcufinder/images/
2023-12-20 20:39:06,453 [WARN] DbFile:41 - Overriding database path with different value: C:\Users\PC\.stmcufinder\plugins\mcufinder/ => C:\Users\PC\.stmcufinder\plugins\mcufinder
2023-12-20 20:39:06,453 [INFO] ApiDb:250 - Set database path to: C:\Users\PC\.stmcufinder\plugins\mcufinder//mcu/
2023-12-20 20:39:06,453 [WARN] DbFile:41 - Overriding database path with different value: C:\Users\PC\.stmcufinder\plugins\mcufinder/ => C:\Users\PC\.stmcufinder\plugins\mcufinder
2023-12-20 20:39:06,454 [INFO] DbMcusAds:125 - Set database path to: C:\Users\PC\.stmcufinder\plugins\mcufinder//mcu/
2023-12-20 20:39:06,454 [WARN] DbFile:41 - Overriding database path with different value: C:\Users\PC\.stmcufinder\plugins\mcufinder/ => C:\Users\PC\.stmcufinder\plugins\mcufinder
2023-12-20 20:39:06,454 [WARN] DbFile:41 - Overriding database path with different value: C:\Users\PC\.stmcufinder\plugins\mcufinder/ => C:\Users\PC\.stmcufinder\plugins\mcufinder
2023-12-20 20:39:06,454 [INFO] CrossReferenceDbSqlite:203 - Set database path to: C:\Users\PC\.stmcufinder\plugins\mcufinder//mcu/cs/
2023-12-20 20:39:07,009 [INFO] MainPanel:262 - HeapMemory: 268435456
2023-12-20 20:39:07,304 [INFO] DbMcusXml:78 - Set database path to: F:\Program Files\STM32CubeIDE_1.13.2\STM32CubeIDE\plugins\com.st.stm32cube.common.mx_6.9.2.202309101412\\db\/mcu/
2023-12-20 20:39:07,304 [INFO] ApiDb:274 - Set plugin database path to: F:\Program Files\STM32CubeIDE_1.13.2\STM32CubeIDE\plugins\com.st.stm32cube.common.mx_6.9.2.202309101412\\db\/plugins/boardmanager/
2023-12-20 20:39:07,305 [INFO] ApiDb:261 - Set plugin images path to: F:\Program Files\STM32CubeIDE_1.13.2\STM32CubeIDE\plugins\com.st.stm32cube.common.mx_6.9.2.202309101412\\db\/plugins/mcufinder/images/
2023-12-20 20:39:07,306 [WARN] DbFile:41 - Overriding database path with different value: C:\Users\PC\.stmcufinder\plugins\mcufinder/ => C:\Users\PC\.stmcufinder\plugins\mcufinder
2023-12-20 20:39:07,306 [INFO] ApiDb:250 - Set database path to: C:\Users\PC\.stmcufinder\plugins\mcufinder//mcu/
2023-12-20 20:39:07,306 [WARN] DbFile:41 - Overriding database path with different value: C:\Users\PC\.stmcufinder\plugins\mcufinder/ => C:\Users\PC\.stmcufinder\plugins\mcufinder
2023-12-20 20:39:07,306 [INFO] DbMcusAds:125 - Set database path to: C:\Users\PC\.stmcufinder\plugins\mcufinder//mcu/
2023-12-20 20:39:07,306 [WARN] DbFile:41 - Overriding database path with different value: C:\Users\PC\.stmcufinder\plugins\mcufinder/ => C:\Users\PC\.stmcufinder\plugins\mcufinder
2023-12-20 20:39:07,306 [WARN] DbFile:41 - Overriding database path with different value: C:\Users\PC\.stmcufinder\plugins\mcufinder/ => C:\Users\PC\.stmcufinder\plugins\mcufinder
2023-12-20 20:39:07,307 [INFO] CrossReferenceDbSqlite:203 - Set database path to: C:\Users\PC\.stmcufinder\plugins\mcufinder//mcu/cs/
2023-12-20 20:39:07,354 [INFO] ApplicationProperties:184 - Using Application install path: F:\Program Files\STM32CubeIDE_1.13.2\STM32CubeIDE\plugins\com.st.stm32cube.common.mx_6.9.2.202309101412
2023-12-20 20:39:07,357 [INFO] PluginManage:196 - Search for loadable plugins [exclusion list=, ]
2023-12-20 20:39:07,359 [INFO] PluginManage:310 - Check plugin analytics
2023-12-20 20:39:07,665 [INFO] AnalyticsPlugin:253 - Accepted Software Licenses: 
2023-12-20 20:39:07,665 [INFO] AnalyticsPlugin:255 - Accepted CMSIS Pack Licenses: 
2023-12-20 20:39:07,666 [INFO] AnalyticsPlugin:257 - Accepted Firmware Licenses: FW.F4.1.27.0,FW.G0.1.6.0
2023-12-20 20:39:07,670 [INFO] PluginManage:359 - Loaded plugin analytics (category:tool,tabindex:-1)
2023-12-20 20:39:07,671 [INFO] PluginManage:310 - Check plugin cadmodel
2023-12-20 20:39:07,721 [INFO] CADModel:105 - Init CAD model plugin
2023-12-20 20:39:07,722 [INFO] PluginManage:359 - Loaded plugin cadmodel (category:power,tabindex:5)
2023-12-20 20:39:07,722 [INFO] PluginManage:310 - Check plugin clock
2023-12-20 20:39:07,765 [INFO] PluginManage:359 - Loaded plugin clock (category:base,tabindex:2)
2023-12-20 20:39:07,765 [INFO] PluginManage:310 - Check plugin ddr
2023-12-20 20:39:07,789 [INFO] PluginManage:359 - Loaded plugin ddr (category:tool,tabindex:6)
2023-12-20 20:39:07,790 [INFO] PluginManage:310 - Check plugin filemanager
2023-12-20 20:39:08,381 [INFO] PluginManage:359 - Loaded plugin filemanager (category:base,tabindex:10)
2023-12-20 20:39:08,381 [INFO] PluginManage:310 - Check plugin ipmanager
2023-12-20 20:39:08,417 [INFO] PluginManage:359 - Loaded plugin ipmanager (category:base,tabindex:5)
2023-12-20 20:39:08,417 [INFO] PluginManage:310 - Check plugin lpbam
2023-12-20 20:39:08,446 [INFO] PluginManage:359 - Loaded plugin lpbam (category:base,tabindex:0)
2023-12-20 20:39:08,446 [INFO] PluginManage:310 - Check plugin memorymap
2023-12-20 20:39:08,505 [INFO] PluginManage:359 - Loaded plugin memorymap (category:base,tabindex:4)
2023-12-20 20:39:08,505 [INFO] PluginManage:310 - Check plugin pinoutandconfiguration
2023-12-20 20:39:08,535 [INFO] PluginManage:359 - Loaded plugin pinoutandconfiguration (category:base,tabindex:1)
2023-12-20 20:39:08,535 [INFO] PluginManage:310 - Check plugin pinoutconfig
2023-12-20 20:39:08,718 [WARN] SupportedApi:132 - Cannot load RTOS API schema: s4s-elt-must-match.1: The content of 'definitions' must match (annotation?, (simpleType | complexType)?, (unique | key | keyref)*)). A problem was found starting at: attribute.
2023-12-20 20:39:08,979 [INFO] PluginManage:359 - Loaded plugin pinoutconfig (category:base,tabindex:0)
2023-12-20 20:39:08,979 [INFO] PluginManage:310 - Check plugin power
2023-12-20 20:39:09,028 [INFO] PluginManage:359 - Loaded plugin power (category:power,tabindex:4)
2023-12-20 20:39:09,028 [INFO] PluginManage:310 - Check plugin projectmanager
2023-12-20 20:39:09,071 [INFO] PluginManage:359 - Loaded plugin projectmanager (category:projectmanager,tabindex:3)
2023-12-20 20:39:09,071 [INFO] PluginManage:310 - Check plugin thirdparty
2023-12-20 20:39:09,728 [INFO] PluginManage:359 - Loaded plugin thirdparty (category:base,tabindex:-1)
2023-12-20 20:39:09,728 [INFO] PluginManage:310 - Check plugin tools
2023-12-20 20:39:09,728 [WARN] IntegrityCheckThread:84 - waiting for thirdparty lock release [integrity check]
2023-12-20 20:39:09,729 [INFO] IntegrityCheckThread:86 - entering critical section [integrity check]
2023-12-20 20:39:09,729 [INFO] ThirdPartyUpdaterWithRetryManager:70 - Updater plugin not ready yet. [1/15]
2023-12-20 20:39:09,739 [INFO] PluginManage:359 - Loaded plugin tools (category:base,tabindex:7)
2023-12-20 20:39:09,739 [INFO] PluginManage:310 - Check plugin tutovideos
2023-12-20 20:39:10,111 [INFO] PluginManage:359 - Loaded plugin tutovideos (category:base,tabindex:-1)
2023-12-20 20:39:10,112 [INFO] PluginManage:310 - Check plugin updater
2023-12-20 20:39:10,155 [INFO] PluginManage:359 - Loaded plugin updater (category:base,tabindex:12)
2023-12-20 20:39:10,156 [INFO] PluginManage:310 - Check plugin userauth
2023-12-20 20:39:10,178 [INFO] UserAuth:113 - Init User Auth plugin
2023-12-20 20:39:10,178 [INFO] PluginManage:359 - Loaded plugin userauth (category:base,tabindex:14)
2023-12-20 20:39:10,179 [INFO] PluginManage:283 - PluginManage : Loaded plugins [17]
2023-12-20 20:39:10,772 [INFO] PinOutPanel:1499 - setPackage(No Configuration,No Configuration)
2023-12-20 20:39:11,183 [INFO] CADModel:165 - CPN selected for project level
2023-12-20 20:39:11,184 [INFO] CADModel:114 - Register for checkConnection events
2023-12-20 20:39:11,254 [INFO] IPUIPlugin:80 - create IPUIPlugin
2023-12-20 20:39:11,254 [INFO] PluginManager:220 - loadIPPluginJar : add adc
2023-12-20 20:39:11,273 [INFO] IPUIPlugin:80 - create IPUIPlugin
2023-12-20 20:39:11,273 [INFO] PluginManager:220 - loadIPPluginJar : add aes
2023-12-20 20:39:11,287 [INFO] IPUIPlugin:80 - create IPUIPlugin
2023-12-20 20:39:11,287 [INFO] PluginManager:220 - loadIPPluginJar : add can
2023-12-20 20:39:11,304 [INFO] IPUIPlugin:80 - create IPUIPlugin
2023-12-20 20:39:11,305 [INFO] PluginManager:220 - loadIPPluginJar : add comp
2023-12-20 20:39:11,321 [INFO] IPUIPlugin:80 - create IPUIPlugin
2023-12-20 20:39:11,321 [INFO] PluginManager:220 - loadIPPluginJar : add cryp
2023-12-20 20:39:11,333 [INFO] IPUIPlugin:80 - create IPUIPlugin
2023-12-20 20:39:11,333 [INFO] PluginManager:220 - loadIPPluginJar : add dfsdm
2023-12-20 20:39:11,358 [INFO] IPUIPlugin:80 - create IPUIPlugin
2023-12-20 20:39:11,359 [INFO] PluginManager:220 - loadIPPluginJar : add dma
2023-12-20 20:39:11,373 [INFO] IPUIPlugin:80 - create IPUIPlugin
2023-12-20 20:39:11,373 [INFO] PluginManager:220 - loadIPPluginJar : add dma3
2023-12-20 20:39:11,384 [INFO] IPUIPlugin:80 - create IPUIPlugin
2023-12-20 20:39:11,384 [INFO] PluginManager:220 - loadIPPluginJar : add fatfs
2023-12-20 20:39:11,400 [INFO] IPUIPlugin:80 - create IPUIPlugin
2023-12-20 20:39:11,400 [INFO] PluginManager:220 - loadIPPluginJar : add fmc
2023-12-20 20:39:11,495 [INFO] IPUIPlugin:80 - create IPUIPlugin
2023-12-20 20:39:11,495 [INFO] PluginManager:220 - loadIPPluginJar : add freertos
2023-12-20 20:39:11,512 [INFO] IPUIPlugin:80 - create IPUIPlugin
2023-12-20 20:39:11,513 [INFO] PluginManager:220 - loadIPPluginJar : add genericplugin
2023-12-20 20:39:11,532 [INFO] IPUIPlugin:80 - create IPUIPlugin
2023-12-20 20:39:11,533 [INFO] PluginManager:220 - loadIPPluginJar : add gfxmmu
2023-12-20 20:39:11,549 [INFO] IPUIPlugin:80 - create IPUIPlugin
2023-12-20 20:39:11,549 [INFO] PluginManager:220 - loadIPPluginJar : add gic
2023-12-20 20:39:11,572 [INFO] IPUIPlugin:80 - create IPUIPlugin
2023-12-20 20:39:11,572 [INFO] PluginManager:220 - loadIPPluginJar : add gpio
2023-12-20 20:39:11,588 [INFO] IPUIPlugin:80 - create IPUIPlugin
2023-12-20 20:39:11,589 [INFO] PluginManager:220 - loadIPPluginJar : add gtzc
2023-12-20 20:39:11,601 [INFO] IPUIPlugin:80 - create IPUIPlugin
2023-12-20 20:39:11,601 [INFO] PluginManager:220 - loadIPPluginJar : add hash
2023-12-20 20:39:11,619 [INFO] IPUIPlugin:80 - create IPUIPlugin
2023-12-20 20:39:11,619 [INFO] PluginManager:220 - loadIPPluginJar : add i2c
2023-12-20 20:39:11,632 [INFO] IPUIPlugin:80 - create IPUIPlugin
2023-12-20 20:39:11,633 [INFO] PluginManager:220 - loadIPPluginJar : add i2s
2023-12-20 20:39:11,649 [INFO] IPUIPlugin:80 - create IPUIPlugin
2023-12-20 20:39:11,649 [INFO] PluginManager:220 - loadIPPluginJar : add i3c
2023-12-20 20:39:11,668 [INFO] IPUIPlugin:80 - create IPUIPlugin
2023-12-20 20:39:11,668 [INFO] PluginManager:220 - loadIPPluginJar : add ipddr
2023-12-20 20:39:11,691 [INFO] IPUIPlugin:80 - create IPUIPlugin
2023-12-20 20:39:11,691 [INFO] PluginManager:220 - loadIPPluginJar : add linkedlist
2023-12-20 20:39:11,709 [INFO] IPUIPlugin:80 - create IPUIPlugin
2023-12-20 20:39:11,709 [INFO] PluginManager:220 - loadIPPluginJar : add lorawan
2023-12-20 20:39:11,721 [INFO] IPUIPlugin:80 - create IPUIPlugin
2023-12-20 20:39:11,721 [INFO] PluginManager:220 - loadIPPluginJar : add ltdc
2023-12-20 20:39:11,750 [INFO] IPUIPlugin:80 - create IPUIPlugin
2023-12-20 20:39:11,750 [INFO] PluginManager:220 - loadIPPluginJar : add mdma
2023-12-20 20:39:11,755 [INFO] IPUIPlugin:80 - create IPUIPlugin
2023-12-20 20:39:11,756 [INFO] PluginManager:220 - loadIPPluginJar : add nvic
2023-12-20 20:39:11,776 [INFO] IPUIPlugin:80 - create IPUIPlugin
2023-12-20 20:39:11,776 [INFO] PluginManager:220 - loadIPPluginJar : add opamp
2023-12-20 20:39:11,784 [INFO] IPUIPlugin:80 - create IPUIPlugin
2023-12-20 20:39:11,785 [INFO] PluginManager:220 - loadIPPluginJar : add openamp
2023-12-20 20:39:11,797 [INFO] IPUIPlugin:80 - create IPUIPlugin
2023-12-20 20:39:11,797 [INFO] PluginManager:220 - loadIPPluginJar : add pdm2pcm
2023-12-20 20:39:11,807 [INFO] IPUIPlugin:80 - create IPUIPlugin
2023-12-20 20:39:11,810 [INFO] PluginManager:220 - loadIPPluginJar : add plateformsettings
2023-12-20 20:39:11,822 [INFO] IPUIPlugin:80 - create IPUIPlugin
2023-12-20 20:39:11,822 [INFO] PluginManager:220 - loadIPPluginJar : add quadspi
2023-12-20 20:39:11,830 [INFO] IPUIPlugin:80 - create IPUIPlugin
2023-12-20 20:39:11,831 [INFO] PluginManager:220 - loadIPPluginJar : add resmgrutility
2023-12-20 20:39:11,851 [INFO] IPUIPlugin:80 - create IPUIPlugin
2023-12-20 20:39:11,851 [INFO] PluginManager:220 - loadIPPluginJar : add sai
2023-12-20 20:39:11,859 [INFO] IPUIPlugin:80 - create IPUIPlugin
2023-12-20 20:39:11,859 [INFO] PluginManager:220 - loadIPPluginJar : add spi
2023-12-20 20:39:11,873 [INFO] IPUIPlugin:80 - create IPUIPlugin
2023-12-20 20:39:11,873 [INFO] PluginManager:220 - loadIPPluginJar : add stm32_wpan
2023-12-20 20:39:11,885 [INFO] IPUIPlugin:80 - create IPUIPlugin
2023-12-20 20:39:11,885 [INFO] PluginManager:220 - loadIPPluginJar : add tim
2023-12-20 20:39:11,904 [INFO] IPUIPlugin:80 - create IPUIPlugin
2023-12-20 20:39:11,905 [INFO] PluginManager:220 - loadIPPluginJar : add touchsensing
2023-12-20 20:39:11,917 [INFO] IPUIPlugin:80 - create IPUIPlugin
2023-12-20 20:39:11,917 [INFO] PluginManager:220 - loadIPPluginJar : add tracer_emb
2023-12-20 20:39:11,933 [INFO] IPUIPlugin:80 - create IPUIPlugin
2023-12-20 20:39:11,934 [INFO] PluginManager:220 - loadIPPluginJar : add ts
2023-12-20 20:39:11,936 [INFO] IPUIPlugin:80 - create IPUIPlugin
2023-12-20 20:39:11,937 [INFO] PluginManager:220 - loadIPPluginJar : add tsc
2023-12-20 20:39:11,940 [INFO] IPUIPlugin:80 - create IPUIPlugin
2023-12-20 20:39:11,941 [INFO] PluginManager:220 - loadIPPluginJar : add ucpd
2023-12-20 20:39:11,958 [INFO] IPUIPlugin:80 - create IPUIPlugin
2023-12-20 20:39:11,958 [INFO] PluginManager:220 - loadIPPluginJar : add usart
2023-12-20 20:39:11,972 [INFO] IPUIPlugin:80 - create IPUIPlugin
2023-12-20 20:39:11,972 [INFO] PluginManager:220 - loadIPPluginJar : add usbx
2023-12-20 20:39:12,154 [INFO] CADModel:165 - CPN selected for project level
2023-12-20 20:39:12,154 [INFO] CADModel:114 - Register for checkConnection events
2023-12-20 20:39:12,154 [FATAL] Updater:308 - Updater called before beeing initialized
2023-12-20 20:39:12,155 [ERROR] CADModel:125 - Updater not yet initialized, retry later 
2023-12-20 20:39:12,665 [INFO] CADModel:165 - CPN selected for project level
2023-12-20 20:39:12,665 [INFO] CADModel:114 - Register for checkConnection events
2023-12-20 20:39:12,665 [FATAL] Updater:308 - Updater called before beeing initialized
2023-12-20 20:39:12,665 [ERROR] CADModel:125 - Updater not yet initialized, retry later 
2023-12-20 20:39:12,683 [FATAL] Updater:308 - Updater called before beeing initialized
2023-12-20 20:39:12,731 [INFO] ThirdPartyUpdaterWithRetryManager:70 - Updater plugin not ready yet. [2/15]
2023-12-20 20:39:13,055 [FATAL] Updater:308 - Updater called before beeing initialized
2023-12-20 20:39:13,072 [INFO] DbMcusAds:53 - JSON generation date=Tue Mar 07 03:50:55 PET 2023 (1678179055335)
2023-12-20 20:39:13,072 [FATAL] Updater:308 - Updater called before beeing initialized
2023-12-20 20:39:13,213 [WARN] DetailPanel:346 - Failed to get advertising image, set to default
2023-12-20 20:39:13,372 [FATAL] Updater:308 - Updater called before beeing initialized
2023-12-20 20:39:13,375 [FATAL] Updater:308 - Updater called before beeing initialized
2023-12-20 20:39:13,375 [FATAL] Updater:308 - Updater called before beeing initialized
2023-12-20 20:39:13,375 [WARN] DetailPanel:346 - Failed to get advertising image, set to default
2023-12-20 20:39:13,376 [FATAL] Updater:308 - Updater called before beeing initialized
2023-12-20 20:39:13,503 [ERROR] Updater:1120 - MainUpdater not yet initialized. External WinMGr cannot be set.
2023-12-20 20:39:13,556 [INFO] Updater:1056 - Updater Version found : 6.9.2
2023-12-20 20:39:13,593 [INFO] ApplicationProperties:184 - Using Application install path: F:\Program Files\STM32CubeIDE_1.13.2\STM32CubeIDE\plugins\com.st.stm32cube.common.mx_6.9.2.202309101412
2023-12-20 20:39:15,732 [FATAL] Updater:308 - Updater called before beeing initialized
2023-12-20 20:39:15,733 [ERROR] IntegrityCheckThread:130 - Cannot retrieve database content from updater: error 21
2023-12-20 20:39:15,734 [INFO] ThirdParty:978 - Integrity check success = false
2023-12-20 20:39:15,734 [INFO] IntegrityCheckThread:100 - exiting critical section [integrity check]
2023-12-20 20:39:15,734 [INFO] IntegrityCheckThread:103 - End integrity checks thread
2023-12-20 20:39:15,947 [INFO] MainUpdater:2868 - connection check result : 10
2023-12-20 20:39:15,947 [INFO] MainUpdater:3562 - Updater definition file requires update
2023-12-20 20:39:15,949 [INFO] MainUpdater:285 - Updater Check For Update Now.
2023-12-20 20:39:15,949 [INFO] MicroXplorer:498 - Change Database Version : DB.6.0.92
2023-12-20 20:39:15,986 [INFO] McuFinderGlobals:63 - Set McuFinder mode to 2 (CubeIDE integrated)
2023-12-20 20:39:15,986 [INFO] UserAuth:179 - activating auth plugin
2023-12-20 20:39:16,272 [INFO] UserAuth:393 - Internet connection configuration mode: 1
2023-12-20 20:39:16,523 [INFO] JxBrowserEngine:151 - Initiate JxBrowser Engine with user profile folder
2023-12-20 20:39:19,059 [INFO] ServerAccessManage:473 - Download File updaters.zip
2023-12-20 20:39:19,436 [INFO] FileExtend:240 - Unzip File : updaters.zip
2023-12-20 20:39:19,437 [INFO] FileExtend:255 - Standard Zip Deflate
2023-12-20 20:39:22,010 [INFO] ServerAccessManage:473 - Download File PacksControlFlags.xml
2023-12-20 20:39:23,769 [INFO] ServerAccessManage:473 - Download File cubemx.pidx
2023-12-20 20:39:26,263 [INFO] ServerAccessManage:473 - Download File STMicroelectronics.FP-SNS-MOTENVWB1.pdsc
2023-12-20 20:39:31,846 [INFO] ServerAccessManage:473 - Download File STMicroelectronics.X-CUBE-ISPU.pdsc
2023-12-20 20:39:36,281 [INFO] WebApp:157 - Instantiating new browser for Auth
2023-12-20 20:39:40,460 [INFO] WebApp:753 - Register for checkConnection events
2023-12-20 20:39:40,461 [INFO] WebApp:390 - Apply proxy settings
2023-12-20 20:39:40,461 [INFO] WebApp:475 - Chromium requires no authentication
2023-12-20 20:39:40,480 [INFO] WebApp:418 - Direct internet connection detected
2023-12-20 20:39:40,837 [INFO] WebApp:188 - Starting web application
2023-12-20 20:39:40,837 [INFO] WebApp:520 - Web application path used F:\Program Files\STM32CubeIDE_1.13.2\STM32CubeIDE\plugins\com.st.stm32cube.common.mx_6.9.2.202309101412\db\plugins\mcufinder\reactClient1\index.html
2023-12-20 20:39:40,890 [INFO] ServerAccessManage:473 - Download File STMicroelectronics.X-CUBE-TOUCHGFX.pdsc
2023-12-20 20:39:44,342 [ERROR] LogOutputStream:75 - [STDERR_REDIRECT] Dec 20, 2023 8:39:44 PM org.glassfish.grizzly.http.server.NetworkListener start
2023-12-20 20:39:44,344 [ERROR] LogOutputStream:75 - [STDERR_REDIRECT] INFO: Started listener bound to [localhost:1598]
2023-12-20 20:39:44,344 [ERROR] LogOutputStream:75 - [STDERR_REDIRECT] 
2023-12-20 20:39:44,348 [ERROR] LogOutputStream:75 - [STDERR_REDIRECT] Dec 20, 2023 8:39:44 PM org.glassfish.grizzly.http.server.HttpServer start
2023-12-20 20:39:44,350 [ERROR] LogOutputStream:75 - [STDERR_REDIRECT] INFO: [HttpServer] Started.
2023-12-20 20:39:44,350 [ERROR] LogOutputStream:75 - [STDERR_REDIRECT] 
2023-12-20 20:40:10,165 [INFO] ServerAccessManage:473 - Download File STMicroelectronics.X-CUBE-AZRTOS-H7.pdsc
2023-12-20 20:40:22,531 [WARN] PackLoader:240 - Cannot read IP mode file for STMicroelectronics.FP-SNS-MOTENVWB1.1.3.1
2023-12-20 20:40:22,555 [WARN] PackLoader:240 - Cannot read IP mode file for STMicroelectronics.X-CUBE-ISPU.2.0.0
2023-12-20 20:40:22,582 [WARN] PackLoader:240 - Cannot read IP mode file for STMicroelectronics.X-CUBE-TOUCHGFX.4.23.0
2023-12-20 20:40:22,667 [WARN] PackLoader:240 - Cannot read IP mode file for STMicroelectronics.X-CUBE-AZRTOS-H7.3.2.0
2023-12-20 20:40:22,695 [INFO] PopulateThirdPartyThread:66 - Ending populate Thread
2023-12-20 20:40:22,698 [INFO] ThirdParty:1030 - CMSIS Pack Vendor :STMicroelectronics FP-SNS-MOTENVWB1 1.3.1
2023-12-20 20:40:22,698 [INFO] ThirdParty:1030 - CMSIS Pack Vendor :STMicroelectronics X-CUBE-TOUCHGFX 4.23.0
2023-12-20 20:40:22,698 [INFO] ThirdParty:1030 - CMSIS Pack Vendor :STMicroelectronics X-CUBE-AZRTOS-H7 3.2.0
2023-12-20 20:40:22,698 [INFO] ThirdParty:1030 - CMSIS Pack Vendor :STMicroelectronics X-CUBE-ISPU 2.0.0
2023-12-20 20:40:22,699 [INFO] LoadServerUpdatesThread:373 - End of LoadServerUpdate Thread
2023-12-20 20:40:22,881 [INFO] CheckServerUpdateThread:120 - End of CheckServer Thread
2023-12-20 20:46:14,652 [ERROR] LogOutputStream:75 - [STDERR_REDIRECT] 
