16:17:05 **** Incremental Build of configuration Debug for project LETRERO_29LEDS2 ****
make -j4 all 
arm-none-eabi-gcc "../Core/Src/main.c" -mcpu=cortex-m0plus -std=gnu11 -g3 -DDEBUG -DUSE_HAL_DRIVER -DSTM32G030xx -c -I../Core/Inc -I../Drivers/STM32G0xx_HAL_Driver/Inc -I../Drivers/STM32G0xx_HAL_Driver/Inc/Legacy -I../Drivers/CMSIS/Device/ST/STM32G0xx/Include -I../Drivers/CMSIS/Include -O0 -ffunction-sections -fdata-sections -Wall -fstack-usage -fcyclomatic-complexity -MMD -MP -MF"Core/Src/main.d" -MT"Core/Src/main.o" --specs=nano.specs -mfloat-abi=soft -mthumb -o "Core/Src/main.o"
arm-none-eabi-gcc -o "LETRERO_29LEDS2.elf" @"objects.list"   -mcpu=cortex-m0plus -T"E:\GIOVANNY_TODO\SKETCHS\STM32\STM32G030K6T6\LETRERO_29LEDS2\STM32G030K6TX_FLASH.ld" --specs=nosys.specs -Wl,-Map="LETRERO_29LEDS2.map" -Wl,--gc-sections -static --specs=nano.specs -mfloat-abi=soft -mthumb -Wl,--start-group -lc -lm -Wl,--end-group
F:/Program Files/ST/STM32CubeIDE_1.19.0/STM32CubeIDE/plugins/com.st.stm32cube.ide.mcu.externaltools.gnu-tools-for-stm32.13.3.rel1.win32_1.0.0.202411081344/tools/bin/../lib/gcc/arm-none-eabi/13.3.1/../../../../arm-none-eabi/bin/ld.exe: warning: LETRERO_29LEDS2.elf has a LOAD segment with RWX permissions
Finished building target: LETRERO_29LEDS2.elf
 
arm-none-eabi-size  LETRERO_29LEDS2.elf 
arm-none-eabi-objdump -h -S LETRERO_29LEDS2.elf  > "LETRERO_29LEDS2.list"
arm-none-eabi-objcopy  -O ihex LETRERO_29LEDS2.elf  "LETRERO_29LEDS2.hex"
   text	   data	    bss	    dec	    hex	filename
  15340	     24	   1680	  17044	   4294	LETRERO_29LEDS2.elf
Finished building: default.size.stdout
 
Finished building: LETRERO_29LEDS2.hex
 
Finished building: LETRERO_29LEDS2.list
 
16:17:49 **** Incremental Build of configuration Debug for project LETRERO_29LEDS2 ****
make -j4 all 
arm-none-eabi-gcc "../Core/Src/main.c" -mcpu=cortex-m0plus -std=gnu11 -g3 -DDEBUG -DUSE_HAL_DRIVER -DSTM32G030xx -c -I../Core/Inc -I../Drivers/STM32G0xx_HAL_Driver/Inc -I../Drivers/STM32G0xx_HAL_Driver/Inc/Legacy -I../Drivers/CMSIS/Device/ST/STM32G0xx/Include -I../Drivers/CMSIS/Include -O0 -ffunction-sections -fdata-sections -Wall -fstack-usage -fcyclomatic-complexity -MMD -MP -MF"Core/Src/main.d" -MT"Core/Src/main.o" --specs=nano.specs -mfloat-abi=soft -mthumb -o "Core/Src/main.o"
arm-none-eabi-gcc -o "LETRERO_29LEDS2.elf" @"objects.list"   -mcpu=cortex-m0plus -T"E:\GIOVANNY_TODO\SKETCHS\STM32\STM32G030K6T6\LETRERO_29LEDS2\STM32G030K6TX_FLASH.ld" --specs=nosys.specs -Wl,-Map="LETRERO_29LEDS2.map" -Wl,--gc-sections -static --specs=nano.specs -mfloat-abi=soft -mthumb -Wl,--start-group -lc -lm -Wl,--end-group
F:/Program Files/ST/STM32CubeIDE_1.19.0/STM32CubeIDE/plugins/com.st.stm32cube.ide.mcu.externaltools.gnu-tools-for-stm32.13.3.rel1.win32_1.0.0.202411081344/tools/bin/../lib/gcc/arm-none-eabi/13.3.1/../../../../arm-none-eabi/bin/ld.exe: warning: LETRERO_29LEDS2.elf has a LOAD segment with RWX permissions
Finished building target: LETRERO_29LEDS2.elf
 
arm-none-eabi-size  LETRERO_29LEDS2.elf 
arm-none-eabi-objdump -h -S LETRERO_29LEDS2.elf  > "LETRERO_29LEDS2.list"
arm-none-eabi-objcopy  -O ihex LETRERO_29LEDS2.elf  "LETRERO_29LEDS2.hex"
   text	   data	    bss	    dec	    hex	filename
  15856	     24	   1680	  17560	   4498	LETRERO_29LEDS2.elf
Finished building: default.size.stdout
 
Finished building: LETRERO_29LEDS2.hex
 
Finished building: LETRERO_29LEDS2.list
 
16:19:36 **** Incremental Build of configuration Debug for project LETRERO_29LEDS2 ****
make -j4 all 
arm-none-eabi-gcc "../Core/Src/main.c" -mcpu=cortex-m0plus -std=gnu11 -g3 -DDEBUG -DUSE_HAL_DRIVER -DSTM32G030xx -c -I../Core/Inc -I../Drivers/STM32G0xx_HAL_Driver/Inc -I../Drivers/STM32G0xx_HAL_Driver/Inc/Legacy -I../Drivers/CMSIS/Device/ST/STM32G0xx/Include -I../Drivers/CMSIS/Include -O0 -ffunction-sections -fdata-sections -Wall -fstack-usage -fcyclomatic-complexity -MMD -MP -MF"Core/Src/main.d" -MT"Core/Src/main.o" --specs=nano.specs -mfloat-abi=soft -mthumb -o "Core/Src/main.o"
arm-none-eabi-gcc -o "LETRERO_29LEDS2.elf" @"objects.list"   -mcpu=cortex-m0plus -T"E:\GIOVANNY_TODO\SKETCHS\STM32\STM32G030K6T6\LETRERO_29LEDS2\STM32G030K6TX_FLASH.ld" --specs=nosys.specs -Wl,-Map="LETRERO_29LEDS2.map" -Wl,--gc-sections -static --specs=nano.specs -mfloat-abi=soft -mthumb -Wl,--start-group -lc -lm -Wl,--end-group
F:/Program Files/ST/STM32CubeIDE_1.19.0/STM32CubeIDE/plugins/com.st.stm32cube.ide.mcu.externaltools.gnu-tools-for-stm32.13.3.rel1.win32_1.0.0.202411081344/tools/bin/../lib/gcc/arm-none-eabi/13.3.1/../../../../arm-none-eabi/bin/ld.exe: warning: LETRERO_29LEDS2.elf has a LOAD segment with RWX permissions
Finished building target: LETRERO_29LEDS2.elf
 
arm-none-eabi-size  LETRERO_29LEDS2.elf 
arm-none-eabi-objdump -h -S LETRERO_29LEDS2.elf  > "LETRERO_29LEDS2.list"
   text	   data	    bss	    dec	    hex	filename
  15816	     24	   1680	  17520	   4470	LETRERO_29LEDS2.elf
arm-none-eabi-objcopy  -O ihex LETRERO_29LEDS2.elf  "LETRERO_29LEDS2.hex"
Finished building: default.size.stdout
 
Finished building: LETRERO_29LEDS2.hex
 
Finished building: LETRERO_29LEDS2.list
 
16:20:35 **** Incremental Build of configuration Debug for project LETRERO_29LEDS2 ****
make -j4 all 
arm-none-eabi-gcc "../Core/Src/main.c" -mcpu=cortex-m0plus -std=gnu11 -g3 -DDEBUG -DUSE_HAL_DRIVER -DSTM32G030xx -c -I../Core/Inc -I../Drivers/STM32G0xx_HAL_Driver/Inc -I../Drivers/STM32G0xx_HAL_Driver/Inc/Legacy -I../Drivers/CMSIS/Device/ST/STM32G0xx/Include -I../Drivers/CMSIS/Include -O0 -ffunction-sections -fdata-sections -Wall -fstack-usage -fcyclomatic-complexity -MMD -MP -MF"Core/Src/main.d" -MT"Core/Src/main.o" --specs=nano.specs -mfloat-abi=soft -mthumb -o "Core/Src/main.o"
arm-none-eabi-gcc -o "LETRERO_29LEDS2.elf" @"objects.list"   -mcpu=cortex-m0plus -T"E:\GIOVANNY_TODO\SKETCHS\STM32\STM32G030K6T6\LETRERO_29LEDS2\STM32G030K6TX_FLASH.ld" --specs=nosys.specs -Wl,-Map="LETRERO_29LEDS2.map" -Wl,--gc-sections -static --specs=nano.specs -mfloat-abi=soft -mthumb -Wl,--start-group -lc -lm -Wl,--end-group
F:/Program Files/ST/STM32CubeIDE_1.19.0/STM32CubeIDE/plugins/com.st.stm32cube.ide.mcu.externaltools.gnu-tools-for-stm32.13.3.rel1.win32_1.0.0.202411081344/tools/bin/../lib/gcc/arm-none-eabi/13.3.1/../../../../arm-none-eabi/bin/ld.exe: warning: LETRERO_29LEDS2.elf has a LOAD segment with RWX permissions
Finished building target: LETRERO_29LEDS2.elf
 
arm-none-eabi-size  LETRERO_29LEDS2.elf 
arm-none-eabi-objdump -h -S LETRERO_29LEDS2.elf  > "LETRERO_29LEDS2.list"
arm-none-eabi-objcopy  -O ihex LETRERO_29LEDS2.elf  "LETRERO_29LEDS2.hex"
   text	   data	    bss	    dec	    hex	filename
  15300	     24	   1680	  17004	   426c	LETRERO_29LEDS2.elf
Finished building: default.size.stdout
 
Finished building: LETRERO_29LEDS2.hex
 
Finished building: LETRERO_29LEDS2.list
 
16:21:14 **** Incremental Build of configuration Debug for project LETRERO_29LEDS2 ****
make -j4 all 
arm-none-eabi-gcc "../Core/Src/main.c" -mcpu=cortex-m0plus -std=gnu11 -g3 -DDEBUG -DUSE_HAL_DRIVER -DSTM32G030xx -c -I../Core/Inc -I../Drivers/STM32G0xx_HAL_Driver/Inc -I../Drivers/STM32G0xx_HAL_Driver/Inc/Legacy -I../Drivers/CMSIS/Device/ST/STM32G0xx/Include -I../Drivers/CMSIS/Include -O0 -ffunction-sections -fdata-sections -Wall -fstack-usage -fcyclomatic-complexity -MMD -MP -MF"Core/Src/main.d" -MT"Core/Src/main.o" --specs=nano.specs -mfloat-abi=soft -mthumb -o "Core/Src/main.o"
arm-none-eabi-gcc -o "LETRERO_29LEDS2.elf" @"objects.list"   -mcpu=cortex-m0plus -T"E:\GIOVANNY_TODO\SKETCHS\STM32\STM32G030K6T6\LETRERO_29LEDS2\STM32G030K6TX_FLASH.ld" --specs=nosys.specs -Wl,-Map="LETRERO_29LEDS2.map" -Wl,--gc-sections -static --specs=nano.specs -mfloat-abi=soft -mthumb -Wl,--start-group -lc -lm -Wl,--end-group
F:/Program Files/ST/STM32CubeIDE_1.19.0/STM32CubeIDE/plugins/com.st.stm32cube.ide.mcu.externaltools.gnu-tools-for-stm32.13.3.rel1.win32_1.0.0.202411081344/tools/bin/../lib/gcc/arm-none-eabi/13.3.1/../../../../arm-none-eabi/bin/ld.exe: warning: LETRERO_29LEDS2.elf has a LOAD segment with RWX permissions
Finished building target: LETRERO_29LEDS2.elf
 
arm-none-eabi-size  LETRERO_29LEDS2.elf 
arm-none-eabi-objdump -h -S LETRERO_29LEDS2.elf  > "LETRERO_29LEDS2.list"
arm-none-eabi-objcopy  -O ihex LETRERO_29LEDS2.elf  "LETRERO_29LEDS2.hex"
   text	   data	    bss	    dec	    hex	filename
  15816	     24	   1680	  17520	   4470	LETRERO_29LEDS2.elf
Finished building: default.size.stdout
 
Finished building: LETRERO_29LEDS2.hex
 
Finished building: LETRERO_29LEDS2.list
 
16:21:42 **** Incremental Build of configuration Debug for project LETRERO_29LEDS2 ****
make -j4 all 
arm-none-eabi-gcc "../Core/Src/main.c" -mcpu=cortex-m0plus -std=gnu11 -g3 -DDEBUG -DUSE_HAL_DRIVER -DSTM32G030xx -c -I../Core/Inc -I../Drivers/STM32G0xx_HAL_Driver/Inc -I../Drivers/STM32G0xx_HAL_Driver/Inc/Legacy -I../Drivers/CMSIS/Device/ST/STM32G0xx/Include -I../Drivers/CMSIS/Include -O0 -ffunction-sections -fdata-sections -Wall -fstack-usage -fcyclomatic-complexity -MMD -MP -MF"Core/Src/main.d" -MT"Core/Src/main.o" --specs=nano.specs -mfloat-abi=soft -mthumb -o "Core/Src/main.o"
arm-none-eabi-gcc -o "LETRERO_29LEDS2.elf" @"objects.list"   -mcpu=cortex-m0plus -T"E:\GIOVANNY_TODO\SKETCHS\STM32\STM32G030K6T6\LETRERO_29LEDS2\STM32G030K6TX_FLASH.ld" --specs=nosys.specs -Wl,-Map="LETRERO_29LEDS2.map" -Wl,--gc-sections -static --specs=nano.specs -mfloat-abi=soft -mthumb -Wl,--start-group -lc -lm -Wl,--end-group
F:/Program Files/ST/STM32CubeIDE_1.19.0/STM32CubeIDE/plugins/com.st.stm32cube.ide.mcu.externaltools.gnu-tools-for-stm32.13.3.rel1.win32_1.0.0.202411081344/tools/bin/../lib/gcc/arm-none-eabi/13.3.1/../../../../arm-none-eabi/bin/ld.exe: warning: LETRERO_29LEDS2.elf has a LOAD segment with RWX permissions
Finished building target: LETRERO_29LEDS2.elf
 
arm-none-eabi-size  LETRERO_29LEDS2.elf 
arm-none-eabi-objdump -h -S LETRERO_29LEDS2.elf  > "LETRERO_29LEDS2.list"
arm-none-eabi-objcopy  -O ihex LETRERO_29LEDS2.elf  "LETRERO_29LEDS2.hex"
   text	   data	    bss	    dec	    hex	filename
  15300	     24	   1680	  17004	   426c	LETRERO_29LEDS2.elf
Finished building: default.size.stdout
 
Finished building: LETRERO_29LEDS2.hex
 
Finished building: LETRERO_29LEDS2.list
 
16:22:58 **** Incremental Build of configuration Debug for project LETRERO_29LEDS2 ****
make -j4 all 
arm-none-eabi-gcc "../Core/Src/main.c" -mcpu=cortex-m0plus -std=gnu11 -g3 -DDEBUG -DUSE_HAL_DRIVER -DSTM32G030xx -c -I../Core/Inc -I../Drivers/STM32G0xx_HAL_Driver/Inc -I../Drivers/STM32G0xx_HAL_Driver/Inc/Legacy -I../Drivers/CMSIS/Device/ST/STM32G0xx/Include -I../Drivers/CMSIS/Include -O0 -ffunction-sections -fdata-sections -Wall -fstack-usage -fcyclomatic-complexity -MMD -MP -MF"Core/Src/main.d" -MT"Core/Src/main.o" --specs=nano.specs -mfloat-abi=soft -mthumb -o "Core/Src/main.o"
arm-none-eabi-gcc -o "LETRERO_29LEDS2.elf" @"objects.list"   -mcpu=cortex-m0plus -T"E:\GIOVANNY_TODO\SKETCHS\STM32\STM32G030K6T6\LETRERO_29LEDS2\STM32G030K6TX_FLASH.ld" --specs=nosys.specs -Wl,-Map="LETRERO_29LEDS2.map" -Wl,--gc-sections -static --specs=nano.specs -mfloat-abi=soft -mthumb -Wl,--start-group -lc -lm -Wl,--end-group
F:/Program Files/ST/STM32CubeIDE_1.19.0/STM32CubeIDE/plugins/com.st.stm32cube.ide.mcu.externaltools.gnu-tools-for-stm32.13.3.rel1.win32_1.0.0.202411081344/tools/bin/../lib/gcc/arm-none-eabi/13.3.1/../../../../arm-none-eabi/bin/ld.exe: warning: LETRERO_29LEDS2.elf has a LOAD segment with RWX permissions
Finished building target: LETRERO_29LEDS2.elf
 
arm-none-eabi-size  LETRERO_29LEDS2.elf 
arm-none-eabi-objdump -h -S LETRERO_29LEDS2.elf  > "LETRERO_29LEDS2.list"
arm-none-eabi-objcopy  -O ihex LETRERO_29LEDS2.elf  "LETRERO_29LEDS2.hex"
   text	   data	    bss	    dec	    hex	filename
  15816	     24	   1680	  17520	   4470	LETRERO_29LEDS2.elf
Finished building: default.size.stdout
 
Finished building: LETRERO_29LEDS2.hex
 
Finished building: LETRERO_29LEDS2.list
 
16:26:36 **** Incremental Build of configuration Debug for project LETRERO_29LEDS2 ****
make -j4 all 
arm-none-eabi-gcc "../Core/Src/main.c" -mcpu=cortex-m0plus -std=gnu11 -g3 -DDEBUG -DUSE_HAL_DRIVER -DSTM32G030xx -c -I../Core/Inc -I../Drivers/STM32G0xx_HAL_Driver/Inc -I../Drivers/STM32G0xx_HAL_Driver/Inc/Legacy -I../Drivers/CMSIS/Device/ST/STM32G0xx/Include -I../Drivers/CMSIS/Include -O0 -ffunction-sections -fdata-sections -Wall -fstack-usage -fcyclomatic-complexity -MMD -MP -MF"Core/Src/main.d" -MT"Core/Src/main.o" --specs=nano.specs -mfloat-abi=soft -mthumb -o "Core/Src/main.o"
arm-none-eabi-gcc -o "LETRERO_29LEDS2.elf" @"objects.list"   -mcpu=cortex-m0plus -T"E:\GIOVANNY_TODO\SKETCHS\STM32\STM32G030K6T6\LETRERO_29LEDS2\STM32G030K6TX_FLASH.ld" --specs=nosys.specs -Wl,-Map="LETRERO_29LEDS2.map" -Wl,--gc-sections -static --specs=nano.specs -mfloat-abi=soft -mthumb -Wl,--start-group -lc -lm -Wl,--end-group
F:/Program Files/ST/STM32CubeIDE_1.19.0/STM32CubeIDE/plugins/com.st.stm32cube.ide.mcu.externaltools.gnu-tools-for-stm32.13.3.rel1.win32_1.0.0.202411081344/tools/bin/../lib/gcc/arm-none-eabi/13.3.1/../../../../arm-none-eabi/bin/ld.exe: warning: LETRERO_29LEDS2.elf has a LOAD segment with RWX permissions
Finished building target: LETRERO_29LEDS2.elf
 
arm-none-eabi-size  LETRERO_29LEDS2.elf 
arm-none-eabi-objdump -h -S LETRERO_29LEDS2.elf  > "LETRERO_29LEDS2.list"
arm-none-eabi-objcopy  -O ihex LETRERO_29LEDS2.elf  "LETRERO_29LEDS2.hex"
   text	   data	    bss	    dec	    hex	filename
  18144	     24	   1680	  19848	   4d88	LETRERO_29LEDS2.elf
Finished building: default.size.stdout
 
Finished building: LETRERO_29LEDS2.hex
Finished building: LETRERO_29LEDS2.list
 
 
16:28:12 **** Incremental Build of configuration Debug for project LETRERO_29LEDS2 ****
make -j4 all 
arm-none-eabi-gcc "../Core/Src/main.c" -mcpu=cortex-m0plus -std=gnu11 -g3 -DDEBUG -DUSE_HAL_DRIVER -DSTM32G030xx -c -I../Core/Inc -I../Drivers/STM32G0xx_HAL_Driver/Inc -I../Drivers/STM32G0xx_HAL_Driver/Inc/Legacy -I../Drivers/CMSIS/Device/ST/STM32G0xx/Include -I../Drivers/CMSIS/Include -O0 -ffunction-sections -fdata-sections -Wall -fstack-usage -fcyclomatic-complexity -MMD -MP -MF"Core/Src/main.d" -MT"Core/Src/main.o" --specs=nano.specs -mfloat-abi=soft -mthumb -o "Core/Src/main.o"
arm-none-eabi-gcc -o "LETRERO_29LEDS2.elf" @"objects.list"   -mcpu=cortex-m0plus -T"E:\GIOVANNY_TODO\SKETCHS\STM32\STM32G030K6T6\LETRERO_29LEDS2\STM32G030K6TX_FLASH.ld" --specs=nosys.specs -Wl,-Map="LETRERO_29LEDS2.map" -Wl,--gc-sections -static --specs=nano.specs -mfloat-abi=soft -mthumb -Wl,--start-group -lc -lm -Wl,--end-group
F:/Program Files/ST/STM32CubeIDE_1.19.0/STM32CubeIDE/plugins/com.st.stm32cube.ide.mcu.externaltools.gnu-tools-for-stm32.13.3.rel1.win32_1.0.0.202411081344/tools/bin/../lib/gcc/arm-none-eabi/13.3.1/../../../../arm-none-eabi/bin/ld.exe: warning: LETRERO_29LEDS2.elf has a LOAD segment with RWX permissions
Finished building target: LETRERO_29LEDS2.elf
 
arm-none-eabi-size  LETRERO_29LEDS2.elf 
arm-none-eabi-objdump -h -S LETRERO_29LEDS2.elf  > "LETRERO_29LEDS2.list"
arm-none-eabi-objcopy  -O ihex LETRERO_29LEDS2.elf  "LETRERO_29LEDS2.hex"
   text	   data	    bss	    dec	    hex	filename
  14292	     24	   1680	  15996	   3e7c	LETRERO_29LEDS2.elf
Finished building: default.size.stdout
 
Finished building: LETRERO_29LEDS2.hex
 
Finished building: LETRERO_29LEDS2.list
 
16:29:10 **** Incremental Build of configuration Debug for project LETRERO_29LEDS2 ****
make -j4 all 
arm-none-eabi-gcc "../Core/Src/main.c" -mcpu=cortex-m0plus -std=gnu11 -g3 -DDEBUG -DUSE_HAL_DRIVER -DSTM32G030xx -c -I../Core/Inc -I../Drivers/STM32G0xx_HAL_Driver/Inc -I../Drivers/STM32G0xx_HAL_Driver/Inc/Legacy -I../Drivers/CMSIS/Device/ST/STM32G0xx/Include -I../Drivers/CMSIS/Include -O0 -ffunction-sections -fdata-sections -Wall -fstack-usage -fcyclomatic-complexity -MMD -MP -MF"Core/Src/main.d" -MT"Core/Src/main.o" --specs=nano.specs -mfloat-abi=soft -mthumb -o "Core/Src/main.o"
arm-none-eabi-gcc -o "LETRERO_29LEDS2.elf" @"objects.list"   -mcpu=cortex-m0plus -T"E:\GIOVANNY_TODO\SKETCHS\STM32\STM32G030K6T6\LETRERO_29LEDS2\STM32G030K6TX_FLASH.ld" --specs=nosys.specs -Wl,-Map="LETRERO_29LEDS2.map" -Wl,--gc-sections -static --specs=nano.specs -mfloat-abi=soft -mthumb -Wl,--start-group -lc -lm -Wl,--end-group
F:/Program Files/ST/STM32CubeIDE_1.19.0/STM32CubeIDE/plugins/com.st.stm32cube.ide.mcu.externaltools.gnu-tools-for-stm32.13.3.rel1.win32_1.0.0.202411081344/tools/bin/../lib/gcc/arm-none-eabi/13.3.1/../../../../arm-none-eabi/bin/ld.exe: warning: LETRERO_29LEDS2.elf has a LOAD segment with RWX permissions
Finished building target: LETRERO_29LEDS2.elf
 
arm-none-eabi-size  LETRERO_29LEDS2.elf 
arm-none-eabi-objdump -h -S LETRERO_29LEDS2.elf  > "LETRERO_29LEDS2.list"
arm-none-eabi-objcopy  -O ihex LETRERO_29LEDS2.elf  "LETRERO_29LEDS2.hex"
   text	   data	    bss	    dec	    hex	filename
  16584	     24	   1680	  18288	   4770	LETRERO_29LEDS2.elf
Finished building: default.size.stdout
 
Finished building: LETRERO_29LEDS2.hex
 
Finished building: LETRERO_29LEDS2.list
 
16:30:52 **** Incremental Build of configuration Debug for project LETRERO_29LEDS2 ****
make -j4 all 
arm-none-eabi-gcc "../Core/Src/main.c" -mcpu=cortex-m0plus -std=gnu11 -g3 -DDEBUG -DUSE_HAL_DRIVER -DSTM32G030xx -c -I../Core/Inc -I../Drivers/STM32G0xx_HAL_Driver/Inc -I../Drivers/STM32G0xx_HAL_Driver/Inc/Legacy -I../Drivers/CMSIS/Device/ST/STM32G0xx/Include -I../Drivers/CMSIS/Include -O0 -ffunction-sections -fdata-sections -Wall -fstack-usage -fcyclomatic-complexity -MMD -MP -MF"Core/Src/main.d" -MT"Core/Src/main.o" --specs=nano.specs -mfloat-abi=soft -mthumb -o "Core/Src/main.o"
arm-none-eabi-gcc -o "LETRERO_29LEDS2.elf" @"objects.list"   -mcpu=cortex-m0plus -T"E:\GIOVANNY_TODO\SKETCHS\STM32\STM32G030K6T6\LETRERO_29LEDS2\STM32G030K6TX_FLASH.ld" --specs=nosys.specs -Wl,-Map="LETRERO_29LEDS2.map" -Wl,--gc-sections -static --specs=nano.specs -mfloat-abi=soft -mthumb -Wl,--start-group -lc -lm -Wl,--end-group
F:/Program Files/ST/STM32CubeIDE_1.19.0/STM32CubeIDE/plugins/com.st.stm32cube.ide.mcu.externaltools.gnu-tools-for-stm32.13.3.rel1.win32_1.0.0.202411081344/tools/bin/../lib/gcc/arm-none-eabi/13.3.1/../../../../arm-none-eabi/bin/ld.exe: warning: LETRERO_29LEDS2.elf has a LOAD segment with RWX permissions
Finished building target: LETRERO_29LEDS2.elf
 
arm-none-eabi-size  LETRERO_29LEDS2.elf 
arm-none-eabi-objdump -h -S LETRERO_29LEDS2.elf  > "LETRERO_29LEDS2.list"
arm-none-eabi-objcopy  -O ihex LETRERO_29LEDS2.elf  "LETRERO_29LEDS2.hex"
   text	   data	    bss	    dec	    hex	filename
  14760	     24	   1680	  16464	   4050	LETRERO_29LEDS2.elf
Finished building: default.size.stdout
 
Finished building: LETRERO_29LEDS2.hex
 
Finished building: LETRERO_29LEDS2.list
 
16:32:21 **** Incremental Build of configuration Debug for project LETRERO_29LEDS2 ****
make -j4 all 
arm-none-eabi-gcc "../Core/Src/main.c" -mcpu=cortex-m0plus -std=gnu11 -g3 -DDEBUG -DUSE_HAL_DRIVER -DSTM32G030xx -c -I../Core/Inc -I../Drivers/STM32G0xx_HAL_Driver/Inc -I../Drivers/STM32G0xx_HAL_Driver/Inc/Legacy -I../Drivers/CMSIS/Device/ST/STM32G0xx/Include -I../Drivers/CMSIS/Include -O0 -ffunction-sections -fdata-sections -Wall -fstack-usage -fcyclomatic-complexity -MMD -MP -MF"Core/Src/main.d" -MT"Core/Src/main.o" --specs=nano.specs -mfloat-abi=soft -mthumb -o "Core/Src/main.o"
arm-none-eabi-gcc -o "LETRERO_29LEDS2.elf" @"objects.list"   -mcpu=cortex-m0plus -T"E:\GIOVANNY_TODO\SKETCHS\STM32\STM32G030K6T6\LETRERO_29LEDS2\STM32G030K6TX_FLASH.ld" --specs=nosys.specs -Wl,-Map="LETRERO_29LEDS2.map" -Wl,--gc-sections -static --specs=nano.specs -mfloat-abi=soft -mthumb -Wl,--start-group -lc -lm -Wl,--end-group
F:/Program Files/ST/STM32CubeIDE_1.19.0/STM32CubeIDE/plugins/com.st.stm32cube.ide.mcu.externaltools.gnu-tools-for-stm32.13.3.rel1.win32_1.0.0.202411081344/tools/bin/../lib/gcc/arm-none-eabi/13.3.1/../../../../arm-none-eabi/bin/ld.exe: warning: LETRERO_29LEDS2.elf has a LOAD segment with RWX permissions
Finished building target: LETRERO_29LEDS2.elf
 
arm-none-eabi-size  LETRERO_29LEDS2.elf 
arm-none-eabi-objdump -h -S LETRERO_29LEDS2.elf  > "LETRERO_29LEDS2.list"
arm-none-eabi-objcopy  -O ihex LETRERO_29LEDS2.elf  "LETRERO_29LEDS2.hex"
   text	   data	    bss	    dec	    hex	filename
  15896	     24	   1680	  17600	   44c0	LETRERO_29LEDS2.elf
Finished building: default.size.stdout
 
Finished building: LETRERO_29LEDS2.hex
 
Finished building: LETRERO_29LEDS2.list
 
16:33:42 **** Incremental Build of configuration Debug for project LETRERO_29LEDS2 ****
make -j4 all 
arm-none-eabi-gcc "../Core/Src/main.c" -mcpu=cortex-m0plus -std=gnu11 -g3 -DDEBUG -DUSE_HAL_DRIVER -DSTM32G030xx -c -I../Core/Inc -I../Drivers/STM32G0xx_HAL_Driver/Inc -I../Drivers/STM32G0xx_HAL_Driver/Inc/Legacy -I../Drivers/CMSIS/Device/ST/STM32G0xx/Include -I../Drivers/CMSIS/Include -O0 -ffunction-sections -fdata-sections -Wall -fstack-usage -fcyclomatic-complexity -MMD -MP -MF"Core/Src/main.d" -MT"Core/Src/main.o" --specs=nano.specs -mfloat-abi=soft -mthumb -o "Core/Src/main.o"
arm-none-eabi-gcc -o "LETRERO_29LEDS2.elf" @"objects.list"   -mcpu=cortex-m0plus -T"E:\GIOVANNY_TODO\SKETCHS\STM32\STM32G030K6T6\LETRERO_29LEDS2\STM32G030K6TX_FLASH.ld" --specs=nosys.specs -Wl,-Map="LETRERO_29LEDS2.map" -Wl,--gc-sections -static --specs=nano.specs -mfloat-abi=soft -mthumb -Wl,--start-group -lc -lm -Wl,--end-group
F:/Program Files/ST/STM32CubeIDE_1.19.0/STM32CubeIDE/plugins/com.st.stm32cube.ide.mcu.externaltools.gnu-tools-for-stm32.13.3.rel1.win32_1.0.0.202411081344/tools/bin/../lib/gcc/arm-none-eabi/13.3.1/../../../../arm-none-eabi/bin/ld.exe: warning: LETRERO_29LEDS2.elf has a LOAD segment with RWX permissions
Finished building target: LETRERO_29LEDS2.elf
 
arm-none-eabi-size  LETRERO_29LEDS2.elf 
arm-none-eabi-objdump -h -S LETRERO_29LEDS2.elf  > "LETRERO_29LEDS2.list"
arm-none-eabi-objcopy  -O ihex LETRERO_29LEDS2.elf  "LETRERO_29LEDS2.hex"
   text	   data	    bss	    dec	    hex	filename
  22424	     24	   1680	  24128	   5e40	LETRERO_29LEDS2.elf
Finished building: default.size.stdout
 
Finished building: LETRERO_29LEDS2.hex
 
Finished building: LETRERO_29LEDS2.list
 
