2023-10-20 18:35:03,099 [INFO] Activator:176 - 


2023-10-20 18:35:03,102 [INFO] Activator:177 - !SESSION log4j initialized
2023-10-20 18:35:11,381 [INFO] LogOutputStream:77 - [STDOUT_REDIRECT] 
2023-10-20 18:35:16,937 [INFO] ApplicationProperties:184 - Using Application install path: F:\Program Files\STM32CubeIDE_1.13.2\STM32CubeIDE\plugins\com.st.stm32cube.common.mx_6.9.2.202309101412
2023-10-20 18:35:16,960 [INFO] DbMcusXml:78 - Set database path to: F:\Program Files\STM32CubeIDE_1.13.2\STM32CubeIDE\plugins\com.st.stm32cube.common.mx_6.9.2.202309101412\\db\/mcu/
2023-10-20 18:35:16,960 [INFO] ApiDb:274 - Set plugin database path to: F:\Program Files\STM32CubeIDE_1.13.2\STM32CubeIDE\plugins\com.st.stm32cube.common.mx_6.9.2.202309101412\\db\/plugins/boardmanager/
2023-10-20 18:35:16,961 [WARN] ApiDb:259 - Overriding images path with different value:  => F:\Program Files\STM32CubeIDE_1.13.2\STM32CubeIDE\plugins\com.st.stm32cube.common.mx_6.9.2.202309101412\\db\/plugins/mcufinder/images/
2023-10-20 18:35:17,003 [INFO] ApiDb:250 - Set database path to: C:\Users\PC\.stmcufinder\plugins\mcufinder//mcu/
2023-10-20 18:35:17,005 [INFO] DbMcusAds:125 - Set database path to: C:\Users\PC\.stmcufinder\plugins\mcufinder//mcu/
2023-10-20 18:35:17,008 [INFO] CrossReferenceDbSqlite:203 - Set database path to: C:\Users\PC\.stmcufinder\plugins\mcufinder//mcu/cs/
2023-10-20 18:35:17,171 [INFO] RulesReader:64 - Compatibility file has been processed (293 Rules)
2023-10-20 18:35:17,293 [INFO] DbMcusXml:78 - Set database path to: F:\Program Files\STM32CubeIDE_1.13.2\STM32CubeIDE\plugins\com.st.stm32cube.common.mx_6.9.2.202309101412\\db\/mcu/
2023-10-20 18:35:17,293 [INFO] ApiDb:274 - Set plugin database path to: F:\Program Files\STM32CubeIDE_1.13.2\STM32CubeIDE\plugins\com.st.stm32cube.common.mx_6.9.2.202309101412\\db\/plugins/boardmanager/
2023-10-20 18:35:17,293 [INFO] ApiDb:261 - Set plugin images path to: F:\Program Files\STM32CubeIDE_1.13.2\STM32CubeIDE\plugins\com.st.stm32cube.common.mx_6.9.2.202309101412\\db\/plugins/mcufinder/images/
2023-10-20 18:35:17,294 [WARN] DbFile:41 - Overriding database path with different value: C:\Users\PC\.stmcufinder\plugins\mcufinder/ => C:\Users\PC\.stmcufinder\plugins\mcufinder
2023-10-20 18:35:17,294 [INFO] ApiDb:250 - Set database path to: C:\Users\PC\.stmcufinder\plugins\mcufinder//mcu/
2023-10-20 18:35:17,294 [WARN] DbFile:41 - Overriding database path with different value: C:\Users\PC\.stmcufinder\plugins\mcufinder/ => C:\Users\PC\.stmcufinder\plugins\mcufinder
2023-10-20 18:35:17,294 [INFO] DbMcusAds:125 - Set database path to: C:\Users\PC\.stmcufinder\plugins\mcufinder//mcu/
2023-10-20 18:35:17,294 [WARN] DbFile:41 - Overriding database path with different value: C:\Users\PC\.stmcufinder\plugins\mcufinder/ => C:\Users\PC\.stmcufinder\plugins\mcufinder
2023-10-20 18:35:17,295 [WARN] DbFile:41 - Overriding database path with different value: C:\Users\PC\.stmcufinder\plugins\mcufinder/ => C:\Users\PC\.stmcufinder\plugins\mcufinder
2023-10-20 18:35:17,295 [INFO] CrossReferenceDbSqlite:203 - Set database path to: C:\Users\PC\.stmcufinder\plugins\mcufinder//mcu/cs/
2023-10-20 18:35:17,406 [INFO] MainPanel:262 - HeapMemory: 268435456
2023-10-20 18:35:17,501 [INFO] DbMcusXml:78 - Set database path to: F:\Program Files\STM32CubeIDE_1.13.2\STM32CubeIDE\plugins\com.st.stm32cube.common.mx_6.9.2.202309101412\\db\/mcu/
2023-10-20 18:35:17,501 [INFO] ApiDb:274 - Set plugin database path to: F:\Program Files\STM32CubeIDE_1.13.2\STM32CubeIDE\plugins\com.st.stm32cube.common.mx_6.9.2.202309101412\\db\/plugins/boardmanager/
2023-10-20 18:35:17,501 [INFO] ApiDb:261 - Set plugin images path to: F:\Program Files\STM32CubeIDE_1.13.2\STM32CubeIDE\plugins\com.st.stm32cube.common.mx_6.9.2.202309101412\\db\/plugins/mcufinder/images/
2023-10-20 18:35:17,501 [WARN] DbFile:41 - Overriding database path with different value: C:\Users\PC\.stmcufinder\plugins\mcufinder/ => C:\Users\PC\.stmcufinder\plugins\mcufinder
2023-10-20 18:35:17,501 [INFO] ApiDb:250 - Set database path to: C:\Users\PC\.stmcufinder\plugins\mcufinder//mcu/
2023-10-20 18:35:17,502 [WARN] DbFile:41 - Overriding database path with different value: C:\Users\PC\.stmcufinder\plugins\mcufinder/ => C:\Users\PC\.stmcufinder\plugins\mcufinder
2023-10-20 18:35:17,502 [INFO] DbMcusAds:125 - Set database path to: C:\Users\PC\.stmcufinder\plugins\mcufinder//mcu/
2023-10-20 18:35:17,502 [WARN] DbFile:41 - Overriding database path with different value: C:\Users\PC\.stmcufinder\plugins\mcufinder/ => C:\Users\PC\.stmcufinder\plugins\mcufinder
2023-10-20 18:35:17,502 [WARN] DbFile:41 - Overriding database path with different value: C:\Users\PC\.stmcufinder\plugins\mcufinder/ => C:\Users\PC\.stmcufinder\plugins\mcufinder
2023-10-20 18:35:17,502 [INFO] CrossReferenceDbSqlite:203 - Set database path to: C:\Users\PC\.stmcufinder\plugins\mcufinder//mcu/cs/
2023-10-20 18:35:17,525 [INFO] ApplicationProperties:184 - Using Application install path: F:\Program Files\STM32CubeIDE_1.13.2\STM32CubeIDE\plugins\com.st.stm32cube.common.mx_6.9.2.202309101412
2023-10-20 18:35:17,527 [INFO] PluginManage:196 - Search for loadable plugins [exclusion list=, ]
2023-10-20 18:35:17,529 [INFO] PluginManage:310 - Check plugin analytics
2023-10-20 18:35:17,773 [INFO] AnalyticsPlugin:253 - Accepted Software Licenses: 
2023-10-20 18:35:17,773 [INFO] AnalyticsPlugin:255 - Accepted CMSIS Pack Licenses: 
2023-10-20 18:35:17,773 [INFO] AnalyticsPlugin:257 - Accepted Firmware Licenses: FW.F4.1.27.0,FW.G0.1.6.0
2023-10-20 18:35:17,779 [INFO] PluginManage:359 - Loaded plugin analytics (category:tool,tabindex:-1)
2023-10-20 18:35:17,779 [INFO] PluginManage:310 - Check plugin cadmodel
2023-10-20 18:35:17,798 [INFO] CADModel:105 - Init CAD model plugin
2023-10-20 18:35:17,798 [INFO] PluginManage:359 - Loaded plugin cadmodel (category:power,tabindex:5)
2023-10-20 18:35:17,798 [INFO] PluginManage:310 - Check plugin clock
2023-10-20 18:35:17,824 [INFO] PluginManage:359 - Loaded plugin clock (category:base,tabindex:2)
2023-10-20 18:35:17,824 [INFO] PluginManage:310 - Check plugin ddr
2023-10-20 18:35:17,827 [INFO] PluginManage:359 - Loaded plugin ddr (category:tool,tabindex:6)
2023-10-20 18:35:17,827 [INFO] PluginManage:310 - Check plugin filemanager
2023-10-20 18:35:18,052 [INFO] PluginManage:359 - Loaded plugin filemanager (category:base,tabindex:10)
2023-10-20 18:35:18,053 [INFO] PluginManage:310 - Check plugin ipmanager
2023-10-20 18:35:18,064 [INFO] PluginManage:359 - Loaded plugin ipmanager (category:base,tabindex:5)
2023-10-20 18:35:18,064 [INFO] PluginManage:310 - Check plugin lpbam
2023-10-20 18:35:18,112 [INFO] PluginManage:359 - Loaded plugin lpbam (category:base,tabindex:0)
2023-10-20 18:35:18,112 [INFO] PluginManage:310 - Check plugin memorymap
2023-10-20 18:35:18,141 [INFO] PluginManage:359 - Loaded plugin memorymap (category:base,tabindex:4)
2023-10-20 18:35:18,141 [INFO] PluginManage:310 - Check plugin pinoutandconfiguration
2023-10-20 18:35:18,165 [INFO] PluginManage:359 - Loaded plugin pinoutandconfiguration (category:base,tabindex:1)
2023-10-20 18:35:18,166 [INFO] PluginManage:310 - Check plugin pinoutconfig
2023-10-20 18:35:18,473 [WARN] SupportedApi:132 - Cannot load RTOS API schema: s4s-elt-must-match.1: The content of 'definitions' must match (annotation?, (simpleType | complexType)?, (unique | key | keyref)*)). A problem was found starting at: attribute.
2023-10-20 18:35:18,788 [INFO] PluginManage:359 - Loaded plugin pinoutconfig (category:base,tabindex:0)
2023-10-20 18:35:18,788 [INFO] PluginManage:310 - Check plugin power
2023-10-20 18:35:18,871 [INFO] PluginManage:359 - Loaded plugin power (category:power,tabindex:4)
2023-10-20 18:35:18,871 [INFO] PluginManage:310 - Check plugin projectmanager
2023-10-20 18:35:18,906 [INFO] PluginManage:359 - Loaded plugin projectmanager (category:projectmanager,tabindex:3)
2023-10-20 18:35:18,906 [INFO] PluginManage:310 - Check plugin thirdparty
2023-10-20 18:35:19,424 [INFO] PluginManage:359 - Loaded plugin thirdparty (category:base,tabindex:-1)
2023-10-20 18:35:19,424 [INFO] PluginManage:310 - Check plugin tools
2023-10-20 18:35:19,424 [WARN] IntegrityCheckThread:84 - waiting for thirdparty lock release [integrity check]
2023-10-20 18:35:19,425 [INFO] IntegrityCheckThread:86 - entering critical section [integrity check]
2023-10-20 18:35:19,426 [INFO] ThirdPartyUpdaterWithRetryManager:70 - Updater plugin not ready yet. [1/15]
2023-10-20 18:35:19,481 [INFO] PluginManage:359 - Loaded plugin tools (category:base,tabindex:7)
2023-10-20 18:35:19,481 [INFO] PluginManage:310 - Check plugin tutovideos
2023-10-20 18:35:19,760 [INFO] PluginManage:359 - Loaded plugin tutovideos (category:base,tabindex:-1)
2023-10-20 18:35:19,760 [INFO] PluginManage:310 - Check plugin updater
2023-10-20 18:35:19,771 [INFO] PluginManage:359 - Loaded plugin updater (category:base,tabindex:12)
2023-10-20 18:35:19,771 [INFO] PluginManage:310 - Check plugin userauth
2023-10-20 18:35:19,776 [INFO] UserAuth:113 - Init User Auth plugin
2023-10-20 18:35:19,776 [INFO] PluginManage:359 - Loaded plugin userauth (category:base,tabindex:14)
2023-10-20 18:35:19,777 [INFO] PluginManage:283 - PluginManage : Loaded plugins [17]
2023-10-20 18:35:20,211 [INFO] PinOutPanel:1499 - setPackage(No Configuration,No Configuration)
2023-10-20 18:35:20,351 [INFO] CADModel:165 - CPN selected for project level
2023-10-20 18:35:20,351 [INFO] CADModel:114 - Register for checkConnection events
2023-10-20 18:35:20,516 [INFO] IPUIPlugin:80 - create IPUIPlugin
2023-10-20 18:35:20,516 [INFO] PluginManager:220 - loadIPPluginJar : add adc
2023-10-20 18:35:20,576 [INFO] IPUIPlugin:80 - create IPUIPlugin
2023-10-20 18:35:20,577 [INFO] PluginManager:220 - loadIPPluginJar : add aes
2023-10-20 18:35:20,641 [INFO] IPUIPlugin:80 - create IPUIPlugin
2023-10-20 18:35:20,642 [INFO] PluginManager:220 - loadIPPluginJar : add can
2023-10-20 18:35:20,675 [INFO] IPUIPlugin:80 - create IPUIPlugin
2023-10-20 18:35:20,675 [INFO] PluginManager:220 - loadIPPluginJar : add comp
2023-10-20 18:35:20,726 [INFO] IPUIPlugin:80 - create IPUIPlugin
2023-10-20 18:35:20,727 [INFO] PluginManager:220 - loadIPPluginJar : add cryp
2023-10-20 18:35:20,770 [INFO] IPUIPlugin:80 - create IPUIPlugin
2023-10-20 18:35:20,770 [INFO] PluginManager:220 - loadIPPluginJar : add dfsdm
2023-10-20 18:35:20,788 [INFO] IPUIPlugin:80 - create IPUIPlugin
2023-10-20 18:35:20,789 [INFO] PluginManager:220 - loadIPPluginJar : add dma
2023-10-20 18:35:20,851 [INFO] IPUIPlugin:80 - create IPUIPlugin
2023-10-20 18:35:20,851 [INFO] PluginManager:220 - loadIPPluginJar : add dma3
2023-10-20 18:35:20,879 [INFO] IPUIPlugin:80 - create IPUIPlugin
2023-10-20 18:35:20,879 [INFO] PluginManager:220 - loadIPPluginJar : add fatfs
2023-10-20 18:35:20,944 [INFO] IPUIPlugin:80 - create IPUIPlugin
2023-10-20 18:35:20,944 [INFO] PluginManager:220 - loadIPPluginJar : add fmc
2023-10-20 18:35:20,963 [INFO] IPUIPlugin:80 - create IPUIPlugin
2023-10-20 18:35:20,963 [INFO] PluginManager:220 - loadIPPluginJar : add freertos
2023-10-20 18:35:20,992 [INFO] IPUIPlugin:80 - create IPUIPlugin
2023-10-20 18:35:20,992 [INFO] PluginManager:220 - loadIPPluginJar : add genericplugin
2023-10-20 18:35:21,228 [INFO] IPUIPlugin:80 - create IPUIPlugin
2023-10-20 18:35:21,229 [INFO] PluginManager:220 - loadIPPluginJar : add gfxmmu
2023-10-20 18:35:21,448 [INFO] IPUIPlugin:80 - create IPUIPlugin
2023-10-20 18:35:21,448 [INFO] PluginManager:220 - loadIPPluginJar : add gic
2023-10-20 18:35:21,495 [INFO] IPUIPlugin:80 - create IPUIPlugin
2023-10-20 18:35:21,495 [INFO] PluginManager:220 - loadIPPluginJar : add gpio
2023-10-20 18:35:21,656 [INFO] IPUIPlugin:80 - create IPUIPlugin
2023-10-20 18:35:21,656 [INFO] PluginManager:220 - loadIPPluginJar : add gtzc
2023-10-20 18:35:21,706 [INFO] IPUIPlugin:80 - create IPUIPlugin
2023-10-20 18:35:21,706 [INFO] PluginManager:220 - loadIPPluginJar : add hash
2023-10-20 18:35:21,799 [INFO] IPUIPlugin:80 - create IPUIPlugin
2023-10-20 18:35:21,799 [INFO] PluginManager:220 - loadIPPluginJar : add i2c
2023-10-20 18:35:21,868 [INFO] IPUIPlugin:80 - create IPUIPlugin
2023-10-20 18:35:21,869 [INFO] PluginManager:220 - loadIPPluginJar : add i2s
2023-10-20 18:35:21,933 [INFO] IPUIPlugin:80 - create IPUIPlugin
2023-10-20 18:35:21,933 [INFO] PluginManager:220 - loadIPPluginJar : add i3c
2023-10-20 18:35:22,121 [INFO] IPUIPlugin:80 - create IPUIPlugin
2023-10-20 18:35:22,121 [INFO] PluginManager:220 - loadIPPluginJar : add ipddr
2023-10-20 18:35:22,263 [INFO] IPUIPlugin:80 - create IPUIPlugin
2023-10-20 18:35:22,263 [INFO] PluginManager:220 - loadIPPluginJar : add linkedlist
2023-10-20 18:35:22,347 [INFO] IPUIPlugin:80 - create IPUIPlugin
2023-10-20 18:35:22,347 [INFO] PluginManager:220 - loadIPPluginJar : add lorawan
2023-10-20 18:35:22,415 [INFO] IPUIPlugin:80 - create IPUIPlugin
2023-10-20 18:35:22,415 [INFO] PluginManager:220 - loadIPPluginJar : add ltdc
2023-10-20 18:35:22,427 [INFO] ThirdPartyUpdaterWithRetryManager:70 - Updater plugin not ready yet. [2/15]
2023-10-20 18:35:22,435 [INFO] IPUIPlugin:80 - create IPUIPlugin
2023-10-20 18:35:22,435 [INFO] PluginManager:220 - loadIPPluginJar : add mdma
2023-10-20 18:35:22,452 [INFO] IPUIPlugin:80 - create IPUIPlugin
2023-10-20 18:35:22,452 [INFO] PluginManager:220 - loadIPPluginJar : add nvic
2023-10-20 18:35:22,506 [INFO] IPUIPlugin:80 - create IPUIPlugin
2023-10-20 18:35:22,506 [INFO] PluginManager:220 - loadIPPluginJar : add opamp
2023-10-20 18:35:22,595 [INFO] IPUIPlugin:80 - create IPUIPlugin
2023-10-20 18:35:22,595 [INFO] PluginManager:220 - loadIPPluginJar : add openamp
2023-10-20 18:35:22,696 [INFO] IPUIPlugin:80 - create IPUIPlugin
2023-10-20 18:35:22,696 [INFO] PluginManager:220 - loadIPPluginJar : add pdm2pcm
2023-10-20 18:35:22,716 [INFO] IPUIPlugin:80 - create IPUIPlugin
2023-10-20 18:35:22,719 [INFO] PluginManager:220 - loadIPPluginJar : add plateformsettings
2023-10-20 18:35:22,755 [INFO] IPUIPlugin:80 - create IPUIPlugin
2023-10-20 18:35:22,755 [INFO] PluginManager:220 - loadIPPluginJar : add quadspi
2023-10-20 18:35:22,773 [INFO] IPUIPlugin:80 - create IPUIPlugin
2023-10-20 18:35:22,773 [INFO] PluginManager:220 - loadIPPluginJar : add resmgrutility
2023-10-20 18:35:22,848 [INFO] IPUIPlugin:80 - create IPUIPlugin
2023-10-20 18:35:22,848 [INFO] PluginManager:220 - loadIPPluginJar : add sai
2023-10-20 18:35:22,904 [INFO] IPUIPlugin:80 - create IPUIPlugin
2023-10-20 18:35:22,904 [INFO] PluginManager:220 - loadIPPluginJar : add spi
2023-10-20 18:35:22,991 [INFO] IPUIPlugin:80 - create IPUIPlugin
2023-10-20 18:35:22,991 [INFO] PluginManager:220 - loadIPPluginJar : add stm32_wpan
2023-10-20 18:35:23,025 [INFO] IPUIPlugin:80 - create IPUIPlugin
2023-10-20 18:35:23,025 [INFO] PluginManager:220 - loadIPPluginJar : add tim
2023-10-20 18:35:23,161 [INFO] IPUIPlugin:80 - create IPUIPlugin
2023-10-20 18:35:23,162 [INFO] PluginManager:220 - loadIPPluginJar : add touchsensing
2023-10-20 18:35:23,200 [INFO] IPUIPlugin:80 - create IPUIPlugin
2023-10-20 18:35:23,201 [INFO] PluginManager:220 - loadIPPluginJar : add tracer_emb
2023-10-20 18:35:23,364 [INFO] IPUIPlugin:80 - create IPUIPlugin
2023-10-20 18:35:23,364 [INFO] PluginManager:220 - loadIPPluginJar : add ts
2023-10-20 18:35:23,404 [INFO] IPUIPlugin:80 - create IPUIPlugin
2023-10-20 18:35:23,404 [INFO] PluginManager:220 - loadIPPluginJar : add tsc
2023-10-20 18:35:23,449 [INFO] IPUIPlugin:80 - create IPUIPlugin
2023-10-20 18:35:23,449 [INFO] PluginManager:220 - loadIPPluginJar : add ucpd
2023-10-20 18:35:23,524 [INFO] IPUIPlugin:80 - create IPUIPlugin
2023-10-20 18:35:23,524 [INFO] PluginManager:220 - loadIPPluginJar : add usart
2023-10-20 18:35:23,592 [INFO] IPUIPlugin:80 - create IPUIPlugin
2023-10-20 18:35:23,592 [INFO] PluginManager:220 - loadIPPluginJar : add usbx
2023-10-20 18:35:23,743 [INFO] CADModel:165 - CPN selected for project level
2023-10-20 18:35:23,743 [INFO] CADModel:114 - Register for checkConnection events
2023-10-20 18:35:23,743 [FATAL] Updater:308 - Updater called before beeing initialized
2023-10-20 18:35:23,744 [ERROR] CADModel:125 - Updater not yet initialized, retry later 
2023-10-20 18:35:23,910 [INFO] CADModel:165 - CPN selected for project level
2023-10-20 18:35:23,910 [INFO] CADModel:114 - Register for checkConnection events
2023-10-20 18:35:23,910 [FATAL] Updater:308 - Updater called before beeing initialized
2023-10-20 18:35:23,910 [ERROR] CADModel:125 - Updater not yet initialized, retry later 
2023-10-20 18:35:23,914 [FATAL] Updater:308 - Updater called before beeing initialized
2023-10-20 18:35:24,083 [FATAL] Updater:308 - Updater called before beeing initialized
2023-10-20 18:35:24,092 [INFO] DbMcusAds:53 - JSON generation date=Tue Mar 07 03:50:55 PET 2023 (1678179055114)
2023-10-20 18:35:24,092 [FATAL] Updater:308 - Updater called before beeing initialized
2023-10-20 18:35:24,241 [WARN] DetailPanel:346 - Failed to get advertising image, set to default
2023-10-20 18:35:24,401 [FATAL] Updater:308 - Updater called before beeing initialized
2023-10-20 18:35:24,404 [FATAL] Updater:308 - Updater called before beeing initialized
2023-10-20 18:35:24,404 [FATAL] Updater:308 - Updater called before beeing initialized
2023-10-20 18:35:24,404 [WARN] DetailPanel:346 - Failed to get advertising image, set to default
2023-10-20 18:35:24,406 [FATAL] Updater:308 - Updater called before beeing initialized
2023-10-20 18:35:24,487 [ERROR] Updater:1120 - MainUpdater not yet initialized. External WinMGr cannot be set.
2023-10-20 18:35:24,503 [INFO] Updater:1056 - Updater Version found : 6.9.2
2023-10-20 18:35:24,522 [INFO] ApplicationProperties:184 - Using Application install path: F:\Program Files\STM32CubeIDE_1.13.2\STM32CubeIDE\plugins\com.st.stm32cube.common.mx_6.9.2.202309101412
2023-10-20 18:35:25,430 [INFO] ThirdPartyUpdaterWithRetryManager:70 - Updater plugin not ready yet. [3/15]
2023-10-20 18:35:26,925 [INFO] MainUpdater:2868 - connection check result : 10
2023-10-20 18:35:26,926 [INFO] MainUpdater:285 - Updater Check For Update Now.
2023-10-20 18:35:26,926 [INFO] MicroXplorer:498 - Change Database Version : DB.6.0.92
2023-10-20 18:35:26,947 [INFO] McuFinderGlobals:63 - Set McuFinder mode to 2 (CubeIDE integrated)
2023-10-20 18:35:26,947 [INFO] UserAuth:179 - activating auth plugin
2023-10-20 18:35:26,955 [INFO] UserAuth:393 - Internet connection configuration mode: 1
2023-10-20 18:35:26,987 [INFO] JxBrowserEngine:151 - Initiate JxBrowser Engine with user profile folder
2023-10-20 18:35:27,341 [INFO] CheckServerUpdateThread:120 - End of CheckServer Thread
2023-10-20 18:35:29,289 [WARN] PackLoader:240 - Cannot read IP mode file for STMicroelectronics.X-CUBE-SMBUS.2.1.0
2023-10-20 18:35:29,451 [WARN] PackLoader:240 - Cannot read IP mode file for STMicroelectronics.X-CUBE-AZRTOS-F7.1.1.0
2023-10-20 18:35:29,521 [ERROR] RealEvaluatedCondition:428 - Found unsupported composite condition: CLASS='Data Exchange' GROUP='STM32_MetaDataManager'
2023-10-20 18:35:29,521 [ERROR] RealEvaluatedCondition:428 - Found unsupported composite condition: CLASS='Data Exchange' GROUP='STM32_MetaDataManager'
2023-10-20 18:35:29,525 [WARN] PackLoader:240 - Cannot read IP mode file for STMicroelectronics.FP-SNS-MOTENV1.4.3.0
2023-10-20 18:35:29,565 [WARN] PackLoader:240 - Cannot read IP mode file for STMicroelectronics.FP-SNS-MOTENV1.4.3.2
2023-10-20 18:35:29,600 [WARN] PackLoader:240 - Cannot read IP mode file for STMicroelectronics.FP-SNS-FLIGHT1.5.0.0
2023-10-20 18:35:29,643 [ERROR] RealEvaluatedCondition:428 - Found unsupported composite condition: GROUP='STM32_MetaDataManager' CLASS='Data Exchange'
2023-10-20 18:35:29,643 [ERROR] RealEvaluatedCondition:428 - Found unsupported composite condition: CLASS='Data Exchange' GROUP='STM32_MetaDataManager'
2023-10-20 18:35:29,646 [WARN] PackLoader:240 - Cannot read IP mode file for STMicroelectronics.FP-SNS-MOTENV1.4.3.1
2023-10-20 18:35:29,703 [WARN] PackLoader:240 - Cannot read IP mode file for STMicroelectronics.FP-SNS-FLIGHT1.5.0.1
2023-10-20 18:35:29,749 [WARN] PackLoader:240 - Cannot read IP mode file for STMicroelectronics.X-CUBE-BLE1.6.2.4
2023-10-20 18:35:30,052 [WARN] PackLoader:240 - Cannot read IP mode file for STMicroelectronics.FP-SNS-FLIGHT1.5.0.2
2023-10-20 18:35:30,190 [WARN] PackLoader:240 - Cannot read IP mode file for STMicroelectronics.X-CUBE-DISPLAY.3.0.0
2023-10-20 18:35:30,250 [WARN] PackLoader:240 - Cannot read IP mode file for STMicroelectronics.X-CUBE-BLE1.7.0.0
2023-10-20 18:35:30,284 [WARN] PackLoader:240 - Cannot read IP mode file for STMicroelectronics.X-CUBE-TOUCHGFX.4.22.0
2023-10-20 18:35:30,312 [WARN] PackLoader:240 - Cannot read IP mode file for STMicroelectronics.X-CUBE-TOUCHGFX.4.22.1
2023-10-20 18:35:30,342 [WARN] PackLoader:240 - Cannot read IP mode file for STMicroelectronics.FP-SNS-SMARTAG2.1.2.0
2023-10-20 18:35:30,494 [INFO] LogOutputStream:77 - [STDOUT_REDIRECT] 1 : Invalid condition id : UX_CORESTACK_Condition cause : null
2023-10-20 18:35:30,494 [INFO] LogOutputStream:77 - [STDOUT_REDIRECT] 1 : Invalid condition id : UX_CORESTACK_Condition cause : null
2023-10-20 18:35:30,496 [INFO] LogOutputStream:77 - [STDOUT_REDIRECT] 1 : Invalid condition id : UX_CORESTACK_Condition cause : null
2023-10-20 18:35:30,498 [INFO] LogOutputStream:77 - [STDOUT_REDIRECT] 1 : Invalid condition id : UX_CORESTACK_Condition cause : null
2023-10-20 18:35:30,499 [INFO] LogOutputStream:77 - [STDOUT_REDIRECT] 1 : Invalid condition id : UX_CORESTACK_Condition cause : null
2023-10-20 18:35:30,509 [WARN] PackLoader:240 - Cannot read IP mode file for STMicroelectronics.X-CUBE-AZRTOS-WL.2.0.0
2023-10-20 18:35:30,575 [WARN] PackLoader:240 - Cannot read IP mode file for WES.I-CUBE-Cesium.1.3.0
2023-10-20 18:35:30,603 [WARN] PackLoader:240 - Cannot read IP mode file for STMicroelectronics.X-CUBE-BLE2.3.3.0
2023-10-20 18:35:30,655 [WARN] PackLoader:240 - Cannot read IP mode file for STMicroelectronics.X-CUBE-DISPLAY.2.2.0
2023-10-20 18:35:30,709 [WARN] PackLoader:240 - Cannot read IP mode file for STMicroelectronics.X-CUBE-TOF1.3.2.0
2023-10-20 18:35:30,783 [WARN] PackLoader:240 - Cannot read IP mode file for STMicroelectronics.X-CUBE-TOUCHGFX.4.21.1
2023-10-20 18:35:30,825 [WARN] PackLoader:240 - Cannot read IP mode file for STMicroelectronics.X-CUBE-TOUCHGFX.4.21.0
2023-10-20 18:35:30,890 [WARN] PackLoader:240 - Cannot read IP mode file for STMicroelectronics.X-CUBE-TOUCHGFX.4.21.3
2023-10-20 18:35:30,963 [WARN] PackLoader:240 - Cannot read IP mode file for STMicroelectronics.X-CUBE-TOUCHGFX.4.21.4
2023-10-20 18:35:31,096 [WARN] PackLoader:240 - Cannot read IP mode file for STMicroelectronics.X-CUBE-MEMS1.9.4.0
2023-10-20 18:35:31,712 [WARN] PackLoader:240 - Cannot read IP mode file for STMicroelectronics.X-CUBE-AI.7.3.0
2023-10-20 18:35:31,790 [WARN] PackLoader:240 - Cannot read IP mode file for STMicroelectronics.X-CUBE-ALGOBUILD.1.3.0
2023-10-20 18:35:32,161 [WARN] PackLoader:240 - Cannot read IP mode file for STMicroelectronics.X-CUBE-AZRTOS-G0.1.1.0
2023-10-20 18:35:32,367 [WARN] PackLoader:240 - Cannot read IP mode file for STMicroelectronics.X-CUBE-NFC4.3.0.0
2023-10-20 18:35:32,453 [WARN] PackLoader:240 - Cannot read IP mode file for STMicroelectronics.X-CUBE-BLEMGR.1.3.0
2023-10-20 18:35:32,531 [WARN] PackLoader:240 - Cannot read IP mode file for STMicroelectronics.FP-ATR-SIGFOX1.3.2.0
2023-10-20 18:35:32,879 [WARN] PackLoader:240 - Cannot read IP mode file for STMicroelectronics.X-CUBE-MEMS1.9.5.0
2023-10-20 18:35:33,164 [WARN] PackLoader:240 - Cannot read IP mode file for SEGGER.I-CUBE-embOS.1.3.1
2023-10-20 18:35:33,455 [WARN] PackLoader:240 - Cannot read IP mode file for SEGGER.I-CUBE-embOS.1.3.0
2023-10-20 18:35:34,157 [WARN] PackLoader:240 - Cannot read IP mode file for STMicroelectronics.X-CUBE-GNSS1.6.0.0
2023-10-20 18:35:34,266 [WARN] PackLoader:240 - Cannot read IP mode file for STMicroelectronics.X-CUBE-AZRTOS-F4.1.1.0
2023-10-20 18:35:34,348 [WARN] PackLoader:240 - Cannot read IP mode file for STMicroelectronics.X-CUBE-AZRTOS-L5.2.0.0
2023-10-20 18:35:34,566 [WARN] PackLoader:240 - Cannot read IP mode file for STMicroelectronics.X-CUBE-MEMS1.9.6.0
2023-10-20 18:35:34,794 [WARN] PackLoader:240 - Cannot read IP mode file for ITTIA_DB.I-CUBE-ITTIADB.8.8.0
2023-10-20 18:35:34,829 [WARN] PackLoader:240 - Cannot read IP mode file for emotas.I-CUBE-CANOPEN.1.1.3
2023-10-20 18:35:34,930 [WARN] PackLoader:240 - Cannot read IP mode file for STMicroelectronics.X-CUBE-BLEMGR.2.0.0
2023-10-20 18:35:34,962 [WARN] PackLoader:240 - Cannot read IP mode file for STMicroelectronics.X-CUBE-NFC4.2.0.5
2023-10-20 18:35:35,711 [WARN] ConditionMgr:438 - getConditionDescription Invalid condition id : UX DEVICE CLASS RTOS Condition cause : null
2023-10-20 18:35:35,711 [WARN] ConditionMgr:438 - getConditionDescription Invalid condition id : UX DEVICE CLASS RTOS Condition cause : null
2023-10-20 18:35:35,716 [WARN] PackLoader:240 - Cannot read IP mode file for STMicroelectronics.X-CUBE-AZRTOS-H7.3.1.0
2023-10-20 18:35:35,719 [WARN] ConditionMgr:1039 - genDependencies : Invalid condition id : UX DEVICE CLASS RTOS Condition cause : null
2023-10-20 18:35:35,719 [WARN] ConditionMgr:1039 - genDependencies : Invalid condition id : UX DEVICE CLASS RTOS Condition cause : null
2023-10-20 18:35:35,721 [WARN] ConditionMgr:1039 - genDependencies : Invalid condition id : UX DEVICE CLASS RTOS Condition cause : null
2023-10-20 18:35:35,721 [WARN] ConditionMgr:1039 - genDependencies : Invalid condition id : UX DEVICE CLASS RTOS Condition cause : null
2023-10-20 18:35:35,724 [WARN] ConditionMgr:1039 - genDependencies : Invalid condition id : UX DEVICE CLASS RTOS Condition cause : null
2023-10-20 18:35:35,851 [WARN] PackLoader:240 - Cannot read IP mode file for wolfSSL.I-CUBE-wolfSSL.5.5.3
2023-10-20 18:35:35,986 [WARN] PackLoader:240 - Cannot read IP mode file for STMicroelectronics.X-CUBE-NFC7.1.0.1
2023-10-20 18:35:36,012 [WARN] PackLoader:240 - Cannot read IP mode file for STMicroelectronics.X-CUBE-NFC7.1.0.0
2023-10-20 18:35:36,104 [WARN] PackLoader:240 - Cannot read IP mode file for STMicroelectronics.X-CUBE-NFC6.3.0.0
2023-10-20 18:35:36,270 [WARN] PackLoader:240 - Cannot read IP mode file for STMicroelectronics.X-CUBE-EEPRMA1.4.1.0
2023-10-20 18:35:36,447 [WARN] PackLoader:240 - Cannot read IP mode file for STMicroelectronics.X-CUBE-AI.8.1.0
2023-10-20 18:35:36,588 [WARN] ConditionMgr:438 - getConditionDescription Invalid condition id : LAN8742 Phy interface Condition cause : null
2023-10-20 18:35:36,589 [WARN] PackLoader:240 - Cannot read IP mode file for STMicroelectronics.X-CUBE-AZRTOS-L4.2.0.0
2023-10-20 18:35:36,591 [WARN] ConditionMgr:1039 - genDependencies : Invalid condition id : LAN8742 Phy interface Condition cause : null
2023-10-20 18:35:36,592 [WARN] ConditionMgr:1039 - genDependencies : Invalid condition id : LAN8742 Phy interface Condition cause : null
2023-10-20 18:35:36,593 [WARN] ConditionMgr:1039 - genDependencies : Invalid condition id : LAN8742 Phy interface Condition cause : null
2023-10-20 18:35:36,637 [WARN] PackLoader:240 - Cannot read IP mode file for STMicroelectronics.X-CUBE-SFXS2LP1.4.0.0
2023-10-20 18:35:36,717 [WARN] PackLoader:240 - Cannot read IP mode file for STMicroelectronics.X-CUBE-AZRTOS-H7.3.0.0
2023-10-20 18:35:36,754 [WARN] PackLoader:240 - Cannot read IP mode file for STMicroelectronics.X-CUBE-ISPU.1.1.0
2023-10-20 18:35:36,794 [WARN] PackLoader:240 - Cannot read IP mode file for RoweBots.I-CUBE-UNISONRTOS.5.5.0-4
2023-10-20 18:35:36,831 [WARN] PackLoader:240 - Cannot read IP mode file for STMicroelectronics.X-CUBE-AI.8.0.0
2023-10-20 18:35:36,881 [WARN] ConditionMgr:438 - getConditionDescription Invalid condition id : UX DEVICE CLASS RTOS Condition cause : null
2023-10-20 18:35:36,882 [WARN] ConditionMgr:438 - getConditionDescription Invalid condition id : UX DEVICE CLASS RTOS Condition cause : null
2023-10-20 18:35:36,885 [WARN] PackLoader:240 - Cannot read IP mode file for STMicroelectronics.X-CUBE-AZRTOS-WB.2.0.0
2023-10-20 18:35:36,886 [WARN] ConditionMgr:1039 - genDependencies : Invalid condition id : UX DEVICE CLASS RTOS Condition cause : null
2023-10-20 18:35:36,886 [WARN] ConditionMgr:1039 - genDependencies : Invalid condition id : UX DEVICE CLASS RTOS Condition cause : null
2023-10-20 18:35:36,887 [WARN] ConditionMgr:1039 - genDependencies : Invalid condition id : UX DEVICE CLASS RTOS Condition cause : null
2023-10-20 18:35:36,888 [WARN] ConditionMgr:1039 - genDependencies : Invalid condition id : UX DEVICE CLASS RTOS Condition cause : null
2023-10-20 18:35:36,888 [WARN] ConditionMgr:1039 - genDependencies : Invalid condition id : UX DEVICE CLASS RTOS Condition cause : null
2023-10-20 18:35:36,918 [WARN] PackLoader:240 - Cannot read IP mode file for STMicroelectronics.X-CUBE-FREERTOS.1.0.0
2023-10-20 18:35:37,017 [WARN] PackLoader:240 - Cannot read IP mode file for STMicroelectronics.X-CUBE-FREERTOS.1.0.1
2023-10-20 18:35:37,291 [WARN] PackLoader:240 - Cannot read IP mode file for STMicroelectronics.X-CUBE-AZRTOS-L5.1.1.0
2023-10-20 18:35:37,317 [WARN] PackLoader:240 - Cannot read IP mode file for STMicroelectronics.X-CUBE-AI.8.0.1
2023-10-20 18:35:37,359 [WARN] PackLoader:240 - Cannot read IP mode file for STMicroelectronics.X-CUBE-SUBG2.5.0.0
2023-10-20 18:35:37,482 [WARN] PackLoader:240 - Cannot read IP mode file for STMicroelectronics.X-CUBE-TOF1.3.3.1
2023-10-20 18:35:37,660 [WARN] PackLoader:240 - Cannot read IP mode file for STMicroelectronics.X-CUBE-AZRTOS-G4.2.0.0
2023-10-20 18:35:37,699 [WARN] PackLoader:240 - Cannot read IP mode file for STMicroelectronics.X-CUBE-TOF1.3.3.0
2023-10-20 18:35:37,806 [WARN] PackLoader:240 - Cannot read IP mode file for STMicroelectronics.FP-ATR-ASTRA1.1.1.1
2023-10-20 18:35:37,959 [WARN] PackLoader:240 - Cannot read IP mode file for Infineon.AIROC-Wi-Fi-Bluetooth-STM32.1.5.1
2023-10-20 18:35:38,021 [WARN] PackLoader:240 - Cannot read IP mode file for STMicroelectronics.X-CUBE-AZRTOS-G4.1.0.0
2023-10-20 18:35:38,091 [WARN] PackLoader:240 - Cannot read IP mode file for STMicroelectronics.X-CUBE-AZRTOS-L4.1.0.0
2023-10-20 18:35:38,212 [WARN] PackLoader:240 - Cannot read IP mode file for STMicroelectronics.X-CUBE-MEMS1.10.0.0
2023-10-20 18:35:38,439 [WARN] PackLoader:240 - Cannot read IP mode file for STMicroelectronics.X-CUBE-FREERTOS.1.1.0
2023-10-20 18:35:38,499 [WARN] PackLoader:240 - Cannot read IP mode file for STMicroelectronics.X-CUBE-AZRTOS-WL.1.0.0
2023-10-20 18:35:38,555 [WARN] PackLoader:240 - Cannot read IP mode file for portGmbH.I-Cube-SoM-uGOAL.1.1.0
2023-10-20 18:35:38,650 [WARN] PackLoader:240 - Cannot read IP mode file for STMicroelectronics.X-CUBE-ALS.1.0.1
2023-10-20 18:35:38,709 [WARN] PackLoader:240 - Cannot read IP mode file for STMicroelectronics.X-CUBE-AZRTOS-WB.1.1.0
2023-10-20 18:35:38,795 [WARN] PackLoader:240 - Cannot read IP mode file for STMicroelectronics.FP-ATR-ASTRA1.2.0.0
2023-10-20 18:35:38,796 [INFO] ThirdParty:978 - Integrity check success = true
2023-10-20 18:35:38,796 [INFO] IntegrityCheckThread:100 - exiting critical section [integrity check]
2023-10-20 18:35:38,796 [INFO] IntegrityCheckThread:103 - End integrity checks thread
2023-10-20 18:35:44,665 [INFO] WebApp:157 - Instantiating new browser for Auth
2023-10-20 18:35:45,651 [INFO] WebApp:753 - Register for checkConnection events
2023-10-20 18:35:45,651 [INFO] WebApp:390 - Apply proxy settings
2023-10-20 18:35:45,651 [INFO] WebApp:475 - Chromium requires no authentication
2023-10-20 18:35:45,660 [INFO] WebApp:418 - Direct internet connection detected
2023-10-20 18:35:45,848 [INFO] WebApp:188 - Starting web application
2023-10-20 18:35:45,848 [INFO] WebApp:520 - Web application path used F:\Program Files\STM32CubeIDE_1.13.2\STM32CubeIDE\plugins\com.st.stm32cube.common.mx_6.9.2.202309101412\db\plugins\mcufinder\reactClient1\index.html
2023-10-20 18:36:08,900 [ERROR] LogOutputStream:75 - [STDERR_REDIRECT] SLF4J: Failed to load class "org.slf4j.impl.StaticLoggerBinder".
2023-10-20 18:36:08,911 [ERROR] LogOutputStream:75 - [STDERR_REDIRECT] SLF4J: Defaulting to no-operation (NOP) logger implementation
2023-10-20 18:36:08,916 [ERROR] LogOutputStream:75 - [STDERR_REDIRECT] SLF4J: See http://www.slf4j.org/codes.html#StaticLoggerBinder for further details.
2023-10-20 18:40:52,564 [INFO] LogOutputStream:77 - [STDOUT_REDIRECT] Unexpected error loading extension: org.eclipse.equinox.p2.metadata.repository.simpleRepository
2023-10-20 18:40:52,568 [ERROR] LogOutputStream:75 - [STDERR_REDIRECT] java.lang.IllegalStateException: Attempt to access stopped agent: org.eclipse.equinox.internal.p2.core.ProvisioningAgent@3377c664
2023-10-20 18:40:52,570 [ERROR] LogOutputStream:75 - [STDERR_REDIRECT] 	at org.eclipse.equinox.internal.p2.core.ProvisioningAgent.checkRunning(ProvisioningAgent.java:86)
2023-10-20 18:40:52,573 [ERROR] LogOutputStream:75 - [STDERR_REDIRECT] 	at org.eclipse.equinox.internal.p2.core.ProvisioningAgent.getService(ProvisioningAgent.java:50)
2023-10-20 18:40:52,576 [ERROR] LogOutputStream:75 - [STDERR_REDIRECT] 	at org.eclipse.equinox.p2.core.IProvisioningAgent.getService(IProvisioningAgent.java:86)
2023-10-20 18:40:52,581 [ERROR] LogOutputStream:75 - [STDERR_REDIRECT] 	at org.eclipse.equinox.internal.p2.metadata.repository.SimpleMetadataRepositoryFactory.getLocalFile(SimpleMetadataRepositoryFactory.java:66)
2023-10-20 18:40:52,585 [ERROR] LogOutputStream:75 - [STDERR_REDIRECT] 	at org.eclipse.equinox.internal.p2.metadata.repository.SimpleMetadataRepositoryFactory.load(SimpleMetadataRepositoryFactory.java:89)
2023-10-20 18:40:52,589 [ERROR] LogOutputStream:75 - [STDERR_REDIRECT] 	at org.eclipse.equinox.internal.p2.metadata.repository.MetadataRepositoryManager.factoryLoad(MetadataRepositoryManager.java:63)
2023-10-20 18:40:52,593 [ERROR] LogOutputStream:75 - [STDERR_REDIRECT] 	at org.eclipse.equinox.internal.p2.repository.helpers.AbstractRepositoryManager.loadRepository(AbstractRepositoryManager.java:787)
2023-10-20 18:40:52,615 [ERROR] LogOutputStream:75 - [STDERR_REDIRECT] 	at org.eclipse.equinox.internal.p2.repository.helpers.AbstractRepositoryManager.loadRepository(AbstractRepositoryManager.java:685)
2023-10-20 18:40:52,618 [ERROR] LogOutputStream:75 - [STDERR_REDIRECT] 	at org.eclipse.equinox.internal.p2.metadata.repository.MetadataRepositoryManager.loadRepository(MetadataRepositoryManager.java:110)
2023-10-20 18:40:52,622 [ERROR] LogOutputStream:75 - [STDERR_REDIRECT] 	at org.eclipse.equinox.internal.p2.metadata.repository.MetadataRepositoryManager.loadRepository(MetadataRepositoryManager.java:105)
2023-10-20 18:40:52,626 [ERROR] LogOutputStream:75 - [STDERR_REDIRECT] 	at org.eclipse.equinox.internal.p2.metadata.repository.CompositeMetadataRepository.addChild(CompositeMetadataRepository.java:171)
2023-10-20 18:40:52,630 [ERROR] LogOutputStream:75 - [STDERR_REDIRECT] 	at org.eclipse.equinox.internal.p2.metadata.repository.CompositeMetadataRepository.<init>(CompositeMetadataRepository.java:113)
2023-10-20 18:40:52,633 [ERROR] LogOutputStream:75 - [STDERR_REDIRECT] 	at org.eclipse.equinox.internal.p2.metadata.repository.CompositeMetadataRepositoryFactory.load(CompositeMetadataRepositoryFactory.java:124)
2023-10-20 18:40:52,637 [ERROR] LogOutputStream:75 - [STDERR_REDIRECT] 	at org.eclipse.equinox.internal.p2.metadata.repository.MetadataRepositoryManager.factoryLoad(MetadataRepositoryManager.java:63)
2023-10-20 18:40:52,640 [ERROR] LogOutputStream:75 - [STDERR_REDIRECT] 	at org.eclipse.equinox.internal.p2.repository.helpers.AbstractRepositoryManager.loadRepository(AbstractRepositoryManager.java:787)
2023-10-20 18:40:52,647 [ERROR] LogOutputStream:75 - [STDERR_REDIRECT] 	at org.eclipse.equinox.internal.p2.repository.helpers.AbstractRepositoryManager.loadRepository(AbstractRepositoryManager.java:685)
2023-10-20 18:40:52,650 [ERROR] LogOutputStream:75 - [STDERR_REDIRECT] 	at org.eclipse.equinox.internal.p2.metadata.repository.MetadataRepositoryManager.loadRepository(MetadataRepositoryManager.java:110)
2023-10-20 18:40:52,654 [ERROR] LogOutputStream:75 - [STDERR_REDIRECT] 	at org.eclipse.equinox.internal.p2.metadata.repository.MetadataRepositoryManager.loadRepository(MetadataRepositoryManager.java:105)
2023-10-20 18:40:52,658 [ERROR] LogOutputStream:75 - [STDERR_REDIRECT] 	at org.eclipse.equinox.internal.p2.metadata.repository.CompositeMetadataRepository.addChild(CompositeMetadataRepository.java:171)
2023-10-20 18:40:52,662 [ERROR] LogOutputStream:75 - [STDERR_REDIRECT] 	at org.eclipse.equinox.internal.p2.metadata.repository.CompositeMetadataRepository.<init>(CompositeMetadataRepository.java:113)
2023-10-20 18:40:52,665 [ERROR] LogOutputStream:75 - [STDERR_REDIRECT] 	at org.eclipse.equinox.internal.p2.metadata.repository.CompositeMetadataRepositoryFactory.load(CompositeMetadataRepositoryFactory.java:124)
2023-10-20 18:40:52,669 [ERROR] LogOutputStream:75 - [STDERR_REDIRECT] 	at org.eclipse.equinox.internal.p2.metadata.repository.MetadataRepositoryManager.factoryLoad(MetadataRepositoryManager.java:63)
2023-10-20 18:40:52,672 [ERROR] LogOutputStream:75 - [STDERR_REDIRECT] 	at org.eclipse.equinox.internal.p2.repository.helpers.AbstractRepositoryManager.loadRepository(AbstractRepositoryManager.java:787)
2023-10-20 18:40:52,677 [ERROR] LogOutputStream:75 - [STDERR_REDIRECT] 	at org.eclipse.equinox.internal.p2.repository.helpers.AbstractRepositoryManager.loadRepository(AbstractRepositoryManager.java:685)
2023-10-20 18:40:52,681 [ERROR] LogOutputStream:75 - [STDERR_REDIRECT] 	at org.eclipse.equinox.internal.p2.metadata.repository.MetadataRepositoryManager.loadRepository(MetadataRepositoryManager.java:110)
2023-10-20 18:40:52,684 [ERROR] LogOutputStream:75 - [STDERR_REDIRECT] 	at org.eclipse.equinox.internal.p2.metadata.repository.MetadataRepositoryManager.loadRepository(MetadataRepositoryManager.java:105)
2023-10-20 18:40:52,688 [ERROR] LogOutputStream:75 - [STDERR_REDIRECT] 	at org.eclipse.equinox.internal.p2.metadata.repository.CompositeMetadataRepository.addChild(CompositeMetadataRepository.java:171)
2023-10-20 18:40:52,692 [ERROR] LogOutputStream:75 - [STDERR_REDIRECT] 	at org.eclipse.equinox.internal.p2.metadata.repository.CompositeMetadataRepository.<init>(CompositeMetadataRepository.java:113)
2023-10-20 18:40:52,696 [ERROR] LogOutputStream:75 - [STDERR_REDIRECT] 	at org.eclipse.equinox.internal.p2.metadata.repository.CompositeMetadataRepositoryFactory.load(CompositeMetadataRepositoryFactory.java:124)
2023-10-20 18:40:52,700 [ERROR] LogOutputStream:75 - [STDERR_REDIRECT] 	at org.eclipse.equinox.internal.p2.metadata.repository.MetadataRepositoryManager.factoryLoad(MetadataRepositoryManager.java:63)
2023-10-20 18:40:52,704 [ERROR] LogOutputStream:75 - [STDERR_REDIRECT] 	at org.eclipse.equinox.internal.p2.repository.helpers.AbstractRepositoryManager.loadRepository(AbstractRepositoryManager.java:787)
2023-10-20 18:40:52,707 [ERROR] LogOutputStream:75 - [STDERR_REDIRECT] 	at org.eclipse.equinox.internal.p2.repository.helpers.AbstractRepositoryManager.loadRepository(AbstractRepositoryManager.java:685)
2023-10-20 18:40:52,712 [ERROR] LogOutputStream:75 - [STDERR_REDIRECT] 	at org.eclipse.equinox.internal.p2.metadata.repository.MetadataRepositoryManager.loadRepository(MetadataRepositoryManager.java:110)
2023-10-20 18:40:52,715 [ERROR] LogOutputStream:75 - [STDERR_REDIRECT] 	at org.eclipse.equinox.internal.p2.metadata.repository.MetadataRepositoryManager.loadRepository(MetadataRepositoryManager.java:105)
2023-10-20 18:40:52,721 [ERROR] LogOutputStream:75 - [STDERR_REDIRECT] 	at org.eclipse.equinox.internal.p2.updatechecker.UpdateChecker.getAvailableRepositories(UpdateChecker.java:152)
2023-10-20 18:40:52,723 [ERROR] LogOutputStream:75 - [STDERR_REDIRECT] 	at org.eclipse.equinox.internal.p2.updatechecker.UpdateChecker.checkForUpdates(UpdateChecker.java:130)
2023-10-20 18:40:52,728 [ERROR] LogOutputStream:75 - [STDERR_REDIRECT] 	at org.eclipse.equinox.internal.p2.updatechecker.UpdateChecker$UpdateCheckThread.run(UpdateChecker.java:78)
2023-10-20 18:40:53,312 [ERROR] LogOutputStream:75 - [STDERR_REDIRECT] 
